VS filter: testpath:TestAssembly:TRID/Feature:AmortizationValidation/Scenario:Giving+inputs+from+Excel+file+and+validating+Payment+Schedule+values+on+Amortization+page%2c+020
Discovering target: Default
Discovering tests from assembly: F:\Projects\TRID QA\QA\UI Automation\SpecFramework\bin\Debug\TRID.dll
Appdomain Disposed
Test Suite Dump
#0: TRID/Default - 
#1: Default - 
#2: TRID - 
#3: AmortizationValidation - 
#60: Giving inputs from Excel file and validating Payment Schedule values on Amortization page, 020 - TestAssembly:TRID/Feature:AmortizationValidation/Scenario:Giving+inputs+from+Excel+file+and+validating+Payment+Schedule+values+on+Amortization+page%2c+020
End: Test Suite Dump
Thread#2:Scheduler: get next test for thread
Thread#:Scheduler: testitem #60 from normal test queue 
Thread#2:Scheduler: considering testitem #60 for thread
Thread#2:Scheduler: using testitem #60 for thread
Thread#2:Scheduler: Test #60 is scheduled for thread
Thread#2:Scheduler: with testItemExecutionIndex 2
Thread#4:Scheduler: get next test for thread
Thread#:Scheduler: at the end of normal test queue
Thread#4:Scheduler: enumerator for thread is at end
Thread#4:Scheduler: No more tests for thread 
Thread #2: creating new test thread executor for TRID, Version=1.0.0.0, Culture=neutral, PublicKeyToken=null (target: Default)
Thread#3:Scheduler: get next test for thread
Thread#:Scheduler: at the end of normal test queue
Thread#3:Scheduler: enumerator for thread is at end
Thread#3:Scheduler: No more tests for thread 
Thread#1:Scheduler: get next test for thread
Thread#:Scheduler: at the end of normal test queue
Thread#1:Scheduler: enumerator for thread is at end
Thread#1:Scheduler: No more tests for thread 
Thread#0:Scheduler: get next test for thread
Thread#:Scheduler: at the end of normal test queue
Thread#0:Scheduler: enumerator for thread is at end
Thread#0:Scheduler: No more tests for thread 
Thread#5:Scheduler: get next test for thread
Thread#:Scheduler: at the end of normal test queue
Thread#5:Scheduler: enumerator for thread is at end
Thread#5:Scheduler: No more tests for thread 
Thread#6:Scheduler: get next test for thread
Thread#:Scheduler: at the end of normal test queue
Thread#6:Scheduler: enumerator for thread is at end
Thread#6:Scheduler: No more tests for thread 
Thread#7:Scheduler: get next test for thread
Thread#:Scheduler: at the end of normal test queue
Thread#7:Scheduler: enumerator for thread is at end
Thread#7:Scheduler: No more tests for thread 
Thread#8:Scheduler: get next test for thread
Thread#:Scheduler: at the end of normal test queue
Thread#8:Scheduler: enumerator for thread is at end
Thread#8:Scheduler: No more tests for thread 
Thread#9:Scheduler: get next test for thread
Thread#:Scheduler: at the end of normal test queue
Thread#9:Scheduler: enumerator for thread is at end
Thread#9:Scheduler: No more tests for thread 
Loading SpecRun type 'TechTalk.SpecRun.Framework.TestAssemblyExecutor' from: C:\Users\sandees\AppData\Local\Temp\VisualStudioTestExplorerExtensions\SpecRun.Runner.1.5.2\tools\TechTalk.SpecRun.Framework.Executor.dll
Thread#2: Test #60/0 is started on thread #2
Thread#2:B:Given user is at TRID application homepage
Thread#2:T:done: CardsValidationSteps.GivenUserIsAtTridApplicationHomepage() (39.1s)
Thread#2:B:And user have closing disclosure data from excel sheet ClosingDisclosure for the scenario 17
Thread#2:T:done: CardsValidationSteps.GivenUserHaveClosingDisclosureDataFromExcelSheetForTheScenario("ClosingDisclosure", 17) (1.0s)
Thread#2:B:And user have Mortgage Insurance data from excel sheet MortgageInsurance for the scenario 17
Thread#2:T:done: CardsValidationSteps.GivenUserHaveMortgageInsuranceDataFromExcelSheetForTheScenarioMortgageInsurance("MortgageInsurance", 17) (0.6s)
Thread#2:B:And user have variable loan data from excel sheet ARM Terms for the scenario 1
Thread#2:T:done: CardsValidationSteps.GivenUserHaveVariableLoanDataFromExcelSheetForTheScenario("ARM Terms", 1) (0.6s)
Thread#2:B:And user have Prepaid Charges data from excel sheet PrepaidCharges for the scenario 17
Thread#2:T:done: CardsValidationSteps.GivenUserHavePrepaidChargesDataFromExcelSheetPrepaidChargesForTheScenario("PrepaidCharges", 17) (0.6s)
Thread#2:B:And user have Export data from excel sheet Export for the scenario 17
Thread#2:T:done: CardsValidationSteps.GivenUserHaveExportDataFromExcelSheetExportForTheScenario("Export", 17) (0.6s)
Thread#2:B:And user have Escrow Grid data from excel sheet EscrowGrid for the scenario 17
Thread#2:T:done: CardsValidationSteps.GivenUserHaveEscrowGridDataFromExcelSheetForTheScenario("EscrowGrid", 17) (0.6s)
Thread#2:B:And user have Payment Schedule data from excel sheet PaymentSchedule for the scenario 17
Thread#2:T:done: AmortizationValidationSteps.GivenUserHavePaymentScheduleDataFromExcelSheetForTheScenario("PaymentSchedule", 17) (0.6s)
Thread#2:B:When user navigate to Loan Inputs Page
Thread#2:T:done: CardsValidationSteps.WhenUserNavigateToLoanInputsPage() (1.1s)
Thread#2:B:And user selects Calculation Method
Thread#2:T:done: CardsValidationSteps.WhenUserSelectsCalculationMethodInClosingDisclosurePage() (0.1s)
Thread#2:B:And user selects loan type
Thread#2:T:done: CardsValidationSteps.WhenUserSelectsLoanTypeInClosingDisclosurePage() (0.1s)
Thread#2:B:And user selects Frequency of Payments
Thread#2:T:done: CardsValidationSteps.WhenUserSelectsFrequencyOfPaymentsInClosingDisclosurePage() (0.1s)
Thread#2:B:And user selects Loan Term
Thread#2:T:done: CardsValidationSteps.WhenUserSelectsLoanTermInClosingDisclosurePage() (0.1s)
Thread#2:B:And user selects Repayment Term Type
Thread#2:T:done: CardsValidationSteps.WhenUserSelectsRepaymentTermTypeInClosingDisclosurePage() (0.1s)
Thread#2:B:And user enters Loan detail input values for computation
Thread#2:T:done: CardsValidationSteps.WhenUserEntersLoanDetailInputValuesForComputationforClosingDisclosurepage() (2.1s)
Thread#2:B:And user enters pmi rate values
Thread#2:T:done: CardsValidationSteps.WhenUserEntersPmiRateValues() (0.5s)
Thread#2:B:And user enters other pmi input values
Thread#2:T:done: CardsValidationSteps.WhenUserEntersOtherPmiInputValues() (0.0s)
Thread#2:B:And user enters Escrow Grid Input values
Thread#2:T:done: CardsValidationSteps.WhenUserEntersEscrowGridInputValues() (4.0s)
Thread#2:B:And user enters all input values for Prepaid Charges
Thread#2:T:done: CardsValidationSteps.WhenUserEntersAllInputValuesForPrepaidCharges() (3.2s)
Thread#2:B:And user enters input value for prepaid custom fields
Thread#2:T:done: CardsValidationSteps.WhenUserEntersInputValueForPrepaidCustomFields() (0.0s)
Thread#2:B:And user navigates to Disclosure Inputs Page
Thread#2:T:done: CardsValidationSteps.WhenUserNavigatesToDisclosureInputsPage() (0.4s)
Thread#2:B:And user enters disclosed input values for closing disclousre section
Thread#2:T:done: CardsValidationSteps.WhenUserEntersDisclosedInputValuesForClosingDisclousreSection() (0.9s)
Thread#2:B:And user enters disclsoed input values for Loan Estimate
Thread#2:T:done: CardsValidationSteps.WhenUserEntersDisclsoedInputValuesForLoanEstimate() (0.6s)
Thread#2:B:And user enters disclosed input values for Prepaid Charges
Thread#2:T:done: CardsValidationSteps.WhenUserEntersDisclosedInputValuesForPrepaidCharges() (0.4s)
Thread#2:B:And user enters disclosed input values for Escrow Property
Thread#2:T:done: CardsValidationSteps.WhenUserEntersDisclosedInputValuesForEscrowProperty() (0.7s)
Thread#2:B:And user navigates to Amortization Page
Thread#2:T:done: AmortizationValidationSteps.WhenUserNavigatesToAmortizationPage() (0.3s)
Thread#2:B:Then updated/computed Payment Stream Number value should display on Payment Schedule Grid
Thread#2:T:===========================================================
Thread#2:T:ExpectedValue Row 1 :1
Thread#2:T:ActualValue Row 1 :1
Thread#2:T:============================================================
Thread#2:T:===========================================================
Thread#2:T:ExpectedValue Row 2 :2
Thread#2:T:ActualValue Row 2 :2
Thread#2:T:============================================================
Thread#2:T:done: AmortizationValidationSteps.ThenUpdatedComputedPaymentStreamNumberValueShouldDisplayOnPaymentScheduleGrid() (1183.3s)
Thread#2:B:And updated/computed Number of Payments value should display on Payment Schedule Grid
Thread#2:T:===========================================================
Thread#2:T:ExpectedValue Row 1 :359
Thread#2:T:ActualValue Row 1 :359
Thread#2:T:============================================================
Thread#2:T:===========================================================
Thread#2:T:ExpectedValue Row 2 :1
Thread#2:T:ActualValue Row 2 :1
Thread#2:T:============================================================
Thread#2:T:done: AmortizationValidationSteps.ThenUpdatedComputedNumberOfPaymentsValueShouldDisplayOnPaymentScheduleGrid() (1.1s)
Thread#2:B:And updated/computed Payment Amount value should display on Payment Schedule Grid
Thread#2:T:===========================================================
Thread#2:T:ExpectedValue Row 1 :606.91
Thread#2:T:ActualValue Row 1 :606.91
Thread#2:T:============================================================
Thread#2:T:===========================================================
Thread#2:T:ExpectedValue Row 2 :605.2
Thread#2:T:ActualValue Row 2 :605.2
Thread#2:T:============================================================
Thread#2:T:done: AmortizationValidationSteps.ThenUpdatedComputedPaymentAmountValueShouldDisplayOnPaymentScheduleGrid() (0.2s)
Thread#2:B:And updated/computed Payment Amount value should display on Payment Schedule Grid
Thread#2:T:===========================================================
Thread#2:T:ExpectedValue Row 1 :606.91
Thread#2:T:ActualValue Row 1 :606.91
Thread#2:T:============================================================
Thread#2:T:===========================================================
Thread#2:T:ExpectedValue Row 2 :605.2
Thread#2:T:ActualValue Row 2 :605.2
Thread#2:T:============================================================
Thread#2:T:done: AmortizationValidationSteps.ThenUpdatedComputedPaymentAmountValueShouldDisplayOnPaymentScheduleGrid() (0.1s)
Thread#2:B:And updated/computed Period Payment value should display on Payment Schedule Grid
Thread#2:T:===========================================================
Thread#2:T:ExpectedValue Row 1 :606.91
Thread#2:T:ActualValue Row 1 :606.91
Thread#2:T:============================================================
Thread#2:T:===========================================================
Thread#2:T:ExpectedValue Row 2 :605.2
Thread#2:T:ActualValue Row 2 :605.2
Thread#2:T:============================================================
Thread#2:T:done: AmortizationValidationSteps.ThenUpdatedComputedPeriodPaymentValueShouldDisplayOnPaymentScheduleGrid() (0.1s)
Thread#2:B:And updated/computed Ins Escrowed Amount value should display on Payment Schedule Grid
Thread#2:T:OpenQA.Selenium.NoSuchElementException: no such element: Unable to locate element: {"method":"xpath","selector":"//section[@id='PaymentScheduleOutputAPR']//tr[1]/td[6]"}
Thread#2:T:  (Session info: chrome=59.0.3071.115)
Thread#2:T:  (Driver info: chromedriver=2.29.461591 (62ebf098771772160f391d75e589dc567915b233),platform=Windows NT 10.0.10586 x86_64)
Thread#2:T:   at OpenQA.Selenium.Remote.RemoteWebDriver.UnpackAndThrowOnError(Response errorResponse)
Thread#2:T:   at OpenQA.Selenium.Remote.RemoteWebDriver.Execute(String driverCommandToExecute, Dictionary`2 parameters)
Thread#2:T:   at OpenQA.Selenium.Remote.RemoteWebDriver.FindElement(String mechanism, String value)
Thread#2:T:   at OpenQA.Selenium.Remote.RemoteWebDriver.FindElementByXPath(String xpath)
Thread#2:T:   at OpenQA.Selenium.By.<>c__DisplayClasse.<XPath>b__c(ISearchContext context)
Thread#2:T:   at OpenQA.Selenium.By.FindElement(ISearchContext context)
Thread#2:T:   at OpenQA.Selenium.Remote.RemoteWebDriver.FindElement(By by)
Thread#2:T:   at TRID.ActionClasses.UIActions.GetText(By element) in F:\Projects\TRID QA\QA\UI Automation\SpecFramework\ActionClasses\UIActions.cs:line 37
Thread#2:T:   at TRID.StepDefinitions.AmortizationValidationSteps.ThenUpdatedComputedInsEscrowedAmountValueShouldDisplayOnPaymentScheduleGrid() in F:\Projects\TRID QA\QA\UI Automation\SpecFramework\StepDefinitions\AmortizationValidationSteps.cs:line 225
Thread#2:T:OpenQA.Selenium.NoSuchElementException: no such element: Unable to locate element: {"method":"xpath","selector":"//section[@id='PaymentScheduleOutputAPR']//tr[2]/td[6]"}
Thread#2:T:  (Session info: chrome=59.0.3071.115)
Thread#2:T:  (Driver info: chromedriver=2.29.461591 (62ebf098771772160f391d75e589dc567915b233),platform=Windows NT 10.0.10586 x86_64)
Thread#2:T:   at OpenQA.Selenium.Remote.RemoteWebDriver.UnpackAndThrowOnError(Response errorResponse)
Thread#2:T:   at OpenQA.Selenium.Remote.RemoteWebDriver.Execute(String driverCommandToExecute, Dictionary`2 parameters)
Thread#2:T:   at OpenQA.Selenium.Remote.RemoteWebDriver.FindElement(String mechanism, String value)
Thread#2:T:   at OpenQA.Selenium.Remote.RemoteWebDriver.FindElementByXPath(String xpath)
Thread#2:T:   at OpenQA.Selenium.By.<>c__DisplayClasse.<XPath>b__c(ISearchContext context)
Thread#2:T:   at OpenQA.Selenium.By.FindElement(ISearchContext context)
Thread#2:T:   at OpenQA.Selenium.Remote.RemoteWebDriver.FindElement(By by)
Thread#2:T:   at TRID.ActionClasses.UIActions.GetText(By element) in F:\Projects\TRID QA\QA\UI Automation\SpecFramework\ActionClasses\UIActions.cs:line 37
Thread#2:T:   at TRID.StepDefinitions.AmortizationValidationSteps.ThenUpdatedComputedInsEscrowedAmountValueShouldDisplayOnPaymentScheduleGrid() in F:\Projects\TRID QA\QA\UI Automation\SpecFramework\StepDefinitions\AmortizationValidationSteps.cs:line 225
Thread#2:T:done: AmortizationValidationSteps.ThenUpdatedComputedInsEscrowedAmountValueShouldDisplayOnPaymentScheduleGrid() (0.2s)
Thread#2:B:And updated/computed Tax Escrowed Amount value should display on Payment Schedule Grid
Thread#2:T:OpenQA.Selenium.NoSuchElementException: no such element: Unable to locate element: {"method":"xpath","selector":"//section[@id='PaymentScheduleOutputAPR']//tr[1]/td[7]"}
Thread#2:T:  (Session info: chrome=59.0.3071.115)
Thread#2:T:  (Driver info: chromedriver=2.29.461591 (62ebf098771772160f391d75e589dc567915b233),platform=Windows NT 10.0.10586 x86_64)
Thread#2:T:   at OpenQA.Selenium.Remote.RemoteWebDriver.UnpackAndThrowOnError(Response errorResponse)
Thread#2:T:   at OpenQA.Selenium.Remote.RemoteWebDriver.Execute(String driverCommandToExecute, Dictionary`2 parameters)
Thread#2:T:   at OpenQA.Selenium.Remote.RemoteWebDriver.FindElement(String mechanism, String value)
Thread#2:T:   at OpenQA.Selenium.Remote.RemoteWebDriver.FindElementByXPath(String xpath)
Thread#2:T:   at OpenQA.Selenium.By.<>c__DisplayClasse.<XPath>b__c(ISearchContext context)
Thread#2:T:   at OpenQA.Selenium.By.FindElement(ISearchContext context)
Thread#2:T:   at OpenQA.Selenium.Remote.RemoteWebDriver.FindElement(By by)
Thread#2:T:   at TRID.ActionClasses.UIActions.GetText(By element) in F:\Projects\TRID QA\QA\UI Automation\SpecFramework\ActionClasses\UIActions.cs:line 37
Thread#2:T:   at TRID.StepDefinitions.AmortizationValidationSteps.ThenUpdatedComputedTaxEscrowedAmountValueShouldDisplayOnPaymentScheduleGrid() in F:\Projects\TRID QA\QA\UI Automation\SpecFramework\StepDefinitions\AmortizationValidationSteps.cs:line 259
Thread#2:T:OpenQA.Selenium.NoSuchElementException: no such element: Unable to locate element: {"method":"xpath","selector":"//section[@id='PaymentScheduleOutputAPR']//tr[2]/td[7]"}
Thread#2:T:  (Session info: chrome=59.0.3071.115)
Thread#2:T:  (Driver info: chromedriver=2.29.461591 (62ebf098771772160f391d75e589dc567915b233),platform=Windows NT 10.0.10586 x86_64)
Thread#2:T:   at OpenQA.Selenium.Remote.RemoteWebDriver.UnpackAndThrowOnError(Response errorResponse)
Thread#2:T:   at OpenQA.Selenium.Remote.RemoteWebDriver.Execute(String driverCommandToExecute, Dictionary`2 parameters)
Thread#2:T:   at OpenQA.Selenium.Remote.RemoteWebDriver.FindElement(String mechanism, String value)
Thread#2:T:   at OpenQA.Selenium.Remote.RemoteWebDriver.FindElementByXPath(String xpath)
Thread#2:T:   at OpenQA.Selenium.By.<>c__DisplayClasse.<XPath>b__c(ISearchContext context)
Thread#2:T:   at OpenQA.Selenium.By.FindElement(ISearchContext context)
Thread#2:T:   at OpenQA.Selenium.Remote.RemoteWebDriver.FindElement(By by)
Thread#2:T:   at TRID.ActionClasses.UIActions.GetText(By element) in F:\Projects\TRID QA\QA\UI Automation\SpecFramework\ActionClasses\UIActions.cs:line 37
Thread#2:T:   at TRID.StepDefinitions.AmortizationValidationSteps.ThenUpdatedComputedTaxEscrowedAmountValueShouldDisplayOnPaymentScheduleGrid() in F:\Projects\TRID QA\QA\UI Automation\SpecFramework\StepDefinitions\AmortizationValidationSteps.cs:line 259
Thread#2:T:done: AmortizationValidationSteps.ThenUpdatedComputedTaxEscrowedAmountValueShouldDisplayOnPaymentScheduleGrid() (0.2s)
Thread#2:Scheduler: get next test for thread
Thread#:Scheduler: at the end of normal test queue
Thread#2:Scheduler: enumerator for thread is at end
Thread#2:Scheduler: No more tests for thread 
Thread#2:T:####################################################################################
Thread#2:T:====================================================================================
Thread#2:T:Scenario Number : 20
Thread#2:T:The total number of cards Failue: 4
Thread#2:T:Name of cards Failed: || InsEscrowedAmount[0] || : OpenQA.Selenium.NoSuchElementException: no such element: Unable to locate element: {"method":"xpath","selector":"//section[@id='PaymentScheduleOutputAPR']//tr[1]/td[6]"}
Thread#2:T:  (Session info: chrome=59.0.3071.115)
Thread#2:T:  (Driver info: chromedriver=2.29.461591 (62ebf098771772160f391d75e589dc567915b233),platform=Windows NT 10.0.10586 x86_64)
Thread#2:T:   at OpenQA.Selenium.Remote.RemoteWebDriver.UnpackAndThrowOnError(Response errorResponse)
Thread#2:T:   at OpenQA.Selenium.Remote.RemoteWebDriver.Execute(String driverCommandToExecute, Dictionary`2 parameters)
Thread#2:T:   at OpenQA.Selenium.Remote.RemoteWebDriver.FindElement(String mechanism, String value)
Thread#2:T:   at OpenQA.Selenium.Remote.RemoteWebDriver.FindElementByXPath(String xpath)
Thread#2:T:   at OpenQA.Selenium.By.<>c__DisplayClasse.<XPath>b__c(ISearchContext context)
Thread#2:T:   at OpenQA.Selenium.By.FindElement(ISearchContext context)
Thread#2:T:   at OpenQA.Selenium.Remote.RemoteWebDriver.FindElement(By by)
Thread#2:T:   at TRID.ActionClasses.UIActions.GetText(By element) in F:\Projects\TRID QA\QA\UI Automation\SpecFramework\ActionClasses\UIActions.cs:line 37
Thread#2:T:   at TRID.StepDefinitions.AmortizationValidationSteps.ThenUpdatedComputedInsEscrowedAmountValueShouldDisplayOnPaymentScheduleGrid() in F:\Projects\TRID QA\QA\UI Automation\SpecFramework\StepDefinitions\AmortizationValidationSteps.cs:line 225 
Thread#2:T: ====================================================================================
Thread#2:T:|| InsEscrowedAmount[1] || : OpenQA.Selenium.NoSuchElementException: no such element: Unable to locate element: {"method":"xpath","selector":"//section[@id='PaymentScheduleOutputAPR']//tr[2]/td[6]"}
Thread#2:T:  (Session info: chrome=59.0.3071.115)
Thread#2:T:  (Driver info: chromedriver=2.29.461591 (62ebf098771772160f391d75e589dc567915b233),platform=Windows NT 10.0.10586 x86_64)
Thread#2:T:   at OpenQA.Selenium.Remote.RemoteWebDriver.UnpackAndThrowOnError(Response errorResponse)
Thread#2:T:   at OpenQA.Selenium.Remote.RemoteWebDriver.Execute(String driverCommandToExecute, Dictionary`2 parameters)
Thread#2:T:   at OpenQA.Selenium.Remote.RemoteWebDriver.FindElement(String mechanism, String value)
Thread#2:T:   at OpenQA.Selenium.Remote.RemoteWebDriver.FindElementByXPath(String xpath)
Thread#2:T:   at OpenQA.Selenium.By.<>c__DisplayClasse.<XPath>b__c(ISearchContext context)
Thread#2:T:   at OpenQA.Selenium.By.FindElement(ISearchContext context)
Thread#2:T:   at OpenQA.Selenium.Remote.RemoteWebDriver.FindElement(By by)
Thread#2:T:   at TRID.ActionClasses.UIActions.GetText(By element) in F:\Projects\TRID QA\QA\UI Automation\SpecFramework\ActionClasses\UIActions.cs:line 37
Thread#2: