VS filter: testpath:TestAssembly:TRID/Feature:VariableLoanPaymentScheuledValidation/Scenario:Giving+inputs+from+Excel+file+and+validating+Payment+Schedule+Best+Case+on+Arms+page%2c+138 | testpath:TestAssembly:TRID/Feature:VariableLoanPaymentScheuledValidation/Scenario:Giving+inputs+from+Excel+file+and+validating+Payment+Schedule+Best+Case+on+Arms+page%2c+141 | testpath:TestAssembly:TRID/Feature:VariableLoanPaymentScheuledValidation/Scenario:Giving+inputs+from+Excel+file+and+validating+Payment+Schedule+Best+Case+on+Arms+page%2c+139 | testpath:TestAssembly:TRID/Feature:VariableLoanPaymentScheuledValidation/Scenario:Giving+inputs+from+Excel+file+and+validating+Payment+Schedule+Best+Case+on+Arms+page%2c+142 | testpath:TestAssembly:TRID/Feature:VariableLoanPaymentScheuledValidation/Scenario:Giving+inputs+from+Excel+file+and+validating+Payment+Schedule+Best+Case+on+Arms+page%2c+140
Discovering target: Default
Discovering tests from assembly: F:\Projects\TRID QA\trid-462743\QA\UIAutomation\SpecFramework\bin\Debug\TRID.dll
Appdomain Disposed
Test Suite Dump
#0: TRID/Default - 
#1: Default - 
#2: TRID - 
#558: VariableLoanPaymentScheuledValidation - 
#559: Giving inputs from Excel file and validating Payment Schedule Best Case on Arms page, 138 - TestAssembly:TRID/Feature:VariableLoanPaymentScheuledValidation/Scenario:Giving+inputs+from+Excel+file+and+validating+Payment+Schedule+Best+Case+on+Arms+page%2c+138
#560: Giving inputs from Excel file and validating Payment Schedule Best Case on Arms page, 139 - TestAssembly:TRID/Feature:VariableLoanPaymentScheuledValidation/Scenario:Giving+inputs+from+Excel+file+and+validating+Payment+Schedule+Best+Case+on+Arms+page%2c+139
#561: Giving inputs from Excel file and validating Payment Schedule Best Case on Arms page, 140 - TestAssembly:TRID/Feature:VariableLoanPaymentScheuledValidation/Scenario:Giving+inputs+from+Excel+file+and+validating+Payment+Schedule+Best+Case+on+Arms+page%2c+140
#562: Giving inputs from Excel file and validating Payment Schedule Best Case on Arms page, 141 - TestAssembly:TRID/Feature:VariableLoanPaymentScheuledValidation/Scenario:Giving+inputs+from+Excel+file+and+validating+Payment+Schedule+Best+Case+on+Arms+page%2c+141
#563: Giving inputs from Excel file and validating Payment Schedule Best Case on Arms page, 142 - TestAssembly:TRID/Feature:VariableLoanPaymentScheuledValidation/Scenario:Giving+inputs+from+Excel+file+and+validating+Payment+Schedule+Best+Case+on+Arms+page%2c+142
End: Test Suite Dump
Thread#0:Scheduler: get next test for thread
Thread#:Scheduler: testitem #559 from normal test queue 
Thread#0:Scheduler: considering testitem #559 for thread
Thread#0:Scheduler: using testitem #559 for thread
Thread#0:Scheduler: Test #559 is scheduled for thread
Thread#0:Scheduler: with testItemExecutionIndex 0
Thread #0: creating new test thread executor for TRID, Version=1.0.0.0, Culture=neutral, PublicKeyToken=null (target: Default)
Thread#1:Scheduler: get next test for thread
Thread#:Scheduler: testitem #560 from normal test queue 
Thread#1:Scheduler: considering testitem #560 for thread
Thread#1:Scheduler: using testitem #560 for thread
Thread#1:Scheduler: Test #560 is scheduled for thread
Thread#1:Scheduler: with testItemExecutionIndex 1
Thread #1: creating new test thread executor for TRID, Version=1.0.0.0, Culture=neutral, PublicKeyToken=null (target: Default)
Thread#2:Scheduler: get next test for thread
Thread#:Scheduler: testitem #561 from normal test queue 
Thread#2:Scheduler: considering testitem #561 for thread
Thread#2:Scheduler: using testitem #561 for thread
Thread#2:Scheduler: Test #561 is scheduled for thread
Thread#2:Scheduler: with testItemExecutionIndex 2
Thread #2: creating new test thread executor for TRID, Version=1.0.0.0, Culture=neutral, PublicKeyToken=null (target: Default)
Thread#3:Scheduler: get next test for thread
Thread#:Scheduler: testitem #562 from normal test queue 
Thread#3:Scheduler: considering testitem #562 for thread
Thread#3:Scheduler: using testitem #562 for thread
Thread#3:Scheduler: Test #562 is scheduled for thread
Thread#3:Scheduler: with testItemExecutionIndex 3
Thread #3: creating new test thread executor for TRID, Version=1.0.0.0, Culture=neutral, PublicKeyToken=null (target: Default)
Loading SpecRun type 'TechTalk.SpecRun.Framework.TestAssemblyExecutor' from: C:\Users\sandees\AppData\Local\Temp\VisualStudioTestExplorerExtensions\SpecRun.Runner.1.5.2\tools\TechTalk.SpecRun.Framework.Executor.dll
Loading SpecRun type 'TechTalk.SpecRun.Framework.TestAssemblyExecutor' from: C:\Users\sandees\AppData\Local\Temp\VisualStudioTestExplorerExtensions\SpecRun.Runner.1.5.2\tools\TechTalk.SpecRun.Framework.Executor.dll
Thread#4:Scheduler: get next test for thread
Thread#:Scheduler: testitem #563 from normal test queue 
Thread#4:Scheduler: considering testitem #563 for thread
Thread#4:Scheduler: using testitem #563 for thread
Thread#4:Scheduler: Test #563 is scheduled for thread
Thread#4:Scheduler: with testItemExecutionIndex 4
Thread #4: creating new test thread executor for TRID, Version=1.0.0.0, Culture=neutral, PublicKeyToken=null (target: Default)
Loading SpecRun type 'TechTalk.SpecRun.Framework.TestAssemblyExecutor' from: C:\Users\sandees\AppData\Local\Temp\VisualStudioTestExplorerExtensions\SpecRun.Runner.1.5.2\tools\TechTalk.SpecRun.Framework.Executor.dll
Loading SpecRun type 'TechTalk.SpecRun.Framework.TestAssemblyExecutor' from: C:\Users\sandees\AppData\Local\Temp\VisualStudioTestExplorerExtensions\SpecRun.Runner.1.5.2\tools\TechTalk.SpecRun.Framework.Executor.dll
Loading SpecRun type 'TechTalk.SpecRun.Framework.TestAssemblyExecutor' from: C:\Users\sandees\AppData\Local\Temp\VisualStudioTestExplorerExtensions\SpecRun.Runner.1.5.2\tools\TechTalk.SpecRun.Framework.Executor.dll
Thread#5:Scheduler: get next test for thread
Thread#:Scheduler: at the end of normal test queue
Thread#5:Scheduler: enumerator for thread is at end
Thread#5:Scheduler: No more tests for thread 
Thread#6:Scheduler: get next test for thread
Thread#:Scheduler: at the end of normal test queue
Thread#6:Scheduler: enumerator for thread is at end
Thread#6:Scheduler: No more tests for thread 
Thread#7:Scheduler: get next test for thread
Thread#:Scheduler: at the end of normal test queue
Thread#7:Scheduler: enumerator for thread is at end
Thread#7:Scheduler: No more tests for thread 
Thread#8:Scheduler: get next test for thread
Thread#:Scheduler: at the end of normal test queue
Thread#8:Scheduler: enumerator for thread is at end
Thread#8:Scheduler: No more tests for thread 
Thread#3: Test #562/0 is started on thread #3
Thread#1: Test #560/0 is started on thread #1
Thread#0: Test #559/0 is started on thread #0
Thread#2: Test #561/0 is started on thread #2
Thread#9:Scheduler: get next test for thread
Thread#:Scheduler: at the end of normal test queue
Thread#9:Scheduler: enumerator for thread is at end
Thread#9:Scheduler: No more tests for thread 
Thread#4: Test #563/0 is started on thread #4
Thread#3:B:Given user is at TRID application homepage
Thread#0:B:Given user is at TRID application homepage
Thread#1:B:Given user is at TRID application homepage
Thread#4:B:Given user is at TRID application homepage
Thread#2:B:Given user is at TRID application homepage
Thread#0:T:done: CardsValidationSteps.GivenUserIsAtTridApplicationHomepage() (62.2s)
Thread#0:B:And user have closing disclosure data from excel sheet ClosingDisclosure for the scenario 119
Thread#3:T:done: CardsValidationSteps.GivenUserIsAtTridApplicationHomepage() (62.6s)
Thread#3:B:And user have closing disclosure data from excel sheet ClosingDisclosure for the scenario 122
Thread#1:T:done: CardsValidationSteps.GivenUserIsAtTridApplicationHomepage() (63.6s)
Thread#1:B:And user have closing disclosure data from excel sheet ClosingDisclosure for the scenario 120
Thread#2:T:done: CardsValidationSteps.GivenUserIsAtTridApplicationHomepage() (65.8s)
Thread#2:B:And user have closing disclosure data from excel sheet ClosingDisclosure for the scenario 121
Thread#0:T:done: CardsValidationSteps.GivenUserHaveClosingDisclosureDataFromExcelSheetForTheScenario("ClosingDisclosure", 119) (4.0s)
Thread#0:B:And user have Mortgage Insurance data from excel sheet MortgageInsurance for the scenario 119
Thread#4:T:done: CardsValidationSteps.GivenUserIsAtTridApplicationHomepage() (66.4s)
Thread#4:B:And user have closing disclosure data from excel sheet ClosingDisclosure for the scenario 123
Thread#3:T:done: CardsValidationSteps.GivenUserHaveClosingDisclosureDataFromExcelSheetForTheScenario("ClosingDisclosure", 122) (5.5s)
Thread#3:B:And user have Mortgage Insurance data from excel sheet MortgageInsurance for the scenario 122
Thread#1:T:done: CardsValidationSteps.GivenUserHaveClosingDisclosureDataFromExcelSheetForTheScenario("ClosingDisclosure", 120) (4.6s)
Thread#1:B:And user have Mortgage Insurance data from excel sheet MortgageInsurance for the scenario 120
Thread#0:T:done: CardsValidationSteps.GivenUserHaveMortgageInsuranceDataFromExcelSheetForTheScenarioMortgageInsurance("MortgageInsurance", 119) (2.2s)
Thread#0:B:And user have variable loan data from excel sheet ARMTerms for the scenario 2
Thread#3:T:done: CardsValidationSteps.GivenUserHaveMortgageInsuranceDataFromExcelSheetForTheScenarioMortgageInsurance("MortgageInsurance", 122) (1.7s)
Thread#3:B:And user have variable loan data from excel sheet ARMTerms for the scenario 5
Thread#1:T:done: CardsValidationSteps.GivenUserHaveMortgageInsuranceDataFromExcelSheetForTheScenarioMortgageInsurance("MortgageInsurance", 120) (2.6s)
Thread#1:B:And user have variable loan data from excel sheet ARMTerms for the scenario 3
Thread#2:T:done: CardsValidationSteps.GivenUserHaveClosingDisclosureDataFromExcelSheetForTheScenario("ClosingDisclosure", 121) (6.0s)
Thread#2:B:And user have Mortgage Insurance data from excel sheet MortgageInsurance for the scenario 121
Thread#0:T:done: CardsValidationSteps.GivenUserHaveVariableLoanDataFromExcelSheetForTheScenario("ARMTerms", 2) (3.9s)
Thread#0:B:And user have ARM Best Case variable loan data from excel sheet ARMBestCase for the scenario 2
Thread#3:T:done: CardsValidationSteps.GivenUserHaveVariableLoanDataFromExcelSheetForTheScenario("ARMTerms", 5) (3.4s)
Thread#3:B:And user have ARM Best Case variable loan data from excel sheet ARMBestCase for the scenario 5
Thread#4:T:done: CardsValidationSteps.GivenUserHaveClosingDisclosureDataFromExcelSheetForTheScenario("ClosingDisclosure", 123) (6.9s)
Thread#4:B:And user have Mortgage Insurance data from excel sheet MortgageInsurance for the scenario 123
Thread#1:T:done: CardsValidationSteps.GivenUserHaveVariableLoanDataFromExcelSheetForTheScenario("ARMTerms", 3) (3.0s)
Thread#1:B:And user have ARM Best Case variable loan data from excel sheet ARMBestCase for the scenario 3
Thread#2:T:done: CardsValidationSteps.GivenUserHaveMortgageInsuranceDataFromExcelSheetForTheScenarioMortgageInsurance("MortgageInsurance", 121) (1.9s)
Thread#2:B:And user have variable loan data from excel sheet ARMTerms for the scenario 4
Thread#0:T:done: VariableLoanPaymentScheuledValidationSteps.GivenUserHaveARMBestCaseVariableLoanDataFromExcelSheetForTheScenario("ARMBestCase", 2) (1.8s)
Thread#0:B:And user have Prepaid Charges data from excel sheet PrepaidCharges for the scenario 119
Thread#3:T:done: VariableLoanPaymentScheuledValidationSteps.GivenUserHaveARMBestCaseVariableLoanDataFromExcelSheetForTheScenario("ARMBestCase", 5) (1.4s)
Thread#3:B:And user have Prepaid Charges data from excel sheet PrepaidCharges for the scenario 122
Thread#4:T:done: CardsValidationSteps.GivenUserHaveMortgageInsuranceDataFromExcelSheetForTheScenarioMortgageInsurance("MortgageInsurance", 123) (1.9s)
Thread#4:B:And user have variable loan data from excel sheet ARMTerms for the scenario 6
Thread#1:T:done: VariableLoanPaymentScheuledValidationSteps.GivenUserHaveARMBestCaseVariableLoanDataFromExcelSheetForTheScenario("ARMBestCase", 3) (1.9s)
Thread#1:B:And user have Prepaid Charges data from excel sheet PrepaidCharges for the scenario 120
Thread#2:T:done: CardsValidationSteps.GivenUserHaveVariableLoanDataFromExcelSheetForTheScenario("ARMTerms", 4) (2.7s)
Thread#2:B:And user have ARM Best Case variable loan data from excel sheet ARMBestCase for the scenario 4
Thread#0:T:done: CardsValidationSteps.GivenUserHavePrepaidChargesDataFromExcelSheetPrepaidChargesForTheScenario("PrepaidCharges", 119) (3.3s)
Thread#0:B:And user have Export data from excel sheet Export for the scenario 119
Thread#3:T:done: CardsValidationSteps.GivenUserHavePrepaidChargesDataFromExcelSheetPrepaidChargesForTheScenario("PrepaidCharges", 122) (3.5s)
Thread#3:B:And user have Export data from excel sheet Export for the scenario 122
Thread#4:T:done: CardsValidationSteps.GivenUserHaveVariableLoanDataFromExcelSheetForTheScenario("ARMTerms", 6) (3.4s)
Thread#4:B:And user have ARM Best Case variable loan data from excel sheet ARMBestCase for the scenario 6
Thread#2:T:done: VariableLoanPaymentScheuledValidationSteps.GivenUserHaveARMBestCaseVariableLoanDataFromExcelSheetForTheScenario("ARMBestCase", 4) (2.8s)
Thread#2:B:And user have Prepaid Charges data from excel sheet PrepaidCharges for the scenario 121
Thread#1:T:done: CardsValidationSteps.GivenUserHavePrepaidChargesDataFromExcelSheetPrepaidChargesForTheScenario("PrepaidCharges", 120) (3.9s)
Thread#1:B:And user have Export data from excel sheet Export for the scenario 120
Thread#0:T:done: CardsValidationSteps.GivenUserHaveExportDataFromExcelSheetExportForTheScenario("Export", 119) (2.3s)
Thread#0:B:And user have Escrow Grid data from excel sheet EscrowGrid for the scenario 119
Thread#3:T:done: CardsValidationSteps.GivenUserHaveExportDataFromExcelSheetExportForTheScenario("Export", 122) (2.1s)
Thread#3:B:And user have Escrow Grid data from excel sheet EscrowGrid for the scenario 122
Thread#4:T:done: VariableLoanPaymentScheuledValidationSteps.GivenUserHaveARMBestCaseVariableLoanDataFromExcelSheetForTheScenario("ARMBestCase", 6) (2.2s)
Thread#4:B:And user have Prepaid Charges data from excel sheet PrepaidCharges for the scenario 123
Thread#1:T:done: CardsValidationSteps.GivenUserHaveExportDataFromExcelSheetExportForTheScenario("Export", 120) (2.3s)
Thread#1:B:And user have Escrow Grid data from excel sheet EscrowGrid for the scenario 120
Thread#2:T:done: CardsValidationSteps.GivenUserHavePrepaidChargesDataFromExcelSheetPrepaidChargesForTheScenario("PrepaidCharges", 121) (2.6s)
Thread#2:B:And user have Export data from excel sheet Export for the scenario 121
Thread#0:T:done: CardsValidationSteps.GivenUserHaveEscrowGridDataFromExcelSheetForTheScenario("EscrowGrid", 119) (2.8s)
Thread#0:B:When user navigate to Loan Inputs Page
Thread#3:T:done: CardsValidationSteps.GivenUserHaveEscrowGridDataFromExcelSheetForTheScenario("EscrowGrid", 122) (3.6s)
Thread#3:B:When user navigate to Loan Inputs Page
Thread#4:T:done: CardsValidationSteps.GivenUserHavePrepaidChargesDataFromExcelSheetPrepaidChargesForTheScenario("PrepaidCharges", 123) (4.1s)
Thread#4:B:And user have Export data from excel sheet Export for the scenario 123
Thread#1:T:done: CardsValidationSteps.GivenUserHaveEscrowGridDataFromExcelSheetForTheScenario("EscrowGrid", 120) (3.1s)
Thread#1:B:When user navigate to Loan Inputs Page
Thread#2:T:done: CardsValidationSteps.GivenUserHaveExportDataFromExcelSheetExportForTheScenario("Export", 121) (3.2s)
Thread#2:B:And user have Escrow Grid data from excel sheet EscrowGrid for the scenario 121
Thread#0:T:done: CardsValidationSteps.WhenUserNavigateToLoanInputsPage() (3.2s)
Thread#0:B:And user selects Calculation Method
Thread#0:T:done: CardsValidationSteps.WhenUserSelectsCalculationMethodInClosingDisclosurePage() (1.0s)
Thread#0:B:And user selects loan type
Thread#3:T:done: CardsValidationSteps.WhenUserNavigateToLoanInputsPage() (3.3s)
Thread#3:B:And user selects Calculation Method
Thread#4:T:done: CardsValidationSteps.GivenUserHaveExportDataFromExcelSheetExportForTheScenario("Export", 123) (2.6s)
Thread#4:B:And user have Escrow Grid data from excel sheet EscrowGrid for the scenario 123
Thread#3:T:done: CardsValidationSteps.WhenUserSelectsCalculationMethodInClosingDisclosurePage() (0.6s)
Thread#3:B:And user selects loan type
Thread#2:T:done: CardsValidationSteps.GivenUserHaveEscrowGridDataFromExcelSheetForTheScenario("EscrowGrid", 121) (3.7s)
Thread#2:B:When user navigate to Loan Inputs Page
Thread#1:T:done: CardsValidationSteps.WhenUserNavigateToLoanInputsPage() (3.8s)
Thread#1:B:And user selects Calculation Method
Thread#1:T:done: CardsValidationSteps.WhenUserSelectsCalculationMethodInClosingDisclosurePage() (0.5s)
Thread#1:B:And user selects loan type
Thread#4:T:done: CardsValidationSteps.GivenUserHaveEscrowGridDataFromExcelSheetForTheScenario("EscrowGrid", 123) (2.4s)
Thread#4:B:When user navigate to Loan Inputs Page
Thread#2:T:done: CardsValidationSteps.WhenUserNavigateToLoanInputsPage() (2.9s)
Thread#2:B:And user selects Calculation Method
Thread#2:T:done: CardsValidationSteps.WhenUserSelectsCalculationMethodInClosingDisclosurePage() (0.4s)
Thread#2:B:And user selects loan type
Thread#4:T:done: CardsValidationSteps.WhenUserNavigateToLoanInputsPage() (2.9s)
Thread#4:B:And user selects Calculation Method
Thread#4:T:done: CardsValidationSteps.WhenUserSelectsCalculationMethodInClosingDisclosurePage() (0.4s)
Thread#4:B:And user selects loan type
Thread#3:T:done: CardsValidationSteps.WhenUserSelectsLoanTypeInClosingDisclosurePage() (5.6s)
Thread#3:B:And user selects Frequency of Payments
Thread#3:T:done: CardsValidationSteps.WhenUserSelectsFrequencyOfPaymentsInClosingDisclosurePage() (0.2s)
Thread#3:B:And user selects Loan Term
Thread#3:T:done: CardsValidationSteps.WhenUserSelectsLoanTermInClosingDisclosurePage() (0.2s)
Thread#3:B:And user selects Repayment Term Type
Thread#3:T:done: CardsValidationSteps.WhenUserSelectsRepaymentTermTypeInClosingDisclosurePage() (0.2s)
Thread#3:B:And user enters Loan detail input values for computation
Thread#1:T:done: CardsValidationSteps.WhenUserSelectsLoanTypeInClosingDisclosurePage() (5.0s)
Thread#1:B:And user selects Frequency of Payments
Thread#1:T:done: CardsValidationSteps.WhenUserSelectsFrequencyOfPaymentsInClosingDisclosurePage() (0.2s)
Thread#1:B:And user selects Loan Term
Thread#1:T:done: CardsValidationSteps.WhenUserSelectsLoanTermInClosingDisclosurePage() (0.2s)
Thread#1:B:And user selects Repayment Term Type
Thread#1:T:done: CardsValidationSteps.WhenUserSelectsRepaymentTermTypeInClosingDisclosurePage() (0.2s)
Thread#1:B:And user enters Loan detail input values for computation
Thread#2:T:done: CardsValidationSteps.WhenUserSelectsLoanTypeInClosingDisclosurePage() (4.8s)
Thread#2:B:And user selects Frequency of Payments
Thread#2:T:done: CardsValidationSteps.WhenUserSelectsFrequencyOfPaymentsInClosingDisclosurePage() (0.3s)
Thread#2:B:And user selects Loan Term
Thread#2:T:done: CardsValidationSteps.WhenUserSelectsLoanTermInClosingDisclosurePage() (0.2s)
Thread#2:B:And user selects Repayment Term Type
Thread#2:T:done: CardsValidationSteps.WhenUserSelectsRepaymentTermTypeInClosingDisclosurePage() (0.2s)
Thread#2:B:And user enters Loan detail input values for computation
Thread#0:T:done: CardsValidationSteps.WhenUserSelectsLoanTypeInClosingDisclosurePage() (10.9s)
Thread#0:B:And user selects Frequency of Payments
Thread#4:T:done: CardsValidationSteps.WhenUserSelectsLoanTypeInClosingDisclosurePage() (4.8s)
Thread#4:B:And user selects Frequency of Payments
Thread#0:T:done: CardsValidationSteps.WhenUserSelectsFrequencyOfPaymentsInClosingDisclosurePage() (0.3s)
Thread#0:B:And user selects Loan Term
Thread#4:T:done: CardsValidationSteps.WhenUserSelectsFrequencyOfPaymentsInClosingDisclosurePage() (0.3s)
Thread#4:B:And user selects Loan Term
Thread#0:T:done: CardsValidationSteps.WhenUserSelectsLoanTermInClosingDisclosurePage() (0.2s)
Thread#0:B:And user selects Repayment Term Type
Thread#4:T:done: CardsValidationSteps.WhenUserSelectsLoanTermInClosingDisclosurePage() (0.3s)
Thread#4:B:And user selects Repayment Term Type
Thread#0:T:done: CardsValidationSteps.WhenUserSelectsRepaymentTermTypeInClosingDisclosurePage() (0.3s)
Thread#0:B:And user enters Loan detail input values for computation
Thread#4:T:done: CardsValidationSteps.WhenUserSelectsRepaymentTermTypeInClosingDisclosurePage() (0.3s)
Thread#4:B:And user enters Loan detail input values for computation
Thread#3:T:done: CardsValidationSteps.WhenUserEntersLoanDetailInputValuesForComputationforClosingDisclosurepage() (6.3s)
Thread#3:B:And user enters pmi rate values
Thread#3:T:done: CardsValidationSteps.WhenUserEntersPmiRateValues() (0.6s)
Thread#3:B:And user enters other pmi input values
Thread#3:T:done: CardsValidationSteps.WhenUserEntersOtherPmiInputValues() (0.0s)
Thread#3:B:And user enters Escrow Grid Input values
Thread#1:T:done: CardsValidationSteps.WhenUserEntersLoanDetailInputValuesForComputationforClosingDisclosurepage() (6.4s)
Thread#1:B:And user enters pmi rate values
Thread#1:T:done: CardsValidationSteps.WhenUserEntersPmiRateValues() (0.5s)
Thread#1:B:And user enters other pmi input values
Thread#1:T:done: CardsValidationSteps.WhenUserEntersOtherPmiInputValues() (0.0s)
Thread#1:B:And user enters Escrow Grid Input values
Thread#2:T:done: CardsValidationSteps.WhenUserEntersLoanDetailInputValuesForComputationforClosingDisclosurepage() (7.0s)
Thread#2:B:And user enters pmi rate values
Thread#2:T:done: CardsValidationSteps.WhenUserEntersPmiRateValues() (0.4s)
Thread#2:B:And user enters other pmi input values
Thread#2:T:done: CardsValidationSteps.WhenUserEntersOtherPmiInputValues() (0.0s)
Thread#2:B:And user enters Escrow Grid Input values
Thread#0:T:done: CardsValidationSteps.WhenUserEntersLoanDetailInputValuesForComputationforClosingDisclosurepage() (7.2s)
Thread#0:B:And user enters pmi rate values
Thread#4:T:done: CardsValidationSteps.WhenUserEntersLoanDetailInputValuesForComputationforClosingDisclosurepage() (7.0s)
Thread#4:B:And user enters pmi rate values
Thread#4:T:done: CardsValidationSteps.WhenUserEntersPmiRateValues() (0.4s)
Thread#4:B:And user enters other pmi input values
Thread#0:T:done: CardsValidationSteps.WhenUserEntersPmiRateValues() (0.5s)
Thread#0:B:And user enters other pmi input values
Thread#4:T:done: CardsValidationSteps.WhenUserEntersOtherPmiInputValues() (0.0s)
Thread#4:B:And user enters Escrow Grid Input values
Thread#0:T:done: CardsValidationSteps.WhenUserEntersOtherPmiInputValues() (0.0s)
Thread#0:B:And user enters Escrow Grid Input values
Thread#3:T:done: CardsValidationSteps.WhenUserEntersEscrowGridInputValues() (14.0s)
Thread#3:B:And user enters all input values for Prepaid Charges
Thread#1:T:done: CardsValidationSteps.WhenUserEntersEscrowGridInputValues() (13.7s)
Thread#1:B:And user enters all input values for Prepaid Charges
Thread#4:T:done: CardsValidationSteps.WhenUserEntersEscrowGridInputValues() (13.6s)
Thread#4:B:And user enters all input values for Prepaid Charges
Thread#2:T:done: CardsValidationSteps.WhenUserEntersEscrowGridInputValues() (15.1s)
Thread#2:B:And user enters all input values for Prepaid Charges
Thread#0:T:done: CardsValidationSteps.WhenUserEntersEscrowGridInputValues() (15.4s)
Thread#0:B:And user enters all input values for Prepaid Charges
Thread#3:T:done: CardsValidationSteps.WhenUserEntersAllInputValuesForPrepaidCharges() (10.8s)
Thread#3:B:And user enters input value for prepaid custom fields
Thread#3:T:done: CardsValidationSteps.WhenUserEntersInputValueForPrepaidCustomFields() (0.0s)
Thread#3:B:And user navigates to Disclosure Inputs Page
Thread#1:T:done: CardsValidationSteps.WhenUserEntersAllInputValuesForPrepaidCharges() (11.0s)
Thread#1:B:And user enters input value for prepaid custom fields
Thread#1:T:done: CardsValidationSteps.WhenUserEntersInputValueForPrepaidCustomFields() (0.0s)
Thread#1:B:And user navigates to Disclosure Inputs Page
Thread#3:T:done: CardsValidationSteps.WhenUserNavigatesToDisclosureInputsPage() (1.0s)
Thread#3:B:And user enters disclosed input values for Closing Disclosure Loan Terms & Projected Payments
Thread#1:T:done: CardsValidationSteps.WhenUserNavigatesToDisclosureInputsPage() (1.0s)
Thread#1:B:And user enters disclosed input values for Closing Disclosure Loan Terms & Projected Payments
Thread#3:T:done: CardsValidationSteps.WhenUserEntersDisclosedInputValuesForClosingDisclosureLoanTermsProjectedPayments() (2.6s)
Thread#3:B:And user enters disclosed input values for Closing Disclosure Loan Calculations
Thread#1:T:done: CardsValidationSteps.WhenUserEntersDisclosedInputValuesForClosingDisclosureLoanTermsProjectedPayments() (2.5s)
Thread#1:B:And user enters disclosed input values for Closing Disclosure Loan Calculations
Thread#2:T:done: CardsValidationSteps.WhenUserEntersAllInputValuesForPrepaidCharges() (10.1s)
Thread#2:B:And user enters input value for prepaid custom fields
Thread#2:T:done: CardsValidationSteps.WhenUserEntersInputValueForPrepaidCustomFields() (0.0s)
Thread#2:B:And user navigates to Disclosure Inputs Page
Thread#2:T:done: CardsValidationSteps.WhenUserNavigatesToDisclosureInputsPage() (1.1s)
Thread#2:B:And user enters disclosed input values for Closing Disclosure Loan Terms & Projected Payments
Thread#0:T:done: CardsValidationSteps.WhenUserEntersAllInputValuesForPrepaidCharges() (9.5s)
Thread#0:B:And user enters input value for prepaid custom fields
Thread#0:T:done: CardsValidationSteps.WhenUserEntersInputValueForPrepaidCustomFields() (0.0s)
Thread#0:B:And user navigates to Disclosure Inputs Page
Thread#4:T:done: CardsValidationSteps.WhenUserEntersAllInputValuesForPrepaidCharges() (11.3s)
Thread#4:B:And user enters input value for prepaid custom fields
Thread#4:T:done: CardsValidationSteps.WhenUserEntersInputValueForPrepaidCustomFields() (0.0s)
Thread#4:B:And user navigates to Disclosure Inputs Page
Thread#0:T:done: CardsValidationSteps.WhenUserNavigatesToDisclosureInputsPage() (1.0s)
Thread#0:B:And user enters disclosed input values for Closing Disclosure Loan Terms & Projected Payments
Thread#4:T:done: CardsValidationSteps.WhenUserNavigatesToDisclosureInputsPage() (1.0s)
Thread#4:B:And user enters disclosed input values for Closing Disclosure Loan Terms & Projected Payments
Thread#3:T:done: CardsValidationSteps.WhenUserEntersDisclosedInputValuesForClosingDisclosureLoanCalculations() (3.4s)
Thread#3:B:And user enters disclosed input values for Property Cost and Escrow
Thread#1:T:done: CardsValidationSteps.WhenUserEntersDisclosedInputValuesForClosingDisclosureLoanCalculations() (3.2s)
Thread#1:B:And user enters disclosed input values for Property Cost and Escrow
Thread#2:T:done: CardsValidationSteps.WhenUserEntersDisclosedInputValuesForClosingDisclosureLoanTermsProjectedPayments() (2.5s)
Thread#2:B:And user enters disclosed input values for Closing Disclosure Loan Calculations
Thread#3:T:done: CardsValidationSteps.WhenUserEntersDisclosedInputValuesForPropertyCostAndEscrow() (1.3s)
Thread#3:B:And user navigates to Loan Estimate Cards Page
Thread#1:T:done: CardsValidationSteps.WhenUserEntersDisclosedInputValuesForPropertyCostAndEscrow() (1.3s)
Thread#1:B:And user navigates to Loan Estimate Cards Page
Thread#0:T:done: CardsValidationSteps.WhenUserEntersDisclosedInputValuesForClosingDisclosureLoanTermsProjectedPayments() (2.3s)
Thread#0:B:And user enters disclosed input values for Closing Disclosure Loan Calculations
Thread#4:T:done: CardsValidationSteps.WhenUserEntersDisclosedInputValuesForClosingDisclosureLoanTermsProjectedPayments() (2.4s)
Thread#4:B:And user enters disclosed input values for Closing Disclosure Loan Calculations
Thread#1:T:done: CardsValidationSteps.WhenUserNavigatesToLoanEstimateCardsPage() (1.3s)
Thread#1:B:And user enters disclsoed input values for Loan Estimate - Comparisons
Thread#3:T:done: CardsValidationSteps.WhenUserNavigatesToLoanEstimateCardsPage() (1.8s)
Thread#3:B:And user enters disclsoed input values for Loan Estimate - Comparisons
Thread#2:T:done: CardsValidationSteps.WhenUserEntersDisclosedInputValuesForClosingDisclosureLoanCalculations() (2.4s)
Thread#2:B:And user enters disclosed input values for Property Cost and Escrow
Thread#0:T:done: CardsValidationSteps.WhenUserEntersDisclosedInputValuesForClosingDisclosureLoanCalculations() (2.2s)
Thread#0:B:And user enters disclosed input values for Property Cost and Escrow
Thread#4:T:done: CardsValidationSteps.WhenUserEntersDisclosedInputValuesForClosingDisclosureLoanCalculations() (2.5s)
Thread#4:B:And user enters disclosed input values for Property Cost and Escrow
Thread#1:T:done: CardsValidationSteps.WhenUserEntersDisclsoedInputValuesForLoanEstimate_Comparisons() (1.5s)
Thread#1:B:And user navigates to ARM Page
Thread#2:T:done: CardsValidationSteps.WhenUserEntersDisclosedInputValuesForPropertyCostAndEscrow() (1.2s)
Thread#2:B:And user navigates to Loan Estimate Cards Page
Thread#3:T:done: CardsValidationSteps.WhenUserEntersDisclsoedInputValuesForLoanEstimate_Comparisons() (1.5s)
Thread#3:B:And user navigates to ARM Page
Thread#0:T:done: CardsValidationSteps.WhenUserEntersDisclosedInputValuesForPropertyCostAndEscrow() (1.7s)
Thread#0:B:And user navigates to Loan Estimate Cards Page
Thread#2:T:done: CardsValidationSteps.WhenUserNavigatesToLoanEstimateCardsPage() (1.7s)
Thread#2:B:And user enters disclsoed input values for Loan Estimate - Comparisons
Thread#4:T:done: CardsValidationSteps.WhenUserEntersDisclosedInputValuesForPropertyCostAndEscrow() (2.2s)
Thread#4:B:And user navigates to Loan Estimate Cards Page
Thread#1:T:done: VariableLoanPaymentScheuledValidationSteps.WhenUserNavigatesToARMPage() (2.7s)
Thread#1:B:Then updated/computed Payment Stream Number value should display on ARM Best Case
Thread#1:T:===========================================================
Thread#3:T:done: VariableLoanPaymentScheuledValidationSteps.WhenUserNavigatesToARMPage() (2.8s)
Thread#3:B:Then updated/computed Payment Stream Number value should display on ARM Best Case
Thread#3:T:===========================================================
Thread#1:T:ExpectedValue Row 1 :1
Thread#2:T:done: CardsValidationSteps.WhenUserEntersDisclsoedInputValuesForLoanEstimate_Comparisons() (1.6s)
Thread#2:B:And user navigates to ARM Page
Thread#0:T:done: CardsValidationSteps.WhenUserNavigatesToLoanEstimateCardsPage() (2.0s)
Thread#0:B:And user enters disclsoed input values for Loan Estimate - Comparisons
Thread#4:T:done: CardsValidationSteps.WhenUserNavigatesToLoanEstimateCardsPage() (1.3s)
Thread#4:B:And user enters disclsoed input values for Loan Estimate - Comparisons
Thread#3:T:ExpectedValue Row 1 :1
Thread#1:T:ActualValue Row 1 :1
Thread#3:T:ActualValue Row 1 :1
Thread#1:T:============================================================
Thread#3:T:============================================================
Thread#1:T:===========================================================
Thread#3:T:===========================================================
Thread#1:T:ExpectedValue Row 2 :2
Thread#3:T:ExpectedValue Row 2 :2
Thread#1:T:ActualValue Row 2 :2
Thread#0:T:done: CardsValidationSteps.WhenUserEntersDisclsoedInputValuesForLoanEstimate_Comparisons() (2.0s)
Thread#0:B:And user navigates to ARM Page
Thread#3:T:ActualValue Row 2 :2
Thread#4:T:done: CardsValidationSteps.WhenUserEntersDisclsoedInputValuesForLoanEstimate_Comparisons() (2.0s)
Thread#4:B:And user navigates to ARM Page
Thread#1:T:============================================================
Thread#3:T:============================================================
Thread#1:T:done: VariableLoanPaymentScheuledValidationSteps.ThenUpdatedComputedPaymentStreamNumberValueShouldDisplayOnArmBestCase() (3.2s)
Thread#2:T:done: VariableLoanPaymentScheuledValidationSteps.WhenUserNavigatesToARMPage() (2.8s)
Thread#2:B:Then updated/computed Payment Stream Number value should display on ARM Best Case
Thread#1:B:And updated/computed Number of Payments value should display on ARM Best Case
Thread#3:T:===========================================================
Thread#2:T:===========================================================
Thread#3:T:ExpectedValue Row 3 :3
Thread#2:T:ExpectedValue Row 1 :1
Thread#1:T:===========================================================
Thread#3:T:ActualValue Row 3 :3
Thread#2:T:ActualValue Row 1 :1
Thread#1:T:ExpectedValue Row 1 :359
Thread#3:T:============================================================
Thread#2:T:============================================================
Thread#3:T:done: VariableLoanPaymentScheuledValidationSteps.ThenUpdatedComputedPaymentStreamNumberValueShouldDisplayOnArmBestCase() (5.1s)
Thread#1:T:ActualValue Row 1 :359
Thread#0:T:done: VariableLoanPaymentScheuledValidationSteps.WhenUserNavigatesToARMPage() (3.2s)
Thread#0:B:Then updated/computed Payment Stream Number value should display on ARM Best Case
Thread#4:T:done: VariableLoanPaymentScheuledValidationSteps.WhenUserNavigatesToARMPage() (3.2s)
Thread#4:B:Then updated/computed Payment Stream Number value should display on ARM Best Case
Thread#2:T:===========================================================
Thread#3:B:And updated/computed Number of Payments value should display on ARM Best Case
Thread#1:T:============================================================
Thread#0:T:===========================================================
Thread#4:T:===========================================================
Thread#2:T:ExpectedValue Row 2 :2
Thread#0:T:ExpectedValue Row 1 :1
Thread#4:T:ExpectedValue Row 1 :1
Thread#3:T:===========================================================
Thread#1:T:===========================================================
Thread#2:T:ActualValue Row 2 :2
Thread#0:T:ActualValue Row 1 :1
Thread#4:T:ActualValue Row 1 :1
Thread#3:T:ExpectedValue Row 1 :36
Thread#1:T:ExpectedValue Row 2 :1
Thread#2:T:============================================================
Thread#0:T:============================================================
Thread#4:T:============================================================
Thread#3:T:ActualValue Row 1 :36
Thread#1:T:ActualValue Row 2 :1
Thread#0:T:===========================================================
Thread#4:T:===========================================================
Thread#2:T:OpenQA.Selenium.NoSuchElementException: no such element: Unable to locate element: {"method":"xpath","selector":"//section[@id='PaymentScheduleOutputBest']//tr[3]/td[1]//span"}
Thread#1:T:============================================================
Thread#3:T:============================================================
Thread#0:T:ExpectedValue Row 2 :2
Thread#4:T:ExpectedValue Row 2 :2
Thread#2:T:  (Session info: chrome=59.0.3071.115)
Thread#1:T:done: VariableLoanPaymentScheuledValidationSteps.ThenUpdatedComputedNumberOfPaymentsValueShouldDisplayOnArmBestCase() (3.8s)
Thread#0:T:ActualValue Row 2 :2
Thread#2:T:  (Driver info: chromedriver=2.29.461591 (62ebf098771772160f391d75e589dc567915b233),platform=Windows NT 10.0.10586 x86_64)
Thread#4:T:ActualValue Row 2 :2
Thread#3:T:NUnit.Framework.AssertionException:   Actual value does not match as expected for the row 2 with the difference of 1
Thread#1:B:And updated/computed Payment Amount value should display on ARM Best Case
Thread#0:T:============================================================
Thread#2:T:   at OpenQA.Selenium.Remote.RemoteWebDriver.UnpackAndThrowOnError(Response errorResponse)
Thread#4:T:============================================================
Thread#3:T:  Expected: 323.0d
Thread#2:T:   at OpenQA.Selenium.Remote.RemoteWebDriver.Execute(String driverCommandToExecute, Dictionary`2 parameters)
Thread#0:T:===========================================================
Thread#1:T:===========================================================
Thread#4:T:OpenQA.Selenium.NoSuchElementException: no such element: Unable to locate element: {"method":"xpath","selector":"//section[@id='PaymentScheduleOutputBest']//tr[3]/td[1]//span"}
Thread#3:T:  But was:  322.0d
Thread#2:T:   at OpenQA.Selenium.Remote.RemoteWebDriver.FindElement(String mechanism, String value)
Thread#0:T:ExpectedValue Row 3 :3
Thread#1:T:ExpectedValue Row 1 :606.68
Thread#4:T:  (Session info: chrome=59.0.3071.115)
Thread#3:T:   at NUnit.Framework.Assert.That[TActual](TActual actual, IResolveConstraint expression, String message, Object[] args)
Thread#2:T:   at OpenQA.Selenium.Remote.RemoteWebDriver.FindElementByXPath(String xpath)
Thread#0:T:ActualValue Row 3 :3
Thread#1:T:ActualValue Row 1 :606.68
Thread#4:T:  (Driver info: chromedriver=2.29.461591 (62ebf098771772160f391d75e589dc567915b233),platform=Windows NT 10.0.10586 x86_64)
Thread#2:T:   at OpenQA.Selenium.By.<>c__DisplayClasse.<XPath>b__c(ISearchContext context)
Thread#3:T:   at NUnit.Framework.Assert.AreEqual(Object expected, Object actual, String message, Object[] args)
Thread#0:T:============================================================
Thread#1:T:============================================================
Thread#4:T:   at OpenQA.Selenium.Remote.RemoteWebDriver.UnpackAndThrowOnError(Response errorResponse)
Thread#0:T:done: VariableLoanPaymentScheuledValidationSteps.ThenUpdatedComputedPaymentStreamNumberValueShouldDisplayOnArmBestCase() (4.4s)
Thread#3:T:   at TRID.StepDefinitions.VariableLoanPaymentScheuledValidationSteps.ThenUpdatedComputedNumberOfPaymentsValueShouldDisplayOnArmBestCase() in F:\Projects\TRID QA\trid-462743\QA\UIAutomation\SpecFramework\StepDefinitions\VariableLoanPaymentScheuledValidationSteps.cs:line 102
Thread#2:T:   at OpenQA.Selenium.By.FindElement(ISearchContext context)
Thread#0:B:And updated/computed Number of Payments value should display on ARM Best Case
Thread#4:T:   at OpenQA.Selenium.Remote.RemoteWebDriver.Execute(String driverCommandToExecute, Dictionary`2 parameters)
Thread#1:T:NUnit.Framework.AssertionException:   Actual value does not match as expected for the row 2 with the difference of 1.07000000000005
Thread#2:T:   at OpenQA.Selenium.Remote.RemoteWebDriver.FindElement(By by)
Thread#3:T:===========================================================
Thread#4:T:   at OpenQA.Selenium.Remote.RemoteWebDriver.FindElement(String mechanism, String value)
Thread#1:T:  Expected: 607.60000000000002d
Thread#2:T:   at TRID.ActionClasses.UIActions.GetText(By element) in F:\Projects\TRID QA\trid-462743\QA\UIAutomation\SpecFramework\ActionClasses\UIActions.cs:line 37
Thread#0:T:===========================================================
Thread#3:T:ExpectedValue Row 3 :1
Thread#4:T:   at OpenQA.Selenium.Remote.RemoteWebDriver.FindElementByXPath(String xpath)
Thread#1:T:  But was:  606.52999999999997d
Thread#0:T:ExpectedValue Row 1 :36
Thread#2:T:   at TRID.StepDefinitions.VariableLoanPaymentScheuledValidationSteps.ThenUpdatedComputedPaymentStreamNumberValueShouldDisplayOnArmBestCase() in F:\Projects\TRID QA\trid-462743\QA\UIAutomation\SpecFramework\StepDefinitions\VariableLoanPaymentScheuledValidationSteps.cs:line 65
Thread#3:T:ActualValue Row 3 :1
Thread#4:T:   at OpenQA.Selenium.By.<>c__DisplayClasse.<XPath>b__c(ISearchContext context)
Thread#2:T:done: VariableLoanPaymentScheuledValidationSteps.ThenUpdatedComputedPaymentStreamNumberValueShouldDisplayOnArmBestCase() (8.5s)
Thread#1:T:   at NUnit.Framework.Assert.That[TActual](TActual actual, IResolveConstraint expression, String message, Object[] args)
Thread#0:T:ActualValue Row 1 :36
Thread#3:T:============================================================
Thread#1:T:   at NUnit.Framework.Assert.AreEqual(Object expected, Object actual, String message, Object[] args)
Thread#4:T:   at OpenQA.Selenium.By.FindElement(ISearchContext context)
Thread#0:T:============================================================
Thread#2:B:And updated/computed Number of Payments value should display on ARM Best Case
Thread#3:T:done: VariableLoanPaymentScheuledValidationSteps.ThenUpdatedComputedNumberOfPaymentsValueShouldDisplayOnArmBestCase() (6.3s)
Thread#1:T:   at TRID.StepDefinitions.VariableLoanPaymentScheuledValidationSteps.ThenUpdatedComputedPaymentAmountValueShouldDisplayOnArmBestCase() in F:\Projects\TRID QA\trid-462743\QA\UIAutomation\SpecFramework\StepDefinitions\VariableLoanPaymentScheuledValidationSteps.cs:line 136
Thread#4:T:   at OpenQA.Selenium.Remote.RemoteWebDriver.FindElement(By by)
Thread#0:T:NUnit.Framework.AssertionException:   Actual value does not match as expected for the row 2 with the difference of 1
Thread#2:T:NUnit.Framework.AssertionException:   Actual value does not match as expected for the row 1 with the difference of 323
Thread#3:B:And updated/computed Payment Amount value should display on ARM Best Case
Thread#1:T:done: VariableLoanPaymentScheuledValidationSteps.ThenUpdatedComputedPaymentAmountValueShouldDisplayOnArmBestCase() (4.2s)
Thread#4:T:   at TRID.ActionClasses.UIActions.GetText(By element) in F:\Projects\TRID QA\trid-462743\QA\UIAutomation\SpecFramework\ActionClasses\UIActions.cs:line 37
Thread#0:T:  Expected: 323.0d
Thread#2:T:  Expected: 36.0d
Thread#1:B:And updated/computed Period Payment value should display on ARM Best Case
Thread#4:T:   at TRID.StepDefinitions.VariableLoanPaymentScheuledValidationSteps.ThenUpdatedComputedPaymentStreamNumberValueShouldDisplayOnArmBestCase() in F:\Projects\TRID QA\trid-462743\QA\UIAutomation\SpecFramework\StepDefinitions\VariableLoanPaymentScheuledValidationSteps.cs:line 65
Thread#3:T:===========================================================
Thread#0:T:  But was:  322.0d
Thread#2:T:  But was:  359.0d
Thread#4:T:done: VariableLoanPaymentScheuledValidationSteps.ThenUpdatedComputedPaymentStreamNumberValueShouldDisplayOnArmBestCase() (8.0s)
Thread#3:T:ExpectedValue Row 1 :606.68
Thread#0:T:   at NUnit.Framework.Assert.That[TActual](TActual actual, IResolveConstraint expression, String message, Object[] args)
Thread#1:T:===========================================================
Thread#2:T:   at NUnit.Framework.Assert.That[TActual](TActual actual, IResolveConstraint expression, String message, Object[] args)
Thread#4:B:And updated/computed Number of Payments value should display on ARM Best Case
Thread#3:T:ActualValue Row 1 :606.68
Thread#0:T:   at NUnit.Framework.Assert.AreEqual(Object expected, Object actual, String message, Object[] args)
Thread#1:T:ExpectedValue Row 1 :606.68
Thread#2:T:   at NUnit.Framework.Assert.AreEqual(Object expected, Object actual, String message, Object[] args)
Thread#3:T:============================================================
Thread#0:T:   at TRID.StepDefinitions.VariableLoanPaymentScheuledValidationSteps.ThenUpdatedComputedNumberOfPaymentsValueShouldDisplayOnArmBestCase() in F:\Projects\TRID QA\trid-462743\QA\UIAutomation\SpecFramework\StepDefinitions\VariableLoanPaymentScheuledValidationSteps.cs:line 102
Thread#1:T:ActualValue Row 1 :606.68
Thread#4:T:NUnit.Framework.AssertionException:   Actual value does not match as expected for the row 1 with the difference of 323
Thread#2:T:   at TRID.StepDefinitions.VariableLoanPaymentScheuledValidationSteps.ThenUpdatedComputedNumberOfPaymentsValueShouldDisplayOnArmBestCase() in F:\Projects\TRID QA\trid-462743\QA\UIAutomation\SpecFramework\StepDefinitions\VariableLoanPaymentScheuledValidationSteps.cs:line 102
Thread#1:T:============================================================
Thread#3:T:NUnit.Framework.AssertionException:   Actual value does not match as expected for the row 2 with the difference of 1.10000000000002
Thread#0:T:===========================================================
Thread#4:T:  Expected: 36.0d
Thread#2:T:NUnit.Framework.AssertionException:   Actual value does not match as expected for the row 2 with the difference of 322
Thread#0:T:ExpectedValue Row 3 :1
Thread#4:T:  But was:  359.0d
Thread#1:T:NUnit.Framework.AssertionException:   Actual value does not match as expected for the row 2 with the difference of 1.07000000000005
Thread#3:T:  Expected: 589.72000000000003d
Thread#2:T:  Expected: 323.0d
Thread#0:T:ActualValue Row 3 :1
Thread#4:T:   at NUnit.Framework.Assert.That[TActual](TActual actual, IResolveConstraint expression, String message, Object[] args)
Thread#1:T:  Expected: 607.60000000000002d
Thread#3:T:  But was:  590.82000000000005d
Thread#2:T:  But was:  1.0d
Thread#1:T:  But was:  606.52999999999997d
Thread#4:T:   at NUnit.Framework.Assert.AreEqual(Object expected, Object actual, String message, Object[] args)
Thread#0:T:============================================================
Thread#2:T:   at NUnit.Framework.Assert.That[TActual](TActual actual, IResolveConstraint expression, String message, Object[] args)
Thread#1:T:   at NUnit.Framework.Assert.That[TActual](TActual actual, IResolveConstraint expression, String message, Object[] args)
Thread#3:T:   at NUnit.Framework.Assert.That[TActual](TActual actual, IResolveConstraint expression, String message, Object[] args)
Thread#0:T:done: VariableLoanPaymentScheuledValidationSteps.ThenUpdatedComputedNumberOfPaymentsValueShouldDisplayOnArmBestCase() (5.6s)
Thread#4:T:   at TRID.StepDefinitions.VariableLoanPaymentScheuledValidationSteps.ThenUpdatedComputedNumberOfPaymentsValueShouldDisplayOnArmBestCase() in F:\Projects\TRID QA\trid-462743\QA\UIAutomation\SpecFramework\StepDefinitions\VariableLoanPaymentScheuledValidationSteps.cs:line 102
Thread#2:T:   at NUnit.Framework.Assert.AreEqual(Object expected, Object actual, String message, Object[] args)
Thread#1:T:   at NUnit.Framework.Assert.AreEqual(Object expected, Object actual, String message, Object[] args)
Thread#3:T:   at NUnit.Framework.Assert.AreEqual(Object expected, Object actual, String message, Object[] args)
Thread#0:B:And updated/computed Payment Amount value should display on ARM Best Case
Thread#2:T:   at TRID.StepDefinitions.VariableLoanPaymentScheuledValidationSteps.ThenUpdatedComputedNumberOfPaymentsValueShouldDisplayOnArmBestCase() in F:\Projects\TRID QA\trid-462743\QA\UIAutomation\SpecFramework\StepDefinitions\VariableLoanPaymentScheuledValidationSteps.cs:line 102
Thread#4:T:NUnit.Framework.AssertionException:   Actual value does not match as expected for the row 2 with the difference of 322
Thread#1:T:   at TRID.StepDefinitions.VariableLoanPaymentScheuledValidationSteps.ThenUpdatedComputedPeriodPaymentValueShouldDisplayOnArmBestCase() in F:\Projects\TRID QA\trid-462743\QA\UIAutomation\SpecFramework\StepDefinitions\VariableLoanPaymentScheuledValidationSteps.cs:line 170
Thread#3:T:   at TRID.StepDefinitions.VariableLoanPaymentScheuledValidationSteps.ThenUpdatedComputedPaymentAmountValueShouldDisplayOnArmBestCase() in F:\Projects\TRID QA\trid-462743\QA\UIAutomation\SpecFramework\StepDefinitions\VariableLoanPaymentScheuledValidationSteps.cs:line 136
Thread#0:T:===========================================================
Thread#4:T:  Expected: 323.0d
Thread#1:T:done: VariableLoanPaymentScheuledValidationSteps.ThenUpdatedComputedPeriodPaymentValueShouldDisplayOnArmBestCase() (4.0s)
Thread#2:T:OpenQA.Selenium.NoSuchElementException: no such element: Unable to locate element: {"method":"xpath","selector":"//section[@id='PaymentScheduleOutputBest']//tr[3]/td[2]//span"}
Thread#0:T:ExpectedValue Row 1 :606.68
Thread#3:T:NUnit.Framework.AssertionException:   Actual value does not match as expected for the row 3 with the difference of 1.06999999999994
Thread#1:B:And updated/computed Period PMI value should display on ARM Best Case
Thread#2:T:  (Session info: chrome=59.0.3071.115)
Thread#0:T:ActualValue Row 1 :606.68
Thread#4:T:  But was:  1.0d
Thread#3:T:  Expected: 589.74000000000001d
Thread#0:T:============================================================
Thread#4:T:   at NUnit.Framework.Assert.That[TActual](TActual actual, IResolveConstraint expression, String message, Object[] args)
Thread#2:T:  (Driver info: chromedriver=2.29.461591 (62ebf098771772160f391d75e589dc567915b233),platform=Windows NT 10.0.10586 x86_64)
Thread#1:T:===========================================================
Thread#3:T:  But was:  590.80999999999995d
Thread#1:T:ExpectedValue Row 1 :0
Thread#3:T:   at NUnit.Framework.Assert.That[TActual](TActual actual, IResolveConstraint expression, String message, Object[] args)
Thread#4:T:   at NUnit.Framework.Assert.AreEqual(Object expected, Object actual, String message, Object[] args)
Thread#2:T:   at OpenQA.Selenium.Remote.RemoteWebDriver.UnpackAndThrowOnError(Response errorResponse)
Thread#0:T:NUnit.Framework.AssertionException:   Actual value does not match as expected for the row 2 with the difference of 47.34
Thread#1:T:ActualValue Row 1 :0
Thread#3:T:   at NUnit.Framework.Assert.AreEqual(Object expected, Object actual, String message, Object[] args)
Thread#4:T:   at TRID.StepDefinitions.VariableLoanPaymentScheuledValidationSteps.ThenUpdatedComputedNumberOfPaymentsValueShouldDisplayOnArmBestCase() in F:\Projects\TRID QA\trid-462743\QA\UIAutomation\SpecFramework\StepDefinitions\VariableLoanPaymentScheuledValidationSteps.cs:line 102
Thread#0:T:  Expected: 573.01999999999998d
Thread#2:T:   at OpenQA.Selenium.Remote.RemoteWebDriver.Execute(String driverCommandToExecute, Dictionary`2 parameters)
Thread#1:T:============================================================
Thread#3:T:   at TRID.StepDefinitions.VariableLoanPaymentScheuledValidationSteps.ThenUpdatedComputedPaymentAmountValueShouldDisplayOnArmBestCase() in F:\Projects\TRID QA\trid-462743\QA\UIAutomation\SpecFramework\StepDefinitions\VariableLoanPaymentScheuledValidationSteps.cs:line 136
Thread#0:T:  But was:  525.67999999999995d
Thread#4:T:OpenQA.Selenium.NoSuchElementException: no such element: Unable to locate element: {"method":"xpath","selector":"//section[@id='PaymentScheduleOutputBest']//tr[3]/td[2]//span"}
Thread#2:T:   at OpenQA.Selenium.Remote.RemoteWebDriver.FindElement(String mechanism, String value)
Thread#0:T:   at NUnit.Framework.Assert.That[TActual](TActual actual, IResolveConstraint expression, String message, Object[] args)
Thread#3:T:done: VariableLoanPaymentScheuledValidationSteps.ThenUpdatedComputedPaymentAmountValueShouldDisplayOnArmBestCase() (6.7s)
Thread#4:T:  (Session info: chrome=59.0.3071.115)
Thread#1:T:===========================================================
Thread#2:T:   at OpenQA.Selenium.Remote.RemoteWebDriver.FindElementByXPath(String xpath)
Thread#0:T:   at NUnit.Framework.Assert.AreEqual(Object expected, Object actual, String message, Object[] args)
Thread#3:B:And updated/computed Period Payment value should display on ARM Best Case
Thread#4:T:  (Driver info: chromedriver=2.29.461591 (62ebf098771772160f391d75e589dc567915b233),platform=Windows NT 10.0.10586 x86_64)
Thread#1:T:ExpectedValue Row 2 :0
Thread#2:T:   at OpenQA.Selenium.By.<>c__DisplayClasse.<XPath>b__c(ISearchContext context)
Thread#0:T:   at TRID.StepDefinitions.VariableLoanPaymentScheuledValidationSteps.ThenUpdatedComputedPaymentAmountValueShouldDisplayOnArmBestCase() in F:\Projects\TRID QA\trid-462743\QA\UIAutomation\SpecFramework\StepDefinitions\VariableLoanPaymentScheuledValidationSteps.cs:line 136
Thread#4:T:   at OpenQA.Selenium.Remote.RemoteWebDriver.UnpackAndThrowOnError(Response errorResponse)
Thread#2:T:   at OpenQA.Selenium.By.FindElement(ISearchContext context)
Thread#1:T:ActualValue Row 2 :0
Thread#3:T:===========================================================
Thread#4:T:   at OpenQA.Selenium.Remote.RemoteWebDriver.Execute(String driverCommandToExecute, Dictionary`2 parameters)
Thread#2:T:   at OpenQA.Selenium.Remote.RemoteWebDriver.FindElement(By by)
Thread#0:T:NUnit.Framework.AssertionException:   Actual value does not match as expected for the row 3 with the difference of 48.1500000000001
Thread#1:T:============================================================
Thread#3:T:ExpectedValue Row 1 :606.68
Thread#4:T:   at OpenQA.Selenium.Remote.RemoteWebDriver.FindElement(String mechanism, String value)
Thread#1:T:done: VariableLoanPaymentScheuledValidationSteps.ThenUpdatedComputedPeriodPmiValueShouldDisplayOnArmBestCase() (3.4s)
Thread#0:T:  Expected: 573.82000000000005d
Thread#2:T:   at TRID.ActionClasses.UIActions.GetText(By element) in F:\Projects\TRID QA\trid-462743\QA\UIAutomation\SpecFramework\ActionClasses\UIActions.cs:line 37
Thread#3:T:ActualValue Row 1 :606.68
Thread#0:T:  But was:  525.66999999999996d
Thread#4:T:   at OpenQA.Selenium.Remote.RemoteWebDriver.FindElementByXPath(String xpath)
Thread#2:T:   at TRID.StepDefinitions.VariableLoanPaymentScheuledValidationSteps.ThenUpdatedComputedNumberOfPaymentsValueShouldDisplayOnArmBestCase() in F:\Projects\TRID QA\trid-462743\QA\UIAutomation\SpecFramework\StepDefinitions\VariableLoanPaymentScheuledValidationSteps.cs:line 99
Thread#3:T:============================================================
Thread#0:T:   at NUnit.Framework.Assert.That[TActual](TActual actual, IResolveConstraint expression, String message, Object[] args)
Thread#4:T:   at OpenQA.Selenium.By.<>c__DisplayClasse.<XPath>b__c(ISearchContext context)
Thread#2:T:done: VariableLoanPaymentScheuledValidationSteps.ThenUpdatedComputedNumberOfPaymentsValueShouldDisplayOnArmBestCase() (9.9s)
Thread#1:Scheduler: get next test for thread
Thread#:Scheduler: at the end of normal test queue
Thread#1:Scheduler: enumerator for thread is at end
Thread#1:Scheduler: No more tests for thread 
Thread#0:T:   at NUnit.Framework.Assert.AreEqual(Object expected, Object actual, String message, Object[] args)
Thread#4:T:   at OpenQA.Selenium.By.FindElement(ISearchContext context)
Thread#2:B:And updated/computed Payment Amount value should display on ARM Best Case
Thread#3:T:NUnit.Framework.AssertionException:   Actual value does not match as expected for the row 2 with the difference of 1.10000000000002
Thread#0:T:   at TRID.StepDefinitions.VariableLoanPaymentScheuledValidationSteps.ThenUpdatedComputedPaymentAmountValueShouldDisplayOnArmBestCase() in F:\Projects\TRID QA\trid-462743\QA\UIAutomation\SpecFramework\StepDefinitions\VariableLoanPaymentScheuledValidationSteps.cs:line 136
Thread#4:T:   at OpenQA.Selenium.Remote.RemoteWebDriver.FindElement(By by)
Thread#3:T:  Expected: 589.72000000000003d
Thread#2:T:NUnit.Framework.AssertionException:   Actual value does not match as expected for the row 1 with the difference of 18.73
Thread#0:T:done: VariableLoanPaymentScheuledValidationSteps.ThenUpdatedComputedPaymentAmountValueShouldDisplayOnArmBestCase() (6.1s)
Thread#4:T:   at TRID.ActionClasses.UIActions.GetText(By element) in F:\Projects\TRID QA\trid-462743\QA\UIAutomation\SpecFramework\ActionClasses\UIActions.cs:line 37
Thread#3:T:  But was:  590.82000000000005d
Thread#2:T:  Expected: 606.67999999999995d
Thread#0:B:And updated/computed Period Payment value should display on ARM Best Case
Thread#4:T:   at TRID.StepDefinitions.VariableLoanPaymentScheuledValidationSteps.ThenUpdatedComputedNumberOfPaymentsValueShouldDisplayOnArmBestCase() in F:\Projects\TRID QA\trid-462743\QA\UIAutomation\SpecFramework\StepDefinitions\VariableLoanPaymentScheuledValidationSteps.cs:line 99
Thread#2:T:  But was:  625.40999999999997d
Thread#3:T:   at NUnit.Framework.Assert.That[TActual](TActual actual, IResolveConstraint expression, String message, Object[] args)
Thread#0:T:===========================================================
Thread#4:T:done: VariableLoanPaymentScheuledValidationSteps.ThenUpdatedComputedNumberOfPaymentsValueShouldDisplayOnArmBestCase() (9.8s)
Thread#2:T:   at NUnit.Framework.Assert.That[TActual](TActual actual, IResolveConstraint expression, String message, Object[] args)
Thread#3:T:   at NUnit.Framework.Assert.AreEqual(Object expected, Object actual, String message, Object[] args)
Thread#0:T:ExpectedValue Row 1 :606.68
Thread#4:B:And updated/computed Payment Amount value should display on ARM Best Case
Thread#2:T:   at NUnit.Framework.Assert.AreEqual(Object expected, Object actual, String message, Object[] args)
Thread#3:T:   at TRID.StepDefinitions.VariableLoanPaymentScheuledValidationSteps.ThenUpdatedComputedPeriodPaymentValueShouldDisplayOnArmBestCase() in F:\Projects\TRID QA\trid-462743\QA\UIAutomation\SpecFramework\StepDefinitions\VariableLoanPaymentScheuledValidationSteps.cs:line 170
Thread#0:T:ActualValue Row 1 :606.68
Thread#2:T:   at TRID.StepDefinitions.VariableLoanPaymentScheuledValidationSteps.ThenUpdatedComputedPaymentAmountValueShouldDisplayOnArmBestCase() in F:\Projects\TRID QA\trid-462743\QA\UIAutomation\SpecFramework\StepDefinitions\VariableLoanPaymentScheuledValidationSteps.cs:line 136
Thread#4:T:===========================================================
Thread#0:T:============================================================
Thread#3:T:NUnit.Framework.AssertionException:   Actual value does not match as expected for the row 3 with the difference of 1.06999999999994
Thread#4:T:ExpectedValue Row 1 :606.68
Thread#2:T:NUnit.Framework.AssertionException:   Actual value does not match as expected for the row 2 with the difference of 1.51999999999998
Thread#3:T:  Expected: 589.74000000000001d
Thread#4:T:ActualValue Row 1 :606.68
Thread#0:T:NUnit.Framework.AssertionException:   Actual value does not match as expected for the row 2 with the difference of 47.34
Thread#2:T:  Expected: 623.89999999999998d
Thread#3:T:  But was:  590.80999999999995d
Thread#4:T:============================================================
Thread#0:T:  Expected: 573.01999999999998d
Thread#2:T:  But was:  625.41999999999996d
Thread#3:T:   at NUnit.Framework.Assert.That[TActual](TActual actual, IResolveConstraint expression, String message, Object[] args)
Thread#0:T:  But was:  525.67999999999995d
Thread#4:T:NUnit.Framework.AssertionException:   Actual value does not match as expected for the row 2 with the difference of 16.8099999999999
Thread#2:T:   at NUnit.Framework.Assert.That[TActual](TActual actual, IResolveConstraint expression, String message, Object[] args)
Thread#3:T:   at NUnit.Framework.Assert.AreEqual(Object expected, Object actual, String message, Object[] args)
Thread#0:T:   at NUnit.Framework.Assert.That[TActual](TActual actual, IResolveConstraint expression, String message, Object[] args)
Thread#2:T:   at NUnit.Framework.Assert.AreEqual(Object expected, Object actual, String message, Object[] args)
Thread#4:T:  Expected: 589.72000000000003d
Thread#3:T:   at TRID.StepDefinitions.VariableLoanPaymentScheuledValidationSteps.ThenUpdatedComputedPeriodPaymentValueShouldDisplayOnArmBestCase() in F:\Projects\TRID QA\trid-462743\QA\UIAutomation\SpecFramework\StepDefinitions\VariableLoanPaymentScheuledValidationSteps.cs:line 170
Thread#0:T:   at NUnit.Framework.Assert.AreEqual(Object expected, Object actual, String message, Object[] args)
Thread#2:T:   at TRID.StepDefinitions.VariableLoanPaymentScheuledValidationSteps.ThenUpdatedComputedPaymentAmountValueShouldDisplayOnArmBestCase() in F:\Projects\TRID QA\trid-462743\QA\UIAutomation\SpecFramework\StepDefinitions\VariableLoanPaymentScheuledValidationSteps.cs:line 136
Thread#4:T:  But was:  606.52999999999997d
Thread#3:T:done: VariableLoanPaymentScheuledValidationSteps.ThenUpdatedComputedPeriodPaymentValueShouldDisplayOnArmBestCase() (6.3s)
Thread#0:T:   at TRID.StepDefinitions.VariableLoanPaymentScheuledValidationSteps.ThenUpdatedComputedPeriodPaymentValueShouldDisplayOnArmBestCase() in F:\Projects\TRID QA\trid-462743\QA\UIAutomation\SpecFramework\StepDefinitions\VariableLoanPaymentScheuledValidationSteps.cs:line 170
Thread#2:T:OpenQA.Selenium.NoSuchElementException: no such element: Unable to locate element: {"method":"xpath","selector":"//section[@id='PaymentScheduleOutputBest']//tr[3]/td[3]//span"}
Thread#4:T:   at NUnit.Framework.Assert.That[TActual](TActual actual, IResolveConstraint expression, String message, Object[] args)
Thread#3:B:And updated/computed Period PMI value should display on ARM Best Case
Thread#2:T:  (Session info: chrome=59.0.3071.115)
Thread#4:T:   at NUnit.Framework.Assert.AreEqual(Object expected, Object actual, String message, Object[] args)
Thread#0:T:NUnit.Framework.AssertionException:   Actual value does not match as expected for the row 3 with the difference of 48.1500000000001
Thread#3:T:===========================================================
Thread#2:T:  (Driver info: chromedriver=2.29.461591 (62ebf098771772160f391d75e589dc567915b233),platform=Windows NT 10.0.10586 x86_64)
Thread#0:T:  Expected: 573.82000000000005d
Thread#4:T:   at TRID.StepDefinitions.VariableLoanPaymentScheuledValidationSteps.ThenUpdatedComputedPaymentAmountValueShouldDisplayOnArmBestCase() in F:\Projects\TRID QA\trid-462743\QA\UIAutomation\SpecFramework\StepDefinitions\VariableLoanPaymentScheuledValidationSteps.cs:line 136
Thread#3:T:ExpectedValue Row 1 :0
Thread#2:T:   at OpenQA.Selenium.Remote.RemoteWebDriver.UnpackAndThrowOnError(Response errorResponse)
Thread#0:T:  But was:  525.66999999999996d
Thread#4:T:OpenQA.Selenium.NoSuchElementException: no such element: Unable to locate element: {"method":"xpath","selector":"//section[@id='PaymentScheduleOutputBest']//tr[3]/td[3]//span"}
Thread#3:T:ActualValue Row 1 :0
Thread#2:T:   at OpenQA.Selenium.Remote.RemoteWebDriver.Execute(String driverCommandToExecute, Dictionary`2 parameters)
Thread#0:T:   at NUnit.Framework.Assert.That[TActual](TActual actual, IResolveConstraint expression, String message, Object[] args)
Thread#4:T:  (Session info: chrome=59.0.3071.115)
Thread#3:T:============================================================
Thread#2:T:   at OpenQA.Selenium.Remote.RemoteWebDriver.FindElement(String mechanism, String value)
Thread#0:T:   at NUnit.Framework.Assert.AreEqual(Object expected, Object actual, String message, Object[] args)
Thread#4:T:  (Driver info: chromedriver=2.29.461591 (62ebf098771772160f391d75e589dc567915b233),platform=Windows NT 10.0.10586 x86_64)
Thread#2:T:   at OpenQA.Selenium.Remote.RemoteWebDriver.FindElementByXPath(String xpath)
Thread#0:T:   at TRID.StepDefinitions.VariableLoanPaymentScheuledValidationSteps.ThenUpdatedComputedPeriodPaymentValueShouldDisplayOnArmBestCase() in F:\Projects\TRID QA\trid-462743\QA\UIAutomation\SpecFramework\StepDefinitions\VariableLoanPaymentScheuledValidationSteps.cs:line 170
Thread#4:T:   at OpenQA.Selenium.Remote.RemoteWebDriver.UnpackAndThrowOnError(Response errorResponse)
Thread#3:T:===========================================================
Thread#2:T:   at OpenQA.Selenium.By.<>c__DisplayClasse.<XPath>b__c(ISearchContext context)
Thread#0:T:done: VariableLoanPaymentScheuledValidationSteps.ThenUpdatedComputedPeriodPaymentValueShouldDisplayOnArmBestCase() (5.5s)
Thread#4:T:   at OpenQA.Selenium.Remote.RemoteWebDriver.Execute(String driverCommandToExecute, Dictionary`2 parameters)
Thread#3:T:ExpectedValue Row 2 :0
Thread#0:B:And updated/computed Period PMI value should display on ARM Best Case
Thread#2:T:   at OpenQA.Selenium.By.FindElement(ISearchContext context)
Thread#4:T:   at OpenQA.Selenium.Remote.RemoteWebDriver.FindElement(String mechanism, String value)
Thread#3:T:ActualValue Row 2 :0
Thread#2:T:   at OpenQA.Selenium.Remote.RemoteWebDriver.FindElement(By by)
Thread#0:T:===========================================================
Thread#4:T:   at OpenQA.Selenium.Remote.RemoteWebDriver.FindElementByXPath(String xpath)
Thread#3:T:============================================================
Thread#2:T:   at TRID.ActionClasses.UIActions.GetText(By element) in F:\Projects\TRID QA\trid-462743\QA\UIAutomation\SpecFramework\ActionClasses\UIActions.cs:line 37
Thread#0:T:ExpectedValue Row 1 :0
Thread#4:T:   at OpenQA.Selenium.By.<>c__DisplayClasse.<XPath>b__c(ISearchContext context)
Thread#2:T:   at TRID.StepDefinitions.VariableLoanPaymentScheuledValidationSteps.ThenUpdatedComputedPaymentAmountValueShouldDisplayOnArmBestCase() in F:\Projects\TRID QA\trid-462743\QA\UIAutomation\SpecFramework\StepDefinitions\VariableLoanPaymentScheuledValidationSteps.cs:line 133
Thread#3:T:===========================================================
Thread#0:T:ActualValue Row 1 :0
Thread#4:T:   at OpenQA.Selenium.By.FindElement(ISearchContext context)
Thread#2:T:done: VariableLoanPaymentScheuledValidationSteps.ThenUpdatedComputedPaymentAmountValueShouldDisplayOnArmBestCase() (8.0s)
Thread#3:T:ExpectedValue Row 3 :0
Thread#0:T:============================================================
Thread#1:T:##########################################################
Thread#4:T:   at OpenQA.Selenium.Remote.RemoteWebDriver.FindElement(By by)
Thread#2:B:And updated/computed Period Payment value should display on ARM Best Case
Thread#3:T:ActualValue Row 3 :0
Thread#1:T:##########################################################
Thread#4:T:   at TRID.ActionClasses.UIActions.GetText(By element) in F:\Projects\TRID QA\trid-462743\QA\UIAutomation\SpecFramework\ActionClasses\UIActions.cs:line 37
Thread#0:T:===========================================================
Thread#3:T:============================================================
Thread#2:T:NUnit.Framework.AssertionException:   Actual value does not match as expected for the row 1 with the difference of 18.73
Thread#1:T:====================================================================================
Thread#0:T:ExpectedValue Row 2 :0
Thread#4:T:   at TRID.StepDefinitions.VariableLoanPaymentScheuledValidationSteps.ThenUpdatedComputedPaymentAmountValueShouldDisplayOnArmBestCase() in F:\Projects\TRID QA\trid-462743\QA\UIAutomation\SpecFramework\StepDefinitions\VariableLoanPaymentScheuledValidationSteps.cs:line 133
Thread#3:T:done: VariableLoanPaymentScheuledValidationSteps.ThenUpdatedComputedPeriodPmiValueShouldDisplayOnArmBestCase() (4.5s)
Thread#2:T:  Expected: 606.67999999999995d
Thread#1:T:Scenario Number : 139
Thread#0:T:ActualValue Row 2 :0
Thread#4:T:done: VariableLoanPaymentScheuledValidationSteps.ThenUpdatedComputedPaymentAmountValueShouldDisplayOnArmBestCase() (7.7s)
Thread#1:T:The total number of cards Failue: 2
Thread#2:T:  But was:  625.40999999999997d
Thread#0:T:============================================================
Thread#4:B:And updated/computed Period Payment value should display on ARM Best Case
Thread#3:Scheduler: get next test for thread
Thread#:Scheduler: at the end of normal test queue
Thread#3:Scheduler: enumerator for thread is at end
Thread#3:Scheduler: No more tests for thread 
Thread#1:T:Name of cards Failed: || AbcPaymentAmount[1] || : NUnit.Framework.AssertionException:   Actual value does not match as expected for the row 2 with the difference of 1.07000000000005
Thread#2:T:   at NUnit.Framework.Assert.That[TActual](TActual actual, IResolveConstraint expression, String message, Object[] args)
Thread#0:T:===========================================================
Thread#1:T:  Expected: 607.60000000000002d
Thread#4:T:===========================================================
Thread#2:T:   at NUnit.Framework.Assert.AreEqual(Object expected, Object actual, String message, Object[] args)
Thread#0:T:ExpectedValue Row 3 :0
Thread#1:T:  But was:  606.52999999999997d
Thread#4:T:ExpectedValue Row 1 :606.68
Thread#2:T:   at TRID.StepDefinitions.VariableLoanPaymentScheuledValidationSteps.ThenUpdatedComputedPeriodPaymentValueShouldDisplayOnArmBestCase() in F:\Projects\TRID QA\trid-462743\QA\UIAutomation\SpecFramework\StepDefinitions\VariableLoanPaymentScheuledValidationSteps.cs:line 170
Thread#0:T:ActualValue Row 3 :0
Thread#1:T:   at NUnit.Framework.Assert.That[TActual](TActual actual, IResolveConstraint expression, String message, Object[] args)
Thread#4:T:ActualValue Row 1 :606.68
Thread#0:T:============================================================
Thread#2:T:NUnit.Framework.AssertionException:   Actual value does not match as expected for the row 2 with the difference of 1.51999999999998
Thread#1:T:   at NUnit.Framework.Assert.AreEqual(Object expected, Object actual, String message, Object[] args)
Thread#4:T:============================================================
Thread#0:T:done: VariableLoanPaymentScheuledValidationSteps.ThenUpdatedComputedPeriodPmiValueShouldDisplayOnArmBestCase() (4.5s)
Thread#2:T:  Expected: 623.89999999999998d
Thread#1:T:   at TRID.StepDefinitions.VariableLoanPaymentScheuledValidationSteps.ThenUpdatedComputedPaymentAmountValueShouldDisplayOnArmBestCase() in F:\Projects\TRID QA\trid-462743\QA\UIAutomation\SpecFramework\StepDefinitions\VariableLoanPaymentScheuledValidationSteps.cs:line 136 
Thread#4:T:NUnit.Framework.AssertionException:   Actual value does not match as expected for the row 2 with the difference of 16.8099999999999
Thread#2:T:  But was:  625.41999999999996d
Thread#1:T: ====================================================================================
Thread#0:Scheduler: get next test for thread
Thread#:Scheduler: at the end of normal test queue
Thread#0:Scheduler: enumerator for thread is at end
Thread#0:Scheduler: No more tests for thread 
Thread#4:T:  Expected: 589.72000000000003d
Thread#2:T:   at NUnit.Framework.Assert.That[TActual](TActual actual, IResolveConstraint expression, String message, Object[] args)
Thread#1:T:|| AbcPaymentSchedulePeriodPayment[1] || : NUnit.Framework.AssertionException:   Actual value does not match as expected for the row 2 with the difference of 1.07000000000005
Thread#4:T:  But was:  606.52999999999997d
Thread#2:T:   at NUnit.Framework.Assert.AreEqual(Object expected, Object actual, String message, Object[] args)
Thread#1:T:  Expected: 607.60000000000002d
Thread#4:T:   at NUnit.Framework.Assert.That[TActual](TActual actual, IResolveConstraint expression, String message, Object[] args)
Thread#2:T:   at TRID.StepDefinitions.VariableLoanPaymentScheuledValidationSteps.ThenUpdatedComputedPeriodPaymentValueShouldDisplayOnArmBestCase() in F:\Projects\TRID QA\trid-462743\QA\UIAutomation\SpecFramework\StepDefinitions\VariableLoanPaymentScheuledValidationSteps.cs:line 170
Thread#1:T:  But was:  606.52999999999997d
Thread#4:T:   at NUnit.Framework.Assert.AreEqual(Object expected, Object actual, String message, Object[] args)
Thread#2:T:OpenQA.Selenium.NoSuchElementException: no such element: Unable to locate element: {"method":"xpath","selector":"//section[@id='PaymentScheduleOutputBest']//tr[3]/td[4]//span"}
Thread#1:T:   at NUnit.Framework.Assert.That[TActual](TActual actual, IResolveConstraint expression, String message, Object[] args)
Thread#4:T:   at TRID.StepDefinitions.VariableLoanPaymentScheuledValidationSteps.ThenUpdatedComputedPeriodPaymentValueShouldDisplayOnArmBestCase() in F:\Projects\TRID QA\trid-462743\QA\UIAutomation\SpecFramework\StepDefinitions\VariableLoanPaymentScheuledValidationSteps.cs:line 170
Thread#2:T:  (Session info: chrome=59.0.3071.115)
Thread#1:T:   at NUnit.Framework.Assert.AreEqual(Object expected, Object actual, String message, Object[] args)
Thread#4:T:OpenQA.Selenium.NoSuchElementException: no such element: Unable to locate element: {"method":"xpath","selector":"//section[@id='PaymentScheduleOutputBest']//tr[3]/td[4]//span"}
Thread#2:T:  (Driver info: chromedriver=2.29.461591 (62ebf098771772160f391d75e589dc567915b233),platform=Windows NT 10.0.10586 x86_64)
Thread#1:T:   at TRID.StepDefinitions.VariableLoanPaymentScheuledValidationSteps.ThenUpdatedComputedPeriodPaymentValueShouldDisplayOnArmBestCase() in F:\Projects\TRID QA\trid-462743\QA\UIAutomation\SpecFramework\StepDefinitions\VariableLoanPaymentScheuledValidationSteps.cs:line 170 
Thread#4:T:  (Session info: chrome=59.0.3071.115)
Thread#2:T:   at OpenQA.Selenium.Remote.RemoteWebDriver.UnpackAndThrowOnError(Response errorResponse)
Thread#1:T: ====================================================================================
Thread#4:T:  (Driver info: chromedriver=2.29.461591 (62ebf098771772160f391d75e589dc567915b233),platform=Windows NT 10.0.10586 x86_64)
Thread#2:T:   at OpenQA.Selenium.Remote.RemoteWebDriver.Execute(String driverCommandToExecute, Dictionary`2 parameters)
Thread#1:T:====================================================================================
Thread#2:T:   at OpenQA.Selenium.Remote.RemoteWebDriver.FindElement(String mechanism, String value)
Thread#4:T:   at OpenQA.Selenium.Remote.RemoteWebDriver.UnpackAndThrowOnError(Response errorResponse)
Thread#1:T:##########################################################
Thread#2:T:   at OpenQA.Selenium.Remote.RemoteWebDriver.FindElementByXPath(String xpath)
Thread#1:T:##########################################################
Thread#4:T:   at OpenQA.Selenium.Remote.RemoteWebDriver.Execute(String driverCommandToExecute, Dictionary`2 parameters)
Thread#2:T:   at OpenQA.Selenium.By.<>c__DisplayClasse.<XPath>b__c(ISearchContext context)
Thread#4:T:   at OpenQA.Selenium.Remote.RemoteWebDriver.FindElement(String mechanism, String value)
Thread#1: Test #560/0 is finished on thread #1 as CleanupFailed within 178.1915998 seconds
Thread#2:T:   at OpenQA.Selenium.By.FindElement(ISearchContext context)
Thread#4:T:   at OpenQA.Selenium.Remote.RemoteWebDriver.FindElementByXPath(String xpath)
Thread#2:T:   at OpenQA.Selenium.Remote.RemoteWebDriver.FindElement(By by)
Thread#4:T:   at OpenQA.Selenium.By.<>c__DisplayClasse.<XPath>b__c(ISearchContext context)
Appdomain Disposed
Thread#2:T:   at TRID.ActionClasses.UIActions.GetText(By element) in F:\Projects\TRID QA\trid-462743\QA\UIAutomation\SpecFramework\ActionClasses\UIActions.cs:line 37
Thread#4:T:   at OpenQA.Selenium.By.FindElement(ISearchContext context)
Thread#2:T:   at TRID.StepDefinitions.VariableLoanPaymentScheuledValidationSteps.ThenUpdatedComputedPeriodPaymentValueShouldDisplayOnArmBestCase() in F:\Projects\TRID QA\trid-462743\QA\UIAutomation\SpecFramework\StepDefinitions\VariableLoanPaymentScheuledValidationSteps.cs:line 167
Thread#4:T:   at OpenQA.Selenium.Remote.RemoteWebDriver.FindElement(By by)
Thread#4:T:   at TRID.ActionClasses.UIActions.GetText(By element) in F:\Projects\TRID QA\trid-462743\QA\UIAutomation\SpecFramework\ActionClasses\UIActions.cs:line 37
Thread#2:T:done: VariableLoanPaymentScheuledValidationSteps.ThenUpdatedComputedPeriodPaymentValueShouldDisplayOnArmBestCase() (6.9s)
Thread#2:B:And updated/computed Period PMI value should display on ARM Best Case
Thread#4:T:   at TRID.StepDefinitions.VariableLoanPaymentScheuledValidationSteps.ThenUpdatedComputedPeriodPaymentValueShouldDisplayOnArmBestCase() in F:\Projects\TRID QA\trid-462743\QA\UIAutomation\SpecFramework\StepDefinitions\VariableLoanPaymentScheuledValidationSteps.cs:line 167
Thread#4:T:done: VariableLoanPaymentScheuledValidationSteps.ThenUpdatedComputedPeriodPaymentValueShouldDisplayOnArmBestCase() (5.8s)
Thread#2:T:===========================================================
Thread#4:B:And updated/computed Period PMI value should display on ARM Best Case
Thread#2:T:ExpectedValue Row 1 :0
Thread#2:T:ActualValue Row 1 :0
Thread#4:T:===========================================================
Thread#2:T:============================================================
Thread#4:T:ExpectedValue Row 1 :0
Thread#4:T:ActualValue Row 1 :0
Thread#2:T:===========================================================
Thread#4:T:============================================================
Thread#2:T:ExpectedValue Row 2 :0
Thread#2:T:ActualValue Row 2 :0
Thread#4:T:===========================================================
Thread#2:T:============================================================
Thread#4:T:ExpectedValue Row 2 :0
Thread#4:T:ActualValue Row 2 :0
Thread#2:T:OpenQA.Selenium.NoSuchElementException: no such element: Unable to locate element: {"method":"xpath","selector":"//section[@id='PaymentScheduleOutputBest']//tr[3]/td[5]//span"}
Thread#4:T:============================================================
Thread#2:T:  (Session info: chrome=59.0.3071.115)
Thread#4:T:OpenQA.Selenium.NoSuchElementException: no such element: Unable to locate element: {"method":"xpath","selector":"//section[@id='PaymentScheduleOutputBest']//tr[3]/td[5]//span"}
Thread#2:T:  (Driver info: chromedriver=2.29.461591 (62ebf098771772160f391d75e589dc567915b233),platform=Windows NT 10.0.10586 x86_64)
Thread#3:T:##########################################################
Thread#2:T:   at OpenQA.Selenium.Remote.RemoteWebDriver.UnpackAndThrowOnError(Response errorResponse)
Thread#4:T:  (Session info: chrome=59.0.3071.115)
Thread#3:T:##########################################################
Thread#2:T:   at OpenQA.Selenium.Remote.RemoteWebDriver.Execute(String driverCommandToExecute, Dictionary`2 parameters)
Thread#4:T:  (Driver info: chromedriver=2.29.461591 (62ebf098771772160f391d75e589dc567915b233),platform=Windows NT 10.0.10586 x86_64)
Thread#4:T:   at OpenQA.Selenium.Remote.RemoteWebDriver.UnpackAndThrowOnError(Response errorResponse)
Thread#2:T:   at OpenQA.Selenium.Remote.RemoteWebDriver.FindElement(String mechanism, String value)
Thread#3:T:====================================================================================
Thread#0:T:##########################################################
Thread#4:T:   at OpenQA.Selenium.Remote.RemoteWebDriver.Execute(String driverCommandToExecute, Dictionary`2 parameters)
Thread#2:T:   at OpenQA.Selenium.Remote.RemoteWebDriver.FindElementByXPath(String xpath)
Thread#3:T:Scenario Number : 141
Thread#0:T:##########################################################
Thread#4:T:   at OpenQA.Selenium.Remote.RemoteWebDriver.FindElement(String mechanism, String value)
Thread#2:T:   at OpenQA.Selenium.By.<>c__DisplayClasse.<XPath>b__c(ISearchContext context)
Thread#3:T:The total number of cards Failue: 5
Thread#0:T:====================================================================================
Thread#4:T:   at OpenQA.Selenium.Remote.RemoteWebDriver.FindElementByXPath(String xpath)
Thread#2:T:   at OpenQA.Selenium.By.FindElement(ISearchContext context)
Thread#3:T:Name of cards Failed: || AbcPaymentScheduleNumberOfPayments[1] || : NUnit.Framework.AssertionException:   Actual value does not match as expected for the row 2 with the difference of 1
Thread#0:T:Scenario Number : 138
Thread#4:T:   at OpenQA.Selenium.By.<>c__DisplayClasse.<XPath>b__c(ISearchContext context)
Thread#2:T:   at OpenQA.Selenium.Remote.RemoteWebDriver.FindElement(By by)
Thread#3:T:  Expected: 323.0d
Thread#0:T:The total number of cards Failue: 5
Thread#4:T:   at OpenQA.Selenium.By.FindElement(ISearchContext context)
Thread#2:T:   at TRID.ActionClasses.UIActions.GetText(By element) in F:\Projects\TRID QA\trid-462743\QA\UIAutomation\SpecFramework\ActionClasses\UIActions.cs:line 37
Thread#3:T:  But was:  322.0d
Thread#0:T:Name of cards Failed: || AbcPaymentScheduleNumberOfPayments[1] || : NUnit.Framework.AssertionException:   Actual value does not match as expected for the row 2 with the difference of 1
Thread#4:T:   at OpenQA.Selenium.Remote.RemoteWebDriver.FindElement(By by)
Thread#2:T:   at TRID.StepDefinitions.VariableLoanPaymentScheuledValidationSteps.ThenUpdatedComputedPeriodPmiValueShouldDisplayOnArmBestCase() in F:\Projects\TRID QA\trid-462743\QA\UIAutomation\SpecFramework\StepDefinitions\VariableLoanPaymentScheuledValidationSteps.cs:line 201
Thread#3:T:   at NUnit.Framework.Assert.That[TActual](TActual actual, IResolveConstraint expression, String message, Object[] args)
Thread#0:T:  Expected: 323.0d
Thread#4:T:   at TRID.ActionClasses.UIActions.GetText(By element) in F:\Projects\TRID QA\trid-462743\QA\UIAutomation\SpecFramework\ActionClasses\UIActions.cs:line 37
Thread#2:T:done: VariableLoanPaymentScheuledValidationSteps.ThenUpdatedComputedPeriodPmiValueShouldDisplayOnArmBestCase() (4.7s)
Thread#3:T:   at NUnit.Framework.Assert.AreEqual(Object expected, Object actual, String message, Object[] args)
Thread#0:T:  But was:  322.0d
Thread#4:T:   at TRID.StepDefinitions.VariableLoanPaymentScheuledValidationSteps.ThenUpdatedComputedPeriodPmiValueShouldDisplayOnArmBestCase() in F:\Projects\TRID QA\trid-462743\QA\UIAutomation\SpecFramework\StepDefinitions\VariableLoanPaymentScheuledValidationSteps.cs:line 201
Thread#3:T:   at TRID.StepDefinitions.VariableLoanPaymentScheuledValidationSteps.ThenUpdatedComputedNumberOfPaymentsValueShouldDisplayOnArmBestCase() in F:\Projects\TRID QA\trid-462743\QA\UIAutomation\SpecFramework\StepDefinitions\VariableLoanPaymentScheuledValidationSteps.cs:line 102 
Thread#0:T:   at NUnit.Framework.Assert.That[TActual](TActual actual, IResolveConstraint expression, String message, Object[] args)
Thread#4:T:done: VariableLoanPaymentScheuledValidationSteps.ThenUpdatedComputedPeriodPmiValueShouldDisplayOnArmBestCase() (4.8s)
Thread#2:Scheduler: get next test for thread
Thread#:Scheduler: at the end of normal test queue
Thread#2:Scheduler: enumerator for thread is at end
Thread#2:Scheduler: No more tests for thread 
Thread#3:T: ====================================================================================
Thread#0:T:   at NUnit.Framework.Assert.AreEqual(Object expected, Object actual, String message, Object[] args)
Thread#3:T:|| AbcPaymentAmount[1] || : NUnit.Framework.AssertionException:   Actual value does not match as expected for the row 2 with the difference of 1.10000000000002
Thread#0:T:   at TRID.StepDefinitions.VariableLoanPaymentScheuledValidationSteps.ThenUpdatedComputedNumberOfPaymentsValueShouldDisplayOnArmBestCase() in F:\Projects\TRID QA\trid-462743\QA\UIAutomation\SpecFramework\StepDefinitions\VariableLoanPaymentScheuledValidationSteps.cs:line 102 
Thread#4:Scheduler: get next test for thread
Thread#:Scheduler: at the end of normal test queue
Thread#4:Scheduler: enumerator for thread is at end
Thread#4:Scheduler: No more tests for thread 
Thread#3:T:  Expected: 589.72000000000003d
Thread#0:T: ====================================================================================
Thread#3:T:  But was:  590.82000000000005d
Thread#0:T:|| AbcPaymentAmount[1] || : NUnit.Framework.AssertionException:   Actual value does not match as expected for the row 2 with the difference of 47.34
Thread#0:T:  Expected: 573.01999999999998d
Thread#3:T:   at NUnit.Framework.Assert.That[TActual](TActual actual, IResolveConstraint expression, String message, Object[] args)
Thread#0:T:  But was:  525.67999999999995d
Thread#3:T:   at NUnit.Framework.Assert.AreEqual(Object expected, Object actual, String message, Object[] args)
Thread#0:T:   at NUnit.Framework.Assert.That[TActual](TActual actual, IResolveConstraint expression, String message, Object[] args)
Thread#3:T:   at TRID.StepDefinitions.VariableLoanPaymentScheuledValidationSteps.ThenUpdatedComputedPaymentAmountValueShouldDisplayOnArmBestCase() in F:\Projects\TRID QA\trid-462743\QA\UIAutomation\SpecFramework\StepDefinitions\VariableLoanPaymentScheuledValidationSteps.cs:line 136 
Thread#0:T:   at NUnit.Framework.Assert.AreEqual(Object expected, Object actual, String message, Object[] args)
Thread#3:T: ====================================================================================
Thread#0:T:   at TRID.StepDefinitions.VariableLoanPaymentScheuledValidationSteps.ThenUpdatedComputedPaymentAmountValueShouldDisplayOnArmBestCase() in F:\Projects\TRID QA\trid-462743\QA\UIAutomation\SpecFramework\StepDefinitions\VariableLoanPaymentScheuledValidationSteps.cs:line 136 
Thread#3:T:|| AbcPaymentAmount[2] || : NUnit.Framework.AssertionException:   Actual value does not match as expected for the row 3 with the difference of 1.06999999999994
Thread#0:T: ====================================================================================
Thread#3:T:  Expected: 589.74000000000001d
Thread#0:T:|| AbcPaymentAmount[2] || : NUnit.Framework.AssertionException:   Actual value does not match as expected for the row 3 with the difference of 48.1500000000001
Thread#3:T:  But was:  590.80999999999995d
Thread#0:T:  Expected: 573.82000000000005d
Thread#3:T:   at NUnit.Framework.Assert.That[TActual](TActual actual, IResolveConstraint expression, String message, Object[] args)
Thread#0:T:  But was:  525.66999999999996d
Thread#3:T:   at NUnit.Framework.Assert.AreEqual(Object expected, Object actual, String message, Object[] args)
Thread#0:T:   at NUnit.Framework.Assert.That[TActual](TActual actual, IResolveConstraint expression, String message, Object[] args)
Thread#3:T:   at TRID.StepDefinitions.VariableLoanPaymentScheuledValidationSteps.ThenUpdatedComputedPaymentAmountValueShouldDisplayOnArmBestCase() in F:\Projects\TRID QA\trid-462743\QA\UIAutomation\SpecFramework\StepDefinitions\VariableLoanPaymentScheuledValidationSteps.cs:line 136 
Thread#0:T:   at NUnit.Framework.Assert.AreEqual(Object expected, Object actual, String message, Object[] args)
Thread#3:T: ====================================================================================
Thread#0:T:   at TRID.StepDefinitions.VariableLoanPaymentScheuledValidationSteps.ThenUpdatedComputedPaymentAmountValueShouldDisplayOnArmBestCase() in F:\Projects\TRID QA\trid-462743\QA\UIAutomation\SpecFramework\StepDefinitions\VariableLoanPaymentScheuledValidationSteps.cs:line 136 
Thread#3:T:|| AbcPaymentSchedulePeriodPayment[1] || : NUnit.Framework.AssertionException:   Actual value does not match as expected for the row 2 with the difference of 1.10000000000002
Thread#0:T: ====================================================================================
Thread#3:T:  Expected: 589.72000000000003d
Thread#0:T:|| AbcPaymentSchedulePeriodPayment[1] || : NUnit.Framework.AssertionException:   Actual value does not match as expected for the row 2 with the difference of 47.34
Thread#3:T:  But was:  590.82000000000005d
Thread#0:T:  Expected: 573.01999999999998d
Thread#3:T:   at NUnit.Framework.Assert.That[TActual](TActual actual, IResolveConstraint expression, String message, Object[] args)
Thread#0:T:  But was:  525.67999999999995d
Thread#3:T:   at NUnit.Framework.Assert.AreEqual(Object expected, Object actual, String message, Object[] args)
Thread#0:T:   at NUnit.Framework.Assert.That[TActual](TActual actual, IResolveConstraint expression, String message, Object[] args)
Thread#3:T:   at TRID.StepDefinitions.VariableLoanPaymentScheuledValidationSteps.ThenUpdatedComputedPeriodPaymentValueShouldDisplayOnArmBestCase() in F:\Projects\TRID QA\trid-462743\QA\UIAutomation\SpecFramework\StepDefinitions\VariableLoanPaymentScheuledValidationSteps.cs:line 170 
Thread#0:T:   at NUnit.Framework.Assert.AreEqual(Object expected, Object actual, String message, Object[] args)
Thread#3:T: ====================================================================================
Thread#0:T:   at TRID.StepDefinitions.VariableLoanPaymentScheuledValidationSteps.ThenUpdatedComputedPeriodPaymentValueShouldDisplayOnArmBestCase() in F:\Projects\TRID QA\trid-462743\QA\UIAutomation\SpecFramework\StepDefinitions\VariableLoanPaymentScheuledValidationSteps.cs:line 170 
Thread#3:T:|| AbcPaymentSchedulePeriodPayment[2] || : NUnit.Framework.AssertionException:   Actual value does not match as expected for the row 3 with the difference of 1.06999999999994
Thread#0:T: ====================================================================================
Thread#3:T:  Expected: 589.74000000000001d
Thread#0:T:|| AbcPaymentSchedulePeriodPayment[2] || : NUnit.Framework.AssertionException:   Actual value does not match as expected for the row 3 with the difference of 48.1500000000001
Thread#3:T:  But was:  590.80999999999995d
Thread#0:T:  Expected: 573.82000000000005d
Thread#3:T:   at NUnit.Framework.Assert.That[TActual](TActual actual, IResolveConstraint expression, String message, Object[] args)
Thread#3:T:   at NUnit.Framework.Assert.AreEqual(Object expected, Object actual, String message, Object[] args)
Thread#0:T:  But was:  525.66999999999996d
Thread#3:T:   at TRID.StepDefinitions.VariableLoanPaymentScheuledValidationSteps.ThenUpdatedComputedPeriodPaymentValueShouldDisplayOnArmBestCase() in F:\Projects\TRID QA\trid-462743\QA\UIAutomation\SpecFramework\StepDefinitions\VariableLoanPaymentScheuledValidationSteps.cs:line 170 
Thread#0:T:   at NUnit.Framework.Assert.That[TActual](TActual actual, IResolveConstraint expression, String message, Object[] args)
Thread#3:T: ====================================================================================
Thread#0:T:   at NUnit.Framework.Assert.AreEqual(Object expected, Object actual, String message, Object[] args)
Thread#3:T:====================================================================================
Thread#0:T:   at TRID.StepDefinitions.VariableLoanPaymentScheuledValidationSteps.ThenUpdatedComputedPeriodPaymentValueShouldDisplayOnArmBestCase() in F:\Projects\TRID QA\trid-462743\QA\UIAutomation\SpecFramework\StepDefinitions\VariableLoanPaymentScheuledValidationSteps.cs:line 170 
Thread#3:T:##########################################################
Thread#0:T: ====================================================================================
Thread#3:T:##########################################################
Thread#0:T:====================================================================================
Thread#3: Test #562/0 is finished on thread #3 as CleanupFailed within 190.9197805 seconds
Thread#0:T:##########################################################
Thread#0:T:##########################################################
Appdomain Disposed
Thread#0: Test #559/0 is finished on thread #0 as CleanupFailed within 191.3277955 seconds
Thread#2:T:##########################################################
Appdomain Disposed
Thread#2:T:##########################################################
Thread#4:T:##########################################################
Thread#2:T:====================================================================================
Thread#4:T:##########################################################
Thread#2:T:Scenario Number : 140
Thread#4:T:====================================================================================
Thread#2:T:The total number of cards Failue: 11
Thread#4:T:Scenario Number : 142
Thread#2:T:Name of cards Failed: || AbcPaymentStreamNo[3] || : OpenQA.Selenium.NoSuchElementException: no such element: Unable to locate element: {"method":"xpath","selector":"//section[@id='PaymentScheduleOutputBest']//tr[3]/td[1]//span"}
Thread#4:T:The total number of cards Failue: 9
Thread#2:T:  (Session info: chrome=59.0.3071.115)
Thread#4:T:Name of cards Failed: || AbcPaymentStreamNo[3] || : OpenQA.Selenium.NoSuchElementException: no such element: Unable to locate element: {"method":"xpath","selector":"//section[@id='PaymentScheduleOutputBest']//tr[3]/td[1]//span"}
Thread#2:T:  (Driver info: chromedriver=2.29.461591 (62ebf098771772160f391d75e589dc567915b233),platform=Windows NT 10.0.10586 x86_64)
Thread#4:T:  (Session info: chrome=59.0.3071.115)
Thread#2:T:   at OpenQA.Selenium.Remote.RemoteWebDriver.UnpackAndThrowOnError(Response errorResponse)
Thread#4:T:  (Driver info: chromedriver=2.29.461591 (62ebf098771772160f391d75e589dc567915b233),platform=Windows NT 10.0.10586 x86_64)
Thread#2:T:   at OpenQA.Selenium.Remote.RemoteWebDriver.Execute(String driverCommandToExecute, Dictionary`2 parameters)
Thread#4:T:   at OpenQA.Selenium.Remote.RemoteWebDriver.UnpackAndThrowOnError(Response errorResponse)
Thread#2:T:   at OpenQA.Selenium.Remote.RemoteWebDriver.FindElement(String mechanism, String value)
Thread#4:T:   at OpenQA.Selenium.Remote.RemoteWebDriver.Execute(String driverCommandToExecute, Dictionary`2 parameters)
Thread#2:T:   at OpenQA.Selenium.Remote.RemoteWebDriver.FindElementByXPath(String xpath)
Thread#4:T:   at OpenQA.Selenium.Remote.RemoteWebDriver.FindElement(String mechanism, String value)
Thread#2:T:   at OpenQA.Selenium.By.<>c__DisplayClasse.<XPath>b__c(ISearchContext context)
Thread#4:T:   at OpenQA.Selenium.Remote.RemoteWebDriver.FindElementByXPath(String xpath)
Thread#2:T:   at OpenQA.Selenium.By.FindElement(ISearchContext context)
Thread#4:T:   at OpenQA.Selenium.By.<>c__DisplayClasse.<XPath>b__c(ISearchContext context)
Thread#2:T:   at OpenQA.Selenium.Remote.RemoteWebDriver.FindElement(By by)
Thread#4:T:   at OpenQA.Selenium.By.FindElement(ISearchContext context)
Thread#2:T:   at TRID.ActionClasses.UIActions.GetText(By element) in F:\Projects\TRID QA\trid-462743\QA\UIAutomation\SpecFramework\ActionClasses\UIActions.cs:line 37
Thread#4:T:   at OpenQA.Selenium.Remote.RemoteWebDriver.FindElement(By by)
Thread#2:T:   at TRID.StepDefinitions.VariableLoanPaymentScheuledValidationSteps.ThenUpdatedComputedPaymentStreamNumberValueShouldDisplayOnArmBestCase() in F:\Projects\TRID QA\trid-462743\QA\UIAutomation\SpecFramework\StepDefinitions\VariableLoanPaymentScheuledValidationSteps.cs:line 65 
Thread#4:T:   at TRID.ActionClasses.UIActions.GetText(By element) in F:\Projects\TRID QA\trid-462743\QA\UIAutomation\SpecFramework\ActionClasses\UIActions.cs:line 37
Thread#2:T: ====================================================================================
Thread#4:T:   at TRID.StepDefinitions.VariableLoanPaymentScheuledValidationSteps.ThenUpdatedComputedPaymentStreamNumberValueShouldDisplayOnArmBestCase() in F:\Projects\TRID QA\trid-462743\QA\UIAutomation\SpecFramework\StepDefinitions\VariableLoanPaymentScheuledValidationSteps.cs:line 65 
Thread#2:T:|| AbcPaymentScheduleNumberOfPayments[0] || : NUnit.Framework.AssertionException:   Actual value does not match as expected for the row 1 with the difference of 323
Thread#4:T: ====================================================================================
Thread#2:T:  Expected: 36.0d
Thread#4:T:|| AbcPaymentScheduleNumberOfPayments[0] || : NUnit.Framework.AssertionException:   Actual value does not match as expected for the row 1 with the difference of 323
Thread#2:T:  But was:  359.0d
Thread#4:T:  Expected: 36.0d
Thread#2:T:   at NUnit.Framework.Assert.That[TActual](TActual actual, IResolveConstraint expression, String message, Object[] args)
Thread#4:T:  But was:  359.0d
Thread#2:T:   at NUnit.Framework.Assert.AreEqual(Object expected, Object actual, String message, Object[] args)
Thread#4:T:   at NUnit.Framework.Assert.That[TActual](TActual actual, IResolveConstraint expression, String message, Object[] args)
Thread#2:T:   at TRID.StepDefinitions.VariableLoanPaymentScheuledValidationSteps.ThenUpdatedComputedNumberOfPaymentsValueShouldDisplayOnArmBestCase() in F:\Projects\TRID QA\trid-462743\QA\UIAutomation\SpecFramework\StepDefinitions\VariableLoanPaymentScheuledValidationSteps.cs:line 102 
Thread#4:T:   at NUnit.Framework.Assert.AreEqual(Object expected, Object actual, String message, Object[] args)
Thread#2:T: ====================================================================================
Thread#4:T:   at TRID.StepDefinitions.VariableLoanPaymentScheuledValidationSteps.ThenUpdatedComputedNumberOfPaymentsValueShouldDisplayOnArmBestCase() in F:\Projects\TRID QA\trid-462743\QA\UIAutomation\SpecFramework\StepDefinitions\VariableLoanPaymentScheuledValidationSteps.cs:line 102 
Thread#2:T:|| AbcPaymentScheduleNumberOfPayments[1] || : NUnit.Framework.AssertionException:   Actual value does not match as expected for the row 2 with the difference of 322
Thread#4:T: ====================================================================================
Thread#2:T:  Expected: 323.0d
Thread#4:T:|| AbcPaymentScheduleNumberOfPayments[1] || : NUnit.Framework.AssertionException:   Actual value does not match as expected for the row 2 with the difference of 322
Thread#2:T:  But was:  1.0d
Thread#4:T:  Expected: 323.0d
Thread#2:T:   at NUnit.Framework.Assert.That[TActual](TActual actual, IResolveConstraint expression, String message, Object[] args)
Thread#4:T:  But was:  1.0d
Thread#2:T:   at NUnit.Framework.Assert.AreEqual(Object expected, Object actual, String message, Object[] args)
Thread#4:T:   at NUnit.Framework.Assert.That[TActual](TActual actual, IResolveConstraint expression, String message, Object[] args)
Thread#2:T:   at TRID.StepDefinitions.VariableLoanPaymentScheuledValidationSteps.ThenUpdatedComputedNumberOfPaymentsValueShouldDisplayOnArmBestCase() in F:\Projects\TRID QA\trid-462743\QA\UIAutomation\SpecFramework\StepDefinitions\VariableLoanPaymentScheuledValidationSteps.cs:line 102 
Thread#4:T:   at NUnit.Framework.Assert.AreEqual(Object expected, Object actual, String message, Object[] args)
Thread#2:T: ====================================================================================
Thread#4:T:   at TRID.StepDefinitions.VariableLoanPaymentScheuledValidationSteps.ThenUpdatedComputedNumberOfPaymentsValueShouldDisplayOnArmBestCase() in F:\Projects\TRID QA\trid-462743\QA\UIAutomation\SpecFramework\StepDefinitions\VariableLoanPaymentScheuledValidationSteps.cs:line 102 
Thread#2:T:|| AbcPaymentScheduleNumberOfPayments[2] || : OpenQA.Selenium.NoSuchElementException: no such element: Unable to locate element: {"method":"xpath","selector":"//section[@id='PaymentScheduleOutputBest']//tr[3]/td[2]//span"}
Thread#4:T: ====================================================================================
Thread#2:T:  (Session info: chrome=59.0.3071.115)
Thread#4:T:|| AbcPaymentScheduleNumberOfPayments[2] || : OpenQA.Selenium.NoSuchElementException: no such element: Unable to locate element: {"method":"xpath","selector":"//section[@id='PaymentScheduleOutputBest']//tr[3]/td[2]//span"}
Thread#2:T:  (Driver info: chromedriver=2.29.461591 (62ebf098771772160f391d75e589dc567915b233),platform=Windows NT 10.0.10586 x86_64)
Thread#4:T:  (Session info: chrome=59.0.3071.115)
Thread#2:T:   at OpenQA.Selenium.Remote.RemoteWebDriver.UnpackAndThrowOnError(Response errorResponse)
Thread#4:T:  (Driver info: chromedriver=2.29.461591 (62ebf098771772160f391d75e589dc567915b233),platform=Windows NT 10.0.10586 x86_64)
Thread#2:T:   at OpenQA.Selenium.Remote.RemoteWebDriver.Execute(String driverCommandToExecute, Dictionary`2 parameters)
Thread#4:T:   at OpenQA.Selenium.Remote.RemoteWebDriver.UnpackAndThrowOnError(Response errorResponse)
Thread#2:T:   at OpenQA.Selenium.Remote.RemoteWebDriver.FindElement(String mechanism, String value)
Thread#4:T:   at OpenQA.Selenium.Remote.RemoteWebDriver.Execute(String driverCommandToExecute, Dictionary`2 parameters)
Thread#2:T:   at OpenQA.Selenium.Remote.RemoteWebDriver.FindElementByXPath(String xpath)
Thread#4:T:   at OpenQA.Selenium.Remote.RemoteWebDriver.FindElement(String mechanism, String value)
Thread#2:T:   at OpenQA.Selenium.By.<>c__DisplayClasse.<XPath>b__c(ISearchContext context)
Thread#4:T:   at OpenQA.Selenium.Remote.RemoteWebDriver.FindElementByXPath(String xpath)
Thread#2:T:   at OpenQA.Selenium.By.FindElement(ISearchContext context)
Thread#4:T:   at OpenQA.Selenium.By.<>c__DisplayClasse.<XPath>b__c(ISearchContext context)
Thread#2:T:   at OpenQA.Selenium.Remote.RemoteWebDriver.FindElement(By by)
Thread#4:T:   at OpenQA.Selenium.By.FindElement(ISearchContext context)
Thread#2:T:   at TRID.ActionClasses.UIActions.GetText(By element) in F:\Projects\TRID QA\trid-462743\QA\UIAutomation\SpecFramework\ActionClasses\UIActions.cs:line 37
Thread#4:T:   at OpenQA.Selenium.Remote.RemoteWebDriver.FindElement(By by)
Thread#2:T:   at TRID.StepDefinitions.VariableLoanPaymentScheuledValidationSteps.ThenUpdatedComputedNumberOfPaymentsValueShouldDisplayOnArmBestCase() in F:\Projects\TRID QA\trid-462743\QA\UIAutomation\SpecFramework\StepDefinitions\VariableLoanPaymentScheuledValidationSteps.cs:line 99 
Thread#4:T:   at TRID.ActionClasses.UIActions.GetText(By element) in F:\Projects\TRID QA\trid-462743\QA\UIAutomation\SpecFramework\ActionClasses\UIActions.cs:line 37
Thread#2:T: ====================================================================================
Thread#4:T:   at TRID.StepDefinitions.VariableLoanPaymentScheuledValidationSteps.ThenUpdatedComputedNumberOfPaymentsValueShouldDisplayOnArmBestCase() in F:\Projects\TRID QA\trid-462743\QA\UIAutomation\SpecFramework\StepDefinitions\VariableLoanPaymentScheuledValidationSteps.cs:line 99 
Thread#2:T:|| AbcPaymentAmount[0] || : NUnit.Framework.AssertionException:   Actual value does not match as expected for the row 1 with the difference of 18.73
Thread#4:T: ====================================================================================
Thread#2:T:  Expected: 606.67999999999995d
Thread#4:T:|| AbcPaymentAmount[1] || : NUnit.Framework.AssertionException:   Actual value does not match as expected for the row 2 with the difference of 16.8099999999999
Thread#2:T:  But was:  625.40999999999997d
Thread#4:T:  Expected: 589.72000000000003d
Thread#2:T:   at NUnit.Framework.Assert.That[TActual](TActual actual, IResolveConstraint expression, String message, Object[] args)
Thread#4:T:  But was:  606.52999999999997d
Thread#2:T:   at NUnit.Framework.Assert.AreEqual(Object expected, Object actual, String message, Object[] args)
Thread#4:T:   at NUnit.Framework.Assert.That[TActual](TActual actual, IResolveConstraint expression, String message, Object[] args)
Thread#2:T:   at TRID.StepDefinitions.VariableLoanPaymentScheuledValidationSteps.ThenUpdatedComputedPaymentAmountValueShouldDisplayOnArmBestCase() in F:\Projects\TRID QA\trid-462743\QA\UIAutomation\SpecFramework\StepDefinitions\VariableLoanPaymentScheuledValidationSteps.cs:line 136 
Thread#4:T:   at NUnit.Framework.Assert.AreEqual(Object expected, Object actual, String message, Object[] args)
Thread#2:T: ====================================================================================
Thread#4:T:   at TRID.StepDefinitions.VariableLoanPaymentScheuledValidationSteps.ThenUpdatedComputedPaymentAmountValueShouldDisplayOnArmBestCase() in F:\Projects\TRID QA\trid-462743\QA\UIAutomation\SpecFramework\StepDefinitions\VariableLoanPaymentScheuledValidationSteps.cs:line 136 
Thread#2:T:|| AbcPaymentAmount[1] || : NUnit.Framework.AssertionException:   Actual value does not match as expected for the row 2 with the difference of 1.51999999999998
Thread#4:T: ====================================================================================
Thread#2:T:  Expected: 623.89999999999998d
Thread#4:T:|| AbcPaymentAmount[2] || : OpenQA.Selenium.NoSuchElementException: no such element: Unable to locate element: {"method":"xpath","selector":"//section[@id='PaymentScheduleOutputBest']//tr[3]/td[3]//span"}
Thread#2:T:  But was:  625.41999999999996d
Thread#4:T:  (Session info: chrome=59.0.3071.115)
Thread#2:T:   at NUnit.Framework.Assert.That[TActual](TActual actual, IResolveConstraint expression, String message, Object[] args)
Thread#4:T:  (Driver info: chromedriver=2.29.461591 (62ebf098771772160f391d75e589dc567915b233),platform=Windows NT 10.0.10586 x86_64)
Thread#2:T:   at NUnit.Framework.Assert.AreEqual(Object expected, Object actual, String message, Object[] args)
Thread#4:T:   at OpenQA.Selenium.Remote.RemoteWebDriver.UnpackAndThrowOnError(Response errorResponse)
Thread#2:T:   at TRID.StepDefinitions.VariableLoanPaymentScheuledValidationSteps.ThenUpdatedComputedPaymentAmountValueShouldDisplayOnArmBestCase() in F:\Projects\TRID QA\trid-462743\QA\UIAutomation\SpecFramework\StepDefinitions\VariableLoanPaymentScheuledValidationSteps.cs:line 136 
Thread#4:T:   at OpenQA.Selenium.Remote.RemoteWebDriver.Execute(String driverCommandToExecute, Dictionary`2 parameters)
Thread#2:T: ====================================================================================
Thread#4:T:   at OpenQA.Selenium.Remote.RemoteWebDriver.FindElement(String mechanism, String value)
Thread#2:T:|| AbcPaymentAmount[2] || : OpenQA.Selenium.NoSuchElementException: no such element: Unable to locate element: {"method":"xpath","selector":"//section[@id='PaymentScheduleOutputBest']//tr[3]/td[3]//span"}
Thread#4:T:   at OpenQA.Selenium.Remote.RemoteWebDriver.FindElementByXPath(String xpath)
Thread#2:T:  (Session info: chrome=59.0.3071.115)
Thread#4:T:   at OpenQA.Selenium.By.<>c__DisplayClasse.<XPath>b__c(ISearchContext context)
Thread#2:T:  (Driver info: chromedriver=2.29.461591 (62ebf098771772160f391d75e589dc567915b233),platform=Windows NT 10.0.10586 x86_64)
Thread#4:T:   at OpenQA.Selenium.By.FindElement(ISearchContext context)
Thread#2:T:   at OpenQA.Selenium.Remote.RemoteWebDriver.UnpackAndThrowOnError(Response errorResponse)
Thread#4:T:   at OpenQA.Selenium.Remote.RemoteWebDriver.FindElement(By by)
Thread#2:T:   at OpenQA.Selenium.Remote.RemoteWebDriver.Execute(String driverCommandToExecute, Dictionary`2 parameters)
Thread#4:T:   at TRID.ActionClasses.UIActions.GetText(By element) in F:\Projects\TRID QA\trid-462743\QA\UIAutomation\SpecFramework\ActionClasses\UIActions.cs:line 37
Thread#2:T:   at OpenQA.Selenium.Remote.RemoteWebDriver.FindElement(String mechanism, String value)
Thread#4:T:   at TRID.StepDefinitions.VariableLoanPaymentScheuledValidationSteps.ThenUpdatedComputedPaymentAmountValueShouldDisplayOnArmBestCase() in F:\Projects\TRID QA\trid-462743\QA\UIAutomation\SpecFramework\StepDefinitions\VariableLoanPaymentScheuledValidationSteps.cs:line 133 
Thread#2:T:   at OpenQA.Selenium.Remote.RemoteWebDriver.FindElementByXPath(String xpath)
Thread#4:T: ====================================================================================
Thread#2:T:   at OpenQA.Selenium.By.<>c__DisplayClasse.<XPath>b__c(ISearchContext context)
Thread#4:T:|| AbcPaymentSchedulePeriodPayment[1] || : NUnit.Framework.AssertionException:   Actual value does not match as expected for the row 2 with the difference of 16.8099999999999
Thread#2:T:   at OpenQA.Selenium.By.FindElement(ISearchContext context)
Thread#4:T:  Expected: 589.72000000000003d
Thread#2:T:   at OpenQA.Selenium.Remote.RemoteWebDriver.FindElement(By by)
Thread#4:T:  But was:  606.52999999999997d
Thread#2:T:   at TRID.ActionClasses.UIActions.GetText(By element) in F:\Projects\TRID QA\trid-462743\QA\UIAutomation\SpecFramework\ActionClasses\UIActions.cs:line 37
Thread#4:T:   at NUnit.Framework.Assert.That[TActual](TActual actual, IResolveConstraint expression, String message, Object[] args)
Thread#2:T:   at TRID.StepDefinitions.VariableLoanPaymentScheuledValidationSteps.ThenUpdatedComputedPaymentAmountValueShouldDisplayOnArmBestCase() in F:\Projects\TRID QA\trid-462743\QA\UIAutomation\SpecFramework\StepDefinitions\VariableLoanPaymentScheuledValidationSteps.cs:line 133 
Thread#4:T:   at NUnit.Framework.Assert.AreEqual(Object expected, Object actual, String message, Object[] args)
Thread#2:T: ====================================================================================
Thread#4:T:   at TRID.StepDefinitions.VariableLoanPaymentScheuledValidationSteps.ThenUpdatedComputedPeriodPaymentValueShouldDisplayOnArmBestCase() in F:\Projects\TRID QA\trid-462743\QA\UIAutomation\SpecFramework\StepDefinitions\VariableLoanPaymentScheuledValidationSteps.cs:line 170 
Thread#2:T:|| AbcPaymentSchedulePeriodPayment[0] || : NUnit.Framework.AssertionException:   Actual value does not match as expected for the row 1 with the difference of 18.73
Thread#4:T: ====================================================================================
Thread#2:T:  Expected: 606.67999999999995d
Thread#4:T:|| AbcPaymentSchedulePeriodPayment[2] || : OpenQA.Selenium.NoSuchElementException: no such element: Unable to locate element: {"method":"xpath","selector":"//section[@id='PaymentScheduleOutputBest']//tr[3]/td[4]//span"}
Thread#2:T:  But was:  625.40999999999997d
Thread#4:T:  (Session info: chrome=59.0.3071.115)
Thread#2:T:   at NUnit.Framework.Assert.That[TActual](TActual actual, IResolveConstraint expression, String message, Object[] args)
Thread#4:T:  (Driver info: chromedriver=2.29.461591 (62ebf098771772160f391d75e589dc567915b233),platform=Windows NT 10.0.10586 x86_64)
Thread#2:T:   at NUnit.Framework.Assert.AreEqual(Object expected, Object actual, String message, Object[] args)
Thread#4:T:   at OpenQA.Selenium.Remote.RemoteWebDriver.UnpackAndThrowOnError(Response errorResponse)
Thread#2:T:   at TRID.StepDefinitions.VariableLoanPaymentScheuledValidationSteps.ThenUpdatedComputedPeriodPaymentValueShouldDisplayOnArmBestCase() in F:\Projects\TRID QA\trid-462743\QA\UIAutomation\SpecFramework\StepDefinitions\VariableLoanPaymentScheuledValidationSteps.cs:line 170 
Thread#4:T:   at OpenQA.Selenium.Remote.RemoteWebDriver.Execute(String driverCommandToExecute, Dictionary`2 parameters)
Thread#2:T: ====================================================================================
Thread#4:T:   at OpenQA.Selenium.Remote.RemoteWebDriver.FindElement(String mechanism, String value)
Thread#2:T:|| AbcPaymentSchedulePeriodPayment[1] || : NUnit.Framework.AssertionException:   Actual value does not match as expected for the row 2 with the difference of 1.51999999999998
Thread#4:T:   at OpenQA.Selenium.Remote.RemoteWebDriver.FindElementByXPath(String xpath)
Thread#2:T:  Expected: 623.89999999999998d
Thread#4:T:   at OpenQA.Selenium.By.<>c__DisplayClasse.<XPath>b__c(ISearchContext context)
Thread#2:T:  But was:  625.41999999999996d
Thread#4:T:   at OpenQA.Selenium.By.FindElement(ISearchContext context)
Thread#2:T:   at NUnit.Framework.Assert.That[TActual](TActual actual, IResolveConstraint expression, String message, Object[] args)
Thread#4:T:   at OpenQA.Selenium.Remote.RemoteWebDriver.FindElement(By by)
Thread#2:T:   at NUnit.Framework.Assert.AreEqual(Object expected, Object actual, String message, Object[] args)
Thread#4:T:   at TRID.ActionClasses.UIActions.GetText(By element) in F:\Projects\TRID QA\trid-462743\QA\UIAutomation\SpecFramework\ActionClasses\UIActions.cs:line 37
Thread#2:T:   at TRID.StepDefinitions.VariableLoanPaymentScheuledValidationSteps.ThenUpdatedComputedPeriodPaymentValueShouldDisplayOnArmBestCase() in F:\Projects\TRID QA\trid-462743\QA\UIAutomation\SpecFramework\StepDefinitions\VariableLoanPaymentScheuledValidationSteps.cs:line 170 
Thread#4:T:   at TRID.StepDefinitions.VariableLoanPaymentScheuledValidationSteps.ThenUpdatedComputedPeriodPaymentValueShouldDisplayOnArmBestCase() in F:\Projects\TRID QA\trid-462743\QA\UIAutomation\SpecFramework\StepDefinitions\VariableLoanPaymentScheuledValidationSteps.cs:line 167 
Thread#2:T: ====================================================================================
Thread#4:T: ====================================================================================
Thread#2:T:|| AbcPaymentSchedulePeriodPayment[2] || : OpenQA.Selenium.NoSuchElementException: no such element: Unable to locate element: {"method":"xpath","selector":"//section[@id='PaymentScheduleOutputBest']//tr[3]/td[4]//span"}
Thread#4:T:|| AbcPaymentSchedulePeriodPmi[2] || : OpenQA.Selenium.NoSuchElementException: no such element: Unable to locate element: {"method":"xpath","selector":"//section[@id='PaymentScheduleOutputBest']//tr[3]/td[5]//span"}
Thread#2:T:  (Session info: chrome=59.0.3071.115)
Thread#4:T:  (Session info: chrome=59.0.3071.115)
Thread#2:T:  (Driver info: chromedriver=2.29.461591 (62ebf098771772160f391d75e589dc567915b233),platform=Windows NT 10.0.10586 x86_64)
Thread#4:T:  (Driver info: chromedriver=2.29.461591 (62ebf098771772160f391d75e589dc567915b233),platform=Windows NT 10.0.10586 x86_64)
Thread#2:T:   at OpenQA.Selenium.Remote.RemoteWebDriver.UnpackAndThrowOnError(Response errorResponse)
Thread#4:T:   at OpenQA.Selenium.Remote.RemoteWebDriver.UnpackAndThrowOnError(Response errorResponse)
Thread#2:T:   at OpenQA.Selenium.Remote.RemoteWebDriver.Execute(String driverCommandToExecute, Dictionary`2 parameters)
Thread#4:T:   at OpenQA.Selenium.Remote.RemoteWebDriver.Execute(String driverCommandToExecute, Dictionary`2 parameters)
Thread#2:T:   at OpenQA.Selenium.Remote.RemoteWebDriver.FindElement(String mechanism, String value)
Thread#4:T:   at OpenQA.Selenium.Remote.RemoteWebDriver.FindElement(String mechanism, String value)
Thread#2:T:   at OpenQA.Selenium.Remote.RemoteWebDriver.FindElementByXPath(String xpath)
Thread#4:T:   at OpenQA.Selenium.Remote.RemoteWebDriver.FindElementByXPath(String xpath)
Thread#2:T:   at OpenQA.Selenium.By.<>c__DisplayClasse.<XPath>b__c(ISearchContext context)
Thread#4:T:   at OpenQA.Selenium.By.<>c__DisplayClasse.<XPath>b__c(ISearchContext context)
Thread#2:T:   at OpenQA.Selenium.By.FindElement(ISearchContext context)
Thread#4:T:   at OpenQA.Selenium.By.FindElement(ISearchContext context)
Thread#2:T:   at OpenQA.Selenium.Remote.RemoteWebDriver.FindElement(By by)
Thread#4:T:   at OpenQA.Selenium.Remote.RemoteWebDriver.FindElement(By by)
Thread#2:T:   at TRID.ActionClasses.UIActions.GetText(By element) in F:\Projects\TRID QA\trid-462743\QA\UIAutomation\SpecFramework\ActionClasses\UIActions.cs:line 37
Thread#4:T:   at TRID.ActionClasses.UIActions.GetText(By element) in F:\Projects\TRID QA\trid-462743\QA\UIAutomation\SpecFramework\ActionClasses\UIActions.cs:line 37
Thread#2:T:   at TRID.StepDefinitions.VariableLoanPaymentScheuledValidationSteps.ThenUpdatedComputedPeriodPaymentValueShouldDisplayOnArmBestCase() in F:\Projects\TRID QA\trid-462743\QA\UIAutomation\SpecFramework\StepDefinitions\VariableLoanPaymentScheuledValidationSteps.cs:line 167 
Thread#4:T:   at TRID.StepDefinitions.VariableLoanPaymentScheuledValidationSteps.ThenUpdatedComputedPeriodPmiValueShouldDisplayOnArmBestCase() in F:\Projects\TRID QA\trid-462743\QA\UIAutomation\SpecFramework\StepDefinitions\VariableLoanPaymentScheuledValidationSteps.cs:line 201 
Thread#2:T: ====================================================================================
Thread#4:T: ====================================================================================
Thread#2:T:|| AbcPaymentSchedulePeriodPmi[2] || : OpenQA.Selenium.NoSuchElementException: no such element: Unable to locate element: {"method":"xpath","selector":"//section[@id='PaymentScheduleOutputBest']//tr[3]/td[5]//span"}
Thread#4:T:====================================================================================
Thread#2:T:  (Session info: chrome=59.0.3071.115)
Thread#4:T:##########################################################
Thread#2:T:  (Driver info: chromedriver=2.29.461591 (62ebf098771772160f391d75e589dc567915b233),platform=Windows NT 10.0.10586 x86_64)
Thread#4:T:##########################################################
Thread#2:T:   at OpenQA.Selenium.Remote.RemoteWebDriver.UnpackAndThrowOnError(Response errorResponse)
Thread#4: Test #563/0 is finished on thread #4 as CleanupFailed within 210.1863365 seconds
Thread#2:T:   at OpenQA.Selenium.Remote.RemoteWebDriver.Execute(String driverCommandToExecute, Dictionary`2 parameters)
Thread#2:T:   at OpenQA.Selenium.Remote.RemoteWebDriver.FindElement(String mechanism, String value)
Appdomain Disposed
Thread#2:T:   at OpenQA.Selenium.Remote.RemoteWebDriver.FindElementByXPath(String xpath)
Thread#2:T:   at OpenQA.Selenium.By.<>c__DisplayClasse.<XPath>b__c(ISearchContext context)
Thread#2:T:   at OpenQA.Selenium.By.FindElement(ISearchContext context)
Thread#2:T:   at OpenQA.Selenium.Remote.RemoteWebDriver.FindElement(By by)
Thread#2:T:   at TRID.ActionClasses.UIActions.GetText(By element) in F:\Projects\TRID QA\trid-462743\QA\UIAutomation\SpecFramework\ActionClasses\UIActions.cs:line 37
Thread#2:T:   at TRID.StepDefinitions.VariableLoanPaymentScheuledValidationSteps.ThenUpdatedComputedPeriodPmiValueShouldDisplayOnArmBestCase() in F:\Projects\TRID QA\trid-462743\QA\UIAutomation\SpecFramework\StepDefinitions\VariableLoanPaymentScheuledValidationSteps.cs:line 201 
Thread#2:T: ====================================================================================
Thread#2:T:====================================================================================
Thread#2:T:##########################################################
Thread#2:T:##########################################################
Thread#2: Test #561/0 is finished on thread #2 as CleanupFailed within 212.1232207 seconds
Appdomain Disposed
Thread#-1:Scheduler: get next test for thread
Thread#:Scheduler: at the end of normal test queue
Thread#-1:Scheduler: enumerator for thread is at end
Total: 5
Succeeded: 0
Ignored: 0
Pending: 0
Skipped: 0
Failed: 5
