VS filter: testpath:TestAssembly:TRID/Feature:VariableLoanPaymentScheuledValidation/Scenario:Uploading+JSON+file+and+validating+Payment+Schedule+Worst+Case+on+Arms+page%2c+138 | testpath:TestAssembly:TRID/Feature:VariableLoanPaymentScheuledValidation/Scenario:Uploading+JSON+file+and+validating+Payment+Schedule+Best+Case+on+Arms+page%2c+138
Discovering target: Default
Discovering tests from assembly: F:\Projects\TRID QA\trid-462743\QA\UIAutomation\SpecFramework\bin\Debug\TRID.dll
Appdomain Disposed
Test Suite Dump
#0: TRID/Default - 
#1: Default - 
#2: TRID - 
#558: VariableLoanPaymentScheuledValidation - 
#579: Uploading JSON file and validating Payment Schedule Best Case on Arms page, 138 - TestAssembly:TRID/Feature:VariableLoanPaymentScheuledValidation/Scenario:Uploading+JSON+file+and+validating+Payment+Schedule+Best+Case+on+Arms+page%2c+138
#589: Uploading JSON file and validating Payment Schedule Worst Case on Arms page, 138 - TestAssembly:TRID/Feature:VariableLoanPaymentScheuledValidation/Scenario:Uploading+JSON+file+and+validating+Payment+Schedule+Worst+Case+on+Arms+page%2c+138
End: Test Suite Dump
Thread#0:Scheduler: get next test for thread
Thread#:Scheduler: testitem #579 from normal test queue 
Thread#0:Scheduler: considering testitem #579 for thread
Thread#0:Scheduler: using testitem #579 for thread
Thread#0:Scheduler: Test #579 is scheduled for thread
Thread#0:Scheduler: with testItemExecutionIndex 0
Thread #0: creating new test thread executor for TRID, Version=1.0.0.0, Culture=neutral, PublicKeyToken=null (target: Default)
Loading SpecRun type 'TechTalk.SpecRun.Framework.TestAssemblyExecutor' from: C:\Users\sandees\AppData\Local\Temp\VisualStudioTestExplorerExtensions\SpecRun.Runner.1.5.2\tools\TechTalk.SpecRun.Framework.Executor.dll
Thread#0: Test #579/0 is started on thread #0
Thread#0:B:Given user is at TRID application homepage
Thread#0:T:done: CardsValidationSteps.GivenUserIsAtTridApplicationHomepage() (36.9s)
Thread#0:B:And user have ARM Best Case variable loan data from excel sheet ARMBestCase for the scenario 2
Thread#0:T:done: VariableLoanPaymentScheuledValidationSteps.GivenUserHaveARMBestCaseVariableLoanDataFromExcelSheetForTheScenario("ARMBestCase", 2) (0.7s)
Thread#0:B:When user upload json file for the scenario
Thread#0:T:done: CardsValidationSteps.WhenUserUploadJsonFileForTheScenario() (2.0s)
Thread#0:B:And user navigates to ARM Page
Thread#0:T:done: VariableLoanPaymentScheuledValidationSteps.WhenUserNavigatesToARMPage() (1.8s)
Thread#0:B:Then updated/computed Payment Stream Number value should display on ARM Worst Case
Thread#0:T:done: VariableLoanPaymentScheuledValidationSteps.ThenUpdatedComputedPaymentStreamNumberValueShouldDisplayOnArmWorstCase() (0.0s)
Thread#0:B:And updated/computed Number of Payments value should display on ARM Worst Case
Thread#0:T:done: VariableLoanPaymentScheuledValidationSteps.ThenUpdatedComputedNumberOfPaymentsValueShouldDisplayOnArmWorstCase() (0.0s)
Thread#0:B:And updated/computed Payment Amount value should display on ARM Worst Case
Thread#0:T:done: VariableLoanPaymentScheuledValidationSteps.ThenUpdatedComputedPaymentAmountValueShouldDisplayOnArmWorstCase() (0.0s)
Thread#0:B:And updated/computed Period Payment value should display on ARM Worst Case
Thread#0:T:done: VariableLoanPaymentScheuledValidationSteps.ThenUpdatedComputedPeriodPaymentValueShouldDisplayOnArmWorstCase() (0.0s)
Thread#0:B:And updated/computed Period PMI value should display on ARM Worst Case
Thread#0:T:done: VariableLoanPaymentScheuledValidationSteps.ThenUpdatedComputedPeriodPmiValueShouldDisplayOnArmWorstCase() (0.0s)
Thread#0:Scheduler: get next test for thread
Thread#:Scheduler: testitem #589 from normal test queue 
Thread#0:Scheduler: considering testitem #589 for thread
Thread#0:Scheduler: using testitem #589 for thread
Thread#0:Scheduler: Test #589 is scheduled for thread
Thread#0:Scheduler: with testItemExecutionIndex 0
Thread#0: Test #579/0 is finished on thread #0 as Succeeded within 41.6397186 seconds
Thread#0: Test #589/0 is started on thread #0
Thread#0:B:Given user is at TRID application homepage
Thread#0:T:done: CardsValidationSteps.GivenUserIsAtTridApplicationHomepage() (2.0s)
Thread#0:B:And user have ARM Worst Case variable loan data from excel sheet ARMWorstCase for the scenario 2
Thread#0:T:done: VariableLoanPaymentScheuledValidationSteps.GivenUserHaveARMWorstCaseVariableLoanDataFromExcelSheetForTheScenario("ARMWorstCase", 2) (0.7s)
Thread#0:B:When user upload json file for the scenario
Thread#0:T:done: CardsValidationSteps.WhenUserUploadJsonFileForTheScenario() (2.1s)
Thread#0:B:And user navigates to ARM Page
Thread#0:T:done: VariableLoanPaymentScheuledValidationSteps.WhenUserNavigatesToARMPage() (1.3s)
Thread#0:B:Then updated/computed Payment Stream Number value should display on ARM Worst Case
Thread#0:T:===========================================================
Thread#0:T:ExpectedValue Row 1 :1
Thread#0:T:ActualValue Row 1 :1
Thread#0:T:============================================================
Thread#0:T:===========================================================
Thread#0:T:ExpectedValue Row 2 :2
Thread#0:T:ActualValue Row 2 :2
Thread#0:T:============================================================
Thread#0:T:===========================================================
Thread#0:T:ExpectedValue Row 3 :3
Thread#0:T:ActualValue Row 3 :3
Thread#0:T:============================================================
Thread#0:T:===========================================================
Thread#0:T:ExpectedValue Row 4 :4
Thread#0:T:ActualValue Row 4 :4
Thread#0:T:============================================================
Thread#0:T:OpenQA.Selenium.NoSuchElementException: no such element: Unable to locate element: {"method":"xpath","selector":"//section[@id='PaymentScheduleOutputWorst']//tr[5]/td[1]//span"}
Thread#0:T:  (Session info: chrome=59.0.3071.115)
Thread#0:T:  (Driver info: chromedriver=2.29.461591 (62ebf098771772160f391d75e589dc567915b233),platform=Windows NT 10.0.10586 x86_64)
Thread#0:T:   at OpenQA.Selenium.Remote.RemoteWebDriver.UnpackAndThrowOnError(Response errorResponse)
Thread#0:T:   at OpenQA.Selenium.Remote.RemoteWebDriver.Execute(String driverCommandToExecute, Dictionary`2 parameters)
Thread#0:T:   at OpenQA.Selenium.Remote.RemoteWebDriver.FindElement(String mechanism, String value)
Thread#0:T:   at OpenQA.Selenium.Remote.RemoteWebDriver.FindElementByXPath(String xpath)
Thread#0:T:   at OpenQA.Selenium.By.<>c__DisplayClasse.<XPath>b__c(ISearchContext context)
Thread#0:T:   at OpenQA.Selenium.By.FindElement(ISearchContext context)
Thread#0:T:   at OpenQA.Selenium.Remote.RemoteWebDriver.FindElement(By by)
Thread#0:T:   at TRID.ActionClasses.UIActions.GetText(By element) in F:\Projects\TRID QA\trid-462743\QA\UIAutomation\SpecFramework\ActionClasses\UIActions.cs:line 37
Thread#0:T:   at TRID.StepDefinitions.VariableLoanPaymentScheuledValidationSteps.ThenUpdatedComputedPaymentStreamNumberValueShouldDisplayOnArmWorstCase() in F:\Projects\TRID QA\trid-462743\QA\UIAutomation\SpecFramework\StepDefinitions\VariableLoanPaymentScheuledValidationSteps.cs:line 308
Thread#0:T:done: VariableLoanPaymentScheuledValidationSteps.ThenUpdatedComputedPaymentStreamNumberValueShouldDisplayOnArmWorstCase() (2.7s)
Thread#0:B:And updated/computed Number of Payments value should display on ARM Worst Case
Thread#0:T:===========================================================
Thread#0:T:ExpectedValue Row 1 :36
Thread#0:T:ActualValue Row 1 :36
Thread#0:T:============================================================
Thread#0:T:===========================================================
Thread#0:T:ExpectedValue Row 2 :36
Thread#0:T:ActualValue Row 2 :36
Thread#0:T:============================================================
Thread#0:T:===========================================================
Thread#0:T:ExpectedValue Row 3 :36
Thread#0:T:ActualValue Row 3 :36
Thread#0:T:============================================================
Thread#0:T:NUnit.Framework.AssertionException:   Actual value does not match as expected for the row 4 with the difference of 1
Thread#0:T:  Expected: 251.0d
Thread#0:T:  But was:  252.0d
Thread#0:T:   at NUnit.Framework.Assert.That[TActual](TActual actual, IResolveConstraint expression, String message, Object[] args)
Thread#0:T:   at NUnit.Framework.Assert.AreEqual(Object expected, Object actual, String message, Object[] args)
Thread#0:T:   at TRID.StepDefinitions.VariableLoanPaymentScheuledValidationSteps.ThenUpdatedComputedNumberOfPaymentsValueShouldDisplayOnArmWorstCase() in F:\Projects\TRID QA\trid-462743\QA\UIAutomation\SpecFramework\StepDefinitions\VariableLoanPaymentScheuledValidationSteps.cs:line 345
Thread#0:T:OpenQA.Selenium.NoSuchElementException: no such element: Unable to locate element: {"method":"xpath","selector":"//section[@id='PaymentScheduleOutputWorst']//tr[5]/td[2]//span"}
Thread#0:T:  (Session info: chrome=59.0.3071.115)
Thread#0:T:  (Driver info: chromedriver=2.29.461591 (62ebf098771772160f391d75e589dc567915b233),platform=Windows NT 10.0.10586 x86_64)
Thread#0:T:   at OpenQA.Selenium.Remote.RemoteWebDriver.UnpackAndThrowOnError(Response errorResponse)
Thread#0:T:   at OpenQA.Selenium.Remote.RemoteWebDriver.Execute(String driverCommandToExecute, Dictionary`2 parameters)
Thread#0:T:   at OpenQA.Selenium.Remote.RemoteWebDriver.FindElement(String mechanism, String value)
Thread#0:T:   at OpenQA.Selenium.Remote.RemoteWebDriver.FindElementByXPath(String xpath)
Thread#0:T:   at OpenQA.Selenium.By.<>c__DisplayClasse.<XPath>b__c(ISearchContext context)
Thread#0:T:   at OpenQA.Selenium.By.FindElement(ISearchContext context)
Thread#0:T:   at OpenQA.Selenium.Remote.RemoteWebDriver.FindElement(By by)
Thread#0:T:   at TRID.ActionClasses.UIActions.GetText(By element) in F:\Projects\TRID QA\trid-462743\QA\UIAutomation\SpecFramework\ActionClasses\UIActions.cs:line 37
Thread#0:T:   at TRID.StepDefinitions.VariableLoanPaymentScheuledValidationSteps.ThenUpdatedComputedNumberOfPaymentsValueShouldDisplayOnArmWorstCase() in F:\Projects\TRID QA\trid-462743\QA\UIAutomation\SpecFramework\StepDefinitions\VariableLoanPaymentScheuledValidationSteps.cs:line 342
Thread#0:T:done: VariableLoanPaymentScheuledValidationSteps.ThenUpdatedComputedNumberOfPaymentsValueShouldDisplayOnArmWorstCase() (3.2s)
Thread#0:B:And updated/computed Payment Amount value should display on ARM Worst Case
Thread#0:T:===========================================================
Thread#0:T:ExpectedValue Row 1 :606.68
Thread#0:T:ActualValue Row 1 :606.68
Thread#0:T:============================================================
Thread#0:T:===========================================================
Thread#0:T:ExpectedValue Row 2 :751.43
Thread#0:T:ActualValue Row 2 :751.43
Thread#0:T:============================================================
Thread#0:T:===========================================================
Thread#0:T:ExpectedValue Row 3 :897.75
Thread#0:T:ActualValue Row 3 :897.75
Thread#0:T:============================================================
Thread#0:T:===========================================================
Thread#0:T:ExpectedValue Row 4 :1042.01
Thread#0:T:ActualValue Row 4 :1042.01
Thread#0:T:============================================================
Thread#0:T:OpenQA.Selenium.NoSuchElementException: no such element: Unable to locate element: {"method":"xpath","selector":"//section[@id='PaymentScheduleOutputWorst']//tr[5]/td[3]//span"}
Thread#0:T:  (Session info: chrome=59.0.3071.115)
Thread#0:T:  (Driver info: chromedriver=2.29.461591 (62ebf098771772160f391d75e589dc567915b233),platform=Windows NT 10.0.10586 x86_64)
Thread#0:T:   at OpenQA.Selenium.Remote.RemoteWebDriver.UnpackAndThrowOnError(Response errorResponse)
Thread#0:T:   at OpenQA.Selenium.Remote.RemoteWebDriver.Execute(String driverCommandToExecute, Dictionary`2 parameters)
Thread#0:T:   at OpenQA.Selenium.Remote.RemoteWebDriver.FindElement(String mechanism, String value)
Thread#0:T:   at OpenQA.Selenium.Remote.RemoteWebDriver.FindElementByXPath(String xpath)
Thread#0:T:   at OpenQA.Selenium.By.<>c__DisplayClasse.<XPath>b__c(ISearchContext context)
Thread#0:T:   at OpenQA.Selenium.By.FindElement(ISearchContext context)
Thread#0:T:   at OpenQA.Selenium.Remote.RemoteWebDriver.FindElement(By by)
Thread#0:T:   at TRID.ActionClasses.UIActions.GetText(By element) in F:\Projects\TRID QA\trid-462743\QA\UIAutomation\SpecFramework\ActionClasses\UIActions.cs:line 37
Thread#0:T:   at TRID.StepDefinitions.VariableLoanPaymentScheuledValidationSteps.ThenUpdatedComputedPaymentAmountValueShouldDisplayOnArmWorstCase() in F:\Projects\TRID QA\trid-462743\QA\UIAutomation\SpecFramework\StepDefinitions\VariableLoanPaymentScheuledValidationSteps.cs:line 376
Thread#0:T:done: VariableLoanPaymentScheuledValidationSteps.ThenUpdatedComputedPaymentAmountValueShouldDisplayOnArmWorstCase() (2.8s)
Thread#0:B:And updated/computed Period Payment value should display on ARM Worst Case
Thread#0:T:===========================================================
Thread#0:T:ExpectedValue Row 1 :606.68
Thread#0:T:ActualValue Row 1 :606.68
Thread#0:T:============================================================
Thread#0:T:===========================================================
Thread#0:T:ExpectedValue Row 2 :751.43
Thread#0:T:ActualValue Row 2 :751.43
Thread#0:T:============================================================
Thread#0:T:===========================================================
Thread#0:T:ExpectedValue Row 3 :897.75
Thread#0:T:ActualValue Row 3 :897.75
Thread#0:T:============================================================
Thread#0:T:===========================================================
Thread#0:T:ExpectedValue Row 4 :1042.01
Thread#0:T:ActualValue Row 4 :1042.01
Thread#0:T:============================================================
Thread#0:T:OpenQA.Selenium.NoSuchElementException: no such element: Unable to locate element: {"method":"xpath","selector":"//section[@id='PaymentScheduleOutputWorst']//tr[5]/td[4]//span"}
Thread#0:T:  (Session info: chrome=59.0.3071.115)
Thread#0:T:  (Driver info: chromedriver=2.29.461591 (62ebf098771772160f391d75e589dc567915b233),platform=Windows NT 10.0.10586 x86_64)
Thread#0:T:   at OpenQA.Selenium.Remote.RemoteWebDriver.UnpackAndThrowOnError(Response errorResponse)
Thread#0:T:   at OpenQA.Selenium.Remote.RemoteWebDriver.Execute(String driverCommandToExecute, Dictionary`2 parameters)
Thread#0:T:   at OpenQA.Selenium.Remote.RemoteWebDriver.FindElement(String mechanism, String value)
Thread#0:T:   at OpenQA.Selenium.Remote.RemoteWebDriver.FindElementByXPath(String xpath)
Thread#0:T:   at OpenQA.Selenium.By.<>c__DisplayClasse.<XPath>b__c(ISearchContext context)
Thread#0:T:   at OpenQA.Selenium.By.FindElement(ISearchContext context)
Thread#0:T:   at OpenQA.Selenium.Remote.RemoteWebDriver.FindElement(By by)
Thread#0:T:   at TRID.ActionClasses.UIActions.GetText(By element) in F:\Projects\TRID QA\trid-462743\QA\UIAutomation\SpecFramework\ActionClasses\UIActions.cs:line 37
Thread#0:T:   at TRID.StepDefinitions.VariableLoanPaymentScheuledValidationSteps.ThenUpdatedComputedPeriodPaymentValueShouldDisplayOnArmWorstCase() in F:\Projects\TRID QA\trid-462743\QA\UIAutomation\SpecFramework\StepDefinitions\VariableLoanPaymentScheuledValidationSteps.cs:line 410
Thread#0:T:done: VariableLoanPaymentScheuledValidationSteps.ThenUpdatedComputedPeriodPaymentValueShouldDisplayOnArmWorstCase() (2.7s)
Thread#0:B:And updated/computed Period PMI value should display on ARM Worst Case
Thread#0:T:===========================================================
Thread#0:T:ExpectedValue Row 1 :0
Thread#0:T:ActualValue Row 1 :0
Thread#0:T:============================================================
Thread#0:T:===========================================================
Thread#0:T:ExpectedValue Row 2 :0
Thread#0:T:ActualValue Row 2 :0
Thread#0:T:============================================================
Thread#0:T:===========================================================
Thread#0:T:ExpectedValue Row 3 :0
Thread#0:T:ActualValue Row 3 :0
Thread#0:T:============================================================
Thread#0:T:===========================================================
Thread#0:T:ExpectedValue Row 4 :0
Thread#0:T:ActualValue Row 4 :0
Thread#0:T:============================================================
Thread#0:T:OpenQA.Selenium.NoSuchElementException: no such element: Unable to locate element: {"method":"xpath","selector":"//section[@id='PaymentScheduleOutputWorst']//tr[5]/td[5]//span"}
Thread#0:T:  (Session info: chrome=59.0.3071.115)
Thread#0:T:  (Driver info: chromedriver=2.29.461591 (62ebf098771772160f391d75e589dc567915b233),platform=Windows NT 10.0.10586 x86_64)
Thread#0:T:   at OpenQA.Selenium.Remote.RemoteWebDriver.UnpackAndThrowOnError(Response errorResponse)
Thread#0:T:   at OpenQA.Selenium.Remote.RemoteWebDriver.Execute(String driverCommandToExecute, Dictionary`2 parameters)
Thread#0:T:   at OpenQA.Selenium.Remote.RemoteWebDriver.FindElement(String mechanism, String value)
Thread#0:T:   at OpenQA.Selenium.Remote.RemoteWebDriver.FindElementByXPath(String xpath)
Thread#0:T:   at OpenQA.Selenium.By.<>c__DisplayClasse.<XPath>b__c(ISearchContext context)
Thread#0:T:   at OpenQA.Selenium.By.FindElement(ISearchContext context)
Thread#0:T:   at OpenQA.Selenium.Remote.RemoteWebDriver.FindElement(By by)
Thread#0:T:   at TRID.ActionClasses.UIActions.GetText(By element) in F:\Projects\TRID QA\trid-462743\QA\UIAutomation\SpecFramework\ActionClasses\UIActions.cs:line 37
Thread#0:T:   at TRID.StepDefinitions.VariableLoanPaymentScheuledValidationSteps.ThenUpdatedComputedPeriodPmiValueShouldDisplayOnArmWorstCase() in F:\Projects\TRID QA\trid-462743\QA\UIAutomation\SpecFramework\StepDefinitions\VariableLoanPaymentScheuledValidationSteps.cs:line 444
Thread#0:T:done: VariableLoanPaymentScheuledValidationSteps.ThenUpdatedComputedPeriodPmiValueShouldDisplayOnArmWorstCase() (2.8s)
Thread#0:Scheduler: get next test for thread
Thread#:Scheduler: at the end of normal test queue
Thread#0:Scheduler: enumerator for thread is at end
Thread#0:Scheduler: No more tests for thread 
Thread#0:T:##########################################################
Thread#0:T:##########################################################
Thread#0:T:====================================================================================
Thread#0:T:Scenario Number : 138
Thread#0:T:The total number of cards Failue: 6
Thread#0:T:Name of cards Failed: || AwcPaymentStreamNo[5] || : OpenQA.Selenium.NoSuchElementException: no such element: Unable to locate element: {"method":"xpath","selector":"//section[@id='PaymentScheduleOutputWorst']//tr[5]/td[1]//span"}
Thread#0:T:  (Session info: chrome=59.0.3071.115)
Thread#0:T:  (Driver info: chromedriver=2.29.461591 (62ebf098771772160f391d75e589dc567915b233),platform=Windows NT 10.0.10586 x86_64)
Thread#0:T:   at OpenQA.Selenium.Remote.RemoteWebDriver.UnpackAndThrowOnError(Response errorResponse)
Thread#0:T:   at OpenQA.Selenium.Remote.RemoteWebDriver.Execute(String driverCommandToExecute, Dictionary`2 parameters)
Thread#0:T:   at OpenQA.Selenium.Remote.RemoteWebDriver.FindElement(String mechanism, String value)
Thread#0:T:   at OpenQA.Selenium.Remote.RemoteWebDriver.FindElementByXPath(String xpath)
Thread#0:T:   at OpenQA.Selenium.By.<>c__DisplayClasse.<XPath>b__c(ISearchContext context)
Thread#0:T:   at OpenQA.Selenium.By.FindElement(ISearchContext context)
Thread#0:T:   at OpenQA.Selenium.Remote.RemoteWebDriver.FindElement(By by)
Thread#0:T:   at TRID.ActionClasses.UIActions.GetText(By element) in F:\Projects\TRID QA\trid-462743\QA\UIAutomation\SpecFramework\ActionClasses\UIActions.cs:line 37
Thread#0:T:   at TRID.StepDefinitions.VariableLoanPaymentScheuledValidationSteps.ThenUpdatedComputedPaymentStreamNumberValueShouldDisplayOnArmWorstCase() in F:\Projects\TRID QA\trid-462743\QA\UIAutomation\SpecFramework\StepDefinitions\VariableLoanPaymentScheuledValidationSteps.cs:line 308 
Thread#0:T: ====================================================================================
Thread#0:T:|| AwcPaymentScheduleNumberOfPayments[3] || : NUnit.Framework.AssertionException:   Actual value does not match as expected for the row 4 with the difference of 1
Thread#0:T:  Expected: 251.0d
Thread#0:T:  But was:  252.0d
Thread#0:T:   at NUnit.Framework.Assert.That[TActual](TActual actual, IResolveConstraint expression, String message, Object[] args)
Thread#0:T:   at NUnit.Framework.Assert.AreEqual(Object expected, Object actual, String message, Object[] args)
Thread#0:T:   at TRID.StepDefinitions.VariableLoanPaymentScheuledValidationSteps.ThenUpdatedComputedNumberOfPaymentsValueShouldDisplayOnArmWorstCase() in F:\Projects\TRID QA\trid-462743\QA\UIAutomation\SpecFramework\StepDefinitions\VariableLoanPaymentScheuledValidationSteps.cs:line 345 
Thread#0:T: ====================================================================================
Thread#0:T:|| AwcPaymentScheduleNumberOfPayments[4] || : OpenQA.Selenium.NoSuchElementException: no such element: Unable to locate element: {"method":"xpath","selector":"//section[@id='PaymentScheduleOutputWorst']//tr[5]/td[2]//span"}
Thread#0:T:  (Session info: chrome=59.0.3071.115)
Thread#0:T:  (Driver info: chromedriver=2.29.461591 (62ebf098771772160f391d75e589dc567915b233),platform=Windows NT 10.0.10586 x86_64)
Thread#0:T:   at OpenQA.Selenium.Remote.RemoteWebDriver.UnpackAndThrowOnError(Response errorResponse)
Thread#0:T:   at OpenQA.Selenium.Remote.RemoteWebDriver.Execute(String driverCommandToExecute, Dictionary`2 parameters)
Thread#0:T:   at OpenQA.Selenium.Remote.RemoteWebDriver.FindElement(String mechanism, String value)
Thread#0:T:   at OpenQA.Selenium.Remote.RemoteWebDriver.FindElementByXPath(String xpath)
Thread#0:T:   at OpenQA.Selenium.By.<>c__DisplayClasse.<XPath>b__c(ISearchContext context)
Thread#0:T:   at OpenQA.Selenium.By.FindElement(ISearchContext context)
Thread#0:T:   at OpenQA.Selenium.Remote.RemoteWebDriver.FindElement(By by)
Thread#0:T:   at TRID.ActionClasses.UIActions.GetText(By element) in F:\Projects\TRID QA\trid-462743\QA\UIAutomation\SpecFramework\ActionClasses\UIActions.cs:line 37
Thread#0:T:   at TRID.StepDefinitions.VariableLoanPaymentScheuledValidationSteps.ThenUpdatedComputedNumberOfPaymentsValueShouldDisplayOnArmWorstCase() in F:\Projects\TRID QA\trid-462743\QA\UIAutomation\SpecFramework\StepDefinitions\VariableLoanPaymentScheuledValidationSteps.cs:line 342 
Thread#0:T: ====================================================================================
Thread#0:T:|| AwcPaymentAmount[4] || : OpenQA.Selenium.NoSuchElementException: no such element: Unable to locate element: {"method":"xpath","selector":"//section[@id='PaymentScheduleOutputWorst']//tr[5]/td[3]//span"}
Thread#0:T:  (Session info: chrome=59.0.3071.115)
Thread#0:T:  (Driver info: chromedriver=2.29.461591 (62ebf098771772160f391d75e589dc567915b233),platform=Windows NT 10.0.10586 x86_64)
Thread#0:T:   at OpenQA.Selenium.Remote.RemoteWebDriver.UnpackAndThrowOnError(Response errorResponse)
Thread#0:T:   at OpenQA.Selenium.Remote.RemoteWebDriver.Execute(String driverCommandToExecute, Dictionary`2 parameters)
Thread#0:T:   at OpenQA.Selenium.Remote.RemoteWebDriver.FindElement(String mechanism, String value)
Thread#0:T:   at OpenQA.Selenium.Remote.RemoteWebDriver.FindElementByXPath(String xpath)
Thread#0:T:   at OpenQA.Selenium.By.<>c__DisplayClasse.<XPath>b__c(ISearchContext context)
Thread#0:T:   at OpenQA.Selenium.By.FindElement(ISearchContext context)
Thread#0:T:   at OpenQA.Selenium.Remote.RemoteWebDriver.FindElement(By by)
Thread#0:T:   at TRID.ActionClasses.UIActions.GetText(By element) in F:\Projects\TRID QA\trid-462743\QA\UIAutomation\SpecFramework\ActionClasses\UIActions.cs:line 37
Thread#0:T:   at TRID.StepDefinitions.VariableLoanPaymentScheuledValidationSteps.ThenUpdatedComputedPaymentAmountValueShouldDisplayOnArmWorstCase() in F:\Projects\TRID QA\trid-462743\QA\UIAutomation\SpecFramework\StepDefinitions\VariableLoanPaymentScheuledValidationSteps.cs:line 376 
Thread#0:T: ====================================================================================
Thread#0:T:|| AwcPaymentSchedulePeriodPayment[4] || : OpenQA.Selenium.NoSuchElementException: no such element: Unable to locate element: {"method":"xpath","selector":"//section[@id='PaymentScheduleOutputWorst']//tr[5]/td[4]//span"}
Thread#0:T:  (Session info: chrome=59.0.3071.115)
Thread#0:T:  (Driver info: chromedriver=2.29.461591 (62ebf098771772160f391d75e589dc567915b233),platform=Windows NT 10.0.10586 x86_64)
Thread#0:T:   at OpenQA.Selenium.Remote.RemoteWebDriver.UnpackAndThrowOnError(Response errorResponse)
Thread#0:T:   at OpenQA.Selenium.Remote.RemoteWebDriver.Execute(String driverCommandToExecute, Dictionary`2 parameters)
Thread#0:T:   at OpenQA.Selenium.Remote.RemoteWebDriver.FindElement(String mechanism, String value)
Thread#0:T:   at OpenQA.Selenium.Remote.RemoteWebDriver.FindElementByXPath(String xpath)
Thread#0:T:   at OpenQA.Selenium.By.<>c__DisplayClasse.<XPath>b__c(ISearchContext context)
Thread#0:T:   at OpenQA.Selenium.By.FindElement(ISearchContext context)
Thread#0:T:   at OpenQA.Selenium.Remote.RemoteWebDriver.FindElement(By by)
Thread#0:T:   at TRID.ActionClasses.UIActions.GetText(By element) in F:\Projects\TRID QA\trid-462743\QA\UIAutomation\SpecFramework\ActionClasses\UIActions.cs:line 37
Thread#0:T:   at TRID.StepDefinitions.VariableLoanPaymentScheuledValidationSteps.ThenUpdatedComputedPeriodPaymentValueShouldDisplayOnArmWorstCase() in F:\Projects\TRID QA\trid-462743\QA\UIAutomation\SpecFramework\StepDefinitions\VariableLoanPaymentScheuledValidationSteps.cs:line 410 
Thread#0:T: ====================================================================================
Thread#0:T:|| AwcPaymentSchedulePeriodPmi[4] || : OpenQA.Selenium.NoSuchElementException: no such element: Unable to locate element: {"method":"xpath","selector":"//section[@id='PaymentScheduleOutputWorst']//tr[5]/td[5]//span"}
Thread#0:T:  (Session info: chrome=59.0.3071.115)
Thread#0:T:  (Driver info: chromedriver=2.29.461591 (62ebf098771772160f391d75e589dc567915b233),platform=Windows NT 10.0.10586 x86_64)
Thread#0:T:   at OpenQA.Selenium.Remote.RemoteWebDriver.UnpackAndThrowOnError(Response errorResponse)
Thread#0:T:   at OpenQA.Selenium.Remote.RemoteWebDriver.Execute(String driverCommandToExecute, Dictionary`2 parameters)
Thread#0:T:   at OpenQA.Selenium.Remote.RemoteWebDriver.FindElement(String mechanism, String value)
Thread#0:T:   at OpenQA.Selenium.Remote.RemoteWebDriver.FindElementByXPath(String xpath)
Thread#0:T:   at OpenQA.Selenium.By.<>c__DisplayClasse.<XPath>b__c(ISearchContext context)
Thread#0:T:   at OpenQA.Selenium.By.FindElement(ISearchContext context)
Thread#0:T:   at OpenQA.Selenium.Remote.RemoteWebDriver.FindElement(By by)
Thread#0:T:   at TRID.ActionClasses.UIActions.GetText(By element) in F:\Projects\TRID QA\trid-462743\QA\UIAutomation\SpecFramework\ActionClasses\UIActions.cs:line 37
Thread#0:T:   at TRID.StepDefinitions.VariableLoanPaymentScheuledValidationSteps.ThenUpdatedComputedPeriodPmiValueShouldDisplayOnArmWorstCase() in F:\Projects\TRID QA\trid-462743\QA\UIAutomation\SpecFramework\StepDefinitions\VariableLoanPaymentScheuledValidationSteps.cs:line 444 
Thread#0:T: ====================================================================================
Thread#0:T:====================================================================================
Thread#0:T:##########################################################
Thread#0:T:##########################################################
Thread#0: Test #589/0 is finished on thread #0 as CleanupFailed within 34.8803641 seconds
Appdomain Disposed
Thread#-1:Scheduler: get next test for thread
Thread#:Scheduler: at the end of normal test queue
Thread#-1:Scheduler: enumerator for thread is at end
Total: 2
Succeeded: 1
Ignored: 0
Pending: 0
Skipped: 0
Failed: 1
