VS filter: testpath:TestAssembly:TRID/Feature:VariableLoanPaymentScheuledValidation/Scenario:Uploading+JSON+file+and+validating+Payment+Schedule+Worst+Case+on+Arms+page%2c+141 | testpath:TestAssembly:TRID/Feature:VariableLoanPaymentScheuledValidation/Scenario:Uploading+JSON+file+and+validating+Payment+Schedule+Worst+Case+on+Arms+page%2c+138 | testpath:TestAssembly:TRID/Feature:VariableLoanPaymentScheuledValidation/Scenario:Uploading+JSON+file+and+validating+Payment+Schedule+Worst+Case+on+Arms+page%2c+147 | testpath:TestAssembly:TRID/Feature:VariableLoanPaymentScheuledValidation/Scenario:Uploading+JSON+file+and+validating+Payment+Schedule+Worst+Case+on+Arms+page%2c+146 | testpath:TestAssembly:TRID/Feature:VariableLoanPaymentScheuledValidation/Scenario:Uploading+JSON+file+and+validating+Payment+Schedule+Worst+Case+on+Arms+page%2c+143 | testpath:TestAssembly:TRID/Feature:VariableLoanPaymentScheuledValidation/Scenario:Uploading+JSON+file+and+validating+Payment+Schedule+Worst+Case+on+Arms+page%2c+139 | testpath:TestAssembly:TRID/Feature:VariableLoanPaymentScheuledValidation/Scenario:Uploading+JSON+file+and+validating+Payment+Schedule+Worst+Case+on+Arms+page%2c+145 | testpath:TestAssembly:TRID/Feature:VariableLoanPaymentScheuledValidation/Scenario:Uploading+JSON+file+and+validating+Payment+Schedule+Worst+Case+on+Arms+page%2c+140 | testpath:TestAssembly:TRID/Feature:VariableLoanPaymentScheuledValidation/Scenario:Uploading+JSON+file+and+validating+Payment+Schedule+Worst+Case+on+Arms+page%2c+144 | testpath:TestAssembly:TRID/Feature:VariableLoanPaymentScheuledValidation/Scenario:Uploading+JSON+file+and+validating+Payment+Schedule+Worst+Case+on+Arms+page%2c+142
Discovering target: Default
Discovering tests from assembly: F:\Projects\TRID QA\trid-462743\QA\UIAutomation\SpecFramework\bin\Debug\TRID.dll
Appdomain Disposed
Test Suite Dump
#0: TRID/Default - 
#1: Default - 
#2: TRID - 
#456: VariableLoanPaymentScheuledValidation - 
#487: Uploading JSON file and validating Payment Schedule Worst Case on Arms page, 138 - TestAssembly:TRID/Feature:VariableLoanPaymentScheuledValidation/Scenario:Uploading+JSON+file+and+validating+Payment+Schedule+Worst+Case+on+Arms+page%2c+138
#488: Uploading JSON file and validating Payment Schedule Worst Case on Arms page, 139 - TestAssembly:TRID/Feature:VariableLoanPaymentScheuledValidation/Scenario:Uploading+JSON+file+and+validating+Payment+Schedule+Worst+Case+on+Arms+page%2c+139
#489: Uploading JSON file and validating Payment Schedule Worst Case on Arms page, 140 - TestAssembly:TRID/Feature:VariableLoanPaymentScheuledValidation/Scenario:Uploading+JSON+file+and+validating+Payment+Schedule+Worst+Case+on+Arms+page%2c+140
#490: Uploading JSON file and validating Payment Schedule Worst Case on Arms page, 141 - TestAssembly:TRID/Feature:VariableLoanPaymentScheuledValidation/Scenario:Uploading+JSON+file+and+validating+Payment+Schedule+Worst+Case+on+Arms+page%2c+141
#491: Uploading JSON file and validating Payment Schedule Worst Case on Arms page, 142 - TestAssembly:TRID/Feature:VariableLoanPaymentScheuledValidation/Scenario:Uploading+JSON+file+and+validating+Payment+Schedule+Worst+Case+on+Arms+page%2c+142
#492: Uploading JSON file and validating Payment Schedule Worst Case on Arms page, 143 - TestAssembly:TRID/Feature:VariableLoanPaymentScheuledValidation/Scenario:Uploading+JSON+file+and+validating+Payment+Schedule+Worst+Case+on+Arms+page%2c+143
#493: Uploading JSON file and validating Payment Schedule Worst Case on Arms page, 144 - TestAssembly:TRID/Feature:VariableLoanPaymentScheuledValidation/Scenario:Uploading+JSON+file+and+validating+Payment+Schedule+Worst+Case+on+Arms+page%2c+144
#494: Uploading JSON file and validating Payment Schedule Worst Case on Arms page, 145 - TestAssembly:TRID/Feature:VariableLoanPaymentScheuledValidation/Scenario:Uploading+JSON+file+and+validating+Payment+Schedule+Worst+Case+on+Arms+page%2c+145
#495: Uploading JSON file and validating Payment Schedule Worst Case on Arms page, 146 - TestAssembly:TRID/Feature:VariableLoanPaymentScheuledValidation/Scenario:Uploading+JSON+file+and+validating+Payment+Schedule+Worst+Case+on+Arms+page%2c+146
#496: Uploading JSON file and validating Payment Schedule Worst Case on Arms page, 147 - TestAssembly:TRID/Feature:VariableLoanPaymentScheuledValidation/Scenario:Uploading+JSON+file+and+validating+Payment+Schedule+Worst+Case+on+Arms+page%2c+147
End: Test Suite Dump
Thread#0:Scheduler: get next test for thread
Thread#:Scheduler: testitem #487 from normal test queue 
Thread#0:Scheduler: considering testitem #487 for thread
Thread#0:Scheduler: using testitem #487 for thread
Thread#0:Scheduler: Test #487 is scheduled for thread
Thread#0:Scheduler: with testItemExecutionIndex 0
Thread #0: creating new test thread executor for TRID, Version=1.0.0.0, Culture=neutral, PublicKeyToken=null (target: Default)
Loading SpecRun type 'TechTalk.SpecRun.Framework.TestAssemblyExecutor' from: C:\Users\sandees\AppData\Local\Temp\VisualStudioTestExplorerExtensions\SpecRun.Runner.1.5.2\tools\TechTalk.SpecRun.Framework.Executor.dll
Thread#0: Test #487/0 is started on thread #0
Thread#0:B:Given user is at TRID application homepage
Thread#0:T:done: CardsValidationSteps.GivenUserIsAtTridApplicationHomepage() (37.6s)
Thread#0:B:And user have ARM Worst Case variable loan data from excel sheet ARMWorstCase for the scenario 2
Thread#0:T:done: VariableLoanPaymentScheuledValidationSteps.GivenUserHaveARMWorstCaseVariableLoanDataFromExcelSheetForTheScenario("ARMWorstCase", 2) (0.7s)
Thread#0:B:When user upload json file for the scenario
Thread#0:T:done: CardsValidationSteps.WhenUserUploadJsonFileForTheScenario() (2.0s)
Thread#0:B:Then user navigates to ARM Page
Thread#0:T:done: VariableLoanPaymentScheuledValidationSteps.ThenUserNavigatesToARMPage() (1.6s)
Thread#0:B:And updated/computed Payment Stream Number value should display on ARM Worst Case
Thread#0:T:===========================================================
Thread#0:T:ExpectedValue Row 1 :1
Thread#0:T:ActualValue Row 1 :1
Thread#0:T:============================================================
Thread#0:T:===========================================================
Thread#0:T:ExpectedValue Row 2 :2
Thread#0:T:ActualValue Row 2 :2
Thread#0:T:============================================================
Thread#0:T:===========================================================
Thread#0:T:ExpectedValue Row 3 :3
Thread#0:T:ActualValue Row 3 :3
Thread#0:T:============================================================
Thread#0:T:===========================================================
Thread#0:T:ExpectedValue Row 4 :4
Thread#0:T:ActualValue Row 4 :4
Thread#0:T:============================================================
Thread#0:T:done: VariableLoanPaymentScheuledValidationSteps.ThenUpdatedComputedPaymentStreamNumberValueShouldDisplayOnArmWorstCase() (0.5s)
Thread#0:B:And updated/computed Number of Payments value should display on ARM Worst Case
Thread#0:T:===========================================================
Thread#0:T:ExpectedValue Row 1 :36
Thread#0:T:ActualValue Row 1 :36
Thread#0:T:============================================================
Thread#0:T:===========================================================
Thread#0:T:ExpectedValue Row 2 :36
Thread#0:T:ActualValue Row 2 :36
Thread#0:T:============================================================
Thread#0:T:===========================================================
Thread#0:T:ExpectedValue Row 3 :36
Thread#0:T:ActualValue Row 3 :36
Thread#0:T:============================================================
Thread#0:T:===========================================================
Thread#0:T:ExpectedValue Row 4 :251
Thread#0:T:ActualValue Row 4 :251
Thread#0:T:============================================================
Thread#0:T:done: VariableLoanPaymentScheuledValidationSteps.ThenUpdatedComputedNumberOfPaymentsValueShouldDisplayOnArmWorstCase() (0.5s)
Thread#0:B:And updated/computed Payment Amount value should display on ARM Worst Case
Thread#0:T:===========================================================
Thread#0:T:ExpectedValue Row 1 :606.68
Thread#0:T:ActualValue Row 1 :606.68
Thread#0:T:============================================================
Thread#0:T:===========================================================
Thread#0:T:ExpectedValue Row 2 :751.43
Thread#0:T:ActualValue Row 2 :751.43
Thread#0:T:============================================================
Thread#0:T:NUnit.Framework.AssertionException:   Actual value does not match as expected for the row 3 with the difference of 0.00999999999999091
Thread#0:T:  Expected: 897.75d
Thread#0:T:  But was:  897.74000000000001d
Thread#0:T:   at NUnit.Framework.Assert.That[TActual](TActual actual, IResolveConstraint expression, String message, Object[] args)
Thread#0:T:   at NUnit.Framework.Assert.AreEqual(Object expected, Object actual, String message, Object[] args)
Thread#0:T:   at TRID.StepDefinitions.VariableLoanPaymentScheuledValidationSteps.ThenUpdatedComputedPaymentAmountValueShouldDisplayOnArmWorstCase() in F:\Projects\TRID QA\trid-462743\QA\UIAutomation\SpecFramework\StepDefinitions\VariableLoanPaymentScheuledValidationSteps.cs:line 356
Thread#0:T:===========================================================
Thread#0:T:ExpectedValue Row 4 :1042.01
Thread#0:T:ActualValue Row 4 :1042.01
Thread#0:T:============================================================
Thread#0:T:done: VariableLoanPaymentScheuledValidationSteps.ThenUpdatedComputedPaymentAmountValueShouldDisplayOnArmWorstCase() (0.6s)
Thread#0:B:And updated/computed Principal and Interest Payment value should display on ARM Worst Case
Thread#0:T:===========================================================
Thread#0:T:ExpectedValue Row 1 :606.68
Thread#0:T:ActualValue Row 1 :606.68
Thread#0:T:============================================================
Thread#0:T:===========================================================
Thread#0:T:ExpectedValue Row 2 :751.43
Thread#0:T:ActualValue Row 2 :751.43
Thread#0:T:============================================================
Thread#0:T:NUnit.Framework.AssertionException:   Actual value does not match as expected for the row 3 with the difference of 0.00999999999999091
Thread#0:T:  Expected: 897.75d
Thread#0:T:  But was:  897.74000000000001d
Thread#0:T:   at NUnit.Framework.Assert.That[TActual](TActual actual, IResolveConstraint expression, String message, Object[] args)
Thread#0:T:   at NUnit.Framework.Assert.AreEqual(Object expected, Object actual, String message, Object[] args)
Thread#0:T:   at TRID.StepDefinitions.VariableLoanPaymentScheuledValidationSteps.ThenUpdatedComputePrincipalAndInterestPaymentValueShouldDisplayOnArmWorstCase() in F:\Projects\TRID QA\trid-462743\QA\UIAutomation\SpecFramework\StepDefinitions\VariableLoanPaymentScheuledValidationSteps.cs:line 387
Thread#0:T:===========================================================
Thread#0:T:ExpectedValue Row 4 :1042.01
Thread#0:T:ActualValue Row 4 :1042.01
Thread#0:T:============================================================
Thread#0:T:done: VariableLoanPaymentScheuledValidationSteps.ThenUpdatedComputePrincipalAndInterestPaymentValueShouldDisplayOnArmWorstCase() (0.6s)
Thread#0:B:And updated/computed PMI Payment value should display on ARM Worst Case
Thread#0:T:===========================================================
Thread#0:T:ExpectedValue Row 1 :0
Thread#0:T:ActualValue Row 1 :0
Thread#0:T:============================================================
Thread#0:T:===========================================================
Thread#0:T:ExpectedValue Row 2 :0
Thread#0:T:ActualValue Row 2 :0
Thread#0:T:============================================================
Thread#0:T:===========================================================
Thread#0:T:ExpectedValue Row 3 :0
Thread#0:T:ActualValue Row 3 :0
Thread#0:T:============================================================
Thread#0:T:===========================================================
Thread#0:T:ExpectedValue Row 4 :0
Thread#0:T:ActualValue Row 4 :0
Thread#0:T:============================================================
Thread#0:T:done: VariableLoanPaymentScheuledValidationSteps.ThenUpdatedComputedPeriodPmiValueShouldDisplayOnArmWorstCase() (0.6s)
Thread#0:Scheduler: get next test for thread
Thread#:Scheduler: testitem #488 from normal test queue 
Thread#0:Scheduler: considering testitem #488 for thread
Thread#0:Scheduler: using testitem #488 for thread
Thread#0:Scheduler: Test #488 is scheduled for thread
Thread#0:Scheduler: with testItemExecutionIndex 0
Thread#0: Test #487/0 is finished on thread #0 as Succeeded within 45.2455953 seconds
Thread#0: Test #488/0 is started on thread #0
Thread#0:B:Given user is at TRID application homepage
Thread#0:T:done: CardsValidationSteps.GivenUserIsAtTridApplicationHomepage() (2.3s)
Thread#0:B:And user have ARM Worst Case variable loan data from excel sheet ARMWorstCase for the scenario 3
Thread#0:T:done: VariableLoanPaymentScheuledValidationSteps.GivenUserHaveARMWorstCaseVariableLoanDataFromExcelSheetForTheScenario("ARMWorstCase", 3) (0.6s)
Thread#0:B:When user upload json file for the scenario
Thread#0:T:done: CardsValidationSteps.WhenUserUploadJsonFileForTheScenario() (1.9s)
Thread#0:B:Then user navigates to ARM Page
Thread#0:T:done: VariableLoanPaymentScheuledValidationSteps.ThenUserNavigatesToARMPage() (0.3s)
Thread#0:B:And updated/computed Payment Stream Number value should display on ARM Worst Case
Thread#0:T:OpenQA.Selenium.NoSuchElementException: no such element: Unable to locate element: {"method":"xpath","selector":"//section[@id='PaymentScheduleOutputWorst']//tr[1]/td[1]//span"}
Thread#0:T:  (Session info: chrome=60.0.3112.90)
Thread#0:T:  (Driver info: chromedriver=2.29.461591 (62ebf098771772160f391d75e589dc567915b233),platform=Windows NT 10.0.10586 x86_64)
Thread#0:T:   at OpenQA.Selenium.Remote.RemoteWebDriver.UnpackAndThrowOnError(Response errorResponse)
Thread#0:T:   at OpenQA.Selenium.Remote.RemoteWebDriver.Execute(String driverCommandToExecute, Dictionary`2 parameters)
Thread#0:T:   at OpenQA.Selenium.Remote.RemoteWebDriver.FindElement(String mechanism, String value)
Thread#0:T:   at OpenQA.Selenium.Remote.RemoteWebDriver.FindElementByXPath(String xpath)
Thread#0:T:   at OpenQA.Selenium.By.<>c__DisplayClasse.<XPath>b__c(ISearchContext context)
Thread#0:T:   at OpenQA.Selenium.By.FindElement(ISearchContext context)
Thread#0:T:   at OpenQA.Selenium.Remote.RemoteWebDriver.FindElement(By by)
Thread#0:T:   at TRID.ActionClasses.UIActions.GetText(By element) in F:\Projects\TRID QA\trid-462743\QA\UIAutomation\SpecFramework\ActionClasses\UIActions.cs:line 37
Thread#0:T:   at TRID.StepDefinitions.VariableLoanPaymentScheuledValidationSteps.ThenUpdatedComputedPaymentStreamNumberValueShouldDisplayOnArmWorstCase() in F:\Projects\TRID QA\trid-462743\QA\UIAutomation\SpecFramework\StepDefinitions\VariableLoanPaymentScheuledValidationSteps.cs:line 287
Thread#0:T:OpenQA.Selenium.NoSuchElementException: no such element: Unable to locate element: {"method":"xpath","selector":"//section[@id='PaymentScheduleOutputWorst']//tr[2]/td[1]//span"}
Thread#0:T:  (Session info: chrome=60.0.3112.90)
Thread#0:T:  (Driver info: chromedriver=2.29.461591 (62ebf098771772160f391d75e589dc567915b233),platform=Windows NT 10.0.10586 x86_64)
Thread#0:T:   at OpenQA.Selenium.Remote.RemoteWebDriver.UnpackAndThrowOnError(Response errorResponse)
Thread#0:T:   at OpenQA.Selenium.Remote.RemoteWebDriver.Execute(String driverCommandToExecute, Dictionary`2 parameters)
Thread#0:T:   at OpenQA.Selenium.Remote.RemoteWebDriver.FindElement(String mechanism, String value)
Thread#0:T:   at OpenQA.Selenium.Remote.RemoteWebDriver.FindElementByXPath(String xpath)
Thread#0:T:   at OpenQA.Selenium.By.<>c__DisplayClasse.<XPath>b__c(ISearchContext context)
Thread#0:T:   at OpenQA.Selenium.By.FindElement(ISearchContext context)
Thread#0:T:   at OpenQA.Selenium.Remote.RemoteWebDriver.FindElement(By by)
Thread#0:T:   at TRID.ActionClasses.UIActions.GetText(By element) in F:\Projects\TRID QA\trid-462743\QA\UIAutomation\SpecFramework\ActionClasses\UIActions.cs:line 37
Thread#0:T:   at TRID.StepDefinitions.VariableLoanPaymentScheuledValidationSteps.ThenUpdatedComputedPaymentStreamNumberValueShouldDisplayOnArmWorstCase() in F:\Projects\TRID QA\trid-462743\QA\UIAutomation\SpecFramework\StepDefinitions\VariableLoanPaymentScheuledValidationSteps.cs:line 287
Thread#0:T:OpenQA.Selenium.NoSuchElementException: no such element: Unable to locate element: {"method":"xpath","selector":"//section[@id='PaymentScheduleOutputWorst']//tr[3]/td[1]//span"}
Thread#0:T:  (Session info: chrome=60.0.3112.90)
Thread#0:T:  (Driver info: chromedriver=2.29.461591 (62ebf098771772160f391d75e589dc567915b233),platform=Windows NT 10.0.10586 x86_64)
Thread#0:T:   at OpenQA.Selenium.Remote.RemoteWebDriver.UnpackAndThrowOnError(Response errorResponse)
Thread#0:T:   at OpenQA.Selenium.Remote.RemoteWebDriver.Execute(String driverCommandToExecute, Dictionary`2 parameters)
Thread#0:T:   at OpenQA.Selenium.Remote.RemoteWebDriver.FindElement(String mechanism, String value)
Thread#0:T:   at OpenQA.Selenium.Remote.RemoteWebDriver.FindElementByXPath(String xpath)
Thread#0:T:   at OpenQA.Selenium.By.<>c__DisplayClasse.<XPath>b__c(ISearchContext context)
Thread#0:T:   at OpenQA.Selenium.By.FindElement(ISearchContext context)
Thread#0:T:   at OpenQA.Selenium.Remote.RemoteWebDriver.FindElement(By by)
Thread#0:T:   at TRID.ActionClasses.UIActions.GetText(By element) in F:\Projects\TRID QA\trid-462743\QA\UIAutomation\SpecFramework\ActionClasses\UIActions.cs:line 37
Thread#0:T:   at TRID.StepDefinitions.VariableLoanPaymentScheuledValidationSteps.ThenUpdatedComputedPaymentStreamNumberValueShouldDisplayOnArmWorstCase() in F:\Projects\TRID QA\trid-462743\QA\UIAutomation\SpecFramework\StepDefinitions\VariableLoanPaymentScheuledValidationSteps.cs:line 287
Thread#0:T:OpenQA.Selenium.NoSuchElementException: no such element: Unable to locate element: {"method":"xpath","selector":"//section[@id='PaymentScheduleOutputWorst']//tr[4]/td[1]//span"}
Thread#0:T:  (Session info: chrome=60.0.3112.90)
Thread#0:T:  (Driver info: chromedriver=2.29.461591 (62ebf098771772160f391d75e589dc567915b233),platform=Windows NT 10.0.10586 x86_64)
Thread#0:T:   at OpenQA.Selenium.Remote.RemoteWebDriver.UnpackAndThrowOnError(Response errorResponse)
Thread#0:T:   at OpenQA.Selenium.Remote.RemoteWebDriver.Execute(String driverCommandToExecute, Dictionary`2 parameters)
Thread#0:T:   at OpenQA.Selenium.Remote.RemoteWebDriver.FindElement(String mechanism, String value)
Thread#0:T:   at OpenQA.Selenium.Remote.RemoteWebDriver.FindElementByXPath(String xpath)
Thread#0:T:   at OpenQA.Selenium.By.<>c__DisplayClasse.<XPath>b__c(ISearchContext context)
Thread#0:T:   at OpenQA.Selenium.By.FindElement(ISearchContext context)
Thread#0:T:   at OpenQA.Selenium.Remote.RemoteWebDriver.FindElement(By by)
Thread#0:T:   at TRID.ActionClasses.UIActions.GetText(By element) in F:\Projects\TRID QA\trid-462743\QA\UIAutomation\SpecFramework\ActionClasses\UIActions.cs:line 37
Thread#0:T:   at TRID.StepDefinitions.VariableLoanPaymentScheuledValidationSteps.ThenUpdatedComputedPaymentStreamNumberValueShouldDisplayOnArmWorstCase() in F:\Projects\TRID QA\trid-462743\QA\UIAutomation\SpecFramework\StepDefinitions\VariableLoanPaymentScheuledValidationSteps.cs:line 287
Thread#0:T:done: VariableLoanPaymentScheuledValidationSteps.ThenUpdatedComputedPaymentStreamNumberValueShouldDisplayOnArmWorstCase() (1.1s)
Thread#0:B:And updated/computed Number of Payments value should display on ARM Worst Case
Thread#0:T:OpenQA.Selenium.NoSuchElementException: no such element: Unable to locate element: {"method":"xpath","selector":"//section[@id='PaymentScheduleOutputWorst']//tr[1]/td[2]//span"}
Thread#0:T:  (Session info: chrome=60.0.3112.90)
Thread#0:T:  (Driver info: chromedriver=2.29.461591 (62ebf098771772160f391d75e589dc567915b233),platform=Windows NT 10.0.10586 x86_64)
Thread#0:T:   at OpenQA.Selenium.Remote.RemoteWebDriver.UnpackAndThrowOnError(Response errorResponse)
Thread#0:T:   at OpenQA.Selenium.Remote.RemoteWebDriver.Execute(String driverCommandToExecute, Dictionary`2 parameters)
Thread#0:T:   at OpenQA.Selenium.Remote.RemoteWebDriver.FindElement(String mechanism, String value)
Thread#0:T:   at OpenQA.Selenium.Remote.RemoteWebDriver.FindElementByXPath(String xpath)
Thread#0:T:   at OpenQA.Selenium.By.<>c__DisplayClasse.<XPath>b__c(ISearchContext context)
Thread#0:T:   at OpenQA.Selenium.By.FindElement(ISearchContext context)
Thread#0:T:   at OpenQA.Selenium.Remote.RemoteWebDriver.FindElement(By by)
Thread#0:T:   at TRID.ActionClasses.UIActions.GetText(By element) in F:\Projects\TRID QA\trid-462743\QA\UIAutomation\SpecFramework\ActionClasses\UIActions.cs:line 37
Thread#0:T:   at TRID.StepDefinitions.VariableLoanPaymentScheuledValidationSteps.ThenUpdatedComputedNumberOfPaymentsValueShouldDisplayOnArmWorstCase() in F:\Projects\TRID QA\trid-462743\QA\UIAutomation\SpecFramework\StepDefinitions\VariableLoanPaymentScheuledValidationSteps.cs:line 322
Thread#0:T:OpenQA.Selenium.NoSuchElementException: no such element: Unable to locate element: {"method":"xpath","selector":"//section[@id='PaymentScheduleOutputWorst']//tr[2]/td[2]//span"}
Thread#0:T:  (Session info: chrome=60.0.3112.90)
Thread#0:T:  (Driver info: chromedriver=2.29.461591 (62ebf098771772160f391d75e589dc567915b233),platform=Windows NT 10.0.10586 x86_64)
Thread#0:T:   at OpenQA.Selenium.Remote.RemoteWebDriver.UnpackAndThrowOnError(Response errorResponse)
Thread#0:T:   at OpenQA.Selenium.Remote.RemoteWebDriver.Execute(String driverCommandToExecute, Dictionary`2 parameters)
Thread#0:T:   at OpenQA.Selenium.Remote.RemoteWebDriver.FindElement(String mechanism, String value)
Thread#0:T:   at OpenQA.Selenium.Remote.RemoteWebDriver.FindElementByXPath(String xpath)
Thread#0:T:   at OpenQA.Selenium.By.<>c__DisplayClasse.<XPath>b__c(ISearchContext context)
Thread#0:T:   at OpenQA.Selenium.By.FindElement(ISearchContext context)
Thread#0:T:   at OpenQA.Selenium.Remote.RemoteWebDriver.FindElement(By by)
Thread#0:T:   at TRID.ActionClasses.UIActions.GetText(By element) in F:\Projects\TRID QA\trid-462743\QA\UIAutomation\SpecFramework\ActionClasses\UIActions.cs:line 37
Thread#0:T:   at TRID.StepDefinitions.VariableLoanPaymentScheuledValidationSteps.ThenUpdatedComputedNumberOfPaymentsValueShouldDisplayOnArmWorstCase() in F:\Projects\TRID QA\trid-462743\QA\UIAutomation\SpecFramework\StepDefinitions\VariableLoanPaymentScheuledValidationSteps.cs:line 322
Thread#0:T:OpenQA.Selenium.NoSuchElementException: no such element: Unable to locate element: {"method":"xpath","selector":"//section[@id='PaymentScheduleOutputWorst']//tr[3]/td[2]//span"}
Thread#0:T:  (Session info: chrome=60.0.3112.90)
Thread#0:T:  (Driver info: chromedriver=2.29.461591 (62ebf098771772160f391d75e589dc567915b233),platform=Windows NT 10.0.10586 x86_64)
Thread#0:T:   at OpenQA.Selenium.Remote.RemoteWebDriver.UnpackAndThrowOnError(Response errorResponse)
Thread#0:T:   at OpenQA.Selenium.Remote.RemoteWebDriver.Execute(String driverCommandToExecute, Dictionary`2 parameters)
Thread#0:T:   at OpenQA.Selenium.Remote.RemoteWebDriver.FindElement(String mechanism, String value)
Thread#0:T:   at OpenQA.Selenium.Remote.RemoteWebDriver.FindElementByXPath(String xpath)
Thread#0:T:   at OpenQA.Selenium.By.<>c__DisplayClasse.<XPath>b__c(ISearchContext context)
Thread#0:T:   at OpenQA.Selenium.By.FindElement(ISearchContext context)
Thread#0:T:   at OpenQA.Selenium.Remote.RemoteWebDriver.FindElement(By by)
Thread#0:T:   at TRID.ActionClasses.UIActions.GetText(By element) in F:\Projects\TRID QA\trid-462743\QA\UIAutomation\SpecFramework\ActionClasses\UIActions.cs:line 37
Thread#0:T:   at TRID.StepDefinitions.VariableLoanPaymentScheuledValidationSteps.ThenUpdatedComputedNumberOfPaymentsValueShouldDisplayOnArmWorstCase() in F:\Projects\TRID QA\trid-462743\QA\UIAutomation\SpecFramework\StepDefinitions\VariableLoanPaymentScheuledValidationSteps.cs:line 322
Thread#0:T:OpenQA.Selenium.NoSuchElementException: no such element: Unable to locate element: {"method":"xpath","selector":"//section[@id='PaymentScheduleOutputWorst']//tr[4]/td[2]//span"}
Thread#0:T:  (Session info: chrome=60.0.3112.90)
Thread#0:T:  (Driver info: chromedriver=2.29.461591 (62ebf098771772160f391d75e589dc567915b233),platform=Windows NT 10.0.10586 x86_64)
Thread#0:T:   at OpenQA.Selenium.Remote.RemoteWebDriver.UnpackAndThrowOnError(Response errorResponse)
Thread#0:T:   at OpenQA.Selenium.Remote.RemoteWebDriver.Execute(String driverCommandToExecute, Dictionary`2 parameters)
Thread#0:T:   at OpenQA.Selenium.Remote.RemoteWebDriver.FindElement(String mechanism, String value)
Thread#0:T:   at OpenQA.Selenium.Remote.RemoteWebDriver.FindElementByXPath(String xpath)
Thread#0:T:   at OpenQA.Selenium.By.<>c__DisplayClasse.<XPath>b__c(ISearchContext context)
Thread#0:T:   at OpenQA.Selenium.By.FindElement(ISearchContext context)
Thread#0:T:   at OpenQA.Selenium.Remote.RemoteWebDriver.FindElement(By by)
Thread#0:T:   at TRID.ActionClasses.UIActions.GetText(By element) in F:\Projects\TRID QA\trid-462743\QA\UIAutomation\SpecFramework\ActionClasses\UIActions.cs:line 37
Thread#0:T:   at TRID.StepDefinitions.VariableLoanPaymentScheuledValidationSteps.ThenUpdatedComputedNumberOfPaymentsValueShouldDisplayOnArmWorstCase() in F:\Projects\TRID QA\trid-462743\QA\UIAutomation\SpecFramework\StepDefinitions\VariableLoanPaymentScheuledValidationSteps.cs:line 322
Thread#0:T:done: VariableLoanPaymentScheuledValidationSteps.ThenUpdatedComputedNumberOfPaymentsValueShouldDisplayOnArmWorstCase() (1.1s)
Thread#0:B:And updated/computed Payment Amount value should display on ARM Worst Case
Thread#0:T:OpenQA.Selenium.NoSuchElementException: no such element: Unable to locate element: {"method":"xpath","selector":"//section[@id='PaymentScheduleOutputWorst']//tr[1]/td[3]//span"}
Thread#0:T:  (Session info: chrome=60.0.3112.90)
Thread#0:T:  (Driver info: chromedriver=2.29.461591 (62ebf098771772160f391d75e589dc567915b233),platform=Windows NT 10.0.10586 x86_64)
Thread#0:T:   at OpenQA.Selenium.Remote.RemoteWebDriver.UnpackAndThrowOnError(Response errorResponse)
Thread#0:T:   at OpenQA.Selenium.Remote.RemoteWebDriver.Execute(String driverCommandToExecute, Dictionary`2 parameters)
Thread#0:T:   at OpenQA.Selenium.Remote.RemoteWebDriver.FindElement(String mechanism, String value)
Thread#0:T:   at OpenQA.Selenium.Remote.RemoteWebDriver.FindElementByXPath(String xpath)
Thread#0:T:   at OpenQA.Selenium.By.<>c__DisplayClasse.<XPath>b__c(ISearchContext context)
Thread#0:T:   at OpenQA.Selenium.By.FindElement(ISearchContext context)
Thread#0:T:   at OpenQA.Selenium.Remote.RemoteWebDriver.FindElement(By by)
Thread#0:T:   at TRID.ActionClasses.UIActions.GetText(By element) in F:\Projects\TRID QA\trid-462743\QA\UIAutomation\SpecFramework\ActionClasses\UIActions.cs:line 37
Thread#0:T:   at TRID.StepDefinitions.VariableLoanPaymentScheuledValidationSteps.ThenUpdatedComputedPaymentAmountValueShouldDisplayOnArmWorstCase() in F:\Projects\TRID QA\trid-462743\QA\UIAutomation\SpecFramework\StepDefinitions\VariableLoanPaymentScheuledValidationSteps.cs:line 353
Thread#0:T:OpenQA.Selenium.NoSuchElementException: no such element: Unable to locate element: {"method":"xpath","selector":"//section[@id='PaymentScheduleOutputWorst']//tr[2]/td[3]//span"}
Thread#0:T:  (Session info: chrome=60.0.3112.90)
Thread#0:T:  (Driver info: chromedriver=2.29.461591 (62ebf098771772160f391d75e589dc567915b233),platform=Windows NT 10.0.10586 x86_64)
Thread#0:T:   at OpenQA.Selenium.Remote.RemoteWebDriver.UnpackAndThrowOnError(Response errorResponse)
Thread#0:T:   at OpenQA.Selenium.Remote.RemoteWebDriver.Execute(String driverCommandToExecute, Dictionary`2 parameters)
Thread#0:T:   at OpenQA.Selenium.Remote.RemoteWebDriver.FindElement(String mechanism, String value)
Thread#0:T:   at OpenQA.Selenium.Remote.RemoteWebDriver.FindElementByXPath(String xpath)
Thread#0:T:   at OpenQA.Selenium.By.<>c__DisplayClasse.<XPath>b__c(ISearchContext context)
Thread#0:T:   at OpenQA.Selenium.By.FindElement(ISearchContext context)
Thread#0:T:   at OpenQA.Selenium.Remote.RemoteWebDriver.FindElement(By by)
Thread#0:T:   at TRID.ActionClasses.UIActions.GetText(By element) in F:\Projects\TRID QA\trid-462743\QA\UIAutomation\SpecFramework\ActionClasses\UIActions.cs:line 37
Thread#0:T:   at TRID.StepDefinitions.VariableLoanPaymentScheuledValidationSteps.ThenUpdatedComputedPaymentAmountValueShouldDisplayOnArmWorstCase() in F:\Projects\TRID QA\trid-462743\QA\UIAutomation\SpecFramework\StepDefinitions\VariableLoanPaymentScheuledValidationSteps.cs:line 353
Thread#0:T:OpenQA.Selenium.NoSuchElementException: no such element: Unable to locate element: {"method":"xpath","selector":"//section[@id='PaymentScheduleOutputWorst']//tr[3]/td[3]//span"}
Thread#0:T:  (Session info: chrome=60.0.3112.90)
Thread#0:T:  (Driver info: chromedriver=2.29.461591 (62ebf098771772160f391d75e589dc567915b233),platform=Windows NT 10.0.10586 x86_64)
Thread#0:T:   at OpenQA.Selenium.Remote.RemoteWebDriver.UnpackAndThrowOnError(Response errorResponse)
Thread#0:T:   at OpenQA.Selenium.Remote.RemoteWebDriver.Execute(String driverCommandToExecute, Dictionary`2 parameters)
Thread#0:T:   at OpenQA.Selenium.Remote.RemoteWebDriver.FindElement(String mechanism, String value)
Thread#0:T:   at OpenQA.Selenium.Remote.RemoteWebDriver.FindElementByXPath(String xpath)
Thread#0:T:   at OpenQA.Selenium.By.<>c__DisplayClasse.<XPath>b__c(ISearchContext context)
Thread#0:T:   at OpenQA.Selenium.By.FindElement(ISearchContext context)
Thread#0:T:   at OpenQA.Selenium.Remote.RemoteWebDriver.FindElement(By by)
Thread#0:T:   at TRID.ActionClasses.UIActions.GetText(By element) in F:\Projects\TRID QA\trid-462743\QA\UIAutomation\SpecFramework\ActionClasses\UIActions.cs:line 37
Thread#0:T:   at TRID.StepDefinitions.VariableLoanPaymentScheuledValidationSteps.ThenUpdatedComputedPaymentAmountValueShouldDisplayOnArmWorstCase() in F:\Projects\TRID QA\trid-462743\QA\UIAutomation\SpecFramework\StepDefinitions\VariableLoanPaymentScheuledValidationSteps.cs:line 353
Thread#0:T:OpenQA.Selenium.NoSuchElementException: no such element: Unable to locate element: {"method":"xpath","selector":"//section[@id='PaymentScheduleOutputWorst']//tr[4]/td[3]//span"}
Thread#0:T:  (Session info: chrome=60.0.3112.90)
Thread#0:T:  (Driver info: chromedriver=2.29.461591 (62ebf098771772160f391d75e589dc567915b233),platform=Windows NT 10.0.10586 x86_64)
Thread#0:T:   at OpenQA.Selenium.Remote.RemoteWebDriver.UnpackAndThrowOnError(Response errorResponse)
Thread#0:T:   at OpenQA.Selenium.Remote.RemoteWebDriver.Execute(String driverCommandToExecute, Dictionary`2 parameters)
Thread#0:T:   at OpenQA.Selenium.Remote.RemoteWebDriver.FindElement(String mechanism, String value)
Thread#0:T:   at OpenQA.Selenium.Remote.RemoteWebDriver.FindElementByXPath(String xpath)
Thread#0:T:   at OpenQA.Selenium.By.<>c__DisplayClasse.<XPath>b__c(ISearchContext context)
Thread#0:T:   at OpenQA.Selenium.By.FindElement(ISearchContext context)
Thread#0:T:   at OpenQA.Selenium.Remote.RemoteWebDriver.FindElement(By by)
Thread#0:T:   at TRID.ActionClasses.UIActions.GetText(By element) in F:\Projects\TRID QA\trid-462743\QA\UIAutomation\SpecFramework\ActionClasses\UIActions.cs:line 37
Thread#0:T:   at TRID.StepDefinitions.VariableLoanPaymentScheuledValidationSteps.ThenUpdatedComputedPaymentAmountValueShouldDisplayOnArmWorstCase() in F:\Projects\TRID QA\trid-462743\QA\UIAutomation\SpecFramework\StepDefinitions\VariableLoanPaymentScheuledValidationSteps.cs:line 353
Thread#0:T:done: VariableLoanPaymentScheuledValidationSteps.ThenUpdatedComputedPaymentAmountValueShouldDisplayOnArmWorstCase() (1.1s)
Thread#0:B:And updated/computed Principal and Interest Payment value should display on ARM Worst Case
Thread#0:T:OpenQA.Selenium.NoSuchElementException: no such element: Unable to locate element: {"method":"xpath","selector":"//section[@id='PaymentScheduleOutputWorst']//tr[1]/td[4]//span"}
Thread#0:T:  (Session info: chrome=60.0.3112.90)
Thread#0:T:  (Driver info: chromedriver=2.29.461591 (62ebf098771772160f391d75e589dc567915b233),platform=Windows NT 10.0.10586 x86_64)
Thread#0:T:   at OpenQA.Selenium.Remote.RemoteWebDriver.UnpackAndThrowOnError(Response errorResponse)
Thread#0:T:   at OpenQA.Selenium.Remote.RemoteWebDriver.Execute(String driverCommandToExecute, Diction