VS filter: testpath:TestAssembly:TRID/Feature:CardsValidation/Scenario:Giving+inputs+from+Excel+file+and+validating+cards+value+on+Closing+Disclosure+page%2c+001
Discovering target: Default
Discovering tests from assembly: F:\Projects\TRID QA\trid-462743\QA\UIAutomation\SpecFramework\bin\Debug\TRID.dll
Appdomain Disposed
Test Suite Dump
#0: TRID/Default - 
#1: Default - 
#2: TRID - 
#154: CardsValidation - 
#185: Giving inputs from Excel file and validating cards value on Closing Disclosure page, 001 - TestAssembly:TRID/Feature:CardsValidation/Scenario:Giving+inputs+from+Excel+file+and+validating+cards+value+on+Closing+Disclosure+page%2c+001
End: Test Suite Dump
Thread#0:Scheduler: get next test for thread
Thread#:Scheduler: testitem #185 from normal test queue 
Thread#0:Scheduler: considering testitem #185 for thread
Thread#0:Scheduler: using testitem #185 for thread
Thread#0:Scheduler: Test #185 is scheduled for thread
Thread#0:Scheduler: with testItemExecutionIndex 0
Thread #0: creating new test thread executor for TRID, Version=1.0.0.0, Culture=neutral, PublicKeyToken=null (target: Default)
Loading SpecRun type 'TechTalk.SpecRun.Framework.TestAssemblyExecutor' from: C:\Users\sandees\AppData\Local\Temp\VisualStudioTestExplorerExtensions\SpecRun.Runner.1.5.2\tools\TechTalk.SpecRun.Framework.Executor.dll
Thread#0: Test #185/0 is started on thread #0
Thread#0:B:Given user is at TRID application homepage
Thread#0:T:done: CardsValidationSteps.GivenUserIsAtTridApplicationHomepage() (71.0s)
Thread#0:B:And user have closing disclosure data from excel sheet ClosingDisclosure for the scenario 2
Thread#0:T:done: CardsValidationSteps.GivenUserHaveClosingDisclosureDataFromExcelSheetForTheScenario("ClosingDisclosure", 2) (1.3s)
Thread#0:B:And user have Mortgage Insurance data from excel sheet MortgageInsurance for the scenario 2
Thread#0:T:done: CardsValidationSteps.GivenUserHaveMortgageInsuranceDataFromExcelSheetForTheScenarioMortgageInsurance("MortgageInsurance", 2) (0.7s)
Thread#0:B:And user have variable loan data from excel sheet ARMTerms for the scenario 1
Thread#0:T:done: CardsValidationSteps.GivenUserHaveVariableLoanDataFromExcelSheetForTheScenario("ARMTerms", 1) (0.8s)
Thread#0:B:And user have Prepaid Charges data from excel sheet PrepaidCharges for the scenario 2
Thread#0:T:done: CardsValidationSteps.GivenUserHavePrepaidChargesDataFromExcelSheetPrepaidChargesForTheScenario("PrepaidCharges", 2) (0.8s)
Thread#0:B:And user have Export data from excel sheet Export for the scenario 2
Thread#0:T:done: CardsValidationSteps.GivenUserHaveExportDataFromExcelSheetExportForTheScenario("Export", 2) (0.6s)
Thread#0:B:And user have Escrow Grid data from excel sheet EscrowGrid for the scenario 2
Thread#0:T:done: CardsValidationSteps.GivenUserHaveEscrowGridDataFromExcelSheetForTheScenario("EscrowGrid", 2) (0.7s)
Thread#0:B:When user navigate to Loan Inputs Page
Thread#0:T:done: CardsValidationSteps.WhenUserNavigateToLoanInputsPage() (1.1s)
Thread#0:B:And user selects Calculation Method
Thread#0:T:done: CardsValidationSteps.WhenUserSelectsCalculationMethodInClosingDisclosurePage() (0.2s)
Thread#0:B:And user selects loan type
Thread#0:T:done: CardsValidationSteps.WhenUserSelectsLoanTypeInClosingDisclosurePage() (0.1s)
Thread#0:B:And user selects Frequency of Payments
Thread#0:T:done: CardsValidationSteps.WhenUserSelectsFrequencyOfPaymentsInClosingDisclosurePage() (0.1s)
Thread#0:B:And user selects Loan Term
Thread#0:T:done: CardsValidationSteps.WhenUserSelectsLoanTermInClosingDisclosurePage() (0.1s)
Thread#0:B:And user selects Repayment Term Type
Thread#0:T:done: CardsValidationSteps.WhenUserSelectsRepaymentTermTypeInClosingDisclosurePage() (0.1s)
Thread#0:B:And user enters Loan detail input values for computation
Thread#0:T:done: CardsValidationSteps.WhenUserEntersLoanDetailInputValuesForComputationforClosingDisclosurepage() (1.7s)
Thread#0:B:And user enters Escrow Grid Input values
Thread#0:T:done: CardsValidationSteps.WhenUserEntersEscrowGridInputValues() (4.5s)
Thread#0:B:And user enters all input values for Prepaid Charges
Thread#0:T:done: CardsValidationSteps.WhenUserEntersAllInputValuesForPrepaidCharges() (3.3s)
Thread#0:B:And user enters input value for prepaid custom fields
Thread#0:T:done: CardsValidationSteps.WhenUserEntersInputValueForPrepaidCustomFields() (0.0s)
Thread#0:B:And user navigates to MI Inputs and Results Page
Thread#0:T:done: CardsValidationSteps.WhenUserNavigatesToMiInputsAndResultsPage() (0.6s)
Thread#0:B:And user enters pmi rate values
Thread#0:T:done: CardsValidationSteps.WhenUserEntersPmiRateValues() (2.0s)
Thread#0:B:And user enters other pmi input values
Thread#0:T:done: CardsValidationSteps.WhenUserEntersOtherPmiInputValues() (0.7s)
Thread#0:B:And user enters FHA/USDA Loan Details
Thread#0:T:done: CardsValidationSteps.WhenUserEntersFHAOrUSDALoanDetails() (0.4s)
Thread#0:B:And user enters disclosed input values for Mortgage Insurance
Thread#0:T:done: CardsValidationSteps.WhenUserEntersDisclosedInputValuesForMortgageInsurance() (1.6s)
Thread#0:B:And user navigates to Disclosure Inputs Page
Thread#0:T:done: CardsValidationSteps.WhenUserNavigatesToDisclosureInputsPage() (0.4s)
Thread#0:B:And user enters disclosed input values for Closing Disclosure Loan Terms & Projected Payments
Thread#0:T:done: CardsValidationSteps.WhenUserEntersDisclosedInputValuesForClosingDisclosureLoanTermsProjectedPayments() (0.7s)
Thread#0:B:And user enters disclosed input values for Closing Disclosure Loan Calculations
Thread#0:T:done: CardsValidationSteps.WhenUserEntersDisclosedInputValuesForClosingDisclosureLoanCalculations() (0.9s)
Thread#0:B:And user enters disclosed input values for Property Cost and Escrow
Thread#0:T:done: CardsValidationSteps.WhenUserEntersDisclosedInputValuesForPropertyCostAndEscrow() (0.4s)
Thread#0:B:And user navigates to Loan Estimate Cards Page
Thread#0:T:done: CardsValidationSteps.WhenUserNavigatesToLoanEstimateCardsPage() (0.6s)
Thread#0:B:And user enters disclsoed input values for Loan Estimate - Comparisons
Thread#0:T:done: CardsValidationSteps.WhenUserEntersDisclsoedInputValuesForLoanEstimate_Comparisons() (1.7s)
Thread#0:B:And user navigates to Export Page
Thread#0:T:done: CardsValidationSteps.WhenUserNavigatesToExportPage() (0.4s)
Thread#0:B:And user enters all input values for Export Page
Thread#0:T:done: CardsValidationSteps.WhenUserEntersAllInputValuesForExportPage() (1.0s)
Thread#0:B:And user clicks on Export button to generate JSON file
Thread#0:T:done: CardsValidationSteps.WhenUserClicksOnExportButtonToGenerateJsonFile() (3.7s)
Thread#0:B:Then user navigates to Closing Disclosure Cards Page
Thread#0:T:done: CardsValidationSteps.ThenUserNavigatesToClosingDisclosureCardsPage() (0.5s)
Thread#0:B:And updated/computed Principal and Interest value should display on Closing Disclosure
Thread#0:T:===========================================================
Thread#0:T:ExpectedComputedValue :606.91
Thread#0:T:ActualComputedValue :606.91
Thread#0:T:============================================================
Thread#0:T:===========================================================
Thread#0:T:ExpectedDisclosedValue :606.91
Thread#0:T:ActualDisclosedValue :606.91
Thread#0:T:============================================================
Thread#0:T:===========================================================
Thread#0:T:ExpectedVarianceValue :0
Thread#0:T:ActualVarianceValue :0
Thread#0:T:============================================================
Thread#0:T:done: CardsValidationSteps.ThenUpdatedComputedPrincipalAndInterestValueShouldDisplayOnClosingDisclosure() (0.9s)
Thread#0:B:And updated/computed Mortgage Insurance value should display on Closing Disclosure
Thread#0:T:===========================================================
Thread#0:T:ExpectedComputedValue :40.39
Thread#0:T:ActualComputedValue :40.39
Thread#0:T:============================================================
Thread#0:T:===========================================================
Thread#0:T:ExpectedDisclosedValue :40.39
Thread#0:T:ActualDisclosedValue :40.39
Thread#0:T:============================================================
Thread#0:T:===========================================================
Thread#0:T:ExpectedVarianceValue :0
Thread#0:T:ActualVarianceValue :0
Thread#0:T:============================================================
Thread#0:T:done: CardsValidationSteps.ThenUpdatedComputedMortgageInsuranceValueShouldDisplayOnClosingDisclosure() (0.9s)
Thread#0:B:And updated/computed Estimated Total Monthly Payment value should display on Closing Disclosure
Thread#0:T:===========================================================
Thread#0:T:ExpectedComputedValue :847.3
Thread#0:T:ActualComputedValue :847.3
Thread#0:T:============================================================
Thread#0:T:===========================================================
Thread#0:T:ExpectedDisclosedValue :847.3
Thread#0:T:ActualDisclosedValue :847.3
Thread#0:T:============================================================
Thread#0:T:===========================================================
Thread#0:T:ExpectedVarianceValue :0
Thread#0:T:ActualVarianceValue :0
Thread#0:T:============================================================
Thread#0:T:done: CardsValidationSteps.ThenUpdatedComputedEstimatedTotalMonthlyPaymentValueShouldDisplayOnClosingDisclosure() (0.9s)
Thread#0:B:And updated/computed APR value should display on Closing Disclosure
Thread#0:T:===========================================================
Thread#0:T:ExpectedComputedValue :3.866
Thread#0:T:ActualComputedValue :3.866
Thread#0:T:============================================================
Thread#0:T:===========================================================
Thread#0:T:ExpectedDisclosedValue :3.866
Thread#0:T:ActualDisclosedValue :3.866
Thread#0:T:============================================================
Thread#0:T:===========================================================
Thread#0:T:ExpectedVarianceValue :0
Thread#0:T:ActualVarianceValue :0
Thread#0:T:============================================================
Thread#0:T:done: CardsValidationSteps.ThenUpdatedComputedAprValueShouldDisplayOnClosingDisclosure() (0.9s)
Thread#0:B:And APRWIN info value should display on Closing Disclosure
Thread#0:T:===========================================================
Thread#0:T:ExpectedInfoValue :3.8659
Thread#0:T:ActualIfoValue :3.8659
Thread#0:T:============================================================
Thread#0:T:done: CardsValidationSteps.ThenAprwinInfoValueShouldDisplayOnClosingDisclosure() (0.3s)
Thread#0:B:And updated/computed Balloon Amount value should display on Closing Disclosure
Thread#0:T:===========================================================
Thread#0:T:ExpectedComputedValue :605.2
Thread#0:T:ActualComputedValue :605.2
Thread#0:T:============================================================
Thread#0:T:===========================================================
Thread#0:T:ExpectedDisclosedValue :605.2
Thread#0:T:ActualDisclosedValue :605.2
Thread#0:T:============================================================
Thread#0:T:===========================================================
Thread#0:T:ExpectedVarianceValue :0
Thread#0:T:ActualVarianceValue :0
Thread#0:T:============================================================
Thread#0:T:done: CardsValidationSteps.ThenUpdatedComputedBalloonAmountValueShouldDisplayOnClosingDisclosure() (0.9s)
Thread#0:B:And updated/computed Total of Payments value should display on Closing Disclosure
Thread#0:T:===========================================================
Thread#0:T:ExpectedComputedValue :220424.61
Thread#0:T:ActualComputedValue :220424.61
Thread#0:T:============================================================
Thread#0:T:===========================================================
Thread#0:T:ExpectedDisclosedValue :220424.61
Thread#0:T:ActualDisclosedValue :220424.61
Thread#0:T:============================================================
Thread#0:T:===========================================================
Thread#0:T:ExpectedVarianceValue :0
Thread#0:T:ActualVarianceValue :0
Thread#0:T:============================================================
Thread#0:T:done: CardsValidationSteps.ThenUpdatedComputedTotalOfPaymentsValueShouldDisplayOnClosingDisclosure() (0.9s)
Thread#0:B:And updated/computed Finance Charge value should display on Closing Disclosure
Thread#0:T:NUnit.Framework.AssertionException:   Computed value does not match as expected with the difference of 0.0200000000040745
Thread#0:T:  Expected: 89424.610000000001d
Thread#0:T:  But was:  89424.589999999997d
Thread#0:T:   at NUnit.Framework.Assert.That[TActual](TActual actual, IResolveConstraint expression, String message, Object[] args)
Thread#0:T:   at NUnit.Framework.Assert.AreEqual(Object expected, Object actual, String message, Object[] args)
Thread#0:T:   at TRID.StepDefinitions.CardsValidationSteps.ThenUpdatedComputedFinanceChargeValueShouldDisplayOnClosingDisclosure() in F:\Projects\TRID QA\trid-462743\QA\UIAutomation\SpecFramework\StepDefinitions\CardsValidationSteps.cs:line 869
Thread#0:T:done: CardsValidationSteps.ThenUpdatedComputedFinanceChargeValueShouldDisplayOnClosingDisclosure() (0.5s)
Thread#0:B:And updated/computed Amount Financed value should display on Closing Disclosure
Thread#0:T:===========================================================
Thread#0:T:ExpectedComputedValue :131000
Thread#0:T:ActualComputedValue :131000
Thread#0:T:============================================================
Thread#0:T:===========================================================
Thread#0:T:ExpectedDisclosedValue :131000
Thread#0:T:ActualDisclosedValue :131000
Thread#0:T:============================================================
Thread#0:T:===========================================================
Thread#0:T:ExpectedVarianceValue :0
Thread#0:T:ActualVarianceValue :0
Thread#0:T:============================================================
Thread#0:T:done: CardsValidationSteps.ThenUpdatedComputedAmountFinancedValueShouldDisplayOnClosingDisclosure() (0.9s)
Thread#0:B:And updated/computed TIP value should display on Closing Disclosure
Thread#0:T:===========================================================
Thread#0:T:ExpectedComputedValue :66.78
Thread#0:T:ActualComputedValue :66.78
Thread#0:T:============================================================
Thread#0:T:===========================================================
Thread#0:T:ExpectedDisclosedValue :66.78
Thread#0:T:ActualDisclosedValue :66.78
Thread#0:T:============================================================
Thread#0:T:===========================================================
Thread#0:T:ExpectedVarianceValue :0
Thread#0:T:ActualVarianceValue :0
Thread#0:T:============================================================
Thread#0:T:done: CardsValidationSteps.ThenUpdatedComputedTipValueShouldDisplayOnClosingDisclosure() (0.9s)
Thread#0:B:And updated/computed Escrow Property Costs over one year 11 Months value should display on Closing Disclosure
Thread#0:T:===========================================================
Thread#0:T:ExpectedComputedValue :2400
Thread#0:T:ActualComputedValue :2400
Thread#0:T:============================================================
Thread#0:T:===========================================================
Thread#0:T:ExpectedDisclosedValue :2400
Thread#0:T:ActualDisclosedValue :2400
Thread#0:T:============================================================
Thread#0:T:===========================================================
Thread#0:T:ExpectedVarianceValue :0
Thread#0:T:ActualVarianceValue :0
Thread#0:T:============================================================
Thread#0:T:done: CardsValidationSteps.ThenUpdatedComputedEscrowPropertyCostsOverOneYear11MonthsValueShouldDisplayOnClosingDisclosure() (0.9s)
Thread#0:B:And updated/computed Escrow Property Costs over one year 12 Months value should display on Closing Disclosure
Thread#0:T:===========================================================
Thread#0:T:ExpectedComputedValue :2400
Thread#0:T:ActualComputedValue :2400
Thread#0:T:============================================================
Thread#0:T:===========================================================
Thread#0:T:ExpectedDisclosedValue :2400
Thread#0:T:ActualDisclosedValue :2400
Thread#0:T:============================================================
Thread#0:T:===========================================================
Thread#0:T:ExpectedVarianceValue :0
Thread#0:T:ActualVarianceValue :0
Thread#0:T:============================================================
Thread#0:T:done: CardsValidationSteps.ThenUpdatedComputedEscrowPropertyCostsOverOneYear12MonthsValueShouldDisplayOnClosingDisclosure() (0.9s)
Thread#0:B:And updated/computed Initial Escrow Payment value should display on Closing Disclosure
Thread#0:T:===========================================================
Thread#0:T:ExpectedComputedValue :1200
Thread#0:T:ActualComputedValue :1200
Thread#0:T:============================================================
Thread#0:T:===========================================================
Thread#0:T:ExpectedDisclosedValue :1200
Thread#0:T:ActualDisclosedValue :1200
Thread#0:T:============================================================
Thread#0:T:===========================================================
Thread#0:T:ExpectedVarianceValue :0
Thread#0:T:ActualVarianceValue :0
Thread#0:T:============================================================
Thread#0:T:done: CardsValidationSteps.ThenUpdatedComputedInitialEscrowPaymentValueShouldDisplayOnClosingDisclosure() (1.0s)
Thread#0:B:And updated/computed Non Escrow Property Costs over one year value should display on Closing Disclosure
Thread#0:T:===========================================================
Thread#0:T:ExpectedComputedValue :900
Thread#0:T:ActualComputedValue :900
Thread#0:T:============================================================
Thread#0:T:===========================================================
Thread#0:T:ExpectedDisclosedValue :900
Thread#0:T:ActualDisclosedValue :900
Thread#0:T:============================================================
Thread#0:T:===========================================================
Thread#0:T:ExpectedVarianceValue :0
Thread#0:T:ActualVarianceValue :0
Thread#0:T:============================================================
Thread#0:T:done: CardsValidationSteps.ThenUpdatedComputedNonEscrowPropertyCostsOverOneYearValueShouldDisplayOnClosingDisclosure() (0.9s)
Thread#0:B:And updated/computed Estimated Escrow value should display on Closing Disclosure
Thread#0:T:===========================================================
Thread#0:T:ExpectedComputedValue :200
Thread#0:T:ActualComputedValue :200
Thread#0:T:============================================================
Thread#0:T:===========================================================
Thread#0:T:ExpectedDisclosedValue :200
Thread#0:T:ActualDisclosedValue :200
Thread#0:T:============================================================
Thread#0:T:OpenQA.Selenium.NoSuchElementException: no such element: Unable to locate element: {"method":"xpath","selector":"//div[@id='EstimatedEscrow']//p[3]"}
Thread#0:T:  (Session info: chrome=60.0.3112.90)
Thread#0:T:  (Driver info: chromedriver=2.29.461591 (62ebf098771772160f391d75e589dc567915b233),platform=Windows NT 10.0.10586 x86_64)
Thread#0:T:   at OpenQA.Selenium.Remote.RemoteWebDriver.UnpackAndThrowOnError(Response errorResponse)
Thread#0:T:   at OpenQA.Selenium.Remote.RemoteWebDriver.Execute(String driverCommandToExecute, Dictionary`2 parameters)
Thread#0:T:   at OpenQA.Selenium.Remote.RemoteWebDriver.FindElement(String mechanism, String value)
Thread#0:T:   at OpenQA.Selenium.Remote.RemoteWebDriver.FindElementByXPath(String xpath)
Thread#0:T:   at OpenQA.Selenium.By.<>c__DisplayClasse.<XPath>b__c(ISearchContext context)
Thread#0:T:   at OpenQA.Selenium.By.FindElement(ISearchContext context)
Thread#0:T:   at OpenQA.Selenium.Remote.RemoteWebDriver.FindElement(By by)
Thread#0:T:   at TRID.ActionClasses.UIActions.GetText(By element) in F:\Projects\TRID QA\trid-462743\QA\UIAutomation\SpecFramework\ActionClasses\UIActions.cs:line 37
Thread#0:T:   at TRID.StepDefinitions.CardsValidationSteps.ThenUpdatedComputedEstimatedEscrowValueShouldDisplayOnClosingDisclosure() in F:\Projects\TRID QA\trid-462743\QA\UIAutomation\SpecFramework\StepDefinitions\CardsValidationSteps.cs:line 1235
Thread#0:T:done: CardsValidationSteps.ThenUpdatedComputedEstimatedEscrowValueShouldDisplayOnClosingDisclosure() (2.1s)
Thread#0:B:And updated/computed Estimated Taxes, Insurance & Assessments value should display on Closing Disclosure
Thread#0:T:OpenQA.Selenium.NoSuchElementException: no such element: Unable to locate element: {"method":"xpath","selector":"//div[@id='EstimatedTaxesInsuranceAssessments']//p[1]"}
Thread#0:T:  (Session info: chrome=60.0.3112.90)
Thread#0:T:  (Driver info: chromedriver=2.29.461591 (62ebf098771772160f391d75e589dc567915b233),platform=Windows NT 10.0.10586 x86_64)
Thread#0:T:   at OpenQA.Selenium.Remote.RemoteWebDriver.UnpackAndThrowOnError(Response errorResponse)
Thread#0:T:   at OpenQA.Selenium.Remote.RemoteWebDriver.Execute(String driverCommandToExecute, Dictionary`2 parameters)
Thread#0:T:   at OpenQA.Selenium.Remote.RemoteWebDriver.FindElement(String mechanism, String value)
Thread#0:T:   at OpenQA.Selenium.Remote.RemoteWebDriver.FindElementByXPath(String xpath)
Thread#0:T:   at OpenQA.Selenium.By.<>c__DisplayClasse.<XPath>b__c(ISearchContext context)
Thread#0:T:   at OpenQA.Selenium.By.FindElement(ISearchContext context)
Thread#0:T:   at OpenQA.Selenium.Remote.RemoteWebDriver.FindElement(By by)
Thread#0:T:   at TRID.ActionClasses.UIActions.GetText(By element) in F:\Projects\TRID QA\trid-462743\QA\UIAutomation\SpecFramework\ActionClasses\UIActions.cs:line 37
Thread#0:T:   at TRID.StepDefinitions.CardsValidationSteps.ThenUpdatedComputedEstimatedTaxesInsuranceAssessmentsValueShouldDisplayOnClosingDisclosure() in F:\Projects\TRID QA\trid-462743\QA\UIAutomation\SpecFramework\StepDefinitions\CardsValidationSteps.cs:line 1260
Thread#0:T:done: CardsValidationSteps.ThenUpdatedComputedEstimatedTaxesInsuranceAssessmentsValueShouldDisplayOnClosingDisclosure() (1.8s)
Thread#0:B:And user navigates to MI Inputs and Results Page
Thread#0:T:done: CardsValidationSteps.ThenUserNavigatesToMIInputsAndResultsPage() (0.3s)
Thread#0:B:And updated/computed Scheduled PMI Termination Date value should display on Closing Disclosure
Thread#0:T:===========================================================
Thread#0:T:ExpectedComputedValue :3/1/2016 12:00:00 AM
Thread#0:T:ActualComputedValue :3/1/2016 12:00:00 AM
Thread#0:T:============================================================
Thread#0:T:===========================================================
Thread#0:T:ExpectedDisclosedValue :3/1/2016 12:00:00 AM
Thread#0:T:ActualDisclosedValue :3/1/2016 12:00:00 AM
Thread#0:T:============================================================
Thread#0:T:===========================================================
Thread#0:T:ExpectedVarianceValue :0
Thread#0:T:ActualVarianceValue :0
Thread#0:T:============================================================
Thread#0:T:done: CardsValidationSteps.ThenUpdatedComputedScheduledPmiTerminationDateValueShouldDisplayOnClosingDisclosure() (1.0s)
Thread#0:B:And updated/computed Cancel Date value should display on Closing Disclosure
Thread#0:T:===========================================================
Thread#0:T:ExpectedComputedValue :1/1/2015 12:00:00 AM
Thread#0:T:ActualComputedValue :1/1/2015 12:00:00 AM
Thread#0:T:============================================================
Thread#0:T:===========================================================
Thread#0:T:ExpectedDisclosedValue :1/1/2015 12:00:00 AM
Thread#0:T:ActualDisclosedValue :1/1/2015 12:00:00 AM
Thread#0:T:============================================================
Thread#0:T:System.FormatException: Input string was not in a correct format.
Thread#0:T:   at System.Number.ParseDouble(String value, NumberStyles options, NumberFormatInfo numfmt)
Thread#0:T:   at System.Convert.ToDouble(String value)
Thread#0:T:   at TRID.StepDefinitions.CardsValidationSteps.ThenUpdatedComputedCancelDateValueShouldDisplayOnClosingDisclosure() in F:\Projects\TRID QA\trid-462743\QA\UIAutomation\SpecFramework\StepDefinitions\CardsValidationSteps.cs:line 1533
Thread#0:T:done: CardsValidationSteps.ThenUpdatedComputedCancelDateValueShouldDisplayOnClosingDisclosure() (0.9s)
Thread#0:B:And updated/computed Upfront MIP values value should display on Closing Disclosure
Thread#0:T:OpenQA.Selenium.NoSuchElementException: no such element: Unable to locate element: {"method":"xpath","selector":"//div[@id='UpfrontMipCard']//p[1]"}
Thread#0:T:  (Session info: chrome=60.0.3112.90)
Thread#0:T:  (Driver info: chromedriver=2.29.461591 (62ebf098771772160f391d75e589dc567915b233),platform=Windows NT 10.0.10586 x86_64)
Thread#0:T:   at OpenQA.Selenium.Remote.RemoteWebDriver.UnpackAndThrowOnError(Response errorResponse)
Thread#0:T:   at OpenQA.Selenium.Remote.RemoteWebDriver.Execute(String driverCommandToExecute, Dictionary`2 parameters)
Thread#0:T:   at OpenQA.Selenium.Remote.RemoteWebDriver.FindElement(String mechanism, String value)
Thread#0:T:   at OpenQA.Selenium.Remote.RemoteWebDriver.FindElementByXPath(String xpath)
Thread#0:T:   at OpenQA.Selenium.By.<>c__DisplayClasse.<XPath>b__c(ISearchContext context)
Thread#0:T:   at OpenQA.Selenium.By.FindElement(ISearchContext context)
Thread#0:T:   at OpenQA.Selenium.Remote.RemoteWebDriver.FindElement(By by)
Thread#0:T:   at TRID.ActionClasses.UIActions.GetText(By element) in F:\Projects\TRID QA\trid-462743\QA\UIAutomation\SpecFramework\ActionClasses\UIActions.cs:line 37
Thread#0:T:   at TRID.StepDefinitions.CardsValidationSteps.ThenUpdatedComputedUpfrontMipValuesValueShouldDisplayOnClosingDisclosure() in F:\Projects\TRID QA\trid-462743\QA\UIAutomation\SpecFramework\StepDefinitions\CardsValidationSteps.cs:line 1603
Thread#0:T:done: CardsValidationSteps.ThenUpdatedComputedUpfrontMipValuesValueShouldDisplayOnClosingDisclosure() (1.2s)
Thread#0:B:And user navigates to Loan Estimate Cards Page
Thread#0:T:done: CardsValidationSteps.ThenUserNavigatesToLoanEstimateCardsPage() (0.6s)
Thread#0:B:And updated/computed in 5 Years value should display on Loan Estimate
Thread#0:T:===========================================================
Thread#0:T:ExpectedComputedValue :38353.32
Thread#0:T:ActualComputedValue :38353.32
Thread#0:T:============================================================
Thread#0:T:===========================================================
Thread#0:T:ExpectedDisclosedValue :38353.32
Thread#0:T:ActualDisclosedValue :38353.32
Thread#0:T:============================================================
Thread#0:T:===========================================================
Thread#0:T:ExpectedVarianceValue :0
Thread#0:T:ActualVarianceValue :0
Thread#0:T:============================================================
Thread#0:T:done: CardsValidationSteps.ThenUpdatedComputedIn5YearsValueShouldDisplayOnLoanEstimate() (0.9s)
Thread#0:B:And updated/computed in 5 Years principal value should display on Loan Estimate
Thread#0:T:NUnit.Framework.AssertionException:   Computed value does not match as expected with the difference of 0.0100000000002183
Thread#0:T:  Expected: 12996.629999999999d
Thread#0:T:  But was:  12996.639999999999d
Thread#0:T:   at NUnit.Framework.Assert.That[TActual](TActual actual, IResolveConstraint expression, String message, Object[] args)
Thread#0:T:   at NUnit.Framework.Assert.AreEqual(Object expected, Object actual, String message, Object[] args)
Thread#0:T:   at TRID.StepDefinitions.CardsValidationSteps.ThenUpdatedComputedIn5YearsPrincipalValueShouldDisplayOnLoanEstimate() in F:\Projects\TRID QA\trid-462743\QA\UIAutomation\SpecFramework\StepDefinitions\CardsValidationSteps.cs:line 1362
Thread#0:T:done: CardsValidationSteps.ThenUpdatedComputedIn5YearsPrincipalValueShouldDisplayOnLoanEstimate() (0.5s)
Thread#0:Scheduler: get next test for thread
Thread#:Scheduler: at the end of normal test queue
Thread#0:Scheduler: enumerator for thread is at end
Thread#0:Scheduler: No more tests for thread 
Thread#0:T:##########################################################
Thread#0:T:##########################################################
Thread#0:T:====================================================================================
Thread#0:T:Scenario Number : 1
Thread#0:T:The total number of cards Failue: 6
Thread#0:T:Name of cards Failed: || FinanceCharge || : NUnit.Framework.AssertionException:   Computed value does not match as expected with the difference of 0.0200000000040745
Thread#0:T:  Expected: 89424.610000000001d
Thread#0:T:  But was:  89424.589999999997d
Thread#0:T:   at NUnit.Framework.Assert.That[TActual](TActual actual, IResolveConstraint expression, String message, Object[] args)
Thread#0:T:   at NUnit.Framework.Assert.AreEqual(Object expected, Object actual, String message, Object[] args)
Thread#0:T:   at TRID.StepDefinitions.CardsValidationSteps.ThenUpdatedComputedFinanceChargeValueShouldDisplayOnClosingDisclosure() in F:\Projects\TRID QA\trid-462743\QA\UIAutomation\SpecFramework\StepDefinitions\CardsValidationSteps.cs:line 869 
Thread#0:T: ====================================================================================
Thread#0:T:|| EstimatedEscrow || : OpenQA.Selenium.NoSuchElementException: no such element: Unable to locate element: {"method":"xpath","selector":"//div[@id='EstimatedEscrow']//p[3]"}
Thread#0:T:  (Session info: chrome=60.0.3112.90)
Thread#0:T:  (Driver info: chromedriver=2.29.461591 (62ebf098771772160f391d75e589dc567915b233),platform=Windows NT 10.0.10586 x86_64)
Thread#0:T:   at OpenQA.Selenium.Remote.RemoteWebDriver.UnpackAndThrowOnError(Response errorResponse)
Thread#0:T:   at OpenQA.Selenium.Remote.RemoteWebDriver.Execute(String driverCommandToExecute, Dictionary`2 parameters)
Thread#0:T:   at OpenQA.Selenium.Remote.RemoteWebDriver.FindElement(String mechanism, String value)
Thread#0:T:   at OpenQA.Selenium.Remote.RemoteWebDriver.FindElementByXPath(String xpath)
Thread#0:T:   at OpenQA.Selenium.By.<>c__DisplayClasse.<XPath>b__c(ISearchContext context)
Thread#0:T:   at OpenQA.Selenium.By.FindElement(ISearchContext context)
Thread#0:T:   at OpenQA.Selenium.Remote.RemoteWebDriver.FindElement(By by)
Thread#0:T:   at TRID.ActionClasses.UIActions.GetText(By element) in F:\Projects\TRID QA\trid-462743\QA\UIAutomation\SpecFramework\ActionClasses\UIActions.cs:line 37
Thread#0:T:   at TRID.StepDefinitions.CardsValidationSteps.ThenUpdatedComputedEstimatedEscrowValueShouldDisplayOnClosingDisclosure() in F:\Projects\TRID QA\trid-462743\QA\UIAutomation\SpecFramework\StepDefinitions\CardsValidationSteps.cs:line 1235 
Thread#0:T: ====================================================================================
Thread#0:T:|| EstimatedTaxesInsuranceAssessments || : OpenQA.Selenium.NoSuchElementException: no such element: Unable to locate element: {"method":"xpath","selector":"//div[@id='EstimatedTaxesInsuranceAssessments']//p[1]"}
Thread#0:T:  (Session info: chrome=60.0.3112.90)
Thread#0:T:  (Driver info: chromedriver=2.29.461591 (62ebf098771772160f391d75e589dc567915b233),platform=Windows NT 10.0.10586 x86_64)
Thread#0:T:   at OpenQA.Selenium.Remote.RemoteWebDriver.UnpackAndThrowOnError(Response errorResponse)
Thread#0:T:   at OpenQA.Selenium.Remote.RemoteWebDriver.Execute(String driverCommandToExecute, Dictionary`2 parameters)
Thread#0:T:   at OpenQA.Selenium.Remote.RemoteWebDriver.FindElement(String mechanism, String value)
Thread#0:T:   at OpenQA.Selenium.Remote.RemoteWebDriver.FindElementByXPath(String xpath)
Thread#0:T:   at OpenQA.Selenium.By.<>c__DisplayClasse.<XPath>b__c(ISearchContext context)
Thread#0:T:   at OpenQA.Selenium.By.FindElement(ISearchContext context)
Thread#0:T:   at OpenQA.Selenium.Remote.RemoteWebDriver.FindElement(By by)
Thread#0:T:   at TRID.ActionClasses.UIActions.GetText(By element) in F:\Projects\TRID QA\trid-462743\QA\UIAutomation\SpecFramework\ActionClasses\UIActions.cs:line 37
Thread#0:T:   at TRID.StepDefinitions.CardsValidationSteps.ThenUpdatedComputedEstimatedTaxesInsuranceAssessmentsValueShouldDisplayOnClosingDisclosure() in F:\Projects\TRID QA\trid-462743\QA\UIAutomation\SpecFramework\StepDefinitions\CardsValidationSteps.cs:line 1260 
Thread#0:T: ====================================================================================
Thread#0:T:|| PmiCancelDate || : System.FormatException: Input string was not in a correct format.
Thread#0:T:   at System.Number.ParseDouble(String value, NumberStyles options, NumberFormatInfo numfmt)
Thread#0:T:   at System.Convert.ToDouble(String value)
Thread#0:T:   at TRID.StepDefinitions.CardsValidationSteps.ThenUpdatedComputedCancelDateValueShouldDisplayOnClosingDisclosure() in F:\Projects\TRID QA\trid-462743\QA\UIAutomation\SpecFramework\StepDefinitions\CardsValidationSteps.cs:line 1533 
Thread#0:T: ====================================================================================
Thread#0:T:|| UpfrontMip || : OpenQA.Selenium.NoSuchElementException: no such element: Unable to locate element: {"method":"xpath","selector":"//div[@id='UpfrontMipCard']//p[1]"}
Thread#0:T:  (Session info: chrome=60.0.3112.90)
Thread#0:T:  (Driver info: chromedriver=2.29.461591 (62ebf098771772160f391d75e589dc567915b233),platform=Windows NT 10.0.10586 x86_64)
Thread#0:T:   at OpenQA.Selenium.Remote.RemoteWebDriver.UnpackAndThrowOnError(Response errorResponse)
Thread#0:T:   at OpenQA.Selenium.Remote.RemoteWebDriver.Execute(String driverCommandToExecute, Dictionary`2 parameters)
Thread#0:T:   at OpenQA.Selenium.Remote.RemoteWebDriver.FindElement(String mechanism, String value)
Thread#0:T:   at OpenQA.Selenium.Remote.RemoteWebDriver.FindElementByXPath(String xpath)
Thread#0:T:   at OpenQA.Selenium.By.<>c__DisplayClasse.<XPath>b__c(ISearchContext context)
Thread#0:T:   at OpenQA.Selenium.By.FindElement(ISearchContext context)
Thread#0:T:   at OpenQA.Selenium.Remote.RemoteWebDriver.FindElement(By by)
Thread#0:T:   at TRID.ActionClasses.UIActions.GetText(By element) in F:\Projects\TRID QA\trid-462743\QA\UIAutomation\SpecFramework\ActionClasses\UIActions.cs:line 37
Thread#0:T:   at TRID.StepDefinitions.CardsValidationSteps.ThenUpdatedComputedUpfrontMipValuesValueShouldDisplayOnClosingDisclosure() in F:\Projects\TRID QA\trid-462743\QA\UIAutomation\SpecFramework\StepDefinitions\CardsValidationSteps.cs:line 1603 
Thread#0:T: ====================================================================================
Thread#0:T:|| In5YearsPrincipal || : NUnit.Framework.AssertionException:   Computed value does not match as expected with the difference of 0.0100000000002183
Thread#0:T:  Expected: 12996.629999999999d
Thread#0:T:  But was:  12996.639999999999d
Thread#0:T:   at NUnit.Framework.Assert.That[TActual](TActual actual, IResolveConstraint expression, String message, Object[] args)
Thread#0:T:   at NUnit.Framework.Assert.AreEqual(Object expected, Object actual, String message, Object[] args)
Thread#0:T:   at TRID.StepDefinitions.CardsValidationSteps.ThenUpdatedComputedIn5YearsPrincipalValueShouldDisplayOnLoanEstimate() in F:\Projects\TRID QA\trid-462743\QA\UIAutomation\SpecFramework\StepDefinitions\CardsValidationSteps.cs:line 1362 
Thread#0:T: ====================================================================================
Thread#0:T:====================================================================================
Thread#0:T:##########################################################
Thread#0:T:##########################################################
Thread#0: Test #185/0 is finished on thread #0 as CleanupFailed within 142.3404189 seconds
Appdomain Disposed
Thread#-1:Scheduler: get next test for thread
Thread#:Scheduler: at the end of normal test queue
Thread#-1:Scheduler: enumerator for thread is at end
Total: 1
Succeeded: 0
Ignored: 0
Pending: 0
Skipped: 0
Failed: 1
