VS filter: testpath:TestAssembly:TRID/Feature:AmortizationValidation/Scenario:Uploading+JSON+file+and+validating+Payment+Schedule+values+on+Amortization+page%2c+001
Discovering target: Default
Discovering tests from assembly: F:\Projects\TRID QA\QA\UI Automation\SpecFramework\bin\Debug\TRID.dll
Appdomain Disposed
Test Suite Dump
#0: TRID/Default - 
#1: Default - 
#2: TRID - 
#3: AmortizationValidation - 
#63: Uploading JSON file and validating Payment Schedule values on Amortization page, 001 - TestAssembly:TRID/Feature:AmortizationValidation/Scenario:Uploading+JSON+file+and+validating+Payment+Schedule+values+on+Amortization+page%2c+001
End: Test Suite Dump
Thread#0:Scheduler: get next test for thread
Thread#:Scheduler: testitem #63 from normal test queue 
Thread#0:Scheduler: considering testitem #63 for thread
Thread#0:Scheduler: using testitem #63 for thread
Thread#0:Scheduler: Test #63 is scheduled for thread
Thread#0:Scheduler: with testItemExecutionIndex 0
Thread #0: creating new test thread executor for TRID, Version=1.0.0.0, Culture=neutral, PublicKeyToken=null (target: Default)
Loading SpecRun type 'TechTalk.SpecRun.Framework.TestAssemblyExecutor' from: C:\Users\sandees\AppData\Local\Temp\VisualStudioTestExplorerExtensions\SpecRun.Runner.1.5.2\tools\TechTalk.SpecRun.Framework.Executor.dll
Thread#0: Test #63/0 is started on thread #0
Thread#0:B:Given user is at TRID application homepage
Thread#0:T:OpenQA.Selenium.WebDriverException: The HTTP request to the remote WebDriver server for URL http://localhost:61305/session/dafcf360321b915dcfbe00398815e0dd/elements timed out after 60 seconds. ---> System.Net.WebException: The request was aborted: The operation has timed out.
Thread#0:T:   at System.Net.HttpWebRequest.GetResponse()
Thread#0:T:   at OpenQA.Selenium.Remote.HttpCommandExecutor.CreateResponse(WebRequest request)
Thread#0:T:   --- End of inner exception stack trace ---
Thread#0:T:   at OpenQA.Selenium.Remote.HttpCommandExecutor.CreateResponse(WebRequest request)
Thread#0:T:   at OpenQA.Selenium.Remote.HttpCommandExecutor.Execute(Command commandToExecute)
Thread#0:T:   at OpenQA.Selenium.Remote.DriverServiceCommandExecutor.Execute(Command commandToExecute)
Thread#0:T:   at OpenQA.Selenium.Remote.RemoteWebDriver.Execute(String driverCommandToExecute, Dictionary`2 parameters)
Thread#0:T:   at OpenQA.Selenium.Remote.RemoteWebDriver.FindElements(String mechanism, String value)
Thread#0:T:   at OpenQA.Selenium.Remote.RemoteWebDriver.FindElementsByXPath(String xpath)
Thread#0:T:   at OpenQA.Selenium.By.<>c__DisplayClasse.<XPath>b__d(ISearchContext context)
Thread#0:T:   at OpenQA.Selenium.By.FindElements(ISearchContext context)
Thread#0:T:   at OpenQA.Selenium.Remote.RemoteWebDriver.FindElements(By by)
Thread#0:T:   at OpenQA.Selenium.Support.UI.ExpectedConditions.<>c__DisplayClass17.<VisibilityOfAllElementsLocatedBy>b__15(IWebDriver driver)
Thread#0:T:   at OpenQA.Selenium.Support.UI.DefaultWait`1.Until[TResult](Func`2 condition)
Thread#0:T:   at TRID.ActionClasses.UIActions.WebDriverWait(By element, Int32 timeoutInSeconds, String errorMessage) in F:\Projects\TRID QA\QA\UI Automation\SpecFramework\ActionClasses\UIActions.cs:line 60: Unable to load StartNewLoanTextelement
Thread#0:T:error: The HTTP request to the remote WebDriver server for URL http://localhost:61305/session/dafcf360321b915dcfbe00398815e0dd/elements timed out after 60 seconds.
Thread#0:B:And user have Payment Schedule data from excel sheet PaymentSchedule for the scenario 2
Thread#0:T:skipped because of previous errors
Thread#0:B:When user upload json file for the scenario
Thread#0:T:skipped because of previous errors
Thread#0:B:And user navigates to Amortization Page
Thread#0:T:skipped because of previous errors
Thread#0:B:Then updated/computed Payment Stream Number value should display on Payment Schedule Grid
Thread#0:T:skipped because of previous errors
Thread#0:B:And updated/computed Number of Payments value should display on Payment Schedule Grid
Thread#0:T:skipped because of previous errors
Thread#0:B:And updated/computed Payment Amount value should display on Payment Schedule Grid
Thread#0:T:skipped because of previous errors
Thread#0:B:And updated/computed Period Payment value should display on Payment Schedule Grid
Thread#0:T:skipped because of previous errors
Thread#0:B:And updated/computed Period PMI value should display on Payment Schedule Grid
Thread#0:T:skipped because of previous errors
Thread#0:Scheduler: reschedule tests for testitem #0
Thread#0:Scheduler: get next test for thread
Thread#:Scheduler: at the end of normal test queue
Thread#0:Scheduler: enumerator for thread is at end
Thread#0:Scheduler: No more tests for thread 
Thread#0: Test #63/0 is finished on thread #0 as Failed within 146.3670843 seconds
Appdomain Disposed
Thread#-1:Scheduler: get next test for thread
Thread#:Scheduler: at the end of normal test queue
Thread#-1:Scheduler: enumerator for thread is at end
Total: 1
Succeeded: 0
Ignored: 0
Pending: 0
Skipped: 0
Failed: 1
