VS filter: testpath:TestAssembly:TRID/Feature:AmortizationValidation/Scenario:Uploading+JSON+file+and+validating+Payment+Schedule+values+on+Amortization+page%2c+077 | testpath:TestAssembly:TRID/Feature:AmortizationValidation/Scenario:Uploading+JSON+file+and+validating+Payment+Schedule+values+on+Amortization+page%2c+076 | testpath:TestAssembly:TRID/Feature:AmortizationValidation/Scenario:Uploading+JSON+file+and+validating+Payment+Schedule+values+on+Amortization+page%2c+114 | testpath:TestAssembly:TRID/Feature:AmortizationValidation/Scenario:Uploading+JSON+file+and+validating+Payment+Schedule+values+on+Amortization+page%2c+057 | testpath:TestAssembly:TRID/Feature:AmortizationValidation/Scenario:Uploading+JSON+file+and+validating+Payment+Schedule+values+on+Amortization+page%2c+003 | testpath:TestAssembly:TRID/Feature:AmortizationValidation/Scenario:Uploading+JSON+file+and+validating+Payment+Schedule+values+on+Amortization+page%2c+017 | testpath:TestAssembly:TRID/Feature:AmortizationValidation/Scenario:Uploading+JSON+file+and+validating+Payment+Schedule+values+on+Amortization+page%2c+147 | testpath:TestAssembly:TRID/Feature:AmortizationValidation/Scenario:Uploading+JSON+file+and+validating+Payment+Schedule+values+on+Amortization+page%2c+091 | testpath:TestAssembly:TRID/Feature:AmortizationValidation/Scenario:Uploading+JSON+file+and+validating+Payment+Schedule+values+on+Amortization+page%2c+092 | testpath:TestAssembly:TRID/Feature:AmortizationValidation/Scenario:Uploading+JSON+file+and+validating+Payment+Schedule+values+on+Amortization+page%2c+051 | testpath:TestAssembly:TRID/Feature:AmortizationValidation/Scenario:Uploading+JSON+file+and+validating+Payment+Schedule+values+on+Amortization+page%2c+054 | testpath:TestAssembly:TRID/Feature:AmortizationValidation/Scenario:Uploading+JSON+file+and+validating+Payment+Schedule+values+on+Amortization+page%2c+071 | testpath:TestAssembly:TRID/Feature:AmortizationValidation/Scenario:Uploading+JSON+file+and+validating+Payment+Schedule+values+on+Amortization+page%2c+117 | testpath:TestAssembly:TRID/Feature:AmortizationValidation/Scenario:Uploading+JSON+file+and+validating+Payment+Schedule+values+on+Amortization+page%2c+050 | testpath:TestAssembly:TRID/Feature:AmortizationValidation/Scenario:Uploading+JSON+file+and+validating+Payment+Schedule+values+on+Amortization+page%2c+145 | testpath:TestAssembly:TRID/Feature:AmortizationValidation/Scenario:Uploading+JSON+file+and+validating+Payment+Schedule+values+on+Amortization+page%2c+116 | testpath:TestAssembly:TRID/Feature:AmortizationValidation/Scenario:Uploading+JSON+file+and+validating+Payment+Schedule+values+on+Amortization+page%2c+009 | testpath:TestAssembly:TRID/Feature:AmortizationValidation/Scenario:Uploading+JSON+file+and+validating+Payment+Schedule+values+on+Amortization+page%2c+053 | testpath:TestAssembly:TRID/Feature:AmortizationValidation/Scenario:Uploading+JSON+file+and+validating+Payment+Schedule+values+on+Amortization+page%2c+070 | testpath:TestAssembly:TRID/Feature:AmortizationValidation/Scenario:Uploading+JSON+file+and+validating+Payment+Schedule+values+on+Amortization+page%2c+014 | testpath:TestAssembly:TRID/Feature:AmortizationValidation/Scenario:Uploading+JSON+file+and+validating+Payment+Schedule+values+on+Amortization+page%2c+144 | testpath:TestAssembly:TRID/Feature:AmortizationValidation/Scenario:Uploading+JSON+file+and+validating+Payment+Schedule+values+on+Amortization+page%2c+140 | testpath:TestAssembly:TRID/Feature:AmortizationValidation/Scenario:Uploading+JSON+file+and+validating+Payment+Schedule+values+on+Amortization+page%2c+075 | testpath:TestAssembly:TRID/Feature:AmortizationValidation/Scenario:Uploading+JSON+file+and+validating+Payment+Schedule+values+on+Amortization+page%2c+113 | testpath:TestAssembly:TRID/Feature:AmortizationValidation/Scenario:Uploading+JSON+file+and+validating+Payment+Schedule+values+on+Amortization+page%2c+008 | testpath:TestAssembly:TRID/Feature:AmortizationValidation/Scenario:Uploading+JSON+file+and+validating+Payment+Schedule+values+on+Amortization+page%2c+002 | testpath:TestAssembly:TRID/Feature:AmortizationValidation/Scenario:Uploading+JSON+file+and+validating+Payment+Schedule+values+on+Amortization+page%2c+022 | testpath:TestAssembly:TRID/Feature:AmortizationValidation/Scenario:Uploading+JSON+file+and+validating+Payment+Schedule+values+on+Amortization+page%2c+142 | testpath:TestAssembly:TRID/Feature:AmortizationValidation/Scenario:Uploading+JSON+file+and+validating+Payment+Schedule+values+on+Amortization+page%2c+095 | testpath:TestAssembly:TRID/Feature:AmortizationValidation/Scenario:Uploading+JSON+file+and+validating+Payment+Schedule+values+on+Amortization+page%2c+019 | testpath:TestAssembly:TRID/Feature:AmortizationValidation/Scenario:Uploading+JSON+file+and+validating+Payment+Schedule+values+on+Amortization+page%2c+044 | testpath:TestAssembly:TRID/Feature:AmortizationValidation/Scenario:Uploading+JSON+file+and+validating+Payment+Schedule+values+on+Amortization+page%2c+072 | testpath:TestAssembly:TRID/Feature:AmortizationValidation/Scenario:Uploading+JSON+file+and+validating+Payment+Schedule+values+on+Amortization+page%2c+143 | testpath:TestAssembly:TRID/Feature:AmortizationValidation/Scenario:Uploading+JSON+file+and+validating+Payment+Schedule+values+on+Amortization+page%2c+011 | testpath:TestAssembly:TRID/Feature:AmortizationValidation/Scenario:Uploading+JSON+file+and+validating+Payment+Schedule+values+on+Amortization+page%2c+012 | testpath:TestAssembly:TRID/Feature:AmortizationValidation/Scenario:Uploading+JSON+file+and+validating+Payment+Schedule+values+on+Amortization+page%2c+043 | testpath:TestAssembly:TRID/Feature:AmortizationValidation/Scenario:Uploading+JSON+file+and+validating+Payment+Schedule+values+on+Amortization+page%2c+013 | testpath:TestAssembly:TRID/Feature:AmortizationValidation/Scenario:Uploading+JSON+file+and+validating+Payment+Schedule+values+on+Amortization+page%2c+040 | testpath:TestAssembly:TRID/Feature:AmortizationValidation/Scenario:Uploading+JSON+file+and+validating+Payment+Schedule+values+on+Amortization+page%2c+073 | testpath:TestAssembly:TRID/Feature:AmortizationValidation/Scenario:Uploading+JSON+file+and+validating+Payment+Schedule+values+on+Amortization+page%2c+006 | testpath:TestAssembly:TRID/Feature:AmortizationValidation/Scenario:Uploading+JSON+file+and+validating+Payment+Schedule+values+on+Amortization+page%2c+138 | testpath:TestAssembly:TRID/Feature:AmortizationValidation/Scenario:Uploading+JSON+file+and+validating+Payment+Schedule+values+on+Amortization+page%2c+042 | testpath:TestAssembly:TRID/Feature:AmortizationValidation/Scenario:Uploading+JSON+file+and+validating+Payment+Schedule+values+on+Amortization+page%2c+141 | testpath:TestAssembly:TRID/Feature:AmortizationValidation/Scenario:Uploading+JSON+file+and+validating+Payment+Schedule+values+on+Amortization+page%2c+001 | testpath:TestAssembly:TRID/Feature:AmortizationValidation/Scenario:Uploading+JSON+file+and+validating+Payment+Schedule+values+on+Amortization+page%2c+055 | testpath:TestAssembly:TRID/Feature:AmortizationValidation/Scenario:Uploading+JSON+file+and+validating+Payment+Schedule+values+on+Amortization+page%2c+097 | testpath:TestAssembly:TRID/Feature:AmortizationValidation/Scenario:Uploading+JSON+file+and+validating+Payment+Schedule+values+on+Amortization+page%2c+096 | testpath:TestAssembly:TRID/Feature:AmortizationValidation/Scenario:Uploading+JSON+file+and+validating+Payment+Schedule+values+on+Amortization+page%2c+041 | testpath:TestAssembly:TRID/Feature:AmortizationValidation/Scenario:Uploading+JSON+file+and+validating+Payment+Schedule+values+on+Amortization+page%2c+056 | testpath:TestAssembly:TRID/Feature:AmortizationValidation/Scenario:Uploading+JSON+file+and+validating+Payment+Schedule+values+on+Amortization+page%2c+115 | testpath:TestAssembly:TRID/Feature:AmortizationValidation/Scenario:Uploading+JSON+file+and+validating+Payment+Schedule+values+on+Amortization+page%2c+139 | testpath:TestAssembly:TRID/Feature:AmortizationValidation/Scenario:Uploading+JSON+file+and+validating+Payment+Schedule+values+on+Amortization+page%2c+020 | testpath:TestAssembly:TRID/Feature:AmortizationValidation/Scenario:Uploading+JSON+file+and+validating+Payment+Schedule+values+on+Amortization+page%2c+021 | testpath:TestAssembly:TRID/Feature:AmortizationValidation/Scenario:Uploading+JSON+file+and+validating+Payment+Schedule+values+on+Amortization+page%2c+093 | testpath:TestAssembly:TRID/Feature:AmortizationValidation/Scenario:Uploading+JSON+file+and+validating+Payment+Schedule+values+on+Amortization+page%2c+007 | testpath:TestAssembly:TRID/Feature:AmortizationValidation/Scenario:Uploading+JSON+file+and+validating+Payment+Schedule+values+on+Amortization+page%2c+112 | testpath:TestAssembly:TRID/Feature:AmortizationValidation/Scenario:Uploading+JSON+file+and+validating+Payment+Schedule+values+on+Amortization+page%2c+016 | testpath:TestAssembly:TRID/Feature:AmortizationValidation/Scenario:Uploading+JSON+file+and+validating+Payment+Schedule+values+on+Amortization+page%2c+004 | testpath:TestAssembly:TRID/Feature:AmortizationValidation/Scenario:Uploading+JSON+file+and+validating+Payment+Schedule+values+on+Amortization+page%2c+045 | testpath:TestAssembly:TRID/Feature:AmortizationValidation/Scenario:Uploading+JSON+file+and+validating+Payment+Schedule+values+on+Amortization+page%2c+146 | testpath:TestAssembly:TRID/Feature:AmortizationValidation/Scenario:Uploading+JSON+file+and+validating+Payment+Schedule+values+on+Amortization+page%2c+090 | testpath:TestAssembly:TRID/Feature:AmortizationValidation/Scenario:Uploading+JSON+file+and+validating+Payment+Schedule+values+on+Amortization+page%2c+094 | testpath:TestAssembly:TRID/Feature:AmortizationValidation/Scenario:Uploading+JSON+file+and+validating+Payment+Schedule+values+on+Amortization+page%2c+074 | testpath:TestAssembly:TRID/Feature:AmortizationValidation/Scenario:Uploading+JSON+file+and+validating+Payment+Schedule+values+on+Amortization+page%2c+052
Discovering target: Default
Discovering tests from assembly: F:\Projects\TRID QA\trid-462743\QA\UIAutomation\SpecFramework\bin\Debug\TRID.dll
Appdomain Disposed
Test Suite Dump
#0: TRID/Default - 
#1: Default - 
#2: TRID - 
#3: AmortizationValidation - 
#4: Uploading JSON file and validating Payment Schedule values on Amortization page, 116 - TestAssembly:TRID/Feature:AmortizationValidation/Scenario:Uploading+JSON+file+and+validating+Payment+Schedule+values+on+Amortization+page%2c+116
#5: Uploading JSON file and validating Payment Schedule values on Amortization page, 117 - TestAssembly:TRID/Feature:AmortizationValidation/Scenario:Uploading+JSON+file+and+validating+Payment+Schedule+values+on+Amortization+page%2c+117
#6: Uploading JSON file and validating Payment Schedule values on Amortization page, 138 - TestAssembly:TRID/Feature:AmortizationValidation/Scenario:Uploading+JSON+file+and+validating+Payment+Schedule+values+on+Amortization+page%2c+138
#7: Uploading JSON file and validating Payment Schedule values on Amortization page, 139 - TestAssembly:TRID/Feature:AmortizationValidation/Scenario:Uploading+JSON+file+and+validating+Payment+Schedule+values+on+Amortization+page%2c+139
#8: Uploading JSON file and validating Payment Schedule values on Amortization page, 140 - TestAssembly:TRID/Feature:AmortizationValidation/Scenario:Uploading+JSON+file+and+validating+Payment+Schedule+values+on+Amortization+page%2c+140
#9: Uploading JSON file and validating Payment Schedule values on Amortization page, 141 - TestAssembly:TRID/Feature:AmortizationValidation/Scenario:Uploading+JSON+file+and+validating+Payment+Schedule+values+on+Amortization+page%2c+141
#10: Uploading JSON file and validating Payment Schedule values on Amortization page, 142 - TestAssembly:TRID/Feature:AmortizationValidation/Scenario:Uploading+JSON+file+and+validating+Payment+Schedule+values+on+Amortization+page%2c+142
#11: Uploading JSON file and validating Payment Schedule values on Amortization page, 143 - TestAssembly:TRID/Feature:AmortizationValidation/Scenario:Uploading+JSON+file+and+validating+Payment+Schedule+values+on+Amortization+page%2c+143
#12: Uploading JSON file and validating Payment Schedule values on Amortization page, 144 - TestAssembly:TRID/Feature:AmortizationValidation/Scenario:Uploading+JSON+file+and+validating+Payment+Schedule+values+on+Amortization+page%2c+144
#13: Uploading JSON file and validating Payment Schedule values on Amortization page, 145 - TestAssembly:TRID/Feature:AmortizationValidation/Scenario:Uploading+JSON+file+and+validating+Payment+Schedule+values+on+Amortization+page%2c+145
#14: Uploading JSON file and validating Payment Schedule values on Amortization page, 146 - TestAssembly:TRID/Feature:AmortizationValidation/Scenario:Uploading+JSON+file+and+validating+Payment+Schedule+values+on+Amortization+page%2c+146
#15: Uploading JSON file and validating Payment Schedule values on Amortization page, 147 - TestAssembly:TRID/Feature:AmortizationValidation/Scenario:Uploading+JSON+file+and+validating+Payment+Schedule+values+on+Amortization+page%2c+147
#82: Uploading JSON file and validating Payment Schedule values on Amortization page, 001 - TestAssembly:TRID/Feature:AmortizationValidation/Scenario:Uploading+JSON+file+and+validating+Payment+Schedule+values+on+Amortization+page%2c+001
#83: Uploading JSON file and validating Payment Schedule values on Amortization page, 002 - TestAssembly:TRID/Feature:AmortizationValidation/Scenario:Uploading+JSON+file+and+validating+Payment+Schedule+values+on+Amortization+page%2c+002
#84: Uploading JSON file and validating Payment Schedule values on Amortization page, 003 - TestAssembly:TRID/Feature:AmortizationValidation/Scenario:Uploading+JSON+file+and+validating+Payment+Schedule+values+on+Amortization+page%2c+003
#85: Uploading JSON file and validating Payment Schedule values on Amortization page, 004 - TestAssembly:TRID/Feature:AmortizationValidation/Scenario:Uploading+JSON+file+and+validating+Payment+Schedule+values+on+Amortization+page%2c+004
#86: Uploading JSON file and validating Payment Schedule values on Amortization page, 006 - TestAssembly:TRID/Feature:AmortizationValidation/Scenario:Uploading+JSON+file+and+validating+Payment+Schedule+values+on+Amortization+page%2c+006
#87: Uploading JSON file and validating Payment Schedule values on Amortization page, 007 - TestAssembly:TRID/Feature:AmortizationValidation/Scenario:Uploading+JSON+file+and+validating+Payment+Schedule+values+on+Amortization+page%2c+007
#88: Uploading JSON file and validating Payment Schedule values on Amortization page, 008 - TestAssembly:TRID/Feature:AmortizationValidation/Scenario:Uploading+JSON+file+and+validating+Payment+Schedule+values+on+Amortization+page%2c+008
#89: Uploading JSON file and validating Payment Schedule values on Amortization page, 009 - TestAssembly:TRID/Feature:AmortizationValidation/Scenario:Uploading+JSON+file+and+validating+Payment+Schedule+values+on+Amortization+page%2c+009
#90: Uploading JSON file and validating Payment Schedule values on Amortization page, 011 - TestAssembly:TRID/Feature:AmortizationValidation/Scenario:Uploading+JSON+file+and+validating+Payment+Schedule+values+on+Amortization+page%2c+011
#91: Uploading JSON file and validating Payment Schedule values on Amortization page, 012 - TestAssembly:TRID/Feature:AmortizationValidation/Scenario:Uploading+JSON+file+and+validating+Payment+Schedule+values+on+Amortization+page%2c+012
#92: Uploading JSON file and validating Payment Schedule values on Amortization page, 013 - TestAssembly:TRID/Feature:AmortizationValidation/Scenario:Uploading+JSON+file+and+validating+Payment+Schedule+values+on+Amortization+page%2c+013
#93: Uploading JSON file and validating Payment Schedule values on Amortization page, 014 - TestAssembly:TRID/Feature:AmortizationValidation/Scenario:Uploading+JSON+file+and+validating+Payment+Schedule+values+on+Amortization+page%2c+014
#94: Uploading JSON file and validating Payment Schedule values on Amortization page, 016 - TestAssembly:TRID/Feature:AmortizationValidation/Scenario:Uploading+JSON+file+and+validating+Payment+Schedule+values+on+Amortization+page%2c+016
#95: Uploading JSON file and validating Payment Schedule values on Amortization page, 017 - TestAssembly:TRID/Feature:AmortizationValidation/Scenario:Uploading+JSON+file+and+validating+Payment+Schedule+values+on+Amortization+page%2c+017
#96: Uploading JSON file and validating Payment Schedule values on Amortization page, 019 - TestAssembly:TRID/Feature:AmortizationValidation/Scenario:Uploading+JSON+file+and+validating+Payment+Schedule+values+on+Amortization+page%2c+019
#97: Uploading JSON file and validating Payment Schedule values on Amortization page, 020 - TestAssembly:TRID/Feature:AmortizationValidation/Scenario:Uploading+JSON+file+and+validating+Payment+Schedule+values+on+Amortization+page%2c+020
#98: Uploading JSON file and validating Payment Schedule values on Amortization page, 021 - TestAssembly:TRID/Feature:AmortizationValidation/Scenario:Uploading+JSON+file+and+validating+Payment+Schedule+values+on+Amortization+page%2c+021
#99: Uploading JSON file and validating Payment Schedule values on Amortization page, 022 - TestAssembly:TRID/Feature:AmortizationValidation/Scenario:Uploading+JSON+file+and+validating+Payment+Schedule+values+on+Amortization+page%2c+022
#100: Uploading JSON file and validating Payment Schedule values on Amortization page, 040 - TestAssembly:TRID/Feature:AmortizationValidation/Scenario:Uploading+JSON+file+and+validating+Payment+Schedule+values+on+Amortization+page%2c+040
#101: Uploading JSON file and validating Payment Schedule values on Amortization page, 041 - TestAssembly:TRID/Feature:AmortizationValidation/Scenario:Uploading+JSON+file+and+validating+Payment+Schedule+values+on+Amortization+page%2c+041
#102: Uploading JSON file and validating Payment Schedule values on Amortization page, 042 - TestAssembly:TRID/Feature:AmortizationValidation/Scenario:Uploading+JSON+file+and+validating+Payment+Schedule+values+on+Amortization+page%2c+042
#103: Uploading JSON file and validating Payment Schedule values on Amortization page, 043 - TestAssembly:TRID/Feature:AmortizationValidation/Scenario:Uploading+JSON+file+and+validating+Payment+Schedule+values+on+Amortization+page%2c+043
#104: Uploading JSON file and validating Payment Schedule values on Amortization page, 044 - TestAssembly:TRID/Feature:AmortizationValidation/Scenario:Uploading+JSON+file+and+validating+Payment+Schedule+values+on+Amortization+page%2c+044
#105: Uploading JSON file and validating Payment Schedule values on Amortization page, 045 - TestAssembly:TRID/Feature:AmortizationValidation/Scenario:Uploading+JSON+file+and+validating+Payment+Schedule+values+on+Amortization+page%2c+045
#106: Uploading JSON file and validating Payment Schedule values on Amortization page, 050 - TestAssembly:TRID/Feature:AmortizationValidation/Scenario:Uploading+JSON+file+and+validating+Payment+Schedule+values+on+Amortization+page%2c+050
#107: Uploading JSON file and validating Payment Schedule values on Amortization page, 051 - TestAssembly:TRID/Feature:AmortizationValidation/Scenario:Uploading+JSON+file+and+validating+Payment+Schedule+values+on+Amortization+page%2c+051
#108: Uploading JSON file and validating Payment Schedule values on Amortization page, 052 - TestAssembly:TRID/Feature:AmortizationValidation/Scenario:Uploading+JSON+file+and+validating+Payment+Schedule+values+on+Amortization+page%2c+052
#109: Uploading JSON file and validating Payment Schedule values on Amortization page, 053 - TestAssembly:TRID/Feature:AmortizationValidation/Scenario:Uploading+JSON+file+and+validating+Payment+Schedule+values+on+Amortization+page%2c+053
#110: Uploading JSON file and validating Payment Schedule values on Amortization page, 054 - TestAssembly:TRID/Feature:AmortizationValidation/Scenario:Uploading+JSON+file+and+validating+Payment+Schedule+values+on+Amortization+page%2c+054
#111: Uploading JSON file and validating Payment Schedule values on Amortization page, 055 - TestAssembly:TRID/Feature:AmortizationValidation/Scenario:Uploading+JSON+file+and+validating+Payment+Schedule+values+on+Amortization+page%2c+055
#112: Uploading JSON file and validating Payment Schedule values on Amortization page, 056 - TestAssembly:TRID/Feature:AmortizationValidation/Scenario:Uploading+JSON+file+and+validating+Payment+Schedule+values+on+Amortization+page%2c+056
#113: Uploading JSON file and validating Payment Schedule values on Amortization page, 057 - TestAssembly:TRID/Feature:AmortizationValidation/Scenario:Uploading+JSON+file+and+validating+Payment+Schedule+values+on+Amortization+page%2c+057
#114: Uploading JSON file and validating Payment Schedule values on Amortization page, 070 - TestAssembly:TRID/Feature:AmortizationValidation/Scenario:Uploading+JSON+file+and+validating+Payment+Schedule+values+on+Amortization+page%2c+070
#115: Uploading JSON file and validating Payment Schedule values on Amortization page, 071 - TestAssembly:TRID/Feature:AmortizationValidation/Scenario:Uploading+JSON+file+and+validating+Payment+Schedule+values+on+Amortization+page%2c+071
#116: Uploading JSON file and validating Payment Schedule values on Amortization page, 072 - TestAssembly:TRID/Feature:AmortizationValidation/Scenario:Uploading+JSON+file+and+validating+Payment+Schedule+values+on+Amortization+page%2c+072
#117: Uploading JSON file and validating Payment Schedule values on Amortization page, 073 - TestAssembly:TRID/Feature:AmortizationValidation/Scenario:Uploading+JSON+file+and+validating+Payment+Schedule+values+on+Amortization+page%2c+073
#118: Uploading JSON file and validating Payment Schedule values on Amortization page, 074 - TestAssembly:TRID/Feature:AmortizationValidation/Scenario:Uploading+JSON+file+and+validating+Payment+Schedule+values+on+Amortization+page%2c+074
#119: Uploading JSON file and validating Payment Schedule values on Amortization page, 075 - TestAssembly:TRID/Feature:AmortizationValidation/Scenario:Uploading+JSON+file+and+validating+Payment+Schedule+values+on+Amortization+page%2c+075
#120: Uploading JSON file and validating Payment Schedule values on Amortization page, 076 - TestAssembly:TRID/Feature:AmortizationValidation/Scenario:Uploading+JSON+file+and+validating+Payment+Schedule+values+on+Amortization+page%2c+076
#121: Uploading JSON file and validating Payment Schedule values on Amortization page, 077 - TestAssembly:TRID/Feature:AmortizationValidation/Scenario:Uploading+JSON+file+and+validating+Payment+Schedule+values+on+Amortization+page%2c+077
#122: Uploading JSON file and validating Payment Schedule values on Amortization page, 090 - TestAssembly:TRID/Feature:AmortizationValidation/Scenario:Uploading+JSON+file+and+validating+Payment+Schedule+values+on+Amortization+page%2c+090
#123: Uploading JSON file and validating Payment Schedule values on Amortization page, 091 - TestAssembly:TRID/Feature:AmortizationValidation/Scenario:Uploading+JSON+file+and+validating+Payment+Schedule+values+on+Amortization+page%2c+091
#124: Uploading JSON file and validating Payment Schedule values on Amortization page, 092 - TestAssembly:TRID/Feature:AmortizationValidation/Scenario:Uploading+JSON+file+and+validating+Payment+Schedule+values+on+Amortization+page%2c+092
#125: Uploading JSON file and validating Payment Schedule values on Amortization page, 093 - TestAssembly:TRID/Feature:AmortizationValidation/Scenario:Uploading+JSON+file+and+validating+Payment+Schedule+values+on+Amortization+page%2c+093
#126: Uploading JSON file and validating Payment Schedule values on Amortization page, 094 - TestAssembly:TRID/Feature:AmortizationValidation/Scenario:Uploading+JSON+file+and+validating+Payment+Schedule+values+on+Amortization+page%2c+094
#127: Uploading JSON file and validating Payment Schedule values on Amortization page, 095 - TestAssembly:TRID/Feature:AmortizationValidation/Scenario:Uploading+JSON+file+and+validating+Payment+Schedule+values+on+Amortization+page%2c+095
#128: Uploading JSON file and validating Payment Schedule values on Amortization page, 096 - TestAssembly:TRID/Feature:AmortizationValidation/Scenario:Uploading+JSON+file+and+validating+Payment+Schedule+values+on+Amortization+page%2c+096
#129: Uploading JSON file and validating Payment Schedule values on Amortization page, 097 - TestAssembly:TRID/Feature:AmortizationValidation/Scenario:Uploading+JSON+file+and+validating+Payment+Schedule+values+on+Amortization+page%2c+097
#132: Uploading JSON file and validating Payment Schedule values on Amortization page, 112 - TestAssembly:TRID/Feature:AmortizationValidation/Scenario:Uploading+JSON+file+and+validating+Payment+Schedule+values+on+Amortization+page%2c+112
#133: Uploading JSON file and validating Payment Schedule values on Amortization page, 113 - TestAssembly:TRID/Feature:AmortizationValidation/Scenario:Uploading+JSON+file+and+validating+Payment+Schedule+values+on+Amortization+page%2c+113
#134: Uploading JSON file and validating Payment Schedule values on Amortization page, 114 - TestAssembly:TRID/Feature:AmortizationValidation/Scenario:Uploading+JSON+file+and+validating+Payment+Schedule+values+on+Amortization+page%2c+114
#135: Uploading JSON file and validating Payment Schedule values on Amortization page, 115 - TestAssembly:TRID/Feature:AmortizationValidation/Scenario:Uploading+JSON+file+and+validating+Payment+Schedule+values+on+Amortization+page%2c+115
End: Test Suite Dump
Thread#0:Scheduler: get next test for thread
Thread#:Scheduler: testitem #4 from normal test queue 
Thread#0:Scheduler: considering testitem #4 for thread
Thread#0:Scheduler: using testitem #4 for thread
Thread#0:Scheduler: Test #4 is scheduled for thread
Thread#0:Scheduler: with testItemExecutionIndex 0
Thread #0: creating new test thread executor for TRID, Version=1.0.0.0, Culture=neutral, PublicKeyToken=null (target: Default)
Loading SpecRun type 'TechTalk.SpecRun.Framework.TestAssemblyExecutor' from: C:\Users\sandees\AppData\Local\Temp\VisualStudioTestExplorerExtensions\SpecRun.Runner.1.5.2\tools\TechTalk.SpecRun.Framework.Executor.dll
Thread#0: Test #4/0 is started on thread #0
Thread#0:B:Given user is at TRID application homepage
Thread#0:T:done: CardsValidationSteps.GivenUserIsAtTridApplicationHomepage() (22.5s)
Thread#0:B:And user have Payment Schedule data from excel sheet PaymentSchedule for the scenario 94
Thread#0:T:done: AmortizationValidationSteps.GivenUserHavePaymentScheduleDataFromExcelSheetForTheScenario("PaymentSchedule", 94) (0.8s)
Thread#0:B:When user upload json file for the scenario
Thread#0:T:done: CardsValidationSteps.WhenUserUploadJsonFileForTheScenario() (1.9s)
Thread#0:B:And user navigates to Amortization Page
Thread#0:T:done: AmortizationValidationSteps.WhenUserNavigatesToAmortizationPage() (1.5s)
Thread#0:B:Then updated/computed Payment Stream Number value should display on Payment Schedule Grid
Thread#0:T:===========================================================
Thread#0:T:ExpectedValue Row 1 :1
Thread#0:T:ActualValue Row 1 :1
Thread#0:T:============================================================
Thread#0:T:===========================================================
Thread#0:T:ExpectedValue Row 2 :2
Thread#0:T:ActualValue Row 2 :2
Thread#0:T:============================================================
Thread#0:T:===========================================================
Thread#0:T:ExpectedValue Row 3 :3
Thread#0:T:ActualValue Row 3 :3
Thread#0:T:============================================================
Thread#0:T:done: AmortizationValidationSteps.ThenUpdatedComputedPaymentStreamNumberValueShouldDisplayOnPaymentScheduleGrid() (0.2s)
Thread#0:B:And updated/computed Number of Payments value should display on Payment Schedule Grid
Thread#0:T:===========================================================
Thread#0:T:ExpectedValue Row 1 :24
Thread#0:T:ActualValue Row 1 :24
Thread#0:T:============================================================
Thread#0:T:===========================================================
Thread#0:T:ExpectedValue Row 2 :155
Thread#0:T:ActualValue Row 2 :155
Thread#0:T:============================================================
Thread#0:T:===========================================================
Thread#0:T:ExpectedValue Row 3 :1
Thread#0:T:ActualValue Row 3 :1
Thread#0:T:============================================================
Thread#0:T:done: AmortizationValidationSteps.ThenUpdatedComputedNumberOfPaymentsValueShouldDisplayOnPaymentScheduleGrid() (0.2s)
Thread#0:B:And updated/computed Payment Amount value should display on Payment Schedule Grid
Thread#0:T:===========================================================
Thread#0:T:ExpectedValue Row 1 :1303.99
Thread#0:T:ActualValue Row 1 :1303.99
Thread#0:T:============================================================
Thread#0:T:===========================================================
Thread#0:T:ExpectedValue Row 2 :1223.21
Thread#0:T:ActualValue Row 2 :1223.21
Thread#0:T:============================================================
Thread#0:T:===========================================================
Thread#0:T:ExpectedValue Row 3 :1019.06
Thread#0:T:ActualValue Row 3 :1019.06
Thread#0:T:============================================================
Thread#0:T:done: AmortizationValidationSteps.ThenUpdatedComputedPaymentAmountValueShouldDisplayOnPaymentScheduleGrid() (0.2s)
Thread#0:B:And updated/computed Period Payment value should display on Payment Schedule Grid
Thread#0:T:===========================================================
Thread#0:T:ExpectedValue Row 1 :1223.21
Thread#0:T:ActualValue Row 1 :1223.21
Thread#0:T:============================================================
Thread#0:T:===========================================================
Thread#0:T:ExpectedValue Row 2 :1223.21
Thread#0:T:ActualValue Row 2 :1223.21
Thread#0:T:============================================================
Thread#0:T:===========================================================
Thread#0:T:ExpectedValue Row 3 :1019.06
Thread#0:T:ActualValue Row 3 :1019.06
Thread#0:T:============================================================
Thread#0:T:done: AmortizationValidationSteps.ThenUpdatedComputedPeriodPaymentValueShouldDisplayOnPaymentScheduleGrid() (0.2s)
Thread#0:B:And updated/computed Period PMI value should display on Payment Schedule Grid
Thread#0:T:===========================================================
Thread#0:T:ExpectedValue Row 1 :80.78
Thread#0:T:ActualValue Row 1 :80.78
Thread#0:T:============================================================
Thread#0:T:===========================================================
Thread#0:T:ExpectedValue Row 2 :0
Thread#0:T:ActualValue Row 2 :0
Thread#0:T:============================================================
Thread#0:T:===========================================================
Thread#0:T:ExpectedValue Row 3 :0
Thread#0:T:ActualValue Row 3 :0
Thread#0:T:============================================================
Thread#0:T:done: AmortizationValidationSteps.ThenUpdatedComputedPeriodPmiValueShouldDisplayOnPaymentScheduleGrid() (0.2s)
Thread#0:Scheduler: get next test for thread
Thread#:Scheduler: testitem #5 from normal test queue 
Thread#0:Scheduler: considering testitem #5 for thread
Thread#0:Scheduler: using testitem #5 for thread
Thread#0:Scheduler: Test #5 is scheduled for thread
Thread#0:Scheduler: with testItemExecutionIndex 0
Thread#0: Test #4/0 is finished on thread #0 as Succeeded within 27.8988427 seconds
Thread#0: Test #5/0 is started on thread #0
Thread#0:B:Given user is at TRID application homepage
Thread#0:T:done: CardsValidationSteps.GivenUserIsAtTridApplicationHomepage() (2.0s)
Thread#0:B:And user have Payment Schedule data from excel sheet PaymentSchedule for the scenario 95
Thread#0:T:done: AmortizationValidationSteps.GivenUserHavePaymentScheduleDataFromExcelSheetForTheScenario("PaymentSchedule", 95) (0.7s)
Thread#0:B:When user upload json file for the scenario
Thread#0:T:done: CardsValidationSteps.WhenUserUploadJsonFileForTheScenario() (1.9s)
Thread#0:B:And user navigates to Amortization Page
Thread#0:T:done: AmortizationValidationSteps.WhenUserNavigatesToAmortizationPage() (2.1s)
Thread#0:B:Then updated/computed Payment Stream Number value should display on Payment Schedule Grid
Thread#0:T:===========================================================
Thread#0:T:ExpectedValue Row 1 :1
Thread#0:T:ActualValue Row 1 :1
Thread#0:T:============================================================
Thread#0:T:===========================================================
Thread#0:T:ExpectedValue Row 2 :2
Thread#0:T:ActualValue Row 2 :2
Thread#0:T:============================================================
Thread#0:T:===========================================================
Thread#0:T:ExpectedValue Row 3 :3
Thread#0:T:ActualValue Row 3 :3
Thread#0:T:============================================================
Thread#0:T:done: AmortizationValidationSteps.ThenUpdatedComputedPaymentStreamNumberValueShouldDisplayOnPaymentScheduleGrid() (0.2s)
Thread#0:B:And updated/computed Number of Payments value should display on Payment Schedule Grid
Thread#0:T:NUnit.Framework.AssertionException:   Actual value does not match as expected for the row 1 with the difference of 1
Thread#0:T:  Expected: 84.0d
Thread#0:T:  But was:  85.0d
Thread#0:T:   at NUnit.Framework.Assert.That[TActual](TActual actual, IResolveConstraint expression, String message, Object[] args)
Thread#0:T:   at NUnit.Framework.Assert.AreEqual(Object expected, Object actual, String message, Object[] args)
Thread#0:T:   at TRID.StepDefinitions.AmortizationValidationSteps.ThenUpdatedComputedNumberOfPaymentsValueShouldDisplayOnPaymentScheduleGrid() in F:\Projects\TRID QA\trid-462743\QA\UIAutomation\SpecFramework\StepDefinitions\AmortizationValidationSteps.cs:line 98
Thread#0:T:NUnit.Framework.AssertionException:   Actual value does not match as expected for the row 2 with the difference of 1
Thread#0:T:  Expected: 597.0d
Thread#0:T:  But was:  596.0d
Thread#0:T:   at NUnit.Framework.Assert.That[TActual](TActual actual, IResolveConstraint expression, String message, Object[] args)
Thread#0:T:   at NUnit.Framework.Assert.AreEqual(Object expected, Object actual, String message, Object[] args)
Thread#0:T:   at TRID.StepDefinitions.AmortizationValidationSteps.ThenUpdatedComputedNumberOfPaymentsValueShouldDisplayOnPaymentScheduleGrid() in F:\Projects\TRID QA\trid-462743\QA\UIAutomation\SpecFramework\StepDefinitions\AmortizationValidationSteps.cs:line 98
Thread#0:T:===========================================================
Thread#0:T:ExpectedValue Row 3 :1
Thread#0:T:ActualValue Row 3 :1
Thread#0:T:============================================================
Thread#0:T:done: AmortizationValidationSteps.ThenUpdatedComputedNumberOfPaymentsValueShouldDisplayOnPaymentScheduleGrid() (0.2s)
Thread#0:B:And updated/computed Payment Amount value should display on Payment Schedule Grid
Thread#0:T:===========================================================
Thread#0:T:ExpectedValue Row 1 :321.98
Thread#0:T:ActualValue Row 1 :321.98
Thread#0:T:============================================================
Thread#0:T:===========================================================
Thread#0:T:ExpectedValue Row 2 :303.34
Thread#0:T:ActualValue Row 2 :303.34
Thread#0:T:============================================================
Thread#0:T:===========================================================
Thread#0:T:ExpectedValue Row 3 :269.13
Thread#0:T:ActualValue Row 3 :269.13
Thread#0:T:============================================================
Thread#0:T:done: AmortizationValidationSteps.ThenUpdatedComputedPaymentAmountValueShouldDisplayOnPaymentScheduleGrid() (0.1s)
Thread#0:B:And updated/computed Period Payment value should display on Payment Schedule Grid
Thread#0:T:===========================================================
Thread#0:T:ExpectedValue Row 1 :303.34
Thread#0:T:ActualValue Row 1 :303.34
Thread#0:T:============================================================
Thread#0:T:===========================================================
Thread#0:T:ExpectedValue Row 2 :303.34
Thread#0:T:ActualValue Row 2 :303.34
Thread#0:T:============================================================
Thread#0:T:===========================================================
Thread#0:T:ExpectedValue Row 3 :269.13
Thread#0:T:ActualValue Row 3 :269.13
Thread#0:T:============================================================
Thread#0:T:done: AmortizationValidationSteps.ThenUpdatedComputedPeriodPaymentValueShouldDisplayOnPaymentScheduleGrid() (0.1s)
Thread#0:B:And updated/computed Period PMI value should display on Payment Schedule Grid
Thread#0:T:===========================================================
Thread#0:T:ExpectedValue Row 1 :18.64
Thread#0:T:ActualValue Row 1 :18.64
Thread#0:T:============================================================
Thread#0:T:===========================================================
Thread#0:T:ExpectedValue Row 2 :0
Thread#0:T:ActualValue Row 2 :0
Thread#0:T:============================================================
Thread#0:T:===========================================================
Thread#0:T:ExpectedValue Row 3 :0
Thread#0:T:ActualValue Row 3 :0
Thread#0:T:============================================================
Thread#0:T:done: AmortizationValidationSteps.ThenUpdatedComputedPeriodPmiValueShouldDisplayOnPaymentScheduleGrid() (0.1s)
Thread#0:Scheduler: get next test for thread
Thread#:Scheduler: testitem #6 from normal test queue 
Thread#0:Scheduler: considering testitem #6 for thread
Thread#0:Scheduler: using testitem #6 for thread
Thread#0:Scheduler: Test #6 is scheduled for thread
Thread#0:Scheduler: with testItemExecutionIndex 0
Thread#0: Test #5/0 is finished on thread #0 as Succeeded within 7.5372699 seconds
Thread#0: Test #6/0 is started on thread #0
Thread#0:B:Given user is at TRID application homepage
Thread#0:T:done: CardsValidationSteps.GivenUserIsAtTridApplicationHomepage() (1.2s)
Thread#0:B:And user have Payment Schedule data from excel sheet PaymentSchedule for the scenario 116
Thread#0:T:done: AmortizationValidationSteps.GivenUserHavePaymentScheduleDataFromExcelSheetForTheScenario("PaymentSchedule", 116) (0.7s)
Thread#0:B:When user upload json file for the scenario
Thread#0:T:done: CardsValidationSteps.WhenUserUploadJsonFileForTheScenario() (1.9s)
Thread#0:B:And user navigates to Amortization Page
Thread#0:T:done: AmortizationValidationSteps.WhenUserNavigatesToAmortizationPage() (0.3s)
Thread#0:B:Then updated/computed Payment Stream Number value should display on Payment Schedule Grid
Thread#0:T:===========================================================
Thread#0:T:ExpectedValue Row 1 :1
Thread#0:T:ActualValue Row 1 :1
Thread#0:T:============================================================
Thread#0:T:OpenQA.Selenium.NoSuchElementException: no such element: Unable to locate element: {"method":"xpath","selector":"//section[@id='PaymentScheduleOutputAPR']//tr[2]/td[1]//span"}
Thread#0:T:  (Session info: chrome=59.0.3071.115)
Thread#0:T:  (Driver info: chromedriver=2.29.461591 (62ebf098771772160f391d75e589dc567915b233),platform=Windows NT 10.0.10586 x86_64)
Thread#0:T:   at OpenQA.Selenium.Remote.RemoteWebDriver.UnpackAndThrowOnError(Response errorResponse)
Thread#0:T:   at OpenQA.Selenium.Remote.RemoteWebDriver.Execute(String driverCommandToExecute, Dictionary`2 parameters)
Thread#0:T:   at OpenQA.Selenium.Remote.RemoteWebDriver.FindElement(String mechanism, String value)
Thread#0:T:   at OpenQA.Selenium.Remote.RemoteWebDriver.FindElementByXPath(String xpath)
Thread#0:T:   at OpenQA.Selenium.By.<>c__DisplayClasse.<XPath>b__c(ISearchContext context)
Thread#0:T:   at OpenQA.Selenium.By.FindElement(ISearchContext context)
Thread#0:T:   at OpenQA.Selenium.Remote.RemoteWebDriver.FindElement(By by)
Thread#0:T:   at TRID.ActionClasses.UIActions.GetText(By element) in F:\Projects\TRID QA\trid-462743\QA\UIAutomation\SpecFramework\ActionClasses\UIActions.cs:line 37
Thread#0:T:   at TRID.StepDefinitions.AmortizationValidationSteps.ThenUpdatedComputedPaymentStreamNumberValueShouldDisplayOnPaymentScheduleGrid() in F:\Projects\TRID QA\trid-462743\QA\UIAutomation\SpecFramework\StepDefinitions\AmortizationValidationSteps.cs:line 57
Thread#0:T:OpenQA.Selenium.NoSuchElementException: no such element: Unable to locate element: {"method":"xpath","selector":"//section[@id='PaymentScheduleOutputAPR']//tr[3]/td[1]//span"}
Thread#0:T:  (Session info: chrome=59.0.3071.115)
Thread#0:T:  (Driver info: chromedriver=2.29.461591 (62ebf098771772160f391d75e589dc567915b233),platform=Windows NT 10.0.10586 x86_64)
Thread#0:T:   at OpenQA.Selenium.Remote.RemoteWebDriver.UnpackAndThrowOnError(Response errorResponse)
Thread#0:T:   at OpenQA.Selenium.Remote.RemoteWebDriver.Execute(String driverCommandToExecute, Dictionary`2 parameters)
Thread#0:T:   at OpenQA.Selenium.Remote.RemoteWebDriver.FindElement(String mechanism, String value)
Thread#0:T:   at OpenQA.Selenium.Remote.RemoteWebDriver.FindElementByXPath(String xpath)
Thread#0:T:   at OpenQA.Selenium.By.<>c__DisplayClasse.<XPath>b__c(ISearchContext context)
Thread#0:T:   at OpenQA.Selenium.By.FindElement(ISearchContext context)
Thread#0:T:   at OpenQA.Selenium.Remote.RemoteWebDriver.FindElement(By by)
Thread#0:T:   at TRID.ActionClasses.UIActions.GetText(By element) in F:\Projects\TRID QA\trid-462743\QA\UIAutomation\SpecFramework\ActionClasses\UIActions.cs:line 37
Thread#0:T:   at TRID.StepDefinitions.AmortizationValidationSteps.ThenUpdatedComputedPaymentStreamNumberValueShouldDisplayOnPaymentScheduleGrid() in F:\Projects\TRID QA\trid-462743\QA\UIAutomation\SpecFramework\StepDefinitions\AmortizationValidationSteps.cs:line 57
Thread#0:T:done: AmortizationValidationSteps.ThenUpdatedComputedPaymentStreamNumberValueShouldDisplayOnPaymentScheduleGrid() (0.2s)
Thread#0:B:And updated/computed Number of Payments value should display on Payment Schedule Grid
Thread#0:T:NUnit.Framework.AssertionException:   Actual value does not match as expected for the row 1 with the difference of 83
Thread#0:T:  Expected: 84.0d
Thread#0:T:  But was:  1.0d
Thread#0:T:   at NUnit.Framework.Assert.That[TActual](TActual actual, IResolveConstraint expression, String message, Object[] args)
Thread#0:T:   at NUnit.Framework.Assert.AreEqual(Object expected, Object actual, String message, Object[] args)
Thread#0:T:   at TRID.StepDefinitions.AmortizationValidationSteps.ThenUpdatedComputedNumberOfPaymentsValueShouldDisplayOnPaymentScheduleGrid() in F:\Projects\TRID QA\trid-462743\QA\UIAutomation\SpecFramework\StepDefinitions\AmortizationValidationSteps.cs:line 98
Thread#0:T:OpenQA.Selenium.NoSuchElementException: no such element: Unable to locate element: {"method":"xpath","selector":"//section[@id='PaymentScheduleOutputAPR']//tr[2]/td[2]//span"}
Thread#0:T:  (Session info: chrome=59.0.3071.115)
Thread#0:T:  (Driver info: chromedriver=2.29.461591 (62ebf098771772160f391d75e589dc567915b233),platform=Windows NT 10.0.10586 x86_64)
Thread#0:T:   at OpenQA.Selenium.Remote.RemoteWebDriver.UnpackAndThrowOnError(Response errorResponse)
Thread#0:T:   at OpenQA.Selenium.Remote.RemoteWebDriver.Execute(String driverCommandToExecute, Dictionary`2 parameters)
Thread#0:T:   at OpenQA.Selenium.Remote.RemoteWebDriver.FindElement(String mechanism, String value)
Thread#0:T:   at OpenQA.Selenium.Remote.RemoteWebDriver.FindElementByXPath(String xpath)
Thread#0:T:   at OpenQA.Selenium.By.<>c__DisplayClasse.<XPath>b__c(ISearchContext context)
Thread#0:T:   at OpenQA.Selenium.By.FindElement(ISearchContext context)
Thread#0:T:   at OpenQA.Selenium.Remote.RemoteWebDriver.FindElement(By by)
Thread#0:T:   at TRID.ActionClasses.UIActions.GetText(By element) in F:\Projects\TRID QA\trid-462743\QA\UIAutomation\SpecFramework\ActionClasses\UIActions.cs:line 37
Thread#0:T:   at TRID.StepDefinitions.AmortizationValidationSteps.ThenUpdatedComputedNumberOfPaymentsValueShouldDisplayOnPaymentScheduleGrid() in F:\Projects\TRID QA\trid-462743\QA\UIAutomation\SpecFramework\StepDefinitions\AmortizationValidationSteps.cs:line 95
Thread#0:T:OpenQA.Selenium.NoSuchElementException: no such element: Unable to locate element: {"method":"xpath","selector":"//section[@id='PaymentScheduleOutputAPR']//tr[3]/td[2]//span"}
Thread#0:T:  (Session info: chrome=59.0.3071.115)
Thread#0:T:  (Driver info: chromedriver=2.29.461591 (62ebf098771772160f391d75e589dc567915b233),platform=Windows NT 10.0.10586 x86_64)
Thread#0:T:   at OpenQA.Selenium.Remote.RemoteWebDriver.UnpackAndThrowOnError(Response errorResponse)
Thread#0:T:   at OpenQA.Selenium.Remote.RemoteWebDriver.Execute(String driverCommandToExecute, Dictionary`2 parameters)
Thread#0:T:   at OpenQA.Selenium.Remote.RemoteWebDriver.FindElement(String mechanism, String value)
Thread#0:T:   at OpenQA.Selenium.Remote.RemoteWebDriver.FindElementByXPath(String xpath)
Thread#0:T:   at OpenQA.Selenium.By.<>c__DisplayClasse.<XPath>b__c(ISearchContext context)
Thread#0:T:   at OpenQA.Selenium.By.FindElement(ISearchContext context)
Thread#0:T:   at OpenQA.Selenium.Remote.RemoteWebDriver.FindElement(By by)
Thread#0:T:   at TRID.ActionClasses.UIActions.GetText(By element) in F:\Projects\TRID QA\trid-462743\QA\UIAutomation\SpecFramework\ActionClasses\UIActions.cs:line 37
Thread#0:T:   at TRID.StepDefinitions.AmortizationValidationSteps.ThenUpdatedComputedNumberOfPaymentsValueShouldDisplayOnPaymentScheduleGrid() in F:\Projects\TRID QA\trid-462743\QA\UIAutomation\SpecFramework\StepDefinitions\AmortizationValidationSteps.cs:line 95
Thread#0:T:done: AmortizationValidationSteps.ThenUpdatedComputedNumberOfPaymentsValueShouldDisplayOnPaymentScheduleGrid() (0.2s)
Thread#0:B:And updated/computed Payment Amount value should display on Payment Schedule Grid
Thread#0:T:NUnit.Framework.AssertionException:   Actual value does not match as expected for the row 1 with the difference of 321.98
Thread#0:T:  Expected: 321.98000000000002d
Thread#0:T:  But was:  0.0d
Thread#0:T:   at NUnit.Framework.Assert.That[TActual](TActual actual, IResolveConstraint expression, String message, Object[] args)
Thread#0:T:   at NUnit.Framework.Assert.AreEqual(Object expected, Object actual, String message, Object[] args)
Thread#0:T:   at TRID.StepDefinitions.AmortizationValidationSteps.ThenUpdatedComputedPaymentAmountValueShouldDisplayOnPaymentScheduleGrid() in F:\Projects\TRID QA\trid-462743\QA\UIAutomation\SpecFramework\StepDefinitions\AmortizationValidationSteps.cs:line 132
Thread#0:T:OpenQA.Selenium.NoSuchElementException: no such element: Unable to locate element: {"method":"xpath","selector":"//section[@id='PaymentScheduleOutputAPR']//tr[2]/td[3]//span"}
Thread#0:T:  (Session info: chrome=59.0.3071.115)
Thread#0:T:  (Driver info: chromedriver=2.29.461591 (62ebf098771772160f391d75e589dc567915b233),platform=Windows NT 10.0.10586 x86_64)
Thread#0:T:   at OpenQA.Selenium.Remote.RemoteWebDriver.UnpackAndThrowOnError(Response errorResponse)
Thread#0:T:   at OpenQA.Selenium.Remote.RemoteWebDriver.Execute(String driverCommandToExecute, Dictionary`2 parameters)
Thread#0:T:   at OpenQA.Selenium.Remote.RemoteWebDriver.FindElement(String mechanism, String value)
Thread#0:T:   at OpenQA.Selenium.Remote.RemoteWebDriver.FindElementByXPath(String xpath)
Thread#0:T:   at OpenQA.Selenium.By.<>c__DisplayClasse.<XPath>b__c(ISearchContext context)
Thread#0:T:   at OpenQA.Selenium.By.FindElement(ISearchContext context)
Thread#0:T:   at OpenQA.Selenium.Remote.RemoteWebDriver.FindElement(By by)
Thread#0:T:   at TRID.ActionClasses.UIActions.GetText(By element) in F:\Projects\TRID QA\trid-462743\QA\UIAutomation\SpecFramework\ActionClasses\UIActions.cs:line 37
Thread#0:T:   at TRID.StepDefinitions.AmortizationValidationSteps.ThenUpdatedComputedPaymentAmountValueShouldDisplayOnPaymentScheduleGrid() in F:\Projects\TRID QA\trid-462743\QA\UIAutomation\SpecFramework\StepDefinitions\AmortizationValidationSteps.cs:line 129
Thread#0:T:OpenQA.Selenium.NoSuchElementException: no such element: Unable to locate element: {"method":"xpath","selector":"//section[@id='PaymentScheduleOutputAPR']//tr[3]/td[3]//span"}
Thread#0:T:  (Session info: chrome=59.0.3071.115)
Thread#0:T:  (Driver info: chromedriver=2.29.461591 (62ebf098771772160f391d75e589dc567915b233),platform=Windows NT 10.0.10586 x86_64)
Thread#0:T:   at OpenQA.Selenium.Remote.RemoteWebDriver.UnpackAndThrowOnError(Response errorResponse)
Thread#0:T:   at OpenQA.Selenium.Remote.RemoteWebDriver.Execute(String driverCommandToExecute, Dictionary`2 parameters)
Thread#0:T:   at OpenQA.Selenium.Remote.RemoteWebDriver.FindElement(String mechanism, String value)
Thread#0:T:   at OpenQA.Selenium.Remote.RemoteWebDriver.FindElementByXPath(String xpath)
Thread#0:T:   at OpenQA.Selenium.By.<>c__DisplayClasse.<XPath>b__c(ISearchContext context)
Thread#0:T:   at OpenQA.Selenium.By.FindElement(ISearchContext context)
Thread#0:T:   at OpenQA.Selenium.Remote.RemoteWebDriver.FindElement(By by)
Thread#0:T:   at TRID.ActionClasses.UIActions.GetText(By element) in F:\Projects\TRID QA\trid-462743\QA\UIAutomation\SpecFramework\ActionClasses\UIActions.cs:line 37
Thread#0:T:   at TRID.StepDefinitions.AmortizationValidationSteps.ThenUpdatedComputedPaymentAmountValueShouldDisplayOnPaymentScheduleGrid() in F:\Projects\TRID QA\trid-462743\QA\UIAutomation\SpecFramework\StepDefinitions\AmortizationValidationSteps.cs:line 129
Thread#0:T:done: AmortizationValidationSteps.ThenUpdatedComputedPaymentAmountValueShouldDisplayOnPaymentScheduleGrid() (0.2s)
Thread#0:B:And updated/computed Period Payment value should display on Payment Schedule Grid
Thread#0:T:NUnit.Framework.AssertionException:   Actual value does not match as expected for the row 1 with the difference of 303.34
Thread#0:T:  Expected: 303.33999999999997d
Thread#0:T:  But was:  0.0d
Thread#0:T:   at NUnit.Framework.Assert.That[TActual](TActual actual, IResolveConstraint expression, String message, Object[] args)
Thread#0:T:   at NUnit.Framework.Assert.AreEqual(Object expected, Object actual, String message, Object[] args)
Thread#0:T:   at TRID.StepDefinitions.AmortizationValidationSteps.ThenUpdatedComputedPeriodPaymentValueShouldDisplayOnPaymentScheduleGrid() in F:\Projects\TRID QA\trid-462743\QA\UIAutomation\SpecFramework\StepDefinitions\AmortizationValidationSteps.cs:line 166
Thread#0:T:OpenQA.Selenium.NoSuchElementException: no such element: Unable to locate element: {"method":"xpath","selector":"//section[@id='PaymentScheduleOutputAPR']//tr[2]/td[4]//span"}
Thread#0:T:  (Session info: chrome=59.0.3071.115)
Thread#0:T:  (Driver info: chromedriver=2.29.461591 (62ebf098771772160f391d75e589dc567915b233),platform=Windows NT 10.0.10586 x86_64)
Thread#0:T:   at OpenQA.Selenium.Remote.RemoteWebDriver.UnpackAndThrowOnError(Response errorResponse)
Thread#0:T:   at OpenQA.Selenium.Remote.RemoteWebDriver.Execute(String driverCommandToExecute, Dictionary`2 parameters)
Thread#0:T:   at OpenQA.Selenium.Remote.RemoteWebDriver.FindElement(String mechanism, String value)
Thread#0:T:   at OpenQA.Selenium.Remote.RemoteWebDriver.FindElementByXPath(String xpath)
Thread#0:T:   at OpenQA.Selenium.By.<>c__DisplayClasse.<XPath>b__c(ISearchContext context)
Thread#0:T:   at OpenQA.Selenium.By.FindElement(ISearchContext context)
Thread#0:T:   at OpenQA.Selenium.Remote.RemoteWebDriver.FindElement(By by)
Thread#0:T:   at TRID.ActionClasses.UIActions.GetText(By element) in F:\Projects\TRID QA\trid-462743\QA\UIAutomation\SpecFramework\ActionClasses\UIActions.cs:line 37
Thread#0:T:   at TRID.StepDefinitions.AmortizationValidationSteps.ThenUpdatedComputedPeriodPaymentValueShouldDisplayOnPaymentScheduleGrid() in F:\Projects\TRID QA\trid-462743\QA\UIAutomation\SpecFramework\StepDefinitions\AmortizationValidationSteps.cs:line 163
Thread#0:T:OpenQA.Selenium.NoSuchElementException: no such element: Unable to locate element: {"method":"xpath","selector":"//section[@id='PaymentScheduleOutputAPR']//tr[3]/td[4]//span"}
Thread#0:T:  (Session info: chrome=59.0.3071.115)
Thread#0:T:  (Driver info: chromedriver=2.29.461591 (62ebf098771772160f391d75e589dc567915b233),platform=Windows NT 10.0.10586 x86_64)
Thread#0:T:   at OpenQA.Selenium.Remote.RemoteWebDriver.UnpackAndThrowOnError(Response errorResponse)
Thread#0:T:   at OpenQA.Selenium.Remote.RemoteWebDriver.Execute(String driverCommandToExecute, Dictionary`2 parameters)
Thread#0:T:   at OpenQA.Selenium.Remote.RemoteWebDriver.FindElement(String mechanism, String value)
Thread#0:T:   at OpenQA.Selenium.Remote.RemoteWebDriver.FindElementByXPath(String xpath)
Thread#0:T:   at OpenQA.Selenium.By.<>c__DisplayClasse.<XPath>b__c(ISearchContext context)
Thread#0:T:   at OpenQA.Selenium.By.FindElement(ISearchContext context)
Thread#0:T:   at OpenQA.Selenium.Remote.RemoteWebDriver.FindElement(By by)
Thread#0:T:   at TRID.ActionClasses.UIActions.GetText(By element) in F:\Projects\TRID QA\trid-462743\QA\UIAutomation\SpecFramework\ActionClasses\UIActions.cs:line 37
Thread#0:T:   at TRID.StepDefinitions.AmortizationValidationSteps.ThenUpdatedComputedPeriodPaymentValueShouldDisplayOnPaymentScheduleGrid() in F:\Projects\TRID QA\trid-462743\QA\UIAutomation\SpecFramework\StepDefinitions\AmortizationValidationSteps.cs:line 163
Thread#0:T:done: AmortizationValidationSteps.ThenUpdatedComputedPeriodPaymentValueShouldDisplayOnPaymentScheduleGrid() (0.2s)
Thread#0:B:And updated/computed Period PMI value should display on Payment Schedule Grid
Thread#0:T:NUnit.Framework.AssertionException:   Actual value does not match as expected for the row 1 with the difference of 18.64
Thread#0:T:  Expected: 18.640000000000001d
Thread#0:T:  But was:  0.0d
Thread#0:T:   at NUnit.Framework.Assert.That[TActual](TActual actual, IResolveConstraint expression, String message, Object[] args)
Thread#0:T:   at NUnit.Framework.Assert.AreEqual(Object expected, Object actual, String message, Object[] args)
Thread#0:T:   at TRID.StepDefinitions.AmortizationValidationSteps.ThenUpdatedComputedPeriodPmiValueShouldDisplayOnPaymentScheduleGrid() in F:\Projects\TRID QA\trid-462743\QA\UIAutomation\SpecFramework\StepDefinitions\AmortizationValidationSteps.cs:line 200
Thread#0:T:OpenQA.Selenium.NoSuchElementException: no such element: Unable to locate element: {"method":"xpath","selector":"//section[@id='PaymentScheduleOutputAPR']//tr[2]/td[5]//span"}
Thread#0:T:  (Session info: chrome=59.0.3071.115)
Thread#0:T:  (Driver info: chromedriver=2.29.461591 (62ebf098771772160f391d75e589dc567915b233),platform=Windows NT 10.0.10586 x86_64)
Thread#0:T:   at OpenQA.Selenium.Remote.RemoteWebDriver.UnpackAndThrowOnError(Response errorResponse)
Thread#0:T:   at OpenQA.Selenium.Remote.RemoteWebDriver.Execute(String driverCommandToExecute, Dictionary`2 parameters)
Thread#0:T:   at OpenQA.Selenium.Remote.RemoteWebDriver.FindElement(String mechanism, String value)
Thread#0:T:   at OpenQA.Selenium.Remote.RemoteWebDriver.FindElementByXPath(String xpath)
Thread#0:T:   at OpenQA.Selenium.By.<>c__DisplayClasse.<XPath>b__c(ISearchContext context)
Thread#0:T:   at OpenQA.Selenium.By.FindElement(ISearchContext context)
Thread#0:T:   at OpenQA.Selenium.Remote.RemoteWebDriver.FindElement(By by)
Thread#0:T:   at TRID.ActionClasses.UIActions.GetText(By element) in F:\Projects\TRID QA\trid-462743\QA\UIAutomation\SpecFramework\ActionClasses\UIActions.cs:line 37
Thread#0:T:   at TRID.StepDefinitions.AmortizationValidationSteps.ThenUpdatedComputedPeriodPmiValueShouldDisplayOnPaymentScheduleGrid() in F:\Projects\TRID QA\trid-462743\QA\UIAutomation\SpecFramework\StepDefinitions\AmortizationValidationSteps.cs:line 197
Thread#0:T:OpenQA.Selenium.NoSuchElementException: no such element: Unable to locate element: {"method":"xpath","selector":"//section[@id='PaymentScheduleOutputAPR']//tr[3]/td[5]//span"}
Thread#0:T:  (Session info: chrome=59.0.3071.115)
Thread#0:T:  (Driver info: chromedriver=2.29.461591 (62ebf098771772160f391d75e589dc567915b233),platform=Windows NT 10.0.10586 x86_64)
Thread#0:T:   at OpenQA.Selenium.Remote.RemoteWebDriver.UnpackAndThrowOnError(Response errorResponse)
Thread#0:T:   at OpenQA.Selenium.Remote.RemoteWebDriver.Execute(String driverCommandToExecute, Dictionary`2 parameters)
Thread#0:T:   at OpenQA.Selenium.Remote.RemoteWebDriver.FindElement(String mechanism, String value)
Thread#0:T:   at OpenQA.Selenium.Remote.RemoteWebDriver.FindElementByXPath(String xpath)
Thread#0:T:   at OpenQA.Selenium.By.<>c__DisplayClasse.<XPath>b__c(ISearchContext context)
Thread#0:T:   at OpenQA.Selenium.By.FindElement(ISearchContext context)
Thread#0:T:   at OpenQA.Selenium.Remote.RemoteWebDriver.FindElement(By by)
Thread#0:T:   at TRID.ActionClasses.UIActions.GetText(By element) in F:\Projects\TRID QA\trid-462743\QA\UIAutomation\SpecFramework\ActionClasses\UIActions.cs:line 37
Thread#0:T:   at TRID.StepDefinitions.AmortizationValidationSteps.ThenUpdatedComputedPeriodPmiValueShouldDisplayOnPaymentScheduleGrid() in F:\Projects\TRID QA\trid-462743\QA\UIAutomation\SpecFramework\StepDefinitions\AmortizationValidationSteps.cs:line 197
Thread#0:T:done: AmortizationValidationSteps.ThenUpdatedComputedPeriodPmiValueShouldDisplayOnPaymentScheduleGrid() (0.2s)
Thread#0:Scheduler: get next test for thread
Thread#:Scheduler: testitem #7 from normal test queue 
Thread#0:Scheduler: considering testitem #7 for thread
Thread#0:Scheduler: using testitem #7 for thread
Thread#0:Scheduler: Test #7 is scheduled for thread
Thread#0:Scheduler: with testItemExecutionIndex 0
Thread#0: Test #6/0 is finished on thread #0 as Succeeded within 5.275288 seconds
Thread#0: Test #7/0 is started on thread #0
Thread#0:B:Given user is at TRID application homepage
Thread#0:T:done: CardsValidationSteps.GivenUserIsAtTridApplicationHomepage() (1.3s)
Thread#0:B:And user have Payment Schedule data from excel sheet PaymentSchedule for the scenario 117
Thread#0:T:done: AmortizationValidationSteps.GivenUserHavePaymentScheduleDataFromExcelSheetForTheScenario("PaymentSchedule", 117) (0.7s)
Thread#0:B:When user upload json file for the scenario
Thread#0:T:done: CardsValidationSteps.WhenUserUploadJsonFileForTheScenario() (1.9s)
Thread#0:B:And user navigates to Amortization Page
Thread#0:T:done: AmortizationValidationSteps.WhenUserNavigatesToAmortizationPage() (0.4s)
Thread#0:B:Then updated/computed Payment Stream Number value should display on Payment Schedule Grid
Thread#0:T:===========================================================
Thread#0:T:ExpectedValue Row 1 :1
Thread#0:T:ActualValue Row 1 :1
Thread#0:T:============================================================
Thread#0:T:OpenQA.Selenium.NoSuchElementException: no such element: Unable to locate element: {"method":"xpath","selector":"//section[@id='PaymentScheduleOutputAPR']//tr[2]/td[1]//span"}
Thread#0:T:  (Session info: chrome=59.0.3071.115)
Thread#0:T:  (Driver info: chromedriver=2.29.461591 (62ebf098771772160f391d75e589dc567915b233),platform=Windows NT 10.0.10586 x86_64)
Thread#0:T:   at OpenQA.Selenium.Remote.RemoteWebDriver.UnpackAndThrowOnError(Response errorResponse)
Thread#0:T:   at OpenQA.Selenium.Remote.RemoteWebDriver.Execute(String driverCommandToExecute, Dictionary`2 parameters)
Thread#0:T:   at OpenQA.Selenium.Remote.RemoteWebDriver.FindElement(String mechanism, String value)
Thread#0:T:   at OpenQA.Selenium.Remote.RemoteWebDriver.FindElementByXPath(String xpath)
Thread#0:T:   at OpenQA.Selenium.By.<>c__DisplayClasse.<XPath>b__c(ISearchContext context)
Thread#0:T:   at OpenQA.Selenium.By.FindElement(ISearchContext context)
Thread#0:T:   at OpenQA.Selenium.Remote.RemoteWebDriver.FindElement(By by)
Thread#0:T:   at TRID.ActionClasses.UIActions.GetText(By element) in F:\Projects\TRID QA\trid-462743\QA\UIAutomation\SpecFramework\ActionClasses\UIActions.cs:line 37
Thread#0:T:   at TRID.StepDefinitions.AmortizationValidationSteps.ThenUpdatedComputedPaymentStreamNumberValueShouldDisplayOnPaymentScheduleGrid() in F:\Projects\TRID QA\trid-462743\QA\UIAutomation\SpecFramework\StepDefinitions\AmortizationValidationSteps.cs:line 57
Thread#0:T:OpenQA.Selenium.NoSuchElementException: no such element: Unable to locate element: {"method":"xpath","selector":"//section[@id='PaymentScheduleOutputAPR']//tr[3]/td[1]//span"}
Thread#0:T:  (Session info: chrome=59.0.3071.115)
Thread#0:T:  (Driver info: chromedriver=2.29.461591 (62ebf098771772160f391d75e589dc567915b233),platform=Windows NT 10.0.10586 x86_64)
Thread#0:T:   at OpenQA.Selenium.Remote.RemoteWebDriver.UnpackAndThrowOnError(Response errorResponse)
Thread#0:T:   at OpenQA.Selenium.Remote.RemoteWebDriver.Execute(String driverCommandToExecute, Dictionary`2 parameters)
Thread#0:T:   at OpenQA.Selenium.Remote.RemoteWebDriver.FindElement(String mechanism, String value)
Thread#0:T:   at OpenQA.Selenium.Remote.RemoteWebDriver.FindElementByXPath(String xpath)
Thread#0:T:   at OpenQA.Selenium.By.<>c__DisplayClasse.<XPath>b__c(ISearchContext context)
Thread#0:T:   at OpenQA.Selenium.By.FindElement(ISearchContext context)
Thread#0:T:   at OpenQA.Selenium.Remote.RemoteWebDriver.FindElement(By by)
Thread#0:T:   at TRID.ActionClasses.UIActions.GetText(By element) in F:\Projects\TRID QA\trid-462743\QA\UIAutomation\SpecFramework\ActionClasses\UIActions.cs:line 37
Thread#0:T:   at TRID.StepDefinitions.AmortizationValidationSteps.ThenUpdatedComputedPaymentStreamNumberValueShouldDisplayOnPaymentScheduleGrid() in F:\Projects\TRID QA\trid-462743\QA\UIAutomation\SpecFramework\StepDefinitions\AmortizationValidationSteps.cs:line 57
Thread#0:T:done: AmortizationValidationSteps.ThenUpdatedComputedPaymentStreamNumberValueShouldDisplayOnPaymentScheduleGrid() (0.2s)
Thread#0:B:And updated/computed Number of Payments value should display on Payment Schedule Grid
Thread#0:T:NUnit.Framework.AssertionException:   Actual value does not match as expected for the row 1 with the difference of 83
Thread#0:T:  Expected: 84.0d
Thread#0:T:  But was:  1.0d
Thread#0:T:   at NUnit.Framework.Assert.That[TActual](TActual actual, IResolveConstraint expression, String message, Object[] args)
Thread#0:T:   at NUnit.Framework.Assert.AreEqual(Object expected, Object actual, String message, Object[] args)
Thread#0:T:   at TRID.StepDefinitions.AmortizationValidationSteps.ThenUpdatedComputedNumberOfPaymentsValueShouldDisplayOnPaymentScheduleGrid() in F:\Projects\TRID QA\trid-462743\QA\UIAutomation\SpecFramework\StepDefinitions\AmortizationValidationSteps.cs:line 98
Thread#0:T:OpenQA.Selenium.NoSuchElementException: no such element: Unable to locate element: {"method":"xpath","selector":"//section[@id='PaymentScheduleOutputAPR']//tr[2]/td[2]//span"}
Thread#0:T:  (Session info: chrome=59.0.3071.115)
Thread#0:T:  (Driver info: chromedriver=2.29.461591 (62ebf098771772160f391d75e589dc567915b233),platform=Windows NT 10.0.10586 x86_64)
Thread#0:T:   at OpenQA.Selenium.Remote.RemoteWebDriver.UnpackAndThrowOnError(Response errorResponse)
Thread#0:T:   at OpenQA.Selenium.Remote.RemoteWebDriver.Execute(String driverCommandToExecute, Dictionary`2 parameters)
Thread#0:T:   at OpenQA.Selenium.Remote.RemoteWebDriver.FindElement(String mechanism, String value)
Thread#0:T:   at OpenQA.Selenium.Remote.RemoteWebDriver.FindElementByXPath(String xpath)
Thread#0:T:   at OpenQA.Selenium.By.<>c__DisplayClasse.<XPath>b__c(ISearchContext context)
Thread#0:T:   at OpenQA.Selenium.By.FindElement(ISearchContext context)
Thread#0:T:   at OpenQA.Selenium.Remote.RemoteWebDriver.FindElement(By by)
Thread#0:T:   at TRID.ActionClasses.UIActions.GetText(By element) in F:\Projects\TRID QA\trid-462743\QA\UIAutomation\SpecFramework\ActionClasses\UIActions.cs:line 37
Thread#0:T:   at TRID.StepDefinitions.AmortizationValidationSteps.ThenUpdatedComputedNumberOfPaymentsValueShouldDisplayOnPaymentScheduleGrid() in F:\Projects\TRID QA\trid-462743\QA\UIAutomation\SpecFramework\StepDefinitions\AmortizationValidationSteps.cs:line 95
Thread#0:T:OpenQA.Selenium.NoSuchElementException: no such element: Unable to locate element: {"method":"xpath","selector":"//section[@id='PaymentScheduleOutputAPR']//tr[3]/td[2]//span"}
Thread#0:T:  (Session info: chrome=59.0.3071.115)
Thread#0:T:  (Driver info: chromedriver=2.29.461591 (62ebf098771772160f391d75e589dc567915b233),platform=Windows NT 10.0.10586 x86_64)
Thread#0:T:   at OpenQA.Selenium.Remote.RemoteWebDriver.UnpackAndThrowOnError(Response errorResponse)
Thread#0:T:   at OpenQA.Selenium.Remote.RemoteWebDriver.Execute(String driverCommandToExecute, Dictionary`2 parameters)
Thread#0:T:   at OpenQA.Selenium.Remote.RemoteWebDriver.FindElement(String mechanism, String value)
Thread#0:T:   at OpenQA.Selenium.Remote.RemoteWebDriver.FindElementByXPath(String xpath)
Thread#0:T:   at OpenQA.Selenium.By.<>c__DisplayClasse.<XPath>b__c(ISearchContext context)
Thread#0:T:   at OpenQA.Selenium.By.FindElement(ISearchContext context)
Thread#0:T:   at OpenQA.Selenium.Remote.RemoteWebDriver.FindElement(By by)
Thread#0:T:   at TRID.ActionClasses.UIActions.GetText(By element) in F:\Projects\TRID QA\trid-462743\QA\UIAutomation\SpecFramework\ActionClasses\UIActions.cs:line 37
Thread#0:T:   at TRID.StepDefinitions.AmortizationValidationSteps.ThenUpdatedComputedNumberOfPaymentsValueShouldDisplayOnPaymentScheduleGrid() in F:\Projects\TRID QA\trid-462743\QA\UIAutomation\SpecFramework\StepDefinitions\AmortizationValidationSteps.cs:line 95
Thread#0:T:done: AmortizationValidationSteps.ThenUpdatedComputedNumberOfPaymentsValueShouldDisplayOnPaymentScheduleGrid() (0.2s)
Thread#0:B:And updated/computed Payment Amount value should display on Payment Schedule Grid
Thread#0:T:NUnit.Framework.AssertionException:   Actual value does not match as expected for the row 1 with the difference of 321.98
Thread#0:T:  Expected: 321.98000000000002d
Thread#0:T:  But was:  0.0d
Thread#0:T:   at NUnit.Framework.Assert.That[TActual](TActual actual, IResolveConstraint expression, String message, Object[] args)
Thread#0:T:   at NUnit.Framework.Assert.AreEqual(Object expected, Object actual, String message, Object[] args)
Thread#0:T:   at TRID.StepDefinitions.AmortizationValidationSteps.ThenUpdatedComputedPaymentAmountValueShouldDisplayOnPaymentScheduleGrid() in F:\Projects\TRID QA\trid-462743\QA\UIAutomation\SpecFramework\StepDefinitions\AmortizationValidationSteps.cs:line 132
Thread#0:T:OpenQA.Selenium.NoSuchElementException: no such element: Unable to locate element: {"method":"xpath","selector":"//section[@id='PaymentScheduleOutputAPR']//tr[2]/td[3]//span"}
Thread#0:T:  (Session info: chrome=59.0.3071.115)
Thread#0:T:  (Driver info: chromedriver=2.29.461591 (62ebf098771772160f391d75e589dc567915b233),platform=Windows NT 10.0.10586 x86_64)
Thread#0:T:   at OpenQA.Selenium.Remote.RemoteWebDriver.UnpackAndThrowOnError(Response errorResponse)
Thread#0:T:   at OpenQA.Selenium.Remote.RemoteWebDriver.Execute(String driverCommandToExecute, Dictionary`2 parameters)
Thread#0:T:   at OpenQA.Selenium.Remote.RemoteWebDriver.FindElement(String mechanism, String value)
Thread#0:T:   at OpenQA.Selenium.Remote.RemoteWebDriver.FindElementByXPath(String xpath)
Thread#0:T:   at OpenQA.Selenium.By.<>c__DisplayClasse.<XPath>b__c(ISearchContext context)
Thread#0:T:   at OpenQA.Selenium.By.FindElement(ISearchContext context)
Thread#0:T:   at OpenQA.Selenium.Remote.RemoteWebDriver.FindElement(By by)
Thread#0:T:   at TRID.ActionClasses.UIActions.GetText(By element) in F:\Projects\TRID QA\trid-462743\QA\UIAutomation\SpecFramework\ActionClasses\UIActions.cs:line 37
Thread#0:T:   at TRID.StepDefinitions.AmortizationValidationSteps.ThenUpdatedComputedPaymentAmountValueShouldDisplayOnPaymentScheduleGrid() in F:\Projects\TRID QA\trid-462743\QA\UIAutomation\SpecFramework\StepDefinitions\AmortizationValidationSteps.cs:line 129
Thread#0:T:OpenQA.Selenium.NoSuchElementException: no such element: Unable to locate element: {"method":"xpath","selector":"//section[@id='PaymentScheduleOutputAPR']//tr[3]/td[3]//span"}
Thread#0:T:  (Session info: chrome=59.0.3071.115)
Thread#0:T:  (Driver info: chromedriver=2.29.461591 (62ebf098771772160f391d75e589dc567915b233),platform=Windows NT 10.0.10586 x86_64)
Thread#0:T:   at OpenQA.Selenium.Remote.RemoteWebDriver.UnpackAndThrowOnError(Response errorResponse)
Thread#0:T:   at OpenQA.Selenium.Remote.RemoteWebDriver.Execute(String driverCommandToExecute, Dictionary`2 parameters)
Thread#0:T:   at OpenQA.Selenium.Remote.RemoteWebDriver.FindElement(String mechanism, String value)
Thread#0:T:   at OpenQA.Selenium.Remote.RemoteWebDriver.FindElementByXPath(String xpath)
Thread#0:T:   at OpenQA.Selenium.By.<>c__DisplayClasse.<XPath>b__c(ISearchContext context)
Thread#0:T:   at OpenQA.Selenium.By.FindElement(ISearchContext context)
Thread#0:T:   at OpenQA.Selenium.Remote.RemoteWebDriver.FindElement(By by)
Thread#0:T:   at TRID.ActionClasses.UIActions.GetText(By element) in F:\Projects\TRID QA\trid-462743\QA\UIAutomation\SpecFramework\ActionClasses\UIActions.cs:line 37
Thread#0:T:   at TRID.StepDefinitions.AmortizationValidationSteps.ThenUpdatedComputedPaymentAmountValueShouldDisplayOnPaymentScheduleGrid() in F:\Projects\TRID QA\trid-462743\QA\UIAutomation\SpecFramework\StepDefinitions\AmortizationValidationSteps.cs:line 129
Thread#0:T:done: AmortizationValidationSteps.ThenUpdatedComputedPaymentAmountValueShouldDisplayOnPaymentScheduleGrid() (0.2s)
Thread#0:B:And updated/computed Period Payment value should display on Payment Schedule Grid
Thread#0:T:NUnit.Framework.AssertionException:   Actual value does not match as expected for the row 1 with the difference of 303.34
Thread#0:T:  Expected: 303.33999999999997d
Thread#0:T:  But was:  0.0d
Thread#0:T:   at NUnit.Framework.Assert.That[TActual](TActual actual, IResolveConstraint expression, String message, Object[] args)
Thread#0:T:   at NUnit.Framework.Assert.AreEqual(Object expected, Object actual, String message, Object[] args)
Thread#0:T:   at TRID.StepDefinitions.AmortizationValidationSteps.ThenUpdatedComputedPeriodPaymentValueShouldDisplayOnPaymentScheduleGrid() in F:\Projects\TRID QA\trid-462743\QA\UIAutomation\SpecFramework\StepDefinitions\AmortizationValidationSteps.cs:line 166
Thread#0:T:OpenQA.Selenium.NoSuchElementException: no such element: Unable to locate element: {"method":"xpath","selector":"//section[@id='PaymentScheduleOutputAPR']//tr[2]/td[4]//span"}
Thread#0:T:  (Session info: chrome=59.0.3071.115)
Thread#0:T:  (Driver info: chromedriver=2.29.461591 (62ebf098771772160f391d75e589dc567915b233),platform=Windows NT 10.0.10586 x86_64)
Thread#0:T:   at OpenQA.Selenium.Remote.RemoteWebDriver.UnpackAndThrowOnError(Response errorResponse)
Thread#0:T:   at OpenQA.Selenium.Remote.RemoteWebDriver.Execute(String driverCommandToExecute, Dictionary`2 parameters)
Thread#0:T:   at OpenQA.Selenium.Remote.RemoteWebDriver.FindElement(String mechanism, String value)
Thread#0:T:   at OpenQA.Selenium.Remote.RemoteWebDriver.FindElementByXPath(String xpath)
Thread#0:T:   at OpenQA.Selenium.By.<>c__DisplayClasse.<XPath>b__c(ISearchContext context)
Thread#0:T:   at OpenQA.Selenium.By.FindElement(ISearchContext context)
Thread#0:T:   at OpenQA.Selenium.Remote.RemoteWebDriver.FindElement(By by)
Thread#0:T:   at TRID.ActionClasses.UIActions.GetText(By element) in F:\Projects\TRID QA\trid-462743\QA\UIAutomation\SpecFramework\ActionClasses\UIActions.cs:line 37
Thread#0:T:   at TRID.StepDefinitions.AmortizationValidationSteps.ThenUpdatedComputedPeriodPaymentValueShouldDisplayOnPaymentScheduleGrid() in F:\Projects\TRID QA\trid-462743\QA\UIAutomation\SpecFramework\StepDefinitions\AmortizationValidationSteps.cs:line 163
Thread#0:T:OpenQA.Selenium.NoSuchElementException: no such element: Unable to locate element: {"method":"xpath","selector":"//section[@id='PaymentScheduleOutputAPR']//tr[3]/td[4]//span"}
Thread#0:T:  (Session info: chrome=59.0.3071.115)
Thread#0:T:  (Driver info: chromedriver=2.29.461591 (62ebf098771772160f391d75e589dc567915b233),platform=Windows NT 10.0.10586 x86_64)
Thread#0:T:   at OpenQA.Selenium.Remote.RemoteWebDriver.UnpackAndThrowOnError(Response errorResponse)
Thread#0:T:   at OpenQA.Selenium.Remote.RemoteWebDriver.Execute(String driverCommandToExecute, Dictionary`2 parameters)
Thread#0:T:   at OpenQA.Selenium.Remote.RemoteWebDriver.FindElement(String mechanism, String value)
Thread#0:T:   at OpenQA.Selenium.Remote.RemoteWebDriver.FindElementByXPath(String xpath)
Thread#0:T:   at OpenQA.Selenium.By.<>c__DisplayClasse.<XPath>b__c(ISearchContext context)
Thread#0:T:   at OpenQA.Selenium.By.FindElement(ISearchContext context)
Thread#0:T:   at OpenQA.Selenium.Remote.RemoteWebDriver.FindElement(By by)
Thread#0:T:   at TRID.ActionClasses.UIActions.GetText(By element) in F:\Projects\TRID QA\trid-462743\QA\UIAutomation\SpecFramework\ActionClasses\UIActions.cs:line 37
Thread#0:T:   at TRID.StepDefinitions.AmortizationValidationSteps.ThenUpdatedComputedPeriodPaymentValueShouldDisplayOnPaymentScheduleGrid() in F:\Projects\TRID QA\trid-462743\QA\UIAutomation\SpecFramework\StepDefinitions\AmortizationValidationSteps.cs:line 163
Thread#0:T:done: AmortizationValidationSteps.ThenUpdatedComputedPeriodPaymentValueShouldDisplayOnPaymentScheduleGrid() (0.2s)
Thread#0:B:And updated/computed Period PMI value should display on Payment Schedule Grid
Thread#0:T:NUnit.Framework.AssertionException:   Actual value does not match as expected for the row 1 with the difference of 18.64
Thread#0:T:  Expected: 18.640000000000001d
Thread#0:T:  But was:  0.0d
Thread#0:T:   at NUnit.Framework.Assert.That[TActual](TActual actual, IResolveConstraint expression, String message, Object[] args)
Thread#0:T:   at NUnit.Framework.Assert.AreEqual(Object expected, Object actual, String message, Object[] args)
Thread#0:T:   at TRID.StepDefinitions.AmortizationValidationSteps.ThenUpdatedComputedPeriodPmiValueShouldDisplayOnPaymentScheduleGrid() in F:\Projects\TRID QA\trid-462743\QA\UIAutomation\SpecFramework\StepDefinitions\AmortizationValidationSteps.cs:line 200
Thread#0:T:OpenQA.Selenium.NoSuchElementException: no such element: Unable to locate element: {"method":"xpath","selector":"//section[@id='PaymentScheduleOutputAPR']//tr[2]/td[5]//span"}
Thread#0:T:  (Session info: chrome=59.0.3071.115)
Thread#0:T:  (Driver info: chromedriver=2.29.461591 (62ebf098771772160f391d75e589dc567915b233),platform=Windows NT 10.0.10586 x86_64)
Thread#0:T:   at OpenQA.Selenium.Remote.RemoteWebDriver.UnpackAndThrowOnError(Response errorResponse)
Thread#0:T:   at OpenQA.Selenium.Remote.RemoteWebDriver.Execute(String driverCommandToExecute, Dictionary`2 parameters)
Thread#0:T:   at OpenQA.Selenium.Remote.RemoteWebDriver.FindElement(String mechanism, String value)
Thread#0:T:   at OpenQA.Selenium.Remote.RemoteWebDriver.FindElementByXPath(String xpath)
Thread#0:T:   at OpenQA.Selenium.By.<>c__DisplayClasse.<XPath>b__c(ISearchContext context)
Thread#0:T:   at OpenQA.Selenium.By.FindElement(ISearchContext context)
Thread#0:T:   at OpenQA.Selenium.Remote.RemoteWebDriver.FindElement(By by)
Thread#0:T:   at TRID.ActionClasses.UIActions.GetText(By element) in F:\Projects\TRID QA\trid-462743\QA\UIAutomation\SpecFramework\ActionClasses\UIActions.cs:line 37
Thread#0:T:   at TRID.StepDefinitions.AmortizationValidationSteps.ThenUpdatedComputedPeriodPmiValueShouldDisplayOnPaymentScheduleGrid() in F:\Projects\TRID QA\trid-462743\QA\UIAutomation\SpecFramework\StepDefinitions\AmortizationValidationSteps.cs:line 197
Thread#0:T:OpenQA.Selenium.NoSuchElementException: no such element: Unable to locate element: {"method":"xpath","selector":"//section[@id='PaymentScheduleOutputAPR']//tr[3]/td[5]//span"}
Thread#0:T:  (Session info: chrome=59.0.3071.115)
Thread#0:T:  (Driver info: chromedriver=2.29.461591 (62ebf098771772160f391d75e589dc567915b233),platform=Windows NT 10.0.10586 x86_64)
Thread#0:T:   at OpenQA.Selenium.Remote.RemoteWebDriver.UnpackAndThrowOnError(Response errorResponse)
Thread#0:T:   at OpenQA.Selenium.Remote.RemoteWebDriver.Execute(String driverCommandToExecute, Dictionary`2 parameters)
Thread#0:T:   at OpenQA.Selenium.Remote.RemoteWebDriver.FindElement(String mechanism, String value)
Thread#0:T:   at OpenQA.Selenium.Remote.RemoteWebDriver.FindElementByXPath(String xpath)
Thread#0:T:   at OpenQA.Selenium.By.<>c__DisplayClasse.<XPath>b__c(ISearchContext context)
Thread#0:T:   at OpenQA.Selenium.By.FindElement(ISearchContext context)
Thread#0:T:   at OpenQA.Selenium.Remote.RemoteWebDriver.FindElement(By by)
Thread#0:T:   at TRID.ActionClasses.UIActions.GetText(By element) in F:\Projects\TRID QA\trid-462743\QA\UIAutomation\SpecFramework\ActionClasses\UIActions.cs:line 37
Thread#0:T:   at TRID.StepDefinitions.AmortizationValidationSteps.ThenUpdatedComputedPeriodPmiValueShouldDisplayOnPaymentScheduleGrid() in F:\Projects\TRID QA\trid-462743\QA\UIAutomation\SpecFramework\StepDefinitions\AmortizationValidationSteps.cs:line 197
Thread#0:T:done: AmortizationValidationSteps.ThenUpdatedComputedPeriodPmiValueShouldDisplayOnPaymentScheduleGrid() (0.2s)
Thread#0:Scheduler: get next test for thread
Thread#:Scheduler: testitem #8 from normal test queue 
Thread#0:Scheduler: considering testitem #8 for thread
Thread#0:Scheduler: using testitem #8 for thread
Thread#0:Scheduler: Test #8 is scheduled for thread
Thread#0:Scheduler: with testItemExecutionIndex 0
Thread#0: Test #7/0 is finished on thread #0 as Succeeded within 5.5034325 seconds
Thread#0: Test #8/0 is started on thread #0
Thread#0:B:Given user is at TRID application homepage
Thread#0:T:done: CardsValidationSteps.GivenUserIsAtTridApplicationHomepage() (1.4s)
Thread#0:B:And user have Payment Schedule data from excel sheet PaymentSchedule for the scenario 118
Thread#0:T:done: AmortizationValidationSteps.GivenUserHavePaymentScheduleDataFromExcelSheetForTheScenario("PaymentSchedule", 118) (0.7s)
Thread#0:B:When user upload json file for the scenario
Thread#0:T:done: CardsValidationSteps.WhenUserUploadJsonFileForTheScenario() (1.9s)
Thread#0:B:And user navigates to Amortization Page
Thread#0:T:done: AmortizationValidationSteps.WhenUserNavigatesToAmortizationPage() (0.4s)
Thread#0:B:Then updated/computed Payment Stream Number value should display on Payment Schedule Grid
Thread#0:T:===========================================================
Thread#0:T:ExpectedValue Row 1 :1
Thread#0:T:ActualValue Row 1 :1
Thread#0:T:============================================================
Thread#0:T:OpenQA.Selenium.NoSuchElementException: no such element: Unable to locate element: {"method":"xpath","selector":"//section[@id='PaymentScheduleOutputAPR']//tr[2]/td[1]//span"}
Thread#0:T:  (Session info: chrome=59.0.3071.115)
Thread#0:T:  (Driver info: chromedriver=2.29.461591 (62ebf098771772160f391d75e589dc567915b233),platform=Windows NT 10.0.10586 x86_64)
Thread#0:T:   at OpenQA.Selenium.Remote.RemoteWebDriver.UnpackAndThrowOnError(Response errorResponse)
Thread#0:T:   at OpenQA.Selenium.Remote.RemoteWebDriver.Execute(String driverCommandToExecute, Dictionary`2 parameters)
Thread#0:T:   at OpenQA.Selenium.Remote.RemoteWebDriver.FindElement(String mechanism, String value)
Thread#0:T:   at OpenQA.Selenium.Remote.RemoteWebDriver.FindElementByXPath(String xpath)
Thread#0:T:   at OpenQA.Selenium.By.<>c__DisplayClasse.<XPath>b__c(ISearchContext context)
Thread#0:T:   at OpenQA.Selenium.By.FindElement(ISearchContext context)
Thread#0:T:   at OpenQA.Selenium.Remote.RemoteWebDriver.FindElement(By by)
Thread#0:T:   at TRID.ActionClasses.UIActions.GetText(By element) in F:\Projects\TRID QA\trid-462743\QA\UIAutomation\SpecFramework\ActionClasses\UIActions.cs:line 37
Thread#0:T:   at TRID.StepDefinitions.AmortizationValidationSteps.ThenUpdatedComputedPaymentStreamNumberValueShouldDisplayOnPaymentScheduleGrid() in F:\Projects\TRID QA\trid-462743\QA\UIAutomation\SpecFramework\StepDefinitions\AmortizationValidationSteps.cs:line 57
Thread#0:T:OpenQA.Selenium.NoSuchElementException: no such element: Unable to locate element: {"method":"xpath","selector":"//section[@id='PaymentScheduleOutputAPR']//tr[3]/td[1]//span"}
Thread#0:T:  (Session info: chrome=59.0.3071.115)
Thread#0:T:  (Driver info: chromedriver=2.29.461591 (62ebf098771772160f391d75e589dc567915b233),platform=Windows NT 10.0.10586 x86_64)
Thread#0:T:   at OpenQA.Selenium.Remote.RemoteWebDriver.UnpackAndThrowOnError(Response errorResponse)
Thread#0:T:   at OpenQA.Selenium.Remote.RemoteWebDriver.Execute(String driverCommandToExecute, Dictionary`2 parameters)
Thread#0:T:   at OpenQA.Selenium.Remote.RemoteWebDriver.FindElement(String mechanism, String value)
Thread#0:T:   at OpenQA.Selenium.Remote.RemoteWebDriver.FindElementByXPath(String xpath)
Thread#0:T:   at OpenQA.Selenium.By.<>c__DisplayClasse.<XPath>b__c(ISearchContext context)
Thread#0:T:   at OpenQA.Selenium.By.FindElement(ISearchContext context)
Thread#0:T:   at OpenQA.Selenium.Remote.RemoteWebDriver.FindElement(By by)
Thread#0:T:   at TRID.ActionClasses.UIActions.GetText(By element) in F:\Projects\TRID QA\trid-462743\QA\UIAutomation\SpecFramework\ActionClasses\UIActions.cs:line 37
Thread#0:T:   at TRID.StepDefinitions.AmortizationValidationSteps.ThenUpdatedComputedPaymentStreamNumberValueShouldDisplayOnPaymentScheduleGrid() in F:\Projects\TRID QA\trid-462743\QA\UIAutomation\SpecFramework\StepDefinitions\AmortizationValidationSteps.cs:line 57
Thread#0:T:done: AmortizationValidationSteps.ThenUpdatedComputedPaymentStreamNumberValueShouldDisplayOnPaymentScheduleGrid() (0.2s)
Thread#0:B:And updated/computed Number of Payments value should display on Payment Schedule Grid
Thread#0:T:NUnit.Framework.AssertionException:   Actual value does not match as expected for the row 1 with the difference of 83
Thread#0:T:  Expected: 84.0d
Thread#0:T:  But was:  1.0d
Thread#0:T:   at NUnit.Framework.Assert.That[TActual](TActual actual, IResolveConstraint expression, String message, Object[] args)
Thread#0:T:   at NUnit.Framework.Assert.AreEqual(Object expected, Object actual, String message, Object[] args)
Thread#0:T:   at TRID.StepDefinitions.AmortizationValidationSteps.ThenUpdatedComputedNumberOfPaymentsValueShouldDisplayOnPaymentScheduleGrid() in F:\Projects\TRID QA\trid-462743\QA\UIAutomation\SpecFramework\StepDefinitions\AmortizationValidationSteps.cs:line 98
Thread#0:T:OpenQA.Selenium.NoSuchElementException: no such element: Unable to locate element: {"method":"xpath","selector":"//section[@id='PaymentScheduleOutputAPR']//tr[2]/td[2]//span"}
Thread#0:T:  (Session info: chrome=59.0.3071.115)
Thread#0:T:  (Driver info: chromedriver=2.29.461591 (62ebf098771772160f391d75e589dc567915b233),platform=Windows NT 10.0.10586 x86_64)
Thread#0:T:   at OpenQA.Selenium.Remote.RemoteWebDriver.UnpackAndThrowOnError(Response errorResponse)
Thread#0:T:   at OpenQA.Selenium.Remote.RemoteWebDriver.Execute(String driverCommandToExecute, Dictionary`2 parameters)
Thread#0:T:   at OpenQA.Selenium.Remote.RemoteWebDriver.FindElement(String mechanism, String value)
Thread#0:T:   at OpenQA.Selenium.Remote.RemoteWebDriver.FindElementByXPath(String xpath)
Thread#0:T:   at OpenQA.Selenium.By.<>c__DisplayClasse.<XPath>b__c(ISearchContext context)
Thread#0:T:   at OpenQA.Selenium.By.FindElement(ISearchContext context)
Thread#0:T:   at OpenQA.Selenium.Remote.RemoteWebDriver.FindElement(By by)
Thread#0:T:   at TRID.ActionClasses.UIActions.GetText(By element) in F:\Projects\TRID QA\trid-462743\QA\UIAutomation\SpecFramework\ActionClasses\UIActions.cs:line 37
Thread#0:T:   at TRID.StepDefinitions.AmortizationValidationSteps.ThenUpdatedComputedNumberOfPaymentsValueShouldDisplayOnPaymentScheduleGrid() in F:\Projects\TRID QA\trid-462743\QA\UIAutomation\SpecFramework\StepDefinitions\AmortizationValidationSteps.cs:line 95
Thread#0:T:OpenQA.Selenium.NoSuchElementException: no such element: Unable to locate element: {"method":"xpath","selector":"//section[@id='PaymentScheduleOutputAPR']//tr[3]/td[2]//span"}
Thread#0:T:  (Session info: chrome=59.0.3071.115)
Thread#0:T:  (Driver info: chromedriver=2.29.461591 (62ebf098771772160f391d75e589dc567915b233),platform=Windows NT 10.0.10586 x86_64)
Thread#0:T:   at OpenQA.Selenium.Remote.RemoteWebDriver.UnpackAndThrowOnError(Response errorResponse)
Thread#0:T:   at OpenQA.Selenium.Remote.RemoteWebDriver.Execute(String driverCommandToExecute, Dictionary`2 parameters)
Thread#0:T:   at OpenQA.Selenium.Remote.RemoteWebDriver.FindElement(String mechanism, String value)
Thread#0:T:   at OpenQA.Selenium.Remote.RemoteWebDriver.FindElementByXPath(String xpath)
Thread#0:T:   at OpenQA.Selenium.By.<>c__DisplayClasse.<XPath>b__c(ISearchContext context)
Thread#0:T:   at OpenQA.Selenium.By.FindElement(ISearchContext context)
Thread#0:T:   at OpenQA.Selenium.Remote.RemoteWebDriver.FindElement(By by)
Thread#0:T:   at TRID.ActionClasses.UIActions.GetText(By element) in F:\Projects\TRID QA\trid-462743\QA\UIAutomation\SpecFramework\ActionClasses\UIActions.cs:line 37
Thread#0:T:   at TRID.StepDefinitions.AmortizationValidationSteps.ThenUpdatedComputedNumberOfPaymentsValueShouldDisplayOnPaymentScheduleGrid() in F:\Projects\TRID QA\trid-462743\QA\UIAutomation\SpecFramework\StepDefinitions\AmortizationValidationSteps.cs:line 95
Thread#0:T:done: AmortizationValidationSteps.ThenUpdatedComputedNumberOfPaymentsValueShouldDisplayOnPaymentScheduleGrid() (0.2s)
Thread#0:B:And updated/computed Payment Amount value should display on Payment Schedule Grid
Thread#0:T:NUnit.Framework.AssertionException:   Actual value does not match as expected for the row 1 with the difference of 321.98
Thread#0:T:  Expected: 321.98000000000002d
Thread#0:T:  But was:  0.0d
Thread#0:T:   at NUnit.Framework.Assert.That[TActual](TActual actual, IResolveConstraint expression, String message, Object[] args)
Thread#0:T:   at NUnit.Framework.Assert.AreEqual(Object expected, Object actual, String message, Object[] args)
Thread#0:T:   at TRID.StepDefinitions.AmortizationValidationSteps.ThenUpdatedComputedPaymentAmountValueShouldDisplayOnPaymentScheduleGrid() in F:\Projects\TRID QA\trid-462743\QA\UIAutomation\SpecFramework\StepDefinitions\AmortizationValidationSteps.cs:line 132
Thread#0:T:OpenQA.Selenium.NoSuchElementException: no such element: Unable to locate element: {"method":"xpath","selector":"//section[@id='PaymentScheduleOutputAPR']//tr[2]/td[3]//span"}
Thread#0:T:  (Session info: chrome=59.0.3071.115)
Thread#0:T:  (Driver info: chromedriver=2.29.461591 (62ebf098771772160f391d75e589dc567915b233),platform=Windows NT 10.0.10586 x86_64)
Thread#0:T:   at OpenQA.Selenium.Remote.RemoteWebDriver.UnpackAndThrowOnError(Response errorResponse)
Thread#0:T:   at OpenQA.Selenium.Remote.RemoteWebDriver.Execute(String driverCommandToExecute, Dictionary`2 parameters)
Thread#0:T:   at OpenQA.Selenium.Remote.RemoteWebDriver.FindElement(String mechanism, String value)
Thread#0:T:   at OpenQA.Selenium.Remote.RemoteWebDriver.FindElementByXPath(String xpath)
Thread#0:T:   at OpenQA.Selenium.By.<>c__DisplayClasse.<XPath>b__c(ISearchContext context)
Thread#0:T:   at OpenQA.Selenium.By.FindElement(ISearchContext context)
Thread#0:T:   at OpenQA.Selenium.Remote.RemoteWebDriver.FindElement(By by)
Thread#0:T:   at TRID.ActionClasses.UIActions.GetText(By element) in F:\Projects\TRID QA\trid-462743\QA\UIAutomation\SpecFramework\ActionClasses\UIActions.cs:line 37
Thread#0:T:   at TRID.StepDefinitions.AmortizationValidationSteps.ThenUpdatedComputedPaymentAmountValueShouldDisplayOnPaymentScheduleGrid() in F:\Projects\TRID QA\trid-462743\QA\UIAutomation\SpecFramework\StepDefinitions\AmortizationValidationSteps.cs:line 129
Thread#0:T:OpenQA.Selenium.NoSuchElementException: no such element: Unable to locate element: {"method":"xpath","selector":"//section[@id='PaymentScheduleOutputAPR']//tr[3]/td[3]//span"}
Thread#0:T:  (Session info: chrome=59.0.3071.115)
Thread#0:T:  (Driver info: chromedriver=2.29.461591 (62ebf098771772160f391d75e589dc567915b233),platform=Windows NT 10.0.10586 x86_64)
Thread#0:T:   at OpenQA.Selenium.Remote.RemoteWebDriver.UnpackAndThrowOnError(Response errorResponse)
Thread#0:T:   at OpenQA.Selenium.Remote.RemoteWebDriver.Execute(String driverCommandToExecute, Dictionary`2 parameters)
Thread#0:T:   at OpenQA.Selenium.Remote.RemoteWebDriver.FindElement(String mechanism, String value)
Thread#0:T:   at OpenQA.Selenium.Remote.RemoteWebDriver.FindElementByXPath(String xpath)
Thread#0:T:   at OpenQA.Selenium.By.<>c__DisplayClasse.<XPath>b__c(ISearchContext context)
Thread#0:T:   at OpenQA.Selenium.By.FindElement(ISearchContext context)
Thread#0:T:   at OpenQA.Selenium.Remote.RemoteWebDriver.FindElement(By by)
Thread#0:T:   at TRID.ActionClasses.UIActions.GetText(By element) in F:\Projects\TRID QA\trid-462743\QA\UIAutomation\SpecFramework\ActionClasses\UIActions.cs:line 37
Thread#0:T:   at TRID.StepDefinitions.AmortizationValidationSteps.ThenUpdatedComputedPaymentAmountValueShouldDisplayOnPaymentScheduleGrid() in F:\Projects\TRID QA\trid-462743\QA\UIAutomation\SpecFramework\StepDefinitions\AmortizationValidationSteps.cs:line 129
Thread#0:T:done: AmortizationValidationSteps.ThenUpdatedComputedPaymentAmountValueShouldDisplayOnPaymentScheduleGrid() (0.2s)
Thread#0:B:And updated/computed Period Payment value should display on Payment Schedule Grid
Thread#0:T:NUnit.Framework.AssertionException:   Actual value does not match as expected for the row 1 with the difference of 303.34
Thread#0:T:  Expected: 303.33999999999997d
Thread#0:T:  But was:  0.0d
Thread#0:T:   at NUnit.Framework.Assert.That[TActual](TActual actual, IResolveConstraint expression, String message, Object[] args)
Thread#0:T:   at NUnit.Framework.Assert.AreEqual(Object expected, Object actual, String message, Object[] args)
Thread#0:T:   at TRID.StepDefinitions.AmortizationValidationSteps.ThenUpdatedComputedPeriodPaymentValueShouldDisplayOnPaymentScheduleGrid() in F:\Projects\TRID QA\trid-462743\QA\UIAutomation\SpecFramework\StepDefinitions\AmortizationValidationSteps.cs:line 166
Thread#0:T:OpenQA.Selenium.NoSuchElementException: no such element: Unable to locate element: {"method":"xpath","selector":"//section[@id='PaymentScheduleOutputAPR']//tr[2]/td[4]//span"}
Thread#0:T:  (Session info: chrome=59.0.3071.115)
Thread#0:T:  (Driver info: chromedriver=2.29.461591 (62ebf098771772160f391d75e589dc567915b233),platform=Windows NT 10.0.10586 x86_64)
Thread#0:T:   at OpenQA.Selenium.Remote.RemoteWebDriver.UnpackAndThrowOnError(Response errorResponse)
Thread#0:T:   at OpenQA.Selenium.Remote.RemoteWebDriver.Execute(String driverCommandToExecute, Dictionary`2 parameters)
Thread#0:T:   at OpenQA.Selenium.Remote.RemoteWebDriver.FindElement(String mechanism, String value)
Thread#0:T:   at OpenQA.Selenium.Remote.RemoteWebDriver.FindElementByXPath(String xpath)
Thread#0:T:   at OpenQA.Selenium.By.<>c__DisplayClasse.<XPath>b__c(ISearchContext context)
Thread#0:T:   at OpenQA.Selenium.By.FindElement(ISearchContext context)
Thread#0:T:   at OpenQA.Selenium.Remote.RemoteWebDriver.FindElement(By by)
Thread#0:T:   at TRID.ActionClasses.UIActions.GetText(By element) in F:\Projects\TRID QA\trid-462743\QA\UIAutomation\SpecFramework\ActionClasses\UIActions.cs:line 37
Thread#0:T:   at TRID.StepDefinitions.AmortizationValidationSteps.ThenUpdatedComputedPeriodPaymentValueShouldDisplayOnPaymentScheduleGrid() in F:\Projects\TRID QA\trid-462743\QA\UIAutomation\SpecFramework\StepDefinitions\AmortizationValidationSteps.cs:line 163
Thread#0:T:OpenQA.Selenium.NoSuchElementException: no such element: Unable to locate element: {"method":"xpath","selector":"//section[@id='PaymentScheduleOutputAPR']//tr[3]/td[4]//span"}
Thread#0:T:  (Session info: chrome=59.0.3071.115)
Thread#0:T:  (Driver info: chromedriver=2.29.461591 (62ebf098771772160f391d75e589dc567915b233),platform=Windows NT 10.0.10586 x86_64)
Thread#0:T:   at OpenQA.Selenium.Remote.RemoteWebDriver.UnpackAndThrowOnError(Response errorResponse)
Thread#0:T:   at OpenQA.Selenium.Remote.RemoteWebDriver.Execute(String driverCommandToExecute, Dictionary`2 parameters)
Thread#0:T:   at OpenQA.Selenium.Remote.RemoteWebDriver.FindElement(String mechanism, String value)
Thread#0:T:   at OpenQA.Selenium.Remote.RemoteWebDriver.FindElementByXPath(String xpath)
Thread#0:T:   at OpenQA.Selenium.By.<>c__DisplayClasse.<XPath>b__c(ISearchContext context)
Thread#0:T:   at OpenQA.Selenium.By.FindElement(ISearchContext context)
Thread#0:T:   at OpenQA.Selenium.Remote.RemoteWebDriver.FindElement(By by)
Thread#0:T:   at TRID.ActionClasses.UIActions.GetText(By element) in F:\Projects\TRID QA\trid-462743\QA\UIAutomation\SpecFramework\ActionClasses\UIActions.cs:line 37
Thread#0:T:   at TRID.StepDefinitions.AmortizationValidationSteps.ThenUpdatedComputedPeriodPaymentValueShouldDisplayOnPaymentScheduleGrid() in F:\Projects\TRID QA\trid-462743\QA\UIAutomation\SpecFramework\StepDefinitions\AmortizationValidationSteps.cs:line 163
Thread#0:T:done: AmortizationValidationSteps.ThenUpdatedComputedPeriodPaymentValueShouldDisplayOnPaymentScheduleGrid() (0.2s)
Thread#0:B:And updated/computed Period PMI value should display on Payment Schedule Grid
Thread#0:T:NUnit.Framework.AssertionException:   Actual value does not match as expected for the row 1 with the difference of 18.64
Thread#0:T:  Expected: 18.640000000000001d
Thread#0:T:  But was:  0.0d
Thread#0:T:   at NUnit.Framework.Assert.That[TActual](TActual actual, IResolveConstraint expression, String message, Object[] args)
Thread#0:T:   at NUnit.Framework.Assert.AreEqual(Object expected, Object actual, String message, Object[] args)
Thread#0:T:   at TRID.StepDefinitions.AmortizationValidationSteps.ThenUpdatedComputedPeriodPmiValueShouldDisplayOnPaymentSch