VS filter: testpath:TestAssembly:TRID/Feature:AmortizationValidation/Scenario:Giving+inputs+from+Excel+file+and+validating+Payment+Schedule+values+on+Amortization+page%2c+003 | testpath:TestAssembly:TRID/Feature:AmortizationValidation/Scenario:Giving+inputs+from+Excel+file+and+validating+Payment+Schedule+values+on+Amortization+page%2c+002 | testpath:TestAssembly:TRID/Feature:AmortizationValidation/Scenario:Giving+inputs+from+Excel+file+and+validating+Payment+Schedule+values+on+Amortization+page%2c+001
Discovering target: Default
Discovering tests from assembly: F:\Projects\TRID QA\trid-462743\QA\UIAutomation\SpecFramework\bin\Debug\TRID.dll
Appdomain Disposed
Test Suite Dump
#0: TRID/Default - 
#1: Default - 
#2: TRID - 
#3: AmortizationValidation - 
#4: Giving inputs from Excel file and validating Payment Schedule values on Amortization page, 001 - TestAssembly:TRID/Feature:AmortizationValidation/Scenario:Giving+inputs+from+Excel+file+and+validating+Payment+Schedule+values+on+Amortization+page%2c+001
#5: Giving inputs from Excel file and validating Payment Schedule values on Amortization page, 002 - TestAssembly:TRID/Feature:AmortizationValidation/Scenario:Giving+inputs+from+Excel+file+and+validating+Payment+Schedule+values+on+Amortization+page%2c+002
#6: Giving inputs from Excel file and validating Payment Schedule values on Amortization page, 003 - TestAssembly:TRID/Feature:AmortizationValidation/Scenario:Giving+inputs+from+Excel+file+and+validating+Payment+Schedule+values+on+Amortization+page%2c+003
End: Test Suite Dump
Thread#0:Scheduler: get next test for thread
Thread#:Scheduler: testitem #4 from normal test queue 
Thread#0:Scheduler: considering testitem #4 for thread
Thread#0:Scheduler: using testitem #4 for thread
Thread#0:Scheduler: Test #4 is scheduled for thread
Thread#0:Scheduler: with testItemExecutionIndex 0
Thread #0: creating new test thread executor for TRID, Version=1.0.0.0, Culture=neutral, PublicKeyToken=null (target: Default)
Thread#1:Scheduler: get next test for thread
Thread#:Scheduler: testitem #5 from normal test queue 
Thread#1:Scheduler: considering testitem #5 for thread
Thread#1:Scheduler: using testitem #5 for thread
Thread#1:Scheduler: Test #5 is scheduled for thread
Thread#1:Scheduler: with testItemExecutionIndex 1
Thread #1: creating new test thread executor for TRID, Version=1.0.0.0, Culture=neutral, PublicKeyToken=null (target: Default)
Thread#2:Scheduler: get next test for thread
Thread#:Scheduler: testitem #6 from normal test queue 
Thread#2:Scheduler: considering testitem #6 for thread
Thread#2:Scheduler: using testitem #6 for thread
Thread#2:Scheduler: Test #6 is scheduled for thread
Thread#2:Scheduler: with testItemExecutionIndex 2
Thread #2: creating new test thread executor for TRID, Version=1.0.0.0, Culture=neutral, PublicKeyToken=null (target: Default)
Thread#3:Scheduler: get next test for thread
Thread#:Scheduler: at the end of normal test queue
Thread#3:Scheduler: enumerator for thread is at end
Thread#3:Scheduler: No more tests for thread 
Thread#4:Scheduler: get next test for thread
Thread#:Scheduler: at the end of normal test queue
Thread#4:Scheduler: enumerator for thread is at end
Thread#4:Scheduler: No more tests for thread 
Thread#5:Scheduler: get next test for thread
Loading SpecRun type 'TechTalk.SpecRun.Framework.TestAssemblyExecutor' from: C:\Users\sandees\AppData\Local\Temp\VisualStudioTestExplorerExtensions\SpecRun.Runner.1.5.2\tools\TechTalk.SpecRun.Framework.Executor.dll
Loading SpecRun type 'TechTalk.SpecRun.Framework.TestAssemblyExecutor' from: C:\Users\sandees\AppData\Local\Temp\VisualStudioTestExplorerExtensions\SpecRun.Runner.1.5.2\tools\TechTalk.SpecRun.Framework.Executor.dll
Thread#:Scheduler: at the end of normal test queue
Thread#5:Scheduler: enumerator for thread is at end
Thread#5:Scheduler: No more tests for thread 
Loading SpecRun type 'TechTalk.SpecRun.Framework.TestAssemblyExecutor' from: C:\Users\sandees\AppData\Local\Temp\VisualStudioTestExplorerExtensions\SpecRun.Runner.1.5.2\tools\TechTalk.SpecRun.Framework.Executor.dll
Thread#6:Scheduler: get next test for thread
Thread#:Scheduler: at the end of normal test queue
Thread#6:Scheduler: enumerator for thread is at end
Thread#6:Scheduler: No more tests for thread 
Thread#7:Scheduler: get next test for thread
Thread#:Scheduler: at the end of normal test queue
Thread#7:Scheduler: enumerator for thread is at end
Thread#7:Scheduler: No more tests for thread 
Thread#8:Scheduler: get next test for thread
Thread#:Scheduler: at the end of normal test queue
Thread#8:Scheduler: enumerator for thread is at end
Thread#8:Scheduler: No more tests for thread 
Thread#9:Scheduler: get next test for thread
Thread#:Scheduler: at the end of normal test queue
Thread#9:Scheduler: enumerator for thread is at end
Thread#9:Scheduler: No more tests for thread 
Thread#0: Test #4/0 is started on thread #0
Thread#2: Test #6/0 is started on thread #2
Thread#1: Test #5/0 is started on thread #1
Thread#2:B:Given user is at TRID application homepage
Thread#0:B:Given user is at TRID application homepage
Thread#1:B:Given user is at TRID application homepage
Thread#2:T:done: CardsValidationSteps.GivenUserIsAtTridApplicationHomepage() (30.4s)
Thread#2:B:And user have closing disclosure data from excel sheet ClosingDisclosure for the scenario 4
Thread#0:T:done: CardsValidationSteps.GivenUserIsAtTridApplicationHomepage() (30.9s)
Thread#0:B:And user have closing disclosure data from excel sheet ClosingDisclosure for the scenario 2
Thread#1:T:done: CardsValidationSteps.GivenUserIsAtTridApplicationHomepage() (32.3s)
Thread#1:B:And user have closing disclosure data from excel sheet ClosingDisclosure for the scenario 3
Thread#2:T:done: CardsValidationSteps.GivenUserHaveClosingDisclosureDataFromExcelSheetForTheScenario("ClosingDisclosure", 4) (2.1s)
Thread#2:B:And user have Mortgage Insurance data from excel sheet MortgageInsurance for the scenario 4
Thread#0:T:done: CardsValidationSteps.GivenUserHaveClosingDisclosureDataFromExcelSheetForTheScenario("ClosingDisclosure", 2) (2.1s)
Thread#0:B:And user have Mortgage Insurance data from excel sheet MortgageInsurance for the scenario 2
Thread#2:T:done: CardsValidationSteps.GivenUserHaveMortgageInsuranceDataFromExcelSheetForTheScenarioMortgageInsurance("MortgageInsurance", 4) (1.4s)
Thread#2:B:And user have variable loan data from excel sheet ARM Terms for the scenario 1
Thread#0:T:done: CardsValidationSteps.GivenUserHaveMortgageInsuranceDataFromExcelSheetForTheScenarioMortgageInsurance("MortgageInsurance", 2) (1.4s)
Thread#0:B:And user have variable loan data from excel sheet ARM Terms for the scenario 1
Thread#1:T:done: CardsValidationSteps.GivenUserHaveClosingDisclosureDataFromExcelSheetForTheScenario("ClosingDisclosure", 3) (2.8s)
Thread#1:B:And user have Mortgage Insurance data from excel sheet MortgageInsurance for the scenario 3
Thread#2:T:done: CardsValidationSteps.GivenUserHaveVariableLoanDataFromExcelSheetForTheScenario("ARM Terms", 1) (1.4s)
Thread#2:B:And user have Prepaid Charges data from excel sheet PrepaidCharges for the scenario 4
Thread#0:T:done: CardsValidationSteps.GivenUserHaveVariableLoanDataFromExcelSheetForTheScenario("ARM Terms", 1) (1.3s)
Thread#0:B:And user have Prepaid Charges data from excel sheet PrepaidCharges for the scenario 2
Thread#1:T:done: CardsValidationSteps.GivenUserHaveMortgageInsuranceDataFromExcelSheetForTheScenarioMortgageInsurance("MortgageInsurance", 3) (1.0s)
Thread#1:B:And user have variable loan data from excel sheet ARM Terms for the scenario 1
Thread#2:T:done: CardsValidationSteps.GivenUserHavePrepaidChargesDataFromExcelSheetPrepaidChargesForTheScenario("PrepaidCharges", 4) (1.7s)
Thread#2:B:And user have Export data from excel sheet Export for the scenario 4
Thread#0:T:done: CardsValidationSteps.GivenUserHavePrepaidChargesDataFromExcelSheetPrepaidChargesForTheScenario("PrepaidCharges", 2) (1.8s)
Thread#0:B:And user have Export data from excel sheet Export for the scenario 2
Thread#1:T:done: CardsValidationSteps.GivenUserHaveVariableLoanDataFromExcelSheetForTheScenario("ARM Terms", 1) (1.8s)
Thread#1:B:And user have Prepaid Charges data from excel sheet PrepaidCharges for the scenario 3
Thread#2:T:done: CardsValidationSteps.GivenUserHaveExportDataFromExcelSheetExportForTheScenario("Export", 4) (1.1s)
Thread#2:B:And user have Escrow Grid data from excel sheet EscrowGrid for the scenario 4
Thread#0:T:done: CardsValidationSteps.GivenUserHaveExportDataFromExcelSheetExportForTheScenario("Export", 2) (1.0s)
Thread#0:B:And user have Escrow Grid data from excel sheet EscrowGrid for the scenario 2
Thread#1:T:done: CardsValidationSteps.GivenUserHavePrepaidChargesDataFromExcelSheetPrepaidChargesForTheScenario("PrepaidCharges", 3) (1.6s)
Thread#1:B:And user have Export data from excel sheet Export for the scenario 3
Thread#2:T:done: CardsValidationSteps.GivenUserHaveEscrowGridDataFromExcelSheetForTheScenario("EscrowGrid", 4) (1.5s)
Thread#2:B:And user have Payment Schedule data from excel sheet PaymentSchedule for the scenario 4
Thread#0:T:done: CardsValidationSteps.GivenUserHaveEscrowGridDataFromExcelSheetForTheScenario("EscrowGrid", 2) (1.5s)
Thread#0:B:And user have Payment Schedule data from excel sheet PaymentSchedule for the scenario 2
Thread#1:T:done: CardsValidationSteps.GivenUserHaveExportDataFromExcelSheetExportForTheScenario("Export", 3) (1.0s)
Thread#1:B:And user have Escrow Grid data from excel sheet EscrowGrid for the scenario 3
Thread#2:T:done: AmortizationValidationSteps.GivenUserHavePaymentScheduleDataFromExcelSheetForTheScenario("PaymentSchedule", 4) (1.3s)
Thread#2:B:When user navigate to Loan Inputs Page
Thread#0:T:done: AmortizationValidationSteps.GivenUserHavePaymentScheduleDataFromExcelSheetForTheScenario("PaymentSchedule", 2) (1.5s)
Thread#0:B:When user navigate to Loan Inputs Page
Thread#1:T:done: CardsValidationSteps.GivenUserHaveEscrowGridDataFromExcelSheetForTheScenario("EscrowGrid", 3) (1.3s)
Thread#1:B:And user have Payment Schedule data from excel sheet PaymentSchedule for the scenario 3
Thread#1:T:done: AmortizationValidationSteps.GivenUserHavePaymentScheduleDataFromExcelSheetForTheScenario("PaymentSchedule", 3) (1.0s)
Thread#1:B:When user navigate to Loan Inputs Page
Thread#2:T:done: CardsValidationSteps.WhenUserNavigateToLoanInputsPage() (2.3s)
Thread#2:B:And user selects Calculation Method
Thread#2:T:done: CardsValidationSteps.WhenUserSelectsCalculationMethodInClosingDisclosurePage() (0.3s)
Thread#2:B:And user selects loan type
Thread#0:T:done: CardsValidationSteps.WhenUserNavigateToLoanInputsPage() (2.2s)
Thread#0:B:And user selects Calculation Method
Thread#2:T:done: CardsValidationSteps.WhenUserSelectsLoanTypeInClosingDisclosurePage() (0.2s)
Thread#2:B:And user selects Frequency of Payments
Thread#0:T:done: CardsValidationSteps.WhenUserSelectsCalculationMethodInClosingDisclosurePage() (0.2s)
Thread#0:B:And user selects loan type
Thread#2:T:done: CardsValidationSteps.WhenUserSelectsFrequencyOfPaymentsInClosingDisclosurePage() (0.2s)
Thread#2:B:And user selects Loan Term
Thread#0:T:done: CardsValidationSteps.WhenUserSelectsLoanTypeInClosingDisclosurePage() (0.2s)
Thread#0:B:And user selects Frequency of Payments
Thread#2:T:done: CardsValidationSteps.WhenUserSelectsLoanTermInClosingDisclosurePage() (0.1s)
Thread#2:B:And user selects Repayment Term Type
Thread#2:T:done: CardsValidationSteps.WhenUserSelectsRepaymentTermTypeInClosingDisclosurePage() (0.2s)
Thread#2:B:And user enters Loan detail input values for computation
Thread#0:T:done: CardsValidationSteps.WhenUserSelectsFrequencyOfPaymentsInClosingDisclosurePage() (0.2s)
Thread#0:B:And user selects Loan Term
Thread#0:T:done: CardsValidationSteps.WhenUserSelectsLoanTermInClosingDisclosurePage() (0.1s)
Thread#0:B:And user selects Repayment Term Type
Thread#0:T:done: CardsValidationSteps.WhenUserSelectsRepaymentTermTypeInClosingDisclosurePage() (0.2s)
Thread#0:B:And user enters Loan detail input values for computation
Thread#1:T:done: CardsValidationSteps.WhenUserNavigateToLoanInputsPage() (2.1s)
Thread#1:B:And user selects Calculation Method
Thread#1:T:done: CardsValidationSteps.WhenUserSelectsCalculationMethodInClosingDisclosurePage() (0.2s)
Thread#1:B:And user selects loan type
Thread#1:T:done: CardsValidationSteps.WhenUserSelectsLoanTypeInClosingDisclosurePage() (0.2s)
Thread#1:B:And user selects Frequency of Payments
Thread#1:T:done: CardsValidationSteps.WhenUserSelectsFrequencyOfPaymentsInClosingDisclosurePage() (0.2s)
Thread#1:B:And user selects Loan Term
Thread#1:T:done: CardsValidationSteps.WhenUserSelectsLoanTermInClosingDisclosurePage() (0.2s)
Thread#1:B:And user selects Repayment Term Type
Thread#1:T:done: CardsValidationSteps.WhenUserSelectsRepaymentTermTypeInClosingDisclosurePage() (0.2s)
Thread#1:B:And user enters Loan detail input values for computation
Thread#2:T:done: CardsValidationSteps.WhenUserEntersLoanDetailInputValuesForComputationforClosingDisclosurepage() (4.2s)
Thread#2:B:And user enters pmi rate values
Thread#0:T:done: CardsValidationSteps.WhenUserEntersLoanDetailInputValuesForComputationforClosingDisclosurepage() (4.0s)
Thread#0:B:And user enters pmi rate values
Thread#1:T:done: CardsValidationSteps.WhenUserEntersLoanDetailInputValuesForComputationforClosingDisclosurepage() (4.2s)
Thread#1:B:And user enters pmi rate values
Thread#0:T:done: CardsValidationSteps.WhenUserEntersPmiRateValues() (3.4s)
Thread#0:B:And user enters other pmi input values
Thread#2:T:done: CardsValidationSteps.WhenUserEntersPmiRateValues() (3.7s)
Thread#2:B:And user enters other pmi input values
Thread#0:T:done: CardsValidationSteps.WhenUserEntersOtherPmiInputValues() (1.5s)
Thread#0:B:And user enters Escrow Grid Input values
Thread#2:T:done: CardsValidationSteps.WhenUserEntersOtherPmiInputValues() (1.4s)
Thread#2:B:And user enters Escrow Grid Input values
Thread#1:T:done: CardsValidationSteps.WhenUserEntersPmiRateValues() (3.7s)
Thread#1:B:And user enters other pmi input values
Thread#1:T:done: CardsValidationSteps.WhenUserEntersOtherPmiInputValues() (1.5s)
Thread#1:B:And user enters Escrow Grid Input values
Thread#0:T:done: CardsValidationSteps.WhenUserEntersEscrowGridInputValues() (7.1s)
Thread#0:B:And user enters all input values for Prepaid Charges
Thread#2:T:done: CardsValidationSteps.WhenUserEntersEscrowGridInputValues() (7.3s)
Thread#2:B:And user enters all input values for Prepaid Charges
Thread#1:T:done: CardsValidationSteps.WhenUserEntersEscrowGridInputValues() (9.0s)
Thread#1:B:And user enters all input values for Prepaid Charges
Thread#0:T:done: CardsValidationSteps.WhenUserEntersAllInputValuesForPrepaidCharges() (5.4s)
Thread#0:B:And user enters input value for prepaid custom fields
Thread#0:T:done: CardsValidationSteps.WhenUserEntersInputValueForPrepaidCustomFields() (0.0s)
Thread#0:B:And user navigates to Disclosure Inputs Page
Thread#2:T:done: CardsValidationSteps.WhenUserEntersAllInputValuesForPrepaidCharges() (5.4s)
Thread#2:B:And user enters input value for prepaid custom fields
Thread#2:T:done: CardsValidationSteps.WhenUserEntersInputValueForPrepaidCustomFields() (0.0s)
Thread#2:B:And user navigates to Disclosure Inputs Page
Thread#0:T:done: CardsValidationSteps.WhenUserNavigatesToDisclosureInputsPage() (0.6s)
Thread#0:B:And user enters disclosed input values for Closing Disclosure Loan Terms & Projected Payments
Thread#2:T:done: CardsValidationSteps.WhenUserNavigatesToDisclosureInputsPage() (0.6s)
Thread#2:B:And user enters disclosed input values for Closing Disclosure Loan Terms & Projected Payments
Thread#0:T:done: CardsValidationSteps.WhenUserEntersDisclosedInputValuesForClosingDisclosureLoanTermsProjectedPayments() (1.3s)
Thread#0:B:And user enters disclosed input values for Closing Disclosure Loan Calculations
Thread#2:T:done: CardsValidationSteps.WhenUserEntersDisclosedInputValuesForClosingDisclosureLoanTermsProjectedPayments() (1.3s)
Thread#2:B:And user enters disclosed input values for Closing Disclosure Loan Calculations
Thread#1:T:done: CardsValidationSteps.WhenUserEntersAllInputValuesForPrepaidCharges() (5.0s)
Thread#1:B:And user enters input value for prepaid custom fields
Thread#1:T:done: CardsValidationSteps.WhenUserEntersInputValueForPrepaidCustomFields() (0.0s)
Thread#1:B:And user navigates to Disclosure Inputs Page
Thread#0:T:done: CardsValidationSteps.WhenUserEntersDisclosedInputValuesForClosingDisclosureLoanCalculations() (1.3s)
Thread#0:B:And user enters disclosed input values for Property Cost and Escrow
Thread#2:T:done: CardsValidationSteps.WhenUserEntersDisclosedInputValuesForClosingDisclosureLoanCalculations() (1.3s)
Thread#2:B:And user enters disclosed input values for Property Cost and Escrow
Thread#1:T:done: CardsValidationSteps.WhenUserNavigatesToDisclosureInputsPage() (0.6s)
Thread#1:B:And user enters disclosed input values for Closing Disclosure Loan Terms & Projected Payments
Thread#0:T:done: CardsValidationSteps.WhenUserEntersDisclosedInputValuesForPropertyCostAndEscrow() (0.7s)
Thread#0:B:And user navigates to Loan Estimate Cards Page
Thread#2:T:done: CardsValidationSteps.WhenUserEntersDisclosedInputValuesForPropertyCostAndEscrow() (0.7s)
Thread#2:B:And user navigates to Loan Estimate Cards Page
Thread#1:T:done: CardsValidationSteps.WhenUserEntersDisclosedInputValuesForClosingDisclosureLoanTermsProjectedPayments() (1.3s)
Thread#1:B:And user enters disclosed input values for Closing Disclosure Loan Calculations
Thread#0:T:done: CardsValidationSteps.WhenUserNavigatesToLoanEstimateCardsPage() (1.1s)
Thread#0:B:And user enters disclsoed input values for Loan Estimate - Comparisons
Thread#2:T:done: CardsValidationSteps.WhenUserNavigatesToLoanEstimateCardsPage() (1.1s)
Thread#2:B:And user enters disclsoed input values for Loan Estimate - Comparisons
Thread#0:T:done: CardsValidationSteps.WhenUserEntersDisclsoedInputValuesForLoanEstimate_Comparisons() (0.7s)
Thread#0:B:And user navigates to Amortization Page
Thread#1:T:done: CardsValidationSteps.WhenUserEntersDisclosedInputValuesForClosingDisclosureLoanCalculations() (1.2s)
Thread#1:B:And user enters disclosed input values for Property Cost and Escrow
Thread#2:T:done: CardsValidationSteps.WhenUserEntersDisclsoedInputValuesForLoanEstimate_Comparisons() (0.7s)
Thread#2:B:And user navigates to Amortization Page
Thread#0:T:done: AmortizationValidationSteps.WhenUserNavigatesToAmortizationPage() (0.8s)
Thread#0:B:Then updated/computed Payment Stream Number value should display on Payment Schedule Grid
Thread#1:T:done: CardsValidationSteps.WhenUserEntersDisclosedInputValuesForPropertyCostAndEscrow() (0.6s)
Thread#1:B:And user navigates to Loan Estimate Cards Page
Thread#2:T:done: AmortizationValidationSteps.WhenUserNavigatesToAmortizationPage() (1.0s)
Thread#2:B:Then updated/computed Payment Stream Number value should display on Payment Schedule Grid
Thread#0:T:===========================================================
Thread#0:T:ExpectedValue Row 1 :1
Thread#0:T:ActualValue Row 1 :1
Thread#0:T:============================================================
Thread#0:T:===========================================================
Thread#0:T:ExpectedValue Row 2 :2
Thread#0:T:ActualValue Row 2 :2
Thread#0:T:============================================================
Thread#1:T:done: CardsValidationSteps.WhenUserNavigatesToLoanEstimateCardsPage() (1.0s)
Thread#1:B:And user enters disclsoed input values for Loan Estimate - Comparisons
Thread#0:T:===========================================================
Thread#0:T:ExpectedValue Row 3 :3
Thread#0:T:ActualValue Row 3 :3
Thread#0:T:============================================================
Thread#0:T:done: AmortizationValidationSteps.ThenUpdatedComputedPaymentStreamNumberValueShouldDisplayOnPaymentScheduleGrid() (1.6s)
Thread#0:B:And updated/computed Number of Payments value should display on Payment Schedule Grid
Thread#0:T:===========================================================
Thread#0:T:ExpectedValue Row 1 :48
Thread#2:T:===========================================================
Thread#0:T:ActualValue Row 1 :48
Thread#1:T:done: CardsValidationSteps.WhenUserEntersDisclsoedInputValuesForLoanEstimate_Comparisons() (0.6s)
Thread#2:T:ExpectedValue Row 1 :1
Thread#0:T:============================================================
Thread#1:B:And user navigates to Amortization Page
Thread#2:T:ActualValue Row 1 :1
Thread#0:T:===========================================================
Thread#2:T:============================================================
Thread#0:T:ExpectedValue Row 2 :311
Thread#2:T:===========================================================
Thread#0:T:ActualValue Row 2 :311
Thread#2:T:ExpectedValue Row 2 :2
Thread#0:T:============================================================
Thread#2:T:ActualValue Row 2 :2
Thread#0:T:===========================================================
Thread#2:T:============================================================
Thread#1:T:done: AmortizationValidationSteps.WhenUserNavigatesToAmortizationPage() (0.4s)
Thread#0:T:ExpectedValue Row 3 :1
Thread#1:B:Then updated/computed Payment Stream Number value should display on Payment Schedule Grid
Thread#0:T:ActualValue Row 3 :1
Thread#0:T:============================================================
Thread#2:T:===========================================================
Thread#0:T:done: AmortizationValidationSteps.ThenUpdatedComputedNumberOfPaymentsValueShouldDisplayOnPaymentScheduleGrid() (0.9s)
Thread#2:T:ExpectedValue Row 3 :3
Thread#0:B:And updated/computed Payment Amount value should display on Payment Schedule Grid
Thread#2:T:ActualValue Row 3 :3
Thread#2:T:============================================================
Thread#0:T:===========================================================
Thread#2:T:done: AmortizationValidationSteps.ThenUpdatedComputedPaymentStreamNumberValueShouldDisplayOnPaymentScheduleGrid() (2.2s)
Thread#0:T:ExpectedValue Row 1 :647.3
Thread#2:B:And updated/computed Number of Payments value should display on Payment Schedule Grid
Thread#0:T:ActualValue Row 1 :647.3
Thread#1:T:===========================================================
Thread#0:T:============================================================
Thread#1:T:ExpectedValue Row 1 :1
Thread#2:T:NUnit.Framework.AssertionException:   Actual value does not match as expected for the row 1 with the difference of 6
Thread#1:T:ActualValue Row 1 :1
Thread#0:T:===========================================================
Thread#2:T:  Expected: 89.0d
Thread#1:T:============================================================
Thread#0:T:ExpectedValue Row 2 :606.91
Thread#2:T:  But was:  83.0d
Thread#0:T:ActualValue Row 2 :606.91
Thread#2:T:   at NUnit.Framework.Assert.That[TActual](TActual actual, IResolveConstraint expression, String message, Object[] args)
Thread#1:T:===========================================================
Thread#0:T:============================================================
Thread#1:T:ExpectedValue Row 2 :2
Thread#2:T:   at NUnit.Framework.Assert.AreEqual(Object expected, Object actual, String message, Object[] args)
Thread#2:T:   at TRID.StepDefinitions.AmortizationValidationSteps.ThenUpdatedComputedNumberOfPaymentsValueShouldDisplayOnPaymentScheduleGrid() in F:\Projects\TRID QA\trid-462743\QA\UIAutomation\SpecFramework\StepDefinitions\AmortizationValidationSteps.cs:line 98
Thread#1:T:ActualValue Row 2 :2
Thread#0:T:===========================================================
Thread#1:T:============================================================
Thread#0:T:ExpectedValue Row 3 :605.2
Thread#2:T:===========================================================
Thread#0:T:ActualValue Row 3 :605.2
Thread#1:T:===========================================================
Thread#2:T:ExpectedValue Row 2 :592
Thread#0:T:============================================================
Thread#2:T:ActualValue Row 2 :592
Thread#1:T:ExpectedValue Row 3 :3
Thread#0:T:done: AmortizationValidationSteps.ThenUpdatedComputedPaymentAmountValueShouldDisplayOnPaymentScheduleGrid() (0.8s)
Thread#2:T:============================================================
Thread#1:T:ActualValue Row 3 :3
Thread#0:B:And updated/computed Payment Amount value should display on Payment Schedule Grid
Thread#1:T:============================================================
Thread#0:T:===========================================================
Thread#2:T:===========================================================
Thread#1:T:done: AmortizationValidationSteps.ThenUpdatedComputedPaymentStreamNumberValueShouldDisplayOnPaymentScheduleGrid() (1.2s)
Thread#0:T:ExpectedValue Row 1 :647.3
Thread#2:T:ExpectedValue Row 3 :1
Thread#1:B:And updated/computed Number of Payments value should display on Payment Schedule Grid
Thread#0:T:ActualValue Row 1 :647.3
Thread#2:T:ActualValue Row 3 :1
Thread#0:T:============================================================
Thread#1:T:===========================================================
Thread#2:T:============================================================
Thread#1:T:ExpectedValue Row 1 :24
Thread#2:T:done: AmortizationValidationSteps.ThenUpdatedComputedNumberOfPaymentsValueShouldDisplayOnPaymentScheduleGrid() (1.0s)
Thread#0:T:===========================================================
Thread#2:B:And updated/computed Payment Amount value should display on Payment Schedule Grid
Thread#0:T:ExpectedValue Row 2 :606.91
Thread#1:T:ActualValue Row 1 :24
Thread#0:T:ActualValue Row 2 :606.91
Thread#1:T:============================================================
Thread#0:T:============================================================
Thread#2:T:===========================================================
Thread#2:T:ExpectedValue Row 1 :321.98
Thread#1:T:===========================================================
Thread#0:T:===========================================================
Thread#1:T:ExpectedValue Row 2 :155
Thread#2:T:ActualValue Row 1 :321.98
Thread#0:T:ExpectedValue Row 3 :605.2
Thread#1:T:ActualValue Row 2 :155
Thread#2:T:============================================================
Thread#0:T:ActualValue Row 3 :605.2
Thread#1:T:============================================================
Thread#0:T:============================================================
Thread#0:T:done: AmortizationValidationSteps.ThenUpdatedComputedPaymentAmountValueShouldDisplayOnPaymentScheduleGrid() (0.7s)
Thread#2:T:===========================================================
Thread#1:T:===========================================================
Thread#0:B:And updated/computed Period Payment value should display on Payment Schedule Grid
Thread#2:T:ExpectedValue Row 2 :303.34
Thread#1:T:ExpectedValue Row 3 :1
Thread#2:T:ActualValue Row 2 :303.34
Thread#1:T:ActualValue Row 3 :1
Thread#0:T:===========================================================
Thread#2:T:============================================================
Thread#1:T:============================================================
Thread#0:T:ExpectedValue Row 1 :606.91
Thread#1:T:done: AmortizationValidationSteps.ThenUpdatedComputedNumberOfPaymentsValueShouldDisplayOnPaymentScheduleGrid() (0.8s)
Thread#0:T:ActualValue Row 1 :606.91
Thread#2:T:===========================================================
Thread#1:B:And updated/computed Payment Amount value should display on Payment Schedule Grid
Thread#2:T:ExpectedValue Row 3 :98.13
Thread#0:T:============================================================
Thread#2:T:ActualValue Row 3 :98.13
Thread#1:T:===========================================================
Thread#0:T:===========================================================
Thread#2:T:============================================================
Thread#1:T:ExpectedValue Row 1 :1295.61
Thread#0:T:ExpectedValue Row 2 :606.91
Thread#2:T:done: AmortizationValidationSteps.ThenUpdatedComputedPaymentAmountValueShouldDisplayOnPaymentScheduleGrid() (0.9s)
Thread#1:T:ActualValue Row 1 :1295.61
Thread#0:T:ActualValue Row 2 :606.91
Thread#2:B:And updated/computed Payment Amount value should display on Payment Schedule Grid
Thread#1:T:============================================================
Thread#0:T:============================================================
Thread#2:T:===========================================================
Thread#0:T:===========================================================
Thread#2:T:ExpectedValue Row 1 :321.98
Thread#1:T:NUnit.Framework.AssertionException:   Actual value does not match as expected for the row 2 with the difference of 0.649999999999864
Thread#0:T:ExpectedValue Row 3 :605.2
Thread#2:T:ActualValue Row 1 :321.98
Thread#1:T:  Expected: 1214.1800000000001d
Thread#2:T:============================================================
Thread#0:T:ActualValue Row 3 :605.2
Thread#1:T:  But was:  1214.8299999999999d
Thread#0:T:============================================================
Thread#1:T:   at NUnit.Framework.Assert.That[TActual](TActual actual, IResolveConstraint expression, String message, Object[] args)
Thread#2:T:===========================================================
Thread#0:T:done: AmortizationValidationSteps.ThenUpdatedComputedPeriodPaymentValueShouldDisplayOnPaymentScheduleGrid() (0.8s)
Thread#1:T:   at NUnit.Framework.Assert.AreEqual(Object expected, Object actual, String message, Object[] args)
Thread#2:T:ExpectedValue Row 2 :303.34
Thread#0:B:And updated/computed Ins Escrowed Amount value should display on Payment Schedule Grid
Thread#1:T:   at TRID.StepDefinitions.AmortizationValidationSteps.ThenUpdatedComputedPaymentAmountValueShouldDisplayOnPaymentScheduleGrid() in F:\Projects\TRID QA\trid-462743\QA\UIAutomation\SpecFramework\StepDefinitions\AmortizationValidationSteps.cs:line 132
Thread#2:T:ActualValue Row 2 :303.34
Thread#2:T:============================================================
Thread#0:T:OpenQA.Selenium.NoSuchElementException: no such element: Unable to locate element: {"method":"xpath","selector":"//section[@id='PaymentScheduleOutputAPR']//tr[1]/td[6]"}
Thread#1:T:===========================================================
Thread#0:T:  (Session info: chrome=59.0.3071.115)
Thread#1:T:ExpectedValue Row 3 :1213.08
Thread#2:T:===========================================================
Thread#0:T:  (Driver info: chromedriver=2.29.461591 (62ebf098771772160f391d75e589dc567915b233),platform=Windows NT 10.0.10586 x86_64)
Thread#1:T:ActualValue Row 3 :1213.08
Thread#2:T:ExpectedValue Row 3 :98.13
Thread#0:T:   at OpenQA.Selenium.Remote.RemoteWebDriver.UnpackAndThrowOnError(Response errorResponse)
Thread#1:T:============================================================
Thread#2:T:ActualValue Row 3 :98.13
Thread#0:T:   at OpenQA.Selenium.Remote.RemoteWebDriver.Execute(String driverCommandToExecute, Dictionary`2 parameters)
Thread#1:T:done: AmortizationValidationSteps.ThenUpdatedComputedPaymentAmountValueShouldDisplayOnPaymentScheduleGrid() (0.9s)
Thread#2:T:============================================================
Thread#0:T:   at OpenQA.Selenium.Remote.RemoteWebDriver.FindElement(String mechanism, String value)
Thread#1:B:And updated/computed Payment Amount value should display on Payment Schedule Grid
Thread#2:T:done: AmortizationValidationSteps.ThenUpdatedComputedPaymentAmountValueShouldDisplayOnPaymentScheduleGrid() (0.8s)
Thread#0:T:   at OpenQA.Selenium.Remote.RemoteWebDriver.FindElementByXPath(String xpath)
Thread#1:T:===========================================================
Thread#2:B:And updated/computed Period Payment value should display on Payment Schedule Grid
Thread#0:T:   at OpenQA.Selenium.By.<>c__DisplayClasse.<XPath>b__c(ISearchContext context)
Thread#1:T:ExpectedValue Row 1 :1295.61
Thread#0:T:   at OpenQA.Selenium.By.FindElement(ISearchContext context)
Thread#1:T:ActualValue Row 1 :1295.61
Thread#2:T:===========================================================
Thread#0:T:   at OpenQA.Selenium.Remote.RemoteWebDriver.FindElement(By by)
Thread#1:T:============================================================
Thread#2:T:ExpectedValue Row 1 :303.34
Thread#0:T:   at TRID.ActionClasses.UIActions.GetText(By element) in F:\Projects\TRID QA\trid-462743\QA\UIAutomation\SpecFramework\ActionClasses\UIActions.cs:line 37
Thread#1:T:NUnit.Framework.AssertionException:   Actual value does not match as expected for the row 2 with the difference of 0.649999999999864
Thread#2:T:ActualValue Row 1 :303.34
Thread#0:T:   at TRID.StepDefinitions.AmortizationValidationSteps.ThenUpdatedComputedInsEscrowedAmountValueShouldDisplayOnPaymentScheduleGrid() in F:\Projects\TRID QA\trid-462743\QA\UIAutomation\SpecFramework\StepDefinitions\AmortizationValidationSteps.cs:line 231
Thread#1:T:  Expected: 1214.1800000000001d
Thread#2:T:============================================================
Thread#0:T:OpenQA.Selenium.NoSuchElementException: no such element: Unable to locate element: {"method":"xpath","selector":"//section[@id='PaymentScheduleOutputAPR']//tr[2]/td[6]"}
Thread#1:T:  But was:  1214.8299999999999d
Thread#0:T:  (Session info: chrome=59.0.3071.115)
Thread#1:T:   at NUnit.Framework.Assert.That[TActual](TActual actual, IResolveConstraint expression, String message, Object[] args)
Thread#2:T:===========================================================
Thread#0:T:  (Driver info: chromedriver=2.29.461591 (62ebf098771772160f391d75e589dc567915b233),platform=Windows NT 10.0.10586 x86_64)
Thread#1:T:   at NUnit.Framework.Assert.AreEqual(Object expected, Object actual, String message, Object[] args)
Thread#2:T:ExpectedValue Row 2 :303.34
Thread#0:T:   at OpenQA.Selenium.Remote.RemoteWebDriver.UnpackAndThrowOnError(Response errorResponse)
Thread#1:T:   at TRID.StepDefinitions.AmortizationValidationSteps.ThenUpdatedComputedPaymentAmountValueShouldDisplayOnPaymentScheduleGrid() in F:\Projects\TRID QA\trid-462743\QA\UIAutomation\SpecFramework\StepDefinitions\AmortizationValidationSteps.cs:line 132
Thread#2:T:ActualValue Row 2 :303.34
Thread#0:T:   at OpenQA.Selenium.Remote.RemoteWebDriver.Execute(String driverCommandToExecute, Dictionary`2 parameters)
Thread#2:T:============================================================
Thread#1:T:===========================================================
Thread#0:T:   at OpenQA.Selenium.Remote.RemoteWebDriver.FindElement(String mechanism, String value)
Thread#1:T:ExpectedValue Row 3 :1213.08
Thread#2:T:===========================================================
Thread#0:T:   at OpenQA.Selenium.Remote.RemoteWebDriver.FindElementByXPath(String xpath)
Thread#1:T:ActualValue Row 3 :1213.08
Thread#2:T:ExpectedValue Row 3 :98.13
Thread#0:T:   at OpenQA.Selenium.By.<>c__DisplayClasse.<XPath>b__c(ISearchContext context)
Thread#1:T:============================================================
Thread#2:T:ActualValue Row 3 :98.13
Thread#0:T:   at OpenQA.Selenium.By.FindElement(ISearchContext context)
Thread#1:T:done: AmortizationValidationSteps.ThenUpdatedComputedPaymentAmountValueShouldDisplayOnPaymentScheduleGrid() (0.8s)
Thread#0:T:   at OpenQA.Selenium.Remote.RemoteWebDriver.FindElement(By by)
Thread#2:T:============================================================
Thread#1:B:And updated/computed Period Payment value should display on Payment Schedule Grid
Thread#0:T:   at TRID.ActionClasses.UIActions.GetText(By element) in F:\Projects\TRID QA\trid-462743\QA\UIAutomation\SpecFramework\ActionClasses\UIActions.cs:line 37
Thread#2:T:done: AmortizationValidationSteps.ThenUpdatedComputedPeriodPaymentValueShouldDisplayOnPaymentScheduleGrid() (0.8s)
Thread#0:T:   at TRID.StepDefinitions.AmortizationValidationSteps.ThenUpdatedComputedInsEscrowedAmountValueShouldDisplayOnPaymentScheduleGrid() in F:\Projects\TRID QA\trid-462743\QA\UIAutomation\SpecFramework\StepDefinitions\AmortizationValidationSteps.cs:line 231
Thread#2:B:And updated/computed Ins Escrowed Amount value should display on Payment Schedule Grid
Thread#1:T:===========================================================
Thread#1:T:ExpectedValue Row 1 :1214.83
Thread#0:T:OpenQA.Selenium.NoSuchElementException: no such element: Unable to locate element: {"method":"xpath","selector":"//section[@id='PaymentScheduleOutputAPR']//tr[3]/td[6]"}
Thread#2:T:OpenQA.Selenium.NoSuchElementException: no such element: Unable to locate element: {"method":"xpath","selector":"//section[@id='PaymentScheduleOutputAPR']//tr[1]/td[6]"}
Thread#1:T:ActualValue Row 1 :1214.83
Thread#0:T:  (Session info: chrome=59.0.3071.115)
Thread#2:T:  (Session info: chrome=59.0.3071.115)
Thread#1:T:============================================================
Thread#0:T:  (Driver info: chromedriver=2.29.461591 (62ebf098771772160f391d75e589dc567915b233),platform=Windows NT 10.0.10586 x86_64)
Thread#2:T:  (Driver info: chromedriver=2.29.461591 (62ebf098771772160f391d75e589dc567915b233),platform=Windows NT 10.0.10586 x86_64)
Thread#0:T:   at OpenQA.Selenium.Remote.RemoteWebDriver.UnpackAndThrowOnError(Response errorResponse)
Thread#2:T:   at OpenQA.Selenium.Remote.RemoteWebDriver.UnpackAndThrowOnError(Response errorResponse)
Thread#1:T:===========================================================
Thread#0:T:   at OpenQA.Selenium.Remote.RemoteWebDriver.Execute(String driverCommandToExecute, Dictionary`2 parameters)
Thread#2:T:   at OpenQA.Selenium.Remote.RemoteWebDriver.Execute(String driverCommandToExecute, Dictionary`2 parameters)
Thread#1:T:ExpectedValue Row 2 :1214.83
Thread#0:T:   at OpenQA.Selenium.Remote.RemoteWebDriver.FindElement(String mechanism, String value)
Thread#2:T:   at OpenQA.Selenium.Remote.RemoteWebDriver.FindElement(String mechanism, String value)
Thread#1:T:ActualValue Row 2 :1214.83
Thread#0:T:   at OpenQA.Selenium.Remote.RemoteWebDriver.FindElementByXPath(String xpath)
Thread#1:T:============================================================
Thread#2:T:   at OpenQA.Selenium.Remote.RemoteWebDriver.FindElementByXPath(String xpath)
Thread#0:T:   at OpenQA.Selenium.By.<>c__DisplayClasse.<XPath>b__c(ISearchContext context)
Thread#2:T:   at OpenQA.Selenium.By.<>c__DisplayClasse.<XPath>b__c(ISearchContext context)
Thread#0:T:   at OpenQA.Selenium.By.FindElement(ISearchContext context)
Thread#1:T:===========================================================
Thread#2:T:   at OpenQA.Selenium.By.FindElement(ISearchContext context)
Thread#0:T:   at OpenQA.Selenium.Remote.RemoteWebDriver.FindElement(By by)
Thread#1:T:ExpectedValue Row 3 :1213.08
Thread#2:T:   at OpenQA.Selenium.Remote.RemoteWebDriver.FindElement(By by)
Thread#0:T:   at TRID.ActionClasses.UIActions.GetText(By element) in F:\Projects\TRID QA\trid-462743\QA\UIAutomation\SpecFramework\ActionClasses\UIActions.cs:line 37
Thread#1:T:ActualValue Row 3 :1213.08
Thread#2:T:   at TRID.ActionClasses.UIActions.GetText(By element) in F:\Projects\TRID QA\trid-462743\QA\UIAutomation\SpecFramework\ActionClasses\UIActions.cs:line 37
Thread#0:T:   at TRID.StepDefinitions.AmortizationValidationSteps.ThenUpdatedComputedInsEscrowedAmountValueShouldDisplayOnPaymentScheduleGrid() in F:\Projects\TRID QA\trid-462743\QA\UIAutomation\SpecFramework\StepDefinitions\AmortizationValidationSteps.cs:line 231
Thread#1:T:============================================================
Thread#2:T:   at TRID.StepDefinitions.AmortizationValidationSteps.ThenUpdatedComputedInsEscrowedAmountValueShouldDisplayOnPaymentScheduleGrid() in F:\Projects\TRID QA\trid-462743\QA\UIAutomation\SpecFramework\StepDefinitions\AmortizationValidationSteps.cs:line 231
Thread#0:T:done: AmortizationValidationSteps.ThenUpdatedComputedInsEscrowedAmountValueShouldDisplayOnPaymentScheduleGrid() (2.1s)
Thread#1:T:done: AmortizationValidationSteps.ThenUpdatedComputedPeriodPaymentValueShouldDisplayOnPaymentScheduleGrid() (0.8s)
Thread#0:B:And updated/computed Tax Escrowed Amount value should display on Payment Schedule Grid
Thread#2:T:OpenQA.Selenium.NoSuchElementException: no such element: Unable to locate element: {"method":"xpath","selector":"//section[@id='PaymentScheduleOutputAPR']//tr[2]/td[6]"}
Thread#1:B:And updated/computed Ins Escrowed Amount value should display on Payment Schedule Grid
Thread#2:T:  (Session info: chrome=59.0.3071.115)
Thread#0:T:OpenQA.Selenium.NoSuchElementException: no such element: Unable to locate element: {"method":"xpath","selector":"//section[@id='PaymentScheduleOutputAPR']//tr[1]/td[7]"}
Thread#2:T:  (Driver info: chromedriver=2.29.461591 (62ebf098771772160f391d75e589dc567915b233),platform=Windows NT 10.0.10586 x86_64)
Thread#1:T:OpenQA.Selenium.NoSuchElementException: no such element: Unable to locate element: {"method":"xpath","selector":"//section[@id='PaymentScheduleOutputAPR']//tr[1]/td[6]"}
Thread#0:T:  (Session info: chrome=59.0.3071.115)
Thread#1:T:  (Session info: chrome=59.0.3071.115)
Thread#2:T:   at OpenQA.Selenium.Remote.RemoteWebDriver.UnpackAndThrowOnError(Response errorResponse)
Thread#0:T:  (Driver info: chromedriver=2.29.461591 (62ebf098771772160f391d75e589dc567915b233),platform=Windows NT 10.0.10586 x86_64)
Thread#1:T:  (Driver info: chromedriver=2.29.461591 (62ebf098771772160f391d75e589dc567915b233),platform=Windows NT 10.0.10586 x86_64)
Thread#2:T:   at OpenQA.Selenium.Remote.RemoteWebDriver.Execute(String driverCommandToExecute, Dictionary`2 parameters)
Thread#0:T:   at OpenQA.Selenium.Remote.RemoteWebDriver.UnpackAndThrowOnError(Response errorResponse)
Thread#1:T:   at OpenQA.Selenium.Remote.RemoteWebDriver.UnpackAndThrowOnError(Response errorResponse)
Thread#2:T:   at OpenQA.Selenium.Remote.RemoteWebDriver.FindElement(String mechanism, String value)
Thread#0:T:   at OpenQA.Selenium.Remote.RemoteWebDriver.Execute(String driverCommandToExecute, Dictionary`2 parameters)
Thread#1:T:   at OpenQA.Selenium.Remote.RemoteWebDriver.Execute(String driverCommandToExecute, Dictionary`2 parameters)
Thread#2:T:   at OpenQA.Selenium.Remote.RemoteWebDriver.FindElementByXPath(String xpath)
Thread#0:T:   at OpenQA.Selenium.Remote.RemoteWebDriver.FindElement(String mechanism, String value)
Thread#1:T:   at OpenQA.Selenium.Remote.RemoteWebDriver.FindElement(String mechanism, String value)
Thread#2:T:   at OpenQA.Selenium.By.<>c__DisplayClasse.<XPath>b__c(ISearchContext context)
Thread#0:T:   at OpenQA.Selenium.Remote.RemoteWebDriver.FindElementByXPath(String xpath)
Thread#1:T:   at OpenQA.Selenium.Remote.RemoteWebDriver.FindElementByXPath(String xpath)
Thread#2:T:   at OpenQA.Selenium.By.FindElement(ISearchContext context)
Thread#0:T:   at OpenQA.Selenium.By.<>c__DisplayClasse.<XPath>b__c(ISearchContext context)
Thread#1:T:   at OpenQA.Selenium.By.<>c__DisplayClasse.<XPath>b__c(ISearchContext context)
Thread#2:T:   at OpenQA.Selenium.Remote.RemoteWebDriver.FindElement(By by)
Thread#0:T:   at OpenQA.Selenium.By.FindElement(ISearchContext context)
Thread#1:T:   at OpenQA.Selenium.By.FindElement(ISearchContext context)
Thread#2:T:   at TRID.ActionClasses.UIActions.GetText(By element) in F:\Projects\TRID QA\trid-462743\QA\UIAutomation\SpecFramework\ActionClasses\UIActions.cs:line 37
Thread#0:T:   at OpenQA.Selenium.Remote.RemoteWebDriver.FindElement(By by)
Thread#1:T:   at OpenQA.Selenium.Remote.RemoteWebDriver.FindElement(By by)
Thread#2:T:   at TRID.StepDefinitions.AmortizationValidationSteps.ThenUpdatedComputedInsEscrowedAmountValueShouldDisplayOnPaymentScheduleGrid() in F:\Projects\TRID QA\trid-462743\QA\UIAutomation\SpecFramework\StepDefinitions\AmortizationValidationSteps.cs:line 231
Thread#0:T:   at TRID.ActionClasses.UIActions.GetText(By element) in F:\Projects\TRID QA\trid-462743\QA\UIAutomation\SpecFramework\ActionClasses\UIActions.cs:line 37
Thread#1:T:   at TRID.ActionClasses.UIActions.GetText(By element) in F:\Projects\TRID QA\trid-462743\QA\UIAutomation\SpecFramework\ActionClasses\UIActions.cs:line 37
Thread#0:T:   at TRID.StepDefinitions.AmortizationValidationSteps.ThenUpdatedComputedTaxEscrowedAmountValueShouldDisplayOnPaymentScheduleGrid() in F:\Projects\TRID QA\trid-462743\QA\UIAutomation\SpecFramework\StepDefinitions\AmortizationValidationSteps.cs:line 265
Thread#2:T:OpenQA.Selenium.NoSuchElementException: no such element: Unable to locate element: {"method":"xpath","selector":"//section[@id='PaymentScheduleOutputAPR']//tr[3]/td[6]"}
Thread#1:T:   at TRID.StepDefinitions.AmortizationValidationSteps.ThenUpdatedComputedInsEscrowedAmountValueShouldDisplayOnPaymentScheduleGrid() in F:\Projects\TRID QA\trid-462743\QA\UIAutomation\SpecFramework\StepDefinitions\AmortizationValidationSteps.cs:line 231
Thread#2:T:  (Session info: chrome=59.0.3071.115)
Thread#0:T:OpenQA.Selenium.NoSuchElementException: no such element: Unable to locate element: {"method":"xpath","selector":"//section[@id='PaymentScheduleOutputAPR']//tr[2]/td[7]"}
Thread#1:T:OpenQA.Selenium.NoSuchElementException: no such element: Unable to locate element: {"method":"xpath","selector":"//section[@id='PaymentScheduleOutputAPR']//tr[2]/td[6]"}
Thread#2:T:  (Driver info: chromedriver=2.29.461591 (62ebf098771772160f391d75e589dc567915b233),platform=Windows NT 10.0.10586 x86_64)
Thread#0:T:  (Session info: chrome=59.0.3071.115)
Thread#1:T:  (Session info: chrome=59.0.3071.115)
Thread#2:T:   at OpenQA.Selenium.Remote.RemoteWebDriver.UnpackAndThrowOnError(Response errorResponse)
Thread#0:T:  (Driver info: chromedriver=2.29.461591 (62ebf098771772160f391d75e589dc567915b233),platform=Windows NT 10.0.10586 x86_64)
Thread#1:T:  (Driver info: chromedriver=2.29.461591 (62ebf098771772160f391d75e589dc567915b233),platform=Windows NT 10.0.10586 x86_64)
Thread#2:T:   at OpenQA.Selenium.Remote.RemoteWebDriver.Execute(String driverCommandToExecute, Dictionary`2 parameters)
Thread#0:T:   at OpenQA.Selenium.Remote.RemoteWebDriver.UnpackAndThrowOnError(Response errorResponse)
Thread#1:T:   at OpenQA.Selenium.Remote.RemoteWebDriver.UnpackAndThrowOnError(Response errorResponse)
Thread#2:T:   at OpenQA.Selenium.Remote.RemoteWebDriver.FindElement(String mechanism, String value)
Thread#0:T:   at OpenQA.Selenium.Remote.RemoteWebDriver.Execute(String driverCommandToExecute, Dictionary`2 parameters)
Thread#1:T:   at OpenQA.Selenium.Remote.RemoteWebDriver.Execute(String driverCommandToExecute, Dictionary`2 parameters)
Thread#2:T:   at OpenQA.Selenium.Remote.RemoteWebDriver.FindElementByXPath(String xpath)
Thread#0:T:   at OpenQA.Selenium.Remote.RemoteWebDriver.FindElement(String mechanism, String value)
Thread#1:T:   at OpenQA.Selenium.Remote.RemoteWebDriver.FindElement(String mechanism, String value)
Thread#2:T:   at OpenQA.Selenium.By.<>c__DisplayClasse.<XPath>b__c(ISearchContext context)
Thread#0:T:   at OpenQA.Selenium.Remote.RemoteWebDriver.FindElementByXPath(String xpath)
Thread#2:T:   at OpenQA.Selenium.By.FindElement(ISearchContext context)
Thread#1:T:   at OpenQA.Selenium.Remote.RemoteWebDriver.FindElementByXPath(String xpath)
Thread#0:T:   at OpenQA.Selenium.By.<>c__DisplayClasse.<XPath>b__c(ISearchContext context)
Thread#1:T:   at OpenQA.Selenium.By.<>c__DisplayClasse.<XPath>b__c(ISearchContext context)
Thread#2:T:   at OpenQA.Selenium.Remote.RemoteWebDriver.FindElement(By by)
Thread#0:T:   at OpenQA.Selenium.By.FindElement(ISearchContext context)
Thread#1:T:   at OpenQA.Selenium.By.FindElement(ISearchContext context)
Thread#2:T:   at TRID.ActionClasses.UIActions.GetText(By element) in F:\Projects\TRID QA\trid-462743\QA\UIAutomation\SpecFramework\ActionClasses\UIActions.cs:line 37
Thread#0:T:   at OpenQA.Selenium.Remote.RemoteWebDriver.FindElement(By by)
Thread#2:T:   at TRID.StepDefinitions.AmortizationValidationSteps.ThenUpdatedComputedInsEscrowedAmountValueShouldDisplayOnPaymentScheduleGrid() in F:\Projects\TRID QA\trid-462743\QA\UIAutomation\SpecFramework\StepDefinitions\AmortizationValidationSteps.cs:line 231
Thread#1:T:   at OpenQA.Selenium.Remote.RemoteWebDriver.FindElement(By by)
Thread#0:T:   at TRID.ActionClasses.UIActions.GetText(By element) in F:\Projects\TRID QA\trid-462743\QA\UIAutomation\SpecFramework\ActionClasses\UIActions.cs:line 37
Thread#2:T:done: AmortizationValidationSteps.ThenUpdatedComputedInsEscrowedAmountValueShouldDisplayOnPaymentScheduleGrid() (2.2s)
Thread#1:T:   at TRID.ActionClasses.UIActions.GetText(By element) in F:\Projects\TRID QA\trid-462743\QA\UIAutomation\SpecFramework\ActionClasses\UIActions.cs:line 37
Thread#0:T:   at TRID.StepDefinitions.AmortizationValidationSteps.ThenUpdatedComputedTaxEscrowedAmountValueShouldDisplayOnPaymentScheduleGrid() in F:\Projects\TRID QA\trid-462743\QA\UIAutomation\SpecFramework\StepDefinitions\AmortizationValidationSteps.cs:line 265
Thread#2:B:And updated/computed Tax Escrowed Amount value should display on Payment Schedule Grid
Thread#1:T:   at TRID.StepDefinitions.AmortizationValidationSteps.ThenUpdatedComputedInsEscrowedAmountValueShouldDisplayOnPaymentScheduleGrid() in F:\Projects\TRID QA\trid-462743\QA\UIAutomation\SpecFramework\StepDefinitions\AmortizationValidationSteps.cs:line 231
Thread#0:T:done: AmortizationValidationSteps.ThenUpdatedComputedTaxEscrowedAmountValueShouldDisplayOnPaymentScheduleGrid() (1.5s)
Thread#2:T:OpenQA.Selenium.NoSuchElementException: no such element: Unable to locate element: {"method":"xpath","selector":"//section[@id='PaymentScheduleOutputAPR']//tr[1]/td[7]"}
Thread#1:T:OpenQA.Selenium.NoSuchElementException: no such element: Unable to locate element: {"method":"xpath","selector":"//section[@id='PaymentScheduleOutputAPR']//tr[3]/td[6]"}
Thread#0:Scheduler: get next test for thread
Thread#:Scheduler: at the end of normal test queue
Thread#0:Scheduler: enumerator for thread is at end
Thread#0:Scheduler: No more tests for thread 
Thread#2:T:  (Session info: chrome=59.0.3071.115)
Thread#1:T:  (Session info: chrome=59.0.3071.115)
Thread#1:T:  (Driver info: chromedriver=2.29.461591 (62ebf098771772160f391d75e589dc567915b233),platform=Windows NT 10.0.10586 x86_64)
Thread#2:T:  (Driver info: chromedriver=2.29.461591 (62ebf098771772160f391d75e589dc567915b233),platform=Windows NT 10.0.10586 x86_64)
Thread#0:T:##########################################################
Thread#2:T:   at OpenQA.Selenium.Remote.RemoteWebDriver.UnpackAndThrowOnError(Response errorResponse)
Thread#1:T:   at OpenQA.Selenium.Remote.RemoteWebDriver.UnpackAndThrowOnError(Response errorResponse)
Thread#0:T:##########################################################
Thread#2:T:   at OpenQA.Selenium.Remote.RemoteWebDriver.Execute(String driverCommandToExecute, Dictionary`2 parameters)
Thread#1:T:   at OpenQA.Selenium.Remote.RemoteWebDriver.Execute(String driverCommandToExecute, Dictionary`2 parameters)
Thread#0:T:====================================================================================
Thread#2:T:   at OpenQA.Selenium.Remote.RemoteWebDriver.FindElement(String mechanism, String value)
Thread#1:T:   at OpenQA.Selenium.Remote.RemoteWebDriver.FindElement(String mechanism, String value)
Thread#0:T:Scenario Number : 1
Thread#2:T:   at OpenQA.Selenium.Remote.RemoteWebDriver.FindElementByXPath(String xpath)
Thread#1:T:   at OpenQA.Selenium.Remote.RemoteWebDriver.FindElementByXPath(String xpath)
Thread#0:T:The total number of cards Failue: 5
Thread#2:T:   at OpenQA.Selenium.By.<>c__DisplayClasse.<XPath>b__c(ISearchContext context)
Thread#1:T:   at OpenQA.Selenium.By.<>c__DisplayClasse.<XPath>b__c(ISearchContext context)
Thread#0:T:Name of cards Failed: || InsEscrowedAmount[0] || : OpenQA.Selenium.NoSuchElementException: no such element: Unable to locate element: {"method":"xpath","selector":"//section[@id='PaymentScheduleOutputAPR']//tr[1]/td[6]"}
Thread#2:T:   at OpenQA.Selenium.By.FindElement(ISearchContext context)
Thread#1:T:   at OpenQA.Selenium.By.FindElement(ISearchContext context)
Thread#0:T:  (Session info: chrome=59.0.3071.115)
Thread#2:T:   at OpenQA.Selenium.Remote.RemoteWebDriver.FindElement(By by)
Thread#1:T:   at OpenQA.Selenium.Remote.RemoteWebDriver.FindElement(By by)
Thread#0:T:  (Driver info: chromedriver=2.29.461591 (62ebf098771772160f391d75e589dc567915b233),platform=Windows NT 10.0.10586 x86_64)
Thread#2:T:   at TRID.ActionClasses.UIActions.GetText(By element) in F:\Projects\TRID QA\trid-462743\QA\UIAutomation\SpecFramework\ActionClasses\UIActions.cs:line 37
Thread#1:T:   at TRID.ActionClasses.UIActions.GetText(By element) in F:\Projects\TRID QA\trid-462743\QA\UIAutomation\SpecFramework\ActionClasses\UIActions.cs:line 37
Thread#0:T:   at OpenQA.Selenium.Remote.RemoteWebDriver.UnpackAndThrowOnError(Response errorResponse)
Thread#2:T:   at TRID.StepDefinitions.AmortizationValidationSteps.ThenUpdatedComputedTaxEscrowedAmountValueShouldDisplayOnPaymentScheduleGrid() in F:\Projects\TRID QA\trid-462743\QA\UIAutomation\SpecFramework\StepDefinitions\AmortizationValidationSteps.cs:line 265
Thread#1:T:   at TRID.StepDefinitions.AmortizationValidationSteps.ThenUpdatedComputedInsEscrowedAmountValueShouldDisplayOnPaymentScheduleGrid() in F:\Projects\TRID QA\trid-462743\QA\UIAutomation\SpecFramework\StepDefinitions\AmortizationValidationSteps.cs:line 231
Thread#0:T:   at OpenQA.Selenium.Remote.RemoteWebDriver.Execute(String driverCommandToExecute, Dictionary`2 parameters)
Thread#2:T:OpenQA.Selenium.NoSuchElementException: no such element: Unable to locate element: {"method":"xpath","selector":"//section[@id='PaymentScheduleOutputAPR']//tr[2]/td[7]"}
Thread#1:T:done: AmortizationValidationSteps.ThenUpdatedComputedInsEscrowedAmountValueShouldDisplayOnPaymentScheduleGrid() (2.3s)
Thread#0:T:   at OpenQA.Selenium.Remote.RemoteWebDriver.FindElement(String mechanism, String value)
Thread#2:T:  (Session info: chrome=59.0.3071.115)
Thread#1:B:And updated/computed Tax Escrowed Amount value should display on Payment Schedule Grid
Thread#0:T:   at OpenQA.Selenium.Remote.RemoteWebDriver.FindElementByXPath(String xpath)
Thread#2:T:  (Driver info: chromedriver=2.29.461591 (62ebf098771772160f391d75e589dc567915b233),platform=Windows NT 10.0.10586 x86_64)
Thread#1:T:OpenQA.Selenium.NoSuchElementException: no such element: Unable to locate element: {"method":"xpath","selector":"//section[@id='PaymentScheduleOutputAPR']//tr[1]/td[7]"}
Thread#0:T:   at OpenQA.Selenium.By.<>c__DisplayClasse.<XPath>b__c(ISearchContext context)
Thread#2:T:   at OpenQA.Selenium.Remote.RemoteWebDriver.UnpackAndThrowOnError(Response errorResponse)
Thread#1:T:  (Session info: chrome=59.0.3071.115)
Thread#0:T:   at OpenQA.Selenium.By.FindElement(ISearchContext context)
Thread#2:T:   at OpenQA.Selenium.Remote.RemoteWebDriver.Execute(String driverCommandToExecute, Dictionary`2 parameters)
Thread#1:T:  (Driver info: chromedriver=2.29.461591 (62ebf098771772160f391d75e589dc567915b233),platform=Windows NT 10.0.10586 x86_64)
Thread#0:T:   at OpenQA.Selenium.Remote.RemoteWebDriver.FindElement(By by)
Thread#2:T:   at OpenQA.Selenium.Remote.RemoteWebDriver.FindElement(String mechanism, String value)
Thread#1:T:   at OpenQA.Selenium.Remote.RemoteWebDriver.UnpackAndThrowOnError(Response errorResponse)
Thread#0:T:   at TRID.ActionClasses.UIActions.GetText(By element) in F:\Projects\TRID QA\trid-462743\QA\UIAutomation\SpecFramework\ActionClasses\UIActions.cs:line 37
Thread#2:T:   at OpenQA.Selenium.Remote.RemoteWebDriver.FindElementByXPath(String xpath)
Thread#1:T:   at OpenQA.Selenium.Remote.RemoteWebDriver.Execute(String driverCommandToExecute, Dictionary`2 parameters)
Thread#0:T:   at TRID.StepDefinitions.AmortizationValidationSteps.ThenUpdatedComputedInsEscrowedAmountValueShouldDisplayOnPaymentScheduleGrid() in F:\Projects\TRID QA\trid-462743\QA\UIAutomation\SpecFramework\StepDefinitions\AmortizationValidationSteps.cs:line 231 
Thread#2:T:   at OpenQA.Selenium.By.<>c__DisplayClasse.<XPath>b__c(ISearchContext context)
Thread#1:T:   at OpenQA.Selenium.Remote.RemoteWebDriver.FindElement(String mechanism, String value)
Thread#0:T: ====================================================================================
Thread#2:T:   at OpenQA.Selenium.By.FindElement(ISearchContext context)
Thread#1:T:   at OpenQA.Selenium.Remote.RemoteWebDriver.FindElementByXPath(String xpath)
Thread#0:T:|| InsEscrowedAmount[1] || : OpenQA.Selenium.NoSuchElementException: no such element: Unable to locate element: {"method":"xpath","selector":"//section[@id='PaymentScheduleOutputAPR']//tr[2]/td[6]"}
Thread#2:T:   at OpenQA.Selenium.Remote.RemoteWebDriver.FindElement(By by)
Thread#1:T:   at OpenQA.Selenium.By.<>c__DisplayClasse.<XPath>b__c(ISearchContext context)
Thread#0:T:  (Session info: chrome=59.0.3071.115)
Thread#2:T:   at TRID.ActionClasses.UIActions.GetText(By element) in F:\Projects\TRID QA\trid-462743\QA\UIAutomation\SpecFramework\ActionClasses\UIActions.cs:line 37
Thread#1:T:   at OpenQA.Selenium.By.FindElement(ISearchContext context)
Thread#0:T:  (Driver info: chromedriver=2.29.461591 (62ebf098771772160f391d75e589dc567915b233),platform=Windows NT 10.0.10586 x86_64)
Thread#2:T:   at TRID.StepDefinitions.AmortizationValidationSteps.ThenUpdatedComputedTaxEscrowedAmountValueShouldDisplayOnPaymentScheduleGrid() in F:\Projects\TRID QA\trid-462743\QA\UIAutomation\SpecFramework\StepDefinitions\AmortizationValidationSteps.cs:line 265
Thread#1:T:   at OpenQA.Selenium.Remote.RemoteWebDriver.FindElement(By by)
Thread#0:T:   at OpenQA.Selenium.Remote.RemoteWebDriver.UnpackAndThrowOnError(Response errorResponse)
Thread#1:T:   at TRID.ActionClasses.UIActions.GetText(By element) in F:\Projects\TRID QA\trid-462743\QA\UIAutomation\SpecFramework\ActionClasses\UIActions.cs:line 37
Thread#2:T:OpenQA.Selenium.NoSuchElementException: no such element: Unable to locate element: {"method":"xpath","selector":"//section[@id='PaymentScheduleOutputAPR']//tr[3]/td[7]"}
Thread#0:T:   at OpenQA.Selenium.Remote.RemoteWebDriver.Execute(String driverCommandToExecute, Dictionary`2 parameters)
Thread#1:T:   at TRID.StepDefinitions.AmortizationValidationSteps.ThenUpdatedComputedTaxEscrowedAmountValueShouldDisplayOnPaymentScheduleGrid() in F:\Projects\TRID QA\trid-462743\QA\UIAutomation\SpecFramework\StepDefinitions\AmortizationValidationSteps.cs:line 265
Thread#2:T:  (Session info: chrome=59.0.3071.115)
Thread#0:T:   at OpenQA.Selenium.Remote.RemoteWebDriver.FindElement(String mechanism, String value)
Thread#2:T:  (Driver info: chromedriver=2.29.461591 (62ebf098771772160f391d75e589dc567915b233),platform=Windows NT 10.0.10586 x86_64)
Thread#1:T:OpenQA.Selenium.NoSuchElementException: no such element: Unable to locate element: {"method":"xpath","selector":"//section[@id='PaymentScheduleOutputAPR']//tr[2]/td[7]"}
Thread#0:T:   at OpenQA.Selenium.Remote.RemoteWebDriver.FindElementByXPath(String xpath)
Thread#2:T:   at OpenQA.Selenium.Remote.RemoteWebDriver.UnpackAndThrowOnError(Response errorResponse)
Thread#1:T:  (Session info: chrome=59.0.3071.115)
Thread#0:T:   at OpenQA.Selenium.By.<>c__DisplayClasse.<XPath>b__c(ISearchContext context)
Thread#2:T:   at OpenQA.Selenium.Remote.RemoteWebDriver.Execute(String driverCommandToExecute, Dictionary`2 parameters)
Thread#1:T:  (Driver info: chromedriver=2.29.461591 (62ebf098771772160f391d75e589dc567915b233),platform=Windows NT 10.0.10586 x86_64)
Thread#0:T:   at OpenQA.Selenium.By.FindElement(ISearchContext context)
Thread#2:T:   at OpenQA.Selenium.Remote.RemoteWebDriver.FindElement(String mechanism, String value)
Thread#1:T:   at OpenQA.Selenium.Remote.RemoteWebDriver.UnpackAndThrowOnError(Response errorResponse)
Thread#0:T:   at OpenQA.Selenium.Remote.RemoteWebDriver.FindElement(By by)
Thread#2:T:   at OpenQA.Selenium.Remote.RemoteWebDriver.FindElementByXPath(String xpath)
Thread#0:T:   at TRID.ActionClasses.UIActions.GetText(By element) in F:\Projects\TRID QA\trid-462743\QA\UIAutomation\SpecFramework\ActionClasses\UIActions.cs:line 37
Thread#1:T:   at OpenQA.Selenium.Remote.RemoteWebDriver.Execute(String driverCommandToExecute, Dictionary`2 parameters)
Thread#2:T:   at OpenQA.Selenium.By.<>c__DisplayClasse.<XPath>b__c(ISearchContext context)
Thread#1:T:   at OpenQA.Selenium.Remote.RemoteWebDriver.FindElement(String mechanism, String value)
Thread#0:T:   at TRID.StepDefinitions.AmortizationValidationSteps.ThenUpdatedComputedInsEscrowedAmountValueShouldDisplayOnPaymentScheduleGrid() in F:\Projects\TRID QA\trid-462743\QA\UIAutomation\SpecFramework\StepDefinitions\AmortizationValidationSteps.cs:line 231 
Thread#2:T:   at OpenQA.Selenium.By.FindElement(ISearchContext context)
Thread#1:T:   at OpenQA.Selenium.Remote.RemoteWebDriver.FindElementByXPath(String xpath)
Thread#0:T: ====================================================================================
Thread#1:T:   at OpenQA.Selenium.By.<>c__DisplayClasse.<XPath>b__c(ISearchContext context)
Thread#2:T:   at OpenQA.Selenium.Remote.RemoteWebDriver.FindElement(By by)
Thread#0:T:|| InsEscrowedAmount[2] || : OpenQA.Selenium.NoSuchElementException: no such element: Unable to locate element: {"method":"xpath","selector":"//section[@id='PaymentScheduleOutputAPR']//tr[3]/td[6]"}
Thread#2:T:   at TRID.ActionClasses.UIActions.GetText(By element) in F:\Projects\TRID QA\trid-462743\QA\UIAutomation\SpecFramework\ActionClasses\UIActions.cs:line 37
Thread#1:T:   at OpenQA.Selenium.By.FindElement(ISearchContext context)
Thread#0:T:  (Session info: chrome=59.0.3071.115)
Thread#0:T:  (Driver info: chromedriver=2.29.461591 (62ebf098771772160f391d75e589dc567915b233),platform=Windows NT 10.0.10586 x86_64)
Thread#2:T:   at TRID.StepDefinitions.AmortizationValidationSteps.ThenUpdatedComputedTaxEscrowedAmountValueShouldDisplayOnPaymentScheduleGrid() in F:\Projects\TRID QA\trid-462743\QA\UIAutomation\SpecFramework\StepDefinitions\AmortizationValidationSteps.cs:line 265
Thread#1:T:   at OpenQA.Selenium.Remote.RemoteWebDriver.FindElement(By by)
Thread#2:T:done: AmortizationValidationSteps.ThenUpdatedComputedTaxEscrowedAmountValueShouldDisplayOnPaymentScheduleGrid() (2.2s)
Thread#0:T:   at OpenQA.Selenium.Remote.RemoteWebDriver.UnpackAndThrowOnError(Response errorResponse)
Thread#1:T:   at TRID.ActionClasses.UIActions.GetText(By element) in F:\Projects\TRID QA\trid-462743\QA\UIAutomation\SpecFramework\ActionClasses\UIActions.cs:line 37
Thread#1:T:   at TRID.StepDefinitions.AmortizationValidationSteps.ThenUpdatedComputedTaxEscrowedAmountValueShouldDisplayOnPaymentScheduleGrid() in F:\Projects\TRID QA\trid-462743\QA\UIAutomation\SpecFramework\StepDefinitions\AmortizationValidationSteps.cs:line 265
Thread#0:T:   at OpenQA.Selenium.Remote.RemoteWebDriver.Execute(String driverCommandToExecute, Dictionary`2 parameters)
Thread#0:T:   at OpenQA.Selenium.Remote.RemoteWebDriver.FindElement(String mechanism, String value)
Thread#2:Scheduler: get next test for thread
Thread#:Scheduler: at the end of normal test queue
Thread#2:Scheduler: enumerator for thread is at end
Thread#2:Scheduler: No more tests for thread 
Thread#1:T:OpenQA.Selenium.NoSuchElementException: no such element: Unable to locate element: {"method":"xpath","selector":"//section[@id='PaymentScheduleOutputAPR']//tr[3]/td[7]"}
Thread#0:T:   at OpenQA.Selenium.Remote.RemoteWebDriver.FindElementByXPath(String xpath)
Thread#1:T:  (Session info: chrome=59.0.3071.115)
Thread#0:T:   at OpenQA.Selenium.By.<>c__DisplayClasse.<XPath>b__c(ISearchContext context)
Thread#2:T:##########################################################
Thread#1:T:  (Driver info: chromedriver=2.29.461591 (62ebf098771772160f391d75e589dc567915b233),platform=Windows NT 10.0.10586 x86_64)
Thread#0:T:   at OpenQA.Selenium.By.FindElement(ISearchContext context)
Thread#2:T:##########################################################
Thread#1:T:   at OpenQA.Selenium.Remote.RemoteWebDriver.UnpackAndThrowOnError(Response errorResponse)
Thread#0:T:   at OpenQA.Selenium.Remote.RemoteWebDriver.FindElement(By by)
Thread#2:T:====================================================================================
Thread#1:T:   at OpenQA.Selenium.Remote.RemoteWebDriver.Execute(String driverCommandToExecute, Dictionary`2 parameters)
Thread#0:T:   at TRID.ActionClasses.UIActions.GetText(By element) in F:\Projects\TRID QA\trid-462743\QA\UIAutomation\SpecFramework\ActionClasses\UIActions.cs:line 37
Thread#2:T:Scenario Number : 3
Thread#1:T:   at OpenQA.Selenium.Remote.RemoteWebDriver.FindElement(String mechanism, String value)
Thread#0:T:   at TRID.StepDefinitions.AmortizationValidationSteps.ThenUpdatedComputedInsEscrowedAmountValueShouldDisplayOnPaymentScheduleGrid() in F:\Projects\TRID QA\trid-462743\QA\UIAutomation\SpecFramework\StepDefinitions\AmortizationValidationSteps.cs:line 231 
Thread#2:T:The total number of cards Failue: 7
Thread#1:T:   at OpenQA.Selenium.Remote.RemoteWebDriver.FindElementByXPath(String xpath)
Thread#0:T: ====================================================================================
Thread#2:T:Name of cards Failed: || PaymentScheduleNumberOfPayments[0] || : NUnit.Framework.AssertionException:   Actual value does not match as expected for the row 1 with the difference of 6
Thread#1:T:   at OpenQA.Selenium.By.<>c__DisplayClasse.<XPath>b__c(ISearchContext context)
Thread#0:T:|| TaxEscrowedAmount[0] || : OpenQA.Selenium.NoSuchElementException: no such element: Unable to locate element: {"method":"xpath","selector":"//section[@id='PaymentScheduleOutputAPR']//tr[1]/td[7]"}
Thread#2:T:  Expected: 89.0d
Thread#1:T:   at OpenQA.Selenium.By.FindElement(ISearchContext context)
Thread#0:T:  (Session info: chrome=59.0.3071.115)
Thread#2:T:  But was:  83.0d
Thread#1:T:   at OpenQA.Selenium.Remote.RemoteWebDriver.FindElement(By by)
Thread#0:T:  (Driver info: chromedriver=2.29.461591 (62ebf098771772160f391d75e589dc567915b233),platform=Windows NT 10.0.10586 x86_64)
Thread#2:T:   at NUnit.Framework.Assert.That[TActual](TActual actual, IResolveConstraint expression, String message, Object[] args)
Thread#1:T:   at TRID.ActionClasses.UIActions.GetText(By element) in F:\Projects\TRID QA\trid-462743\QA\UIAutomation\SpecFramework\ActionClasses\UIActions.cs:line 37
Thread#2:T:   at NUnit.Framework.Assert.AreEqual(Object expected, Object actual, String message, Object[] args)
Thread#0:T:   at OpenQA.Selenium.Remote.RemoteWebDriver.UnpackAndThrowOnError(Response errorResponse)
Thread#1:T:   at TRID.StepDefinitions.AmortizationValidationSteps.ThenUpdatedComputedTaxEscrowedAmountValueShouldDisplayOnPaymentScheduleGrid() in F:\Projects\TRID QA\trid-462743\QA\UIAutomation\SpecFramework\StepDefinitions\AmortizationValidationSteps.cs:line 265
Thread#0:T:   at OpenQA.Selenium.Remote.RemoteWebDriver.Execute(String driverCommandToExecute, Dictionary`2 parameters)
Thread#2:T:   at TRID.StepDefinitions.AmortizationValidationSteps.ThenUpdatedComputedNumberOfPaymentsValueShouldDisplayOnPaymentScheduleGrid() in F:\Projects\TRID QA\trid-462743\QA\UIAutomation\SpecFramework\StepDefinitions\AmortizationValidationSteps.cs:line 98 
Thread#1:T:done: AmortizationValidationSteps.ThenUpdatedComputedTaxEscrowedAmountValueShouldDisplayOnPaymentScheduleGrid() (2.1s)
Thread#2:T: ====================================================================================
Thread#0:T:   at OpenQA.Selenium.Remote.RemoteWebDriver.FindElement(String mechanism, String value)
Thread#2:T:|| InsEscrowedAmount[0] || : OpenQA.Selenium.NoSuchElementException: no such element: Unable to locate element: {"method":"xpath","selector":"//section[@id='PaymentScheduleOutputAPR']//tr[1]/td[6]"}
Thread#0:T:   at OpenQA.Selenium.Remote.RemoteWebDriver.FindElementByXPath(String xpath)
Thread#1:Scheduler: get next test for thread
Thread#:Scheduler: at the end of normal test queue
Thread#1:Scheduler: enumerator for thread is at end
Thread#1:Scheduler: No more tests for thread 
Thread#2:T:  (Session info: chrome=59.0.3071.115)
Thread#0:T:   at OpenQA.Selenium.By.<>c__DisplayClasse.<XPath>b__c(ISearchContext context)
Thread#2:T:  (Driver info: chromedriver=2.29.461591 (62ebf098771772160f391d75e589dc567915b233),platform=Windows NT 10.0.10586 x86_64)
Thread#0:T:   at OpenQA.Selenium.By.FindElement(ISearchContext context)
Thread#1:T:##########################################################
Thread#2:T:   at OpenQA.Selenium.Remote.RemoteWebDriver.UnpackAndThrowOnError(Response errorResponse)
Thread#0:T:   at OpenQA.Selenium.Remote.RemoteWebDriver.FindElement(By by)
Thread#1:T:##########################################################
Thread#2:T:   at OpenQA.Selenium.Remote.RemoteWebDriver.Execute(String driverCommandToExecute, Dictionary`2 parameters)
Thread#0:T:   at TRID.ActionClasses.UIActions.GetText(By element) in F:\Projects\TRID QA\trid-462743\QA\UIAutomation\SpecFramework\ActionClasses\UIActions.cs:line 37
Thread#1:T:====================================================================================
Thread#0:T:   at TRID.StepDefinitions.AmortizationValidationSteps.ThenUpdatedComputedTaxEscrowedAmountValueShouldDisplayOnPaymentScheduleGrid() in F:\Projects\TRID QA\trid-462743\QA\UIAutomation\SpecFramework\StepDefinitions\AmortizationValidationSteps.cs:line 265 
Thread#2:T:   at OpenQA.Selenium.Remote.RemoteWebDriver.FindElement(String mechanism, String value)
Thread#1:T:Scenario Number : 2
Thread#0:T: ====================================================================================
Thread#2:T:   at OpenQA.Selenium.Remote.RemoteWebDriver.FindElementByXPath(String xpath)
Thread#1:T:The total number of cards Failue: 8
Thread#0:T:|| TaxEscrowedAmount[1] || : OpenQA.Selenium.NoSuchElementException: no such element: Unable to locate element: {"method":"xpath","selector":"//section[@id='PaymentScheduleOutputAPR']//tr[2]/td[7]"}
Thread#2:T:   at OpenQA.Selenium.By.<>c__DisplayClasse.<XPath>b__c(ISearchContext context)
Thread#1:T:Name of cards Failed: || PaymentAmount[1] || : NUnit.Framework.AssertionException:   Actual value does not match as expected for the row 2 with the difference of 0.649999999999864
Thread#0:T:  (Session info: chrome=59.0.3071.115)
Thread#2:T:   at OpenQA.Selenium.By.FindElement(ISearchContext context)
Thread#1:T:  Expected: 1214.1800000000001d
Thread#0:T:  (Driver info: chromedriver=2.29.461591 (62ebf098771772160f391d75e589dc567915b233),platform=Windows NT 10.0.10586 x86_64)
Thread#2:T:   at OpenQA.Selenium.Remote.RemoteWebDriver.FindElement(By by)
Thread#1:T:  But was:  1214.8299999999999d
Thread#0:T:   at OpenQA.Selenium.Remote.RemoteWebDriver.UnpackAndThrowOnError(Response errorResponse)
Thread#2:T:   at TRID.ActionClasses.UIActions.GetText(By element) in F:\Projects\TRID QA\trid-462743\QA\UIAutomation\SpecFramework\ActionClasses\UIActions.cs:line 37
Thread#1:T:   at NUnit.Framework.Assert.That[TActual](TActual actual, IResolveConstraint expression, String message, Object[] args)
Thread#0:T:   at OpenQA.Selenium.Remote.RemoteWebDriver.Execute(String driverCommandToExecute, Dictionary`2 parameters)
Thread#2:T:   at TRID.StepDefinitions.AmortizationValidationSteps.ThenUpdatedComputedInsEscrowedAmountValueShouldDisplayOnPaymentScheduleGrid() in F:\Projects\TRID QA\trid-462743\QA\UIAutomation\SpecFramework\StepDefinitions\AmortizationValidationSteps.cs:line 231 
Thread#0:T:   at OpenQA.Selenium.Remote.RemoteWebDriver.FindElement(String mechanism, String value)
Thread#1:T:   at NUnit.Framework.Assert.AreEqual(Object expected, Object actual, String message, Object[] args)
Thread#2:T: ====================================================================================
Thread#0:T:   at OpenQA.Selenium.Remote.RemoteWebDriver.FindElementByXPath(String xpath)
Thread#1:T:   at TRID.StepDefinitions.AmortizationValidationSteps.ThenUpdatedComputedPaymentAmountValueShouldDisplayOnPaymentScheduleGrid() in F:\Projects\TRID QA\trid-462743\QA\UIAutomation\SpecFramework\StepDefinitions\AmortizationValidationSteps.cs:line 132 
Thread#0:T:   at OpenQA.Selenium.By.<>c__DisplayClasse.<XPath>b__c(ISearchContext context)
Thread#2:T:|| InsEscrowedAmount[1] || : OpenQA.Selenium.NoSuchElementException: no such element: Unable to locate element: {"method":"xpath","selector":"//section[@id='PaymentScheduleOutputAPR']//tr[2]/td[6]"}
Thread#1:T: ====================================================================================
Thread#0:T:   at OpenQA.Selenium.By.FindElement(ISearchContext context)
Thread#2:T:  (Session info: chrome=59.0.3071.115)
Thread#1:T:|| PaymentAmount[1] || : NUnit.Framework.AssertionException:   Actual value does not match as expected for the row 2 with the difference of 0.649999999999864
Thread#0:T:   at OpenQA.Selenium.Remote.RemoteWebDriver.FindElement(By by)
Thread#2:T:  (Driver info: chromedriver=2.29.461591 (62ebf098771772160f391d75e589dc567915b233),platform=Windows NT 10.0.10586 x86_64)
Thread#1:T:  Expected: 1214.1800000000001d
Thread#0:T:   at TRID.ActionClasses.UIActions.GetText(By element) in F:\Projects\TRID QA\trid-462743\QA\UIAutomation\SpecFramework\ActionClasses\UIActions.cs:line 37
Thread#2:T:   at OpenQA.Selenium.Remote.RemoteWebDriver.UnpackAndThrowOnError(Response errorResponse)
Thread#1:T:  But was:  1214.8299999999999d
Thread#0:T:   at TRID.StepDefinitions.AmortizationValidationSteps.ThenUpdatedComputedTaxEscrowedAmountValueShouldDisplayOnPaymentScheduleGrid() in F:\Projects\TRID QA\trid-462743\QA\UIAutomation\SpecFramework\StepDefinitions\AmortizationValidationSteps.cs:line 265 
Thread#1:T:   at NUnit.Framework.Assert.That[TActual](TActual actual, IResolveConstraint expression, String message, Object[] args)
Thread#2:T:   at OpenQA.Selenium.Remote.RemoteWebDriver.Execute(String driverCommandToExecute, Dictionary`2 parameters)
Thread#0:T: ====================================================================================
Thread#1:T:   at NUnit.Framework.Assert.AreEqual(Object expected, Object actual, String message, Object[] args)
Thread#2:T:   at OpenQA.Selenium.Remote.RemoteWebDriver.FindElement(String mechanism, String value)
Thread#0:T:====================================================================================
Thread#1:T:   at TRID.StepDefinitions.AmortizationValidationSteps.ThenUpdatedComputedPaymentAmountValueShouldDisplayOnPaymentScheduleGrid() in F:\Projects\TRID QA\trid-462743\QA\UIAutomation\SpecFramework\StepDefinitions\AmortizationValidationSteps.cs:line 132 
Thread#2:T:   at OpenQA.Selenium.Remote.RemoteWebDriver.FindElementByXPath(String xpath)
Thread#0:T:##########################################################
Thread#1:T: ====================================================================================
Thread#2:T:   at OpenQA.Selenium.By.<>c__DisplayClasse.<XPath>b__c(ISearchContext context)
Thread#0:T:##########################################################
Thread#1:T:|| InsEscrowedAmount[0] || : OpenQA.Selenium.NoSuchElementException: no such element: Unable to locate element: {"method":"xpath","selector":"//section[@id='PaymentScheduleOutputAPR']//tr[1]/td[6]"}
Thread#2:T:   at OpenQA.Selenium.By.FindElement(ISearchContext context)
Thread#0: Test #4/0 is finished on thread #0 as CleanupFailed within 88.0330243 seconds
Thread#1:T:  (Session info: chrome=59.0.3071.115)
Thread#2:T:   at OpenQA.Selenium.Remote.RemoteWebDriver.FindElement(By by)
Thread#1:T:  (Driver info: chromedriver=2.29.461591 (62ebf098771772160f391d75e589dc567915b233),platform=Windows NT 10.0.10586 x86_64)
Thread#2:T:   at TRID.ActionClasses.UIActions.GetText(By element) in F:\Projects\TRID QA\trid-462743\QA\UIAutomation\SpecFramework\ActionClasses\UIActions.cs:line 37
Appdomain Disposed
Thread#1:T:   at OpenQA.Selenium.Remote.RemoteWebDriver.UnpackAndThrowOnError(Response errorResponse)
Thread#2:T:   at TRID.StepDefinitions.AmortizationValidationSteps.ThenUpdatedComputedInsEscrowedAmountValueShouldDisplayOnPaymentScheduleGrid() in F:\Projects\TRID QA\trid-462743\QA\UIAutomation\SpecFramework\StepDefinitions\AmortizationValidationSteps.cs:line 231 
Thread#1:T:   at OpenQA.Selenium.Remote.RemoteWebDriver.Execute(String driverCommandToExecute, Dictionary`2 parameters)
Thread#2:T: ====================================================================================
Thread#1:T:   at OpenQA.Selenium.Remote.RemoteWebDriver.FindElement(String mechanism, String value)
Thread#2:T:|| InsEscrowedAmount[2] || : OpenQA.Selenium.NoSuchElementException: no such element: Unable to locate element: {"method":"xpath","selector":"//section[@id='PaymentScheduleOutputAPR']//tr[3]/td[6]"}
Thread#1:T:   at OpenQA.Selenium.Remote.RemoteWebDriver.FindElementByXPath(String xpath)
Thread#2:T:  (Session info: chrome=59.0.3071.115)
Thread#1:T:   at OpenQA.Selenium.By.<>c__DisplayClasse.<XPath>b__c(ISearchContext context)
Thread#2:T:  (Driver info: chromedriver=2.29.461591 (62ebf098771772160f391d75e589dc567915b233),platform=Windows NT 10.0.10586 x86_64)
Thread#1:T:   at OpenQA.Selenium.By.FindElement(ISearchContext context)
Thread#2:T:   at OpenQA.Selenium.Remote.RemoteWebDriver.UnpackAndThrowOnError(Response errorResponse)
Thread#1:T:   at OpenQA.Selenium.Remote.RemoteWebDriver.FindElement(By by)
Thread#2:T:   at OpenQA.Selenium.Remote.RemoteWebDriver.Execute(String driverCommandToExecute, Dictionary`2 parameters)
Thread#1:T:   at TRID.ActionClasses.UIActions.GetText(By element) in F:\Projects\TRID QA\trid-462743\QA\UIAutomation\SpecFramework\ActionClasses\UIActions.cs:line 37
Thread#2:T:   at OpenQA.Selenium.Remote.RemoteWebDriver.FindElement(String mechanism, String value)
Thread#1:T:   at TRID.StepDefinitions.AmortizationValidationSteps.ThenUpdatedComputedInsEscrowedAmountValueShouldDisplayOnPaymentScheduleGrid() in F:\Projects\TRID QA\trid-462743\QA\UIAutomation\SpecFramework\StepDefinitions\AmortizationValidationSteps.cs:line 231 
Thread#2:T:   at OpenQA.Selenium.Remote.RemoteWebDriver.FindElementByXPath(String xpath)
Thread#1:T: ====================================================================================
Thread#2:T:   at OpenQA.Selenium.By.<>c__DisplayClasse.<XPath>b__c(ISearchContext context)
Thread#1:T:|| InsEscrowedAmount[1] || : OpenQA.Selenium.NoSuchElementException: no such element: Unable to locate element: {"method":"xpath","selector":"//section[@id='PaymentScheduleOutputAPR']//tr[2]/td[6]"}
Thread#2:T:   at OpenQA.Selenium.By.FindElement(ISearchContext context)
Thread#1:T:  (Session info: chrome=59.0.3071.115)
Thread#2:T:   at OpenQA.Selenium.Remote.RemoteWebDriver.FindElement(By by)
Thread#1:T:  (Driver info: chromedriver=2.29.461591 (62ebf098771772160f391d75e589dc567915b233),platform=Windows NT 10.0.10586 x86_64)
Thread#2:T:   at TRID.ActionClasses.UIActions.GetText(By element) in F:\Projects\TRID QA\trid-462743\QA\UIAutomation\SpecFramework\ActionClasses\UIActions.cs:line 37
Thread#1:T:   at OpenQA.Selenium.Remote.RemoteWebDriver.UnpackAndThrowOnError(Response errorResponse)
Thread#2:T:   at TRID.StepDefinitions.AmortizationValidationSteps.ThenUpdatedComputedInsEscrowedAmountValueShouldDisplayOnPaymentScheduleGrid() in F:\Projects\TRID QA\trid-462743\QA\UIAutomation\SpecFramework\StepDefinitions\AmortizationValidationSteps.cs:line 231 
Thread#1:T:   at OpenQA.Selenium.Remote.RemoteWebDriver.Execute(String driverCommandToExecute, Dictionary`2 parameters)
Thread#2:T: ====================================================================================
Thread#1:T:   at OpenQA.Selenium.Remote.RemoteWebDriver.FindElement(String mechanism, String value)
Thread#2:T:|| TaxEscrowedAmount[0] || : OpenQA.Selenium.NoSuchElementException: no such element: Unable to locate element: {"method":"xpath","selector":"//section[@id='PaymentScheduleOutputAPR']//tr[1]/td[7]"}
Thread#1:T:   at OpenQA.Selenium.Remote.RemoteWebDriver.FindElementByXPath(String xpath)
Thread#2:T:  (Session info: chrome=59.0.3071.115)
Thread#1:T:   at OpenQA.Selenium.By.<>c__DisplayClasse.<XPath>b__c(ISearchContext context)
Thread#2:T:  (Driver info: chromedriver=2.29.461591 (62ebf098771772160f391d75e589dc567915b233),platform=Windows NT 10.0.10586 x86_64)
Thread#1:T:   at OpenQA.Selenium.By.FindElement(ISearchContext context)
Thread#2:T:   at OpenQA.Selenium.Remote.RemoteWebDriver.UnpackAndThrowOnError(Response errorResponse)
Thread#1:T:   at OpenQA.Selenium.Remote.RemoteWebDriver.FindElement(By by)
Thread#2:T:   at OpenQA.Selenium.Remote.RemoteWebDriver.Execute(String driverCommandToExecute, Dictionary`2 parameters)
Thread#1:T:   at TRID.ActionClasses.UIActions.GetText(By element) in F:\Projects\TRID QA\trid-462743\QA\UIAutomation\SpecFramework\ActionClasses\UIActions.cs:line 37
Thread#2:T:   at OpenQA.Selenium.Remote.RemoteWebDriver.FindElement(String mechanism, String value)
Thread#1:T:   at TRID.StepDefinitions.AmortizationValidationSteps.ThenUpdatedComputedInsEscrowedAmountValueShouldDisplayOnPaymentScheduleGrid() in F:\Projects\TRID QA\trid-462743\QA\UIAutomation\SpecFramework\StepDefinitions\AmortizationValidationSteps.cs:line 231 
Thread#2:T:   at OpenQA.Selenium.Remote.RemoteWebDriver.FindElementByXPath(String xpath)
Thread#1:T: ====================================================================================
Thread#2:T:   at OpenQA.Selenium.By.<>c__DisplayClasse.<XPath>b__c(ISearchContext context)
Thread#1:T:|| InsEscrowedAmount[2] || : OpenQA.Selenium.NoSuchElementException: no such element: Unable to locate element: {"method":"xpath","selector":"//section[@id='PaymentScheduleOutputAPR']//tr[3]/td[6]"}
Thread#2:T:   at OpenQA.Selenium.By.FindElement(ISearchContext context)
Thread#1:T:  (Session info: chrome=59.0.3071.115)
Thread#2:T:   at OpenQA.Selenium.Remote.RemoteWebDriver.FindElement(By by)
Thread#1:T:  (Driver info: chromedriver=2.29.461591 (62ebf098771772160f391d75e589dc567915b233),platform=Windows NT 10.0.10586 x86_64)
Thread#2:T:   at TRID.ActionClasses.UIActions.GetText(By element) in F:\Projects\TRID QA\trid-462743\QA\UIAutomation\SpecFramework\ActionClasses\UIActions.cs:line 37
Thread#1:T:   at OpenQA.Selenium.Remote.RemoteWebDriver.UnpackAndThrowOnError(Response errorResponse)
Thread#2:T:   at TRID.StepDefinitions.AmortizationValidationSteps.ThenUpdatedComputedTaxEscrowedAmountValueShouldDisplayOnPaymentScheduleGrid() in F:\Projects\TRID QA\trid-462743\QA\UIAutomation\SpecFramework\StepDefinitions\AmortizationValidationSteps.cs:line 265 
Thread#1:T:   at OpenQA.Selenium.Remote.RemoteWebDriver.Execute(String driverCommandToExecute, Dictionary`2 parameters)
Thread#2:T: ====================================================================================
Thread#1:T:   at OpenQA.Selenium.Remote.RemoteWebDriver.FindElement(String mechanism, String value)
Thread#2:T:|| TaxEscrowedAmount[1] || : OpenQA.Selenium.NoSuchElementException: no such element: Unable to locate element: {"method":"xpath","selector":"//section[@id='PaymentScheduleOutputAPR']//tr[2]/td[7]"}
Thread#1:T:   at OpenQA.Selenium.Remote.RemoteWebDriver.FindElementByXPath(String xpath)
Thread#2:T:  (Session info: chrome=59.0.3071.115)
Thread#1:T:   at OpenQA.Selenium.By.<>c__DisplayClasse.<XPath>b__c(ISearchContext context)
Thread#2:T:  (Driver info: chromedriver=2.29.461591 (62ebf098771772160f391d75e589dc567915b233),platform=Windows NT 10.0.10586 x86_64)
Thread#1:T:   at OpenQA.Selenium.By.FindElement(ISearchContext context)
Thread#2:T:   at OpenQA.Selenium.Remote.RemoteWebDriver.UnpackAndThrowOnError(Response errorResponse)
Thread#1:T:   at OpenQA.Selenium.Remote.RemoteWebDriver.FindElement(By by)
Thread#2:T:   at OpenQA.Selenium.Remote.RemoteWebDriver.Execute(String driverCommandToExecute, Dictionary`2 parameters)
Thread#1:T:   at TRID.ActionClasses.UIActions.GetText(By element) in F:\Projects\TRID QA\trid-462743\QA\UIAutomation\SpecFramework\ActionClasses\UIActions.cs:line 37
Thread#2:T:   at OpenQA.Selenium.Remote.RemoteWebDriver.FindElement(String mechanism, String value)
Thread#1:T:   at TRID.StepDefinitions.AmortizationValidationSteps.ThenUpdatedComputedInsEscrowedAmountValueShouldDisplayOnPaymentScheduleGrid() in F:\Projects\TRID QA\trid-462743\QA\UIAutomation\SpecFramework\StepDefinitions\AmortizationValidationSteps.cs:line 231 
Thread#2:T:   at OpenQA.Selenium.Remote.RemoteWebDriver.FindElementByXPath(String xpath)
Thread#1:T: ====================================================================================
Thread#2:T:   at OpenQA.Selenium.By.<>c__DisplayClasse.<XPath>b__c(ISearchContext context)
Thread#1:T:|| TaxEscrowedAmount[0] || : OpenQA.Selenium.NoSuchElementException: no such element: Unable to locate element: {"method":"xpath","selector":"//section[@id='PaymentScheduleOutputAPR']//tr[1]/td[7]"}
Thread#2:T:   at OpenQA.Selenium.By.FindElement(ISearchContext context)
Thread#1:T:  (Session info: chrome=59.0.3071.115)
Thread#2:T:   at OpenQA.Selenium.Remote.RemoteWebDriver.FindElement(By by)
Thread#1:T:  (Driver info: chromedriver=2.29.461591 (62ebf098771772160f391d75e589dc567915b233),platform=Windows NT 10.0.10586 x86_64)
Thread#2:T:   at TRID.ActionClasses.UIActions.GetText(By element) in F:\Projects\TRID QA\trid-462743\QA\UIAutomation\SpecFramework\ActionClasses\UIActions.cs:line 37
Thread#1:T:   at OpenQA.Selenium.Remote.RemoteWebDriver.UnpackAndThrowOnError(Response errorResponse)
Thread#2:T:   at TRID.StepDefinitions.AmortizationValidationSteps.ThenUpdatedComputedTaxEscrowedAmountValueShouldDisplayOnPaymentScheduleGrid() in F:\Projects\TRID QA\trid-462743\QA\UIAutomation\SpecFramework\StepDefinitions\AmortizationValidationSteps.cs:line 265 
Thread#1:T:   at OpenQA.Selenium.Remote.RemoteWebDriver.Execute(String driverCommandToExecute, Dictionary`2 parameters)
Thread#2:T: ====================================================================================
Thread#1:T:   at OpenQA.Selenium.Remote.RemoteWebDriver.FindElement(String mechanism, String value)
Thread#2:T:|| TaxEscrowedAmount[2] || : OpenQA.Selenium.NoSuchElementException: no such element: Unable to locate element: {"method":"xpath","selector":"//section[@id='PaymentScheduleOutputAPR']//tr[3]/td[7]"}
Thread#1:T:   at OpenQA.Selenium.Remote.RemoteWebDriver.FindElementByXPath(String xpath)
Thread#2:T:  (Session info: chrome=59.0.3071.115)
Thread#1:T:   at OpenQA.Selenium.By.<>c__DisplayClasse.<XPath>b__c(ISearchContext context)
Thread#2:T:  (Driver info: chromedriver=2.29.461591 (62ebf098771772160f391d75e589dc567915b233),platform=Windows NT 10.0.10586 x86_64)
Thread#1:T:   at OpenQA.Selenium.By.FindElement(ISearchContext context)
Thread#2:T:   at OpenQA.Selenium.Remote.RemoteWebDriver.UnpackAndThrowOnError(Response errorResponse)
Thread#1:T:   at OpenQA.Selenium.Remote.RemoteWebDriver.FindElement(By by)
Thread#2:T:   at OpenQA.Selenium.Remote.RemoteWebDriver.Execute(String driverCommandToExecute, Dictionary`2 parameters)
Thread#1:T:   at TRID.ActionClasses.UIActions.GetText(By element) in F:\Projects\TRID QA\trid-462743\QA\UIAutomation\SpecFramework\ActionClasses\UIActions.cs:line 37
Thread#2:T:   at OpenQA.Selenium.Remote.RemoteWebDriver.FindElement(String mechanism, String value)
Thread#1:T:   at TRID.StepDefinitions.AmortizationValidationSteps.ThenUpdatedComputedTaxEscrowedAmountValueShouldDisplayOnPaymentScheduleGrid() in F:\Projects\TRID QA\trid-462743\QA\UIAutomation\SpecFramework\StepDefinitions\AmortizationValidationSteps.cs:line 265 
Thread#2:T:   at OpenQA.Selenium.Remote.RemoteWebDriver.FindElementByXPath(String xpath)
Thread#1:T: ====================================================================================
Thread#2:T:   at OpenQA.Selenium.By.<>c__DisplayClasse.<XPath>b__c(ISearchContext context)
Thread#1:T:|| TaxEscrowedAmount[1] || : OpenQA.Selenium.NoSuchElementException: no such element: Unable to locate element: {"method":"xpath","selector":"//section[@id='PaymentScheduleOutputAPR']//tr[2]/td[7]"}
Thread#2:T:   at OpenQA.Selenium.By.FindElement(ISearchContext context)
Thread#1:T:  (Session info: chrome=59.0.3071.115)
Thread#2:T:   at OpenQA.Selenium.Remote.RemoteWebDriver.FindElement(By by)
Thread#1:T:  (Driver info: chromedriver=2.29.461591 (62ebf098771772160f391d75e589dc567915b233),platform=Windows NT 10.0.10586 x86_64)
Thread#2:T:   at TRID.ActionClasses.UIActions.GetText(By element) in F:\Projects\TRID QA\trid-462743\QA\UIAutomation\SpecFramework\ActionClasses\UIActions.cs:line 37
Thread#1:T:   at OpenQA.Selenium.Remote.RemoteWebDriver.UnpackAndThrowOnError(Response errorResponse)
Thread#2:T:   at TRID.StepDefinitions.AmortizationValidationSteps.ThenUpdatedComputedTaxEscrowedAmountValueShouldDisplayOnPaymentScheduleGrid() in F:\Projects\TRID QA\trid-462743\QA\UIAutomation\SpecFramework\StepDefinitions\AmortizationValidationSteps.cs:line 265 
Thread#1:T:   at OpenQA.Selenium.Remote.RemoteWebDriver.Execute(String driverCommandToExecute, Dictionary`2 parameters)
Thread#2:T: ====================================================================================
Thread#1:T:   at OpenQA.Selenium.Remote.RemoteWebDriver.FindElement(String mechanism, String value)
Thread#2:T:====================================================================================
Thread#1:T:   at OpenQA.Selenium.Remote.RemoteWebDriver.FindElementByXPath(String xpath)
Thread#2:T:##########################################################
Thread#1:T:   at OpenQA.Selenium.By.<>c__DisplayClasse.<XPath>b__c(ISearchContext context)
Thread#2:T:##########################################################
Thread#1:T:   at OpenQA.Selenium.By.FindElement(ISearchContext context)
Thread#2: Test #6/0 is finished on thread #2 as CleanupFailed within 90.8548151 seconds
Thread#1:T:   at OpenQA.Selenium.Remote.RemoteWebDriver.FindElement(By by)
Thread#1:T:   at TRID.ActionClasses.UIActions.GetText(By element) in F:\Projects\TRID QA\trid-462743\QA\UIAutomation\SpecFramework\ActionClasses\UIActions.cs:line 37
Appdomain Disposed
Thread#1:T:   at TRID.StepDefinitions.AmortizationValidationSteps.ThenUpdatedComputedTaxEscrowedAmountValueShouldDisplayOnPaymentScheduleGrid() in F:\Projects\TRID QA\trid-462743\QA\UIAutomation\SpecFramework\StepDefinitions\AmortizationValidationSteps.cs:line 265 
Thread#1:T: ====================================================================================
Thread#1:T:|| TaxEscrowedAmount[2] || : OpenQA.Selenium.NoSuchElementException: no such element: Unable to locate element: {"method":"xpath","selector":"//section[@id='PaymentScheduleOutputAPR']//tr[3]/td[7]"}
Thread#1:T:  (Session info: chrome=59.0.3071.115)
Thread#1:T:  (Driver info: chromedriver=2.29.461591 (62ebf098771772160f391d75e589dc567915b233),platform=Windows NT 10.0.10586 x86_64)
Thread#1:T:   at OpenQA.Selenium.Remote.RemoteWebDriver.UnpackAndThrowOnError(Response errorResponse)
Thread#1:T:   at OpenQA.Selenium.Remote.RemoteWebDriver.Execute(String driverCommandToExecute, Dictionary`2 parameters)
Thread#1:T:   at OpenQA.Selenium.Remote.RemoteWebDriver.FindElement(String mechanism, String value)
Thread#1:T:   at OpenQA.Selenium.Remote.RemoteWebDriver.FindElementByXPath(String xpath)
Thread#1:T:   at OpenQA.Selenium.By.<>c__DisplayClasse.<XPath>b__c(ISearchContext context)
Thread#1:T:   at OpenQA.Selenium.By.FindElement(ISearchContext context)
Thread#1:T:   at OpenQA.Selenium.Remote.RemoteWebDriver.FindElement(By by)
Thread#1:T:   at TRID.ActionClasses.UIActions.GetText(By element) in F:\Projects\TRID QA\trid-462743\QA\UIAutomation\SpecFramework\ActionClasses\UIActions.cs:line 37
Thread#1:T:   at TRID.StepDefinitions.AmortizationValidationSteps.ThenUpdatedComputedTaxEscrowedAmountValueShouldDisplayOnPaymentScheduleGrid() in F:\Projects\TRID QA\trid-462743\QA\UIAutomation\SpecFramework\StepDefinitions\AmortizationValidationSteps.cs:line 265 
Thread#1:T: ====================================================================================
Thread#1:T:====================================================================================
Thread#1:T:##########################################################
Thread#1:T:##########################################################
Thread#1: Test #5/0 is finished on thread #1 as CleanupFailed within 91.669669 seconds
Appdomain Disposed
Thread#-1:Scheduler: get next test for thread
Thread#:Scheduler: at the end of normal test queue
Thread#-1:Scheduler: enumerator for thread is at end
Total: 3
Succeeded: 0
Ignored: 0
Pending: 0
Skipped: 0
Failed: 3
